#                                                                            --- full sequence --- -------------- this domain -------------   hmm coord   ali coord   env coord
# target name        accession   tlen query name           accession   qlen   E-value  score  bias   #  of  c-Evalue  i-Evalue  score  bias  from    to  from    to  from    to  acc description of target
#------------------- ---------- ----- -------------------- ---------- ----- --------- ------ ----- --- --- --------- --------- ------ ----- ----- ----- ----- ----- ----- ----- ---- ---------------------
0:288872-290539|+    -            556 1074831at2           -            386   5.8e-74  246.9  36.7   1   4   1.7e-20   4.3e-18   63.0   0.0     1    63     1    69     1    74 0.87 0_261 # 288872 # 290539 # 1 # ID=1_261;partial=00;start_type=ATG;rbs_motif=GGA/GAG/AGG;rbs_spacer=5-10bp;gc_cont=0.409
0:288872-290539|+    -            556 1074831at2           -            386   5.8e-74  246.9  36.7   2   4   1.3e-17   3.3e-15   53.5   7.9    66   211    97   267    82   285 0.72 0_261 # 288872 # 290539 # 1 # ID=1_261;partial=00;start_type=ATG;rbs_motif=GGA/GAG/AGG;rbs_spacer=5-10bp;gc_cont=0.409
0:288872-290539|+    -            556 1074831at2           -            386   5.8e-74  246.9  36.7   3   4   2.1e-06   0.00053   16.6   9.5   156   266   259   381   250   402 0.64 0_261 # 288872 # 290539 # 1 # ID=1_261;partial=00;start_type=ATG;rbs_motif=GGA/GAG/AGG;rbs_spacer=5-10bp;gc_cont=0.409
0:288872-290539|+    -            556 1074831at2           -            386   5.8e-74  246.9  36.7   4   4   2.7e-37   6.9e-35  118.3   4.4   266   385   403   546   394   547 0.82 0_261 # 288872 # 290539 # 1 # ID=1_261;partial=00;start_type=ATG;rbs_motif=GGA/GAG/AGG;rbs_spacer=5-10bp;gc_cont=0.409
8:33434-34126|+      -            231 1074831at2           -            386   1.3e-08   31.8   1.3   1   2   0.00078       0.2    8.2   0.5     9    43    21    58    13   143 0.68 8_29 # 33434 # 34126 # 1 # ID=5_29;partial=00;start_type=ATG;rbs_motif=AGGA/GGAG/GAGG;rbs_spacer=11-12bp;gc_cont=0.416
8:33434-34126|+      -            231 1074831at2           -            386   1.3e-08   31.8   1.3   2   2   1.8e-08   4.4e-06   23.4   0.0   281   355   138   219   113   227 0.82 8_29 # 33434 # 34126 # 1 # ID=5_29;partial=00;start_type=ATG;rbs_motif=AGGA/GGAG/GAGG;rbs_spacer=11-12bp;gc_cont=0.416
12:11943-14204|+     -            754 1074831at2           -            386   8.7e-07   25.8   0.0   1   4     0.072        18    1.7   0.0    21    37    27    43    14    58 0.83 12_11 # 11943 # 14204 # 1 # ID=7_11;partial=00;start_type=ATG;rbs_motif=None;rbs_spacer=None;gc_cont=0.337
12:11943-14204|+     -            754 1074831at2           -            386   8.7e-07   25.8   0.0   2   4     0.013       3.1    4.2   0.0   282   352   329   407   241   412 0.79 12_11 # 11943 # 14204 # 1 # ID=7_11;partial=00;start_type=ATG;rbs_motif=None;rbs_spacer=None;gc_cont=0.337
12:11943-14204|+     -            754 1074831at2           -            386   8.7e-07   25.8   0.0   3   4   6.9e-05     0.017   11.6   0.0    20    66   478   522   456   527 0.73 12_11 # 11943 # 14204 # 1 # ID=7_11;partial=00;start_type=ATG;rbs_motif=None;rbs_spacer=None;gc_cont=0.337
12:11943-14204|+     -            754 1074831at2           -            386   8.7e-07   25.8   0.0   4   4     0.049        12    2.2   0.0   289   333   643   687   636   718 0.74 12_11 # 11943 # 14204 # 1 # ID=7_11;partial=00;start_type=ATG;rbs_motif=None;rbs_spacer=None;gc_cont=0.337
14:70836-72446|-     -            537 1074831at2           -            386   9.4e-07   25.7   0.1   1   2   3.8e-05    0.0095   12.5   0.0     5    43   336   377   334   400 0.86 14_60 # 70836 # 72446 # -1 # ID=8_60;partial=00;start_type=ATG;rbs_motif=GGA/GAG/AGG;rbs_spacer=5-10bp;gc_cont=0.417
14:70836-72446|-     -            537 1074831at2           -            386   9.4e-07   25.7   0.1   2   2   0.00011     0.027   11.0   0.0   277   355   441   526   430   534 0.77 14_60 # 70836 # 72446 # -1 # ID=8_60;partial=00;start_type=ATG;rbs_motif=GGA/GAG/AGG;rbs_spacer=5-10bp;gc_cont=0.417
14:69244-70839|-     -            532 1074831at2           -            386   0.00011   18.9   3.0   1   3      0.43   1.1e+02   -0.9   0.3    93   126   176   209   169   238 0.55 14_59 # 69244 # 70839 # -1 # ID=8_59;partial=00;start_type=ATG;rbs_motif=GGA/GAG/AGG;rbs_spacer=5-10bp;gc_cont=0.431
14:69244-70839|-     -            532 1074831at2           -            386   0.00011   18.9   3.0   2   3     0.063        16    1.9   0.0    25    40   352   367   330   370 0.81 14_59 # 69244 # 70839 # -1 # ID=8_59;partial=00;start_type=ATG;rbs_motif=GGA/GAG/AGG;rbs_spacer=5-10bp;gc_cont=0.431
14:69244-70839|-     -            532 1074831at2           -            386   0.00011   18.9   3.0   3   3   3.8e-06   0.00094   15.8   0.1   283   342   451   513   443   527 0.85 14_59 # 69244 # 70839 # -1 # ID=8_59;partial=00;start_type=ATG;rbs_motif=GGA/GAG/AGG;rbs_spacer=5-10bp;gc_cont=0.431
0:22090-23697|+      -            536 1074831at2           -            386   0.00013   18.6   1.9   1   3   7.7e-06    0.0019   14.8   0.0     2    42    65   107    64   114 0.88 0_21 # 22090 # 23697 # 1 # ID=1_21;partial=00;start_type=ATG;rbs_motif=GGA/GAG/AGG;rbs_spacer=11-12bp;gc_cont=0.269
0:22090-23697|+      -            536 1074831at2           -            386   0.00013   18.6   1.9   2   3      0.28        70   -0.3   0.3   134   173   254   293   238   326 0.62 0_21 # 22090 # 23697 # 1 # ID=1_21;partial=00;start_type=ATG;rbs_motif=GGA/GAG/AGG;rbs_spacer=11-12bp;gc_cont=0.269
0:22090-23697|+      -            536 1074831at2           -            386   0.00013   18.6   1.9   3   3      0.13        34    0.8   0.0   335   359   416   441   409   463 0.78 0_21 # 22090 # 23697 # 1 # ID=1_21;partial=00;start_type=ATG;rbs_motif=GGA/GAG/AGG;rbs_spacer=11-12bp;gc_cont=0.269
4:273705-275426|+    -            574 1074831at2           -            386   0.00023   17.8   0.4   1   3    0.0064       1.6    5.2   0.0   282   315   109   144    77   186 0.74 4_278 # 273705 # 275426 # 1 # ID=3_278;partial=00;start_type=GTG;rbs_motif=None;rbs_spacer=None;gc_cont=0.439
4:273705-275426|+    -            574 1074831at2           -            386   0.00023   17.8   0.4   2   3    0.0055       1.4    5.4   0.1    18    38   261   282   253   293 0.82 4_278 # 273705 # 275426 # 1 # ID=3_278;partial=00;start_type=GTG;rbs_motif=None;rbs_spacer=None;gc_cont=0.439
4:273705-275426|+    -            574 1074831at2           -            386   0.00023   17.8   0.4   3   3     0.022       5.6    3.4   0.0   284   319   455   493   450   503 0.75 4_278 # 273705 # 275426 # 1 # ID=3_278;partial=00;start_type=GTG;rbs_motif=None;rbs_spacer=None;gc_cont=0.439
4:222856-224547|-    -            564 1074831at2           -            386   0.00041   17.0   0.0   1   2      0.15        36    0.7   0.0    24    65   382   423   368   433 0.82 4_222 # 222856 # 224547 # -1 # ID=3_222;partial=00;start_type=ATG;rbs_motif=None;rbs_spacer=None;gc_cont=0.304
4:222856-224547|-    -            564 1074831at2           -            386   0.00041   17.0   0.0   2   2   1.6e-05     0.004   13.7   0.0   282   353   482   556   473   561 0.86 4_222 # 222856 # 224547 # -1 # ID=3_222;partial=00;start_type=ATG;rbs_motif=None;rbs_spacer=None;gc_cont=0.304
14:288961-289647|-   -            229 1074831at2           -            386   0.00058   16.5   0.7   1   2     0.025       6.2    3.2   0.2    21    41    36    56    20    63 0.75 14_258 # 288961 # 289647 # -1 # ID=8_258;partial=00;start_type=ATG;rbs_motif=GGAG/GAGG;rbs_spacer=5-10bp;gc_cont=0.418
14:288961-289647|-   -            229 1074831at2           -            386   0.00058   16.5   0.7   2   2   6.5e-05     0.016   11.7   0.0   290   355   147   219   137   222 0.80 14_258 # 288961 # 289647 # -1 # ID=8_258;partial=00;start_type=ATG;rbs_motif=GGAG/GAGG;rbs_spacer=5-10bp;gc_cont=0.418
0:132822-133259|+    -            146 1074831at2           -            386     0.028   10.9   4.8   1   1   0.00014     0.036   10.6   4.8   180   236    48   104    36   110 0.86 0_119 # 132822 # 133259 # 1 # ID=1_119;partial=00;start_type=ATG;rbs_motif=GGA/GAG/AGG;rbs_spacer=5-10bp;gc_cont=0.404
6:108264-109994|-    -            577 1074831at2           -            386      0.04   10.4   6.7   1   4     0.091        23    1.4   0.1    24    36    45    57    35    83 0.81 6_110 # 108264 # 109994 # -1 # ID=4_110;partial=00;start_type=ATG;rbs_motif=GGAG/GAGG;rbs_spacer=5-10bp;gc_cont=0.393
6:108264-109994|-    -            577 1074831at2           -            386      0.04   10.4   6.7   2   4   0.00015     0.038   10.5   0.2   280   362   154   244   149   252 0.80 6_110 # 108264 # 109994 # -1 # ID=4_110;partial=00;start_type=ATG;rbs_motif=GGAG/GAGG;rbs_spacer=5-10bp;gc_cont=0.393
6:108264-109994|-    -            577 1074831at2           -            386      0.04   10.4   6.7   3   4      0.52   1.3e+02   -1.1   0.1    25    36   355   366   352   410 0.68 6_110 # 108264 # 109994 # -1 # ID=4_110;partial=00;start_type=ATG;rbs_motif=GGAG/GAGG;rbs_spacer=5-10bp;gc_cont=0.393
6:108264-109994|-    -            577 1074831at2           -            386      0.04   10.4   6.7   4   4      0.66   1.6e+02   -1.5   0.0   291   328   466   503   455   548 0.72 6_110 # 108264 # 109994 # -1 # ID=4_110;partial=00;start_type=ATG;rbs_motif=GGAG/GAGG;rbs_spacer=5-10bp;gc_cont=0.393
4:203821-205482|-    -            554 1074831at2           -            386      0.22    8.0   6.5   1   4       1.3   3.3e+02   -2.5   0.1    27    38    39    50    37    53 0.83 4_207 # 203821 # 205482 # -1 # ID=3_207;partial=00;start_type=GTG;rbs_motif=AGGAG;rbs_spacer=5-10bp;gc_cont=0.427
4:203821-205482|-    -            554 1074831at2           -            386      0.22    8.0   6.5   2   4       1.1   2.8e+02   -2.2   0.0   290   315   163   188   159   191 0.79 4_207 # 203821 # 205482 # -1 # ID=3_207;partial=00;start_type=GTG;rbs_motif=AGGAG;rbs_spacer=5-10bp;gc_cont=0.427
4:203821-205482|-    -            554 1074831at2           -            386      0.22    8.0   6.5   3   4    0.0073       1.8    5.0   2.7   122   175   248   301   221   312 0.81 4_207 # 203821 # 205482 # -1 # ID=3_207;partial=00;start_type=GTG;rbs_motif=AGGAG;rbs_spacer=5-10bp;gc_cont=0.427
4:203821-205482|-    -            554 1074831at2           -            386      0.22    8.0   6.5   4   4     0.054        13    2.1   0.0   280   315   435   470   431   499 0.77 4_207 # 203821 # 205482 # -1 # ID=3_207;partial=00;start_type=GTG;rbs_motif=AGGAG;rbs_spacer=5-10bp;gc_cont=0.427
#
# Program:         hmmsearch
# Version:         3.4 (Aug 2023)
# Pipeline mode:   SEARCH
# Query file:      /home/abane_ashu/busco-5.8.0/busco_downloads/lineages/bacteria_odb10/hmms/1074831at2.hmm
# Target file:     /home/abane_ashu/busco-5.8.0/busco_shasta/prodigal_output/predicted_genes/predicted.faa
# Option settings: hmmsearch --domtblout /home/abane_ashu/busco-5.8.0/busco_shasta/run_bacteria_odb10/hmmer_output/1074831at2.out --cpu 1 /home/abane_ashu/busco-5.8.0/busco_downloads/lineages/bacteria_odb10/hmms/1074831at2.hmm /home/abane_ashu/busco-5.8.0/busco_shasta/prodigal_output/predicted_genes/predicted.faa 
# Current dir:     /home/abane_ashu/busco-5.8.0
# Date:            Thu Aug 14 01:02:37 2025
# [ok]
