#                                                                            --- full sequence --- -------------- this domain -------------   hmm coord   ali coord   env coord
# target name        accession   tlen query name           accession   qlen   E-value  score  bias   #  of  c-Evalue  i-Evalue  score  bias  from    to  from    to  from    to  acc description of target
#------------------- ---------- ----- -------------------- ---------- ----- --------- ------ ----- --- --- --------- --------- ------ ----- ----- ----- ----- ----- ----- ----- ---- ---------------------
0:362684-364030|-    -            449 1093223at2           -            361     7e-92  306.0   0.0   1   1   2.9e-94   1.8e-91  304.7   0.0    22   358    34   447     7   448 0.80 0_329 # 362684 # 364030 # -1 # ID=1_329;partial=00;start_type=ATG;rbs_motif=None;rbs_spacer=None;gc_cont=0.425
4:181963-183462|-    -            500 1093223at2           -            361   1.2e-20   71.7   0.4   1   2   3.2e-09   1.9e-06   24.9   0.1    72   101   102   131    54   147 0.86 4_189 # 181963 # 183462 # -1 # ID=3_189;partial=00;start_type=ATG;rbs_motif=GGA/GAG/AGG;rbs_spacer=5-10bp;gc_cont=0.412
4:181963-183462|-    -            500 1093223at2           -            361   1.2e-20   71.7   0.4   2   2   3.1e-15   1.9e-12   44.7   0.0   117   259   171   354   160   411 0.74 4_189 # 181963 # 183462 # -1 # ID=3_189;partial=00;start_type=ATG;rbs_motif=GGA/GAG/AGG;rbs_spacer=5-10bp;gc_cont=0.412
4:180554-181954|-    -            467 1093223at2           -            361   3.1e-19   67.0   0.0   1   1   8.7e-22   5.2e-19   66.3   0.0    72   268   113   354    78   369 0.80 4_188 # 180554 # 181954 # -1 # ID=3_188;partial=00;start_type=ATG;rbs_motif=AGGA;rbs_spacer=5-10bp;gc_cont=0.436
18:4741-6114|-       -            458 1093223at2           -            361   8.1e-15   52.5   0.8   1   1     2e-15   1.2e-12   45.3   0.8    56   255    82   333    51   344 0.73 18_6 # 4741 # 6114 # -1 # ID=10_6;partial=00;start_type=ATG;rbs_motif=GGAG/GAGG;rbs_spacer=5-10bp;gc_cont=0.439
2:34233-35519|+      -            429 1093223at2           -            361   2.2e-08   31.3   1.0   1   3     7e-07   0.00042   17.2   0.6    58   100    33    75    23    79 0.85 2_33 # 34233 # 35519 # 1 # ID=2_33;partial=00;start_type=TTG;rbs_motif=None;rbs_spacer=None;gc_cont=0.411
2:34233-35519|+      -            429 1093223at2           -            361   2.2e-08   31.3   1.0   2   3   3.4e-05      0.02   11.7   0.0   129   226   160   273   133   306 0.70 2_33 # 34233 # 35519 # 1 # ID=2_33;partial=00;start_type=TTG;rbs_motif=None;rbs_spacer=None;gc_cont=0.411
2:34233-35519|+      -            429 1093223at2           -            361   2.2e-08   31.3   1.0   3   3      0.75   4.5e+02   -2.6   0.0    95   128   380   415   375   420 0.72 2_33 # 34233 # 35519 # 1 # ID=2_33;partial=00;start_type=TTG;rbs_motif=None;rbs_spacer=None;gc_cont=0.411
#
# Program:         hmmsearch
# Version:         3.4 (Aug 2023)
# Pipeline mode:   SEARCH
# Query file:      /home/abane_ashu/busco-5.8.0/busco_downloads/lineages/bacteria_odb10/hmms/1093223at2.hmm
# Target file:     /home/abane_ashu/busco-5.8.0/busco_shasta/prodigal_output/predicted_genes/predicted.faa
# Option settings: hmmsearch --domtblout /home/abane_ashu/busco-5.8.0/busco_shasta/run_bacteria_odb10/hmmer_output/1093223at2.out --cpu 1 /home/abane_ashu/busco-5.8.0/busco_downloads/lineages/bacteria_odb10/hmms/1093223at2.hmm /home/abane_ashu/busco-5.8.0/busco_shasta/prodigal_output/predicted_genes/predicted.faa 
# Current dir:     /home/abane_ashu/busco-5.8.0
# Date:            Thu Aug 14 01:02:37 2025
# [ok]
