#                                                                            --- full sequence --- -------------- this domain -------------   hmm coord   ali coord   env coord
# target name        accession   tlen query name           accession   qlen   E-value  score  bias   #  of  c-Evalue  i-Evalue  score  bias  from    to  from    to  from    to  acc description of target
#------------------- ---------- ----- -------------------- ---------- ----- --------- ------ ----- --- --- --------- --------- ------ ----- ----- ----- ----- ----- ----- ----- ---- ---------------------
2:70159-71763|+      -            535 143460at2            -            439  2.6e-139  462.1   2.1   1   2     2e-80   5.9e-78  259.9   0.1     1   204     7   264     7   275 0.85 2_64 # 70159 # 71763 # 1 # ID=2_64;partial=00;start_type=ATG;rbs_motif=3Base/5BMM;rbs_spacer=13-15bp;gc_cont=0.427
2:70159-71763|+      -            535 143460at2            -            439  2.6e-139  462.1   2.1   2   2   1.3e-60     4e-58  194.6   0.4   194   381   276   531   267   533 0.86 2_64 # 70159 # 71763 # 1 # ID=2_64;partial=00;start_type=ATG;rbs_motif=3Base/5BMM;rbs_spacer=13-15bp;gc_cont=0.427
14:232820-234637|-   -            606 143460at2            -            439   1.9e-35  119.9   0.2   1   2   1.9e-37   5.7e-35  118.3   0.0     1   205    13   248    13   260 0.82 14_203 # 232820 # 234637 # -1 # ID=8_203;partial=00;start_type=ATG;rbs_motif=GGA/GAG/AGG;rbs_spacer=5-10bp;gc_cont=0.413
14:232820-234637|-   -            606 143460at2            -            439   1.9e-35  119.9   0.2   2   2       0.7   2.1e+02   -2.2   0.0   268   295   353   381   347   393 0.72 14_203 # 232820 # 234637 # -1 # ID=8_203;partial=00;start_type=ATG;rbs_motif=GGA/GAG/AGG;rbs_spacer=5-10bp;gc_cont=0.413
16:151390-152160|+   -            257 143460at2            -            439   1.4e-23   80.7   0.0   1   1     1e-25   3.1e-23   79.6   0.0     2   120    11   154    10   170 0.81 16_168 # 151390 # 152160 # 1 # ID=9_168;partial=00;start_type=ATG;rbs_motif=AGGA/GGAG/GAGG;rbs_spacer=11-12bp;gc_cont=0.449
0:274727-276694|-    -            656 143460at2            -            439   7.3e-19   65.2   0.5   1   1   4.3e-21   1.3e-18   64.4   0.5     4   201   404   608   402   651 0.74 0_248 # 274727 # 276694 # -1 # ID=1_248;partial=00;start_type=ATG;rbs_motif=AGGAG;rbs_spacer=5-10bp;gc_cont=0.433
0:333281-334471|-    -            397 143460at2            -            439   1.7e-17   60.7   1.4   1   2   1.2e-18   3.6e-16   56.3   0.0     3   118    14   146    12   165 0.73 0_301 # 333281 # 334471 # -1 # ID=1_301;partial=00;start_type=ATG;rbs_motif=GGAG/GAGG;rbs_spacer=5-10bp;gc_cont=0.446
0:333281-334471|-    -            397 143460at2            -            439   1.7e-17   60.7   1.4   2   2     0.026       7.8    2.5   0.5   169   194   226   251   186   262 0.72 0_301 # 333281 # 334471 # -1 # ID=1_301;partial=00;start_type=ATG;rbs_motif=GGAG/GAGG;rbs_spacer=5-10bp;gc_cont=0.446
16:153622-154812|+   -            397 143460at2            -            439   1.7e-17   60.7   1.4   1   2   1.2e-18   3.6e-16   56.3   0.0     3   118    14   146    12   165 0.73 16_170 # 153622 # 154812 # 1 # ID=9_170;partial=00;start_type=ATG;rbs_motif=AGGA;rbs_spacer=5-10bp;gc_cont=0.446
16:153622-154812|+   -            397 143460at2            -            439   1.7e-17   60.7   1.4   2   2     0.026       7.8    2.5   0.5   169   194   226   251   186   262 0.72 16_170 # 153622 # 154812 # 1 # ID=9_170;partial=00;start_type=ATG;rbs_motif=AGGA;rbs_spacer=5-10bp;gc_cont=0.446
0:59268-60860|-      -            531 143460at2            -            439   2.2e-17   60.4   0.1   1   1   1.5e-19   4.4e-17   59.4   0.1     2   116    15   151    14   171 0.72 0_57 # 59268 # 60860 # -1 # ID=1_57;partial=00;start_type=ATG;rbs_motif=GGA/GAG/AGG;rbs_spacer=5-10bp;gc_cont=0.421
2:71780-71995|+      -             72 143460at2            -            439   1.2e-14   51.3   0.1   1   1   4.6e-17   1.4e-14   51.1   0.1   392   439     2    58     1    58 0.84 2_65 # 71780 # 71995 # 1 # ID=2_65;partial=00;start_type=ATG;rbs_motif=None;rbs_spacer=None;gc_cont=0.370
8:50741-52354|+      -            538 143460at2            -            439     2e-09   34.1   0.2   1   3     0.046        14    1.7   0.0     9    27    32    50    28    67 0.85 8_45 # 50741 # 52354 # 1 # ID=5_45;partial=00;start_type=ATG;rbs_motif=GGAG/GAGG;rbs_spacer=5-10bp;gc_cont=0.406
8:50741-52354|+      -            538 143460at2            -            439     2e-09   34.1   0.2   2   3   2.9e-10   8.7e-08   28.7   0.0    30   113    77   170    70   193 0.75 8_45 # 50741 # 52354 # 1 # ID=5_45;partial=00;start_type=ATG;rbs_motif=GGAG/GAGG;rbs_spacer=5-10bp;gc_cont=0.406
8:50741-52354|+      -            538 143460at2            -            439     2e-09   34.1   0.2   3   3      0.31        93   -1.1   0.0   160   218   254   310   231   339 0.69 8_45 # 50741 # 52354 # 1 # ID=5_45;partial=00;start_type=ATG;rbs_motif=GGAG/GAGG;rbs_spacer=5-10bp;gc_cont=0.406
16:152178-153527|+   -            450 143460at2            -            439   4.7e-09   32.9   1.1   1   3    0.0011      0.33    7.0   0.0   151   188    49    86     9   104 0.80 16_169 # 152178 # 153527 # 1 # ID=9_169;partial=00;start_type=ATG;rbs_motif=None;rbs_spacer=None;gc_cont=0.424
16:152178-153527|+   -            450 143460at2            -            439   4.7e-09   32.9   1.1   2   3   3.9e-08   1.2e-05   21.7   0.3   174   299    97   231    91   261 0.64 16_169 # 152178 # 153527 # 1 # ID=9_169;partial=00;start_type=ATG;rbs_motif=None;rbs_spacer=None;gc_cont=0.424
16:152178-153527|+   -            450 143460at2            -            439   4.7e-09   32.9   1.1   3   3     0.053        16    1.5   0.0   295   346   355   416   345   424 0.74 16_169 # 152178 # 153527 # 1 # ID=9_169;partial=00;start_type=ATG;rbs_motif=None;rbs_spacer=None;gc_cont=0.424
#
# Program:         hmmsearch
# Version:         3.4 (Aug 2023)
# Pipeline mode:   SEARCH
# Query file:      /home/abane_ashu/busco-5.8.0/busco_downloads/lineages/bacteria_odb10/hmms/143460at2.hmm
# Target file:     /home/abane_ashu/busco-5.8.0/busco_shasta/prodigal_output/predicted_genes/predicted.faa
# Option settings: hmmsearch --domtblout /home/abane_ashu/busco-5.8.0/busco_shasta/run_bacteria_odb10/hmmer_output/143460at2.out --cpu 1 /home/abane_ashu/busco-5.8.0/busco_downloads/lineages/bacteria_odb10/hmms/143460at2.hmm /home/abane_ashu/busco-5.8.0/busco_shasta/prodigal_output/predicted_genes/predicted.faa 
# Current dir:     /home/abane_ashu/busco-5.8.0
# Date:            Thu Aug 14 01:02:37 2025
# [ok]
