#                                                                            --- full sequence --- -------------- this domain -------------   hmm coord   ali coord   env coord
# target name        accession   tlen query name           accession   qlen   E-value  score  bias   #  of  c-Evalue  i-Evalue  score  bias  from    to  from    to  from    to  acc description of target
#------------------- ---------- ----- -------------------- ---------- ----- --------- ------ ----- --- --- --------- --------- ------ ----- ----- ----- ----- ----- ----- ----- ---- ---------------------
14:23497-24219|+     -            241 1490892at2           -             89   8.5e-17   58.5   6.0   1   4     0.017        25    2.5   0.0     2    19    24    41    23    63 0.81 14_25 # 23497 # 24219 # 1 # ID=8_25;partial=00;start_type=ATG;rbs_motif=GGA/GAG/AGG;rbs_spacer=5-10bp;gc_cont=0.376
14:23497-24219|+     -            241 1490892at2           -             89   8.5e-17   58.5   6.0   2   4   1.1e-07   0.00016   19.2   0.0    10    41    84   115    80   126 0.85 14_25 # 23497 # 24219 # 1 # ID=8_25;partial=00;start_type=ATG;rbs_motif=GGA/GAG/AGG;rbs_spacer=5-10bp;gc_cont=0.376
14:23497-24219|+     -            241 1490892at2           -             89   8.5e-17   58.5   6.0   3   4   5.5e-05     0.083   10.5   0.1    35    52   125   142   113   151 0.78 14_25 # 23497 # 24219 # 1 # ID=8_25;partial=00;start_type=ATG;rbs_motif=GGA/GAG/AGG;rbs_spacer=5-10bp;gc_cont=0.376
14:23497-24219|+     -            241 1490892at2           -             89   8.5e-17   58.5   6.0   4   4   2.7e-09   4.1e-06   24.3   0.4    56    89   189   233   176   233 0.73 14_25 # 23497 # 24219 # 1 # ID=8_25;partial=00;start_type=ATG;rbs_motif=GGA/GAG/AGG;rbs_spacer=5-10bp;gc_cont=0.376
4:297043-297750|-    -            236 1490892at2           -             89    0.0001   19.8   3.0   1   3      0.34   5.1e+02   -1.7   0.0     3    31    26    46    24    64 0.60 4_296 # 297043 # 297750 # -1 # ID=3_296;partial=00;start_type=ATG;rbs_motif=None;rbs_spacer=None;gc_cont=0.400
4:297043-297750|-    -            236 1490892at2           -             89    0.0001   19.8   3.0   2   3      0.22   3.3e+02   -1.1   0.0    16    37    89   110    85   126 0.68 4_296 # 297043 # 297750 # -1 # ID=3_296;partial=00;start_type=ATG;rbs_motif=None;rbs_spacer=None;gc_cont=0.400
4:297043-297750|-    -            236 1490892at2           -             89    0.0001   19.8   3.0   3   3   8.1e-07    0.0012   16.3   0.6    56    87   189   231   177   233 0.73 4_296 # 297043 # 297750 # -1 # ID=3_296;partial=00;start_type=ATG;rbs_motif=None;rbs_spacer=None;gc_cont=0.400
#
# Program:         hmmsearch
# Version:         3.4 (Aug 2023)
# Pipeline mode:   SEARCH
# Query file:      /home/abane_ashu/busco-5.8.0/busco_downloads/lineages/bacteria_odb10/hmms/1490892at2.hmm
# Target file:     /home/abane_ashu/busco-5.8.0/busco_shasta/prodigal_output/predicted_genes/predicted.faa
# Option settings: hmmsearch --domtblout /home/abane_ashu/busco-5.8.0/busco_shasta/run_bacteria_odb10/hmmer_output/1490892at2.out --cpu 1 /home/abane_ashu/busco-5.8.0/busco_downloads/lineages/bacteria_odb10/hmms/1490892at2.hmm /home/abane_ashu/busco-5.8.0/busco_shasta/prodigal_output/predicted_genes/predicted.faa 
# Current dir:     /home/abane_ashu/busco-5.8.0
# Date:            Thu Aug 14 01:02:38 2025
# [ok]
