#                                                                            --- full sequence --- -------------- this domain -------------   hmm coord   ali coord   env coord
# target name        accession   tlen query name           accession   qlen   E-value  score  bias   #  of  c-Evalue  i-Evalue  score  bias  from    to  from    to  from    to  acc description of target
#------------------- ---------- ----- -------------------- ---------- ----- --------- ------ ----- --- --- --------- --------- ------ ----- ----- ----- ----- ----- ----- ----- ---- ---------------------
4:148967-149596|+    -            210 1502854at2           -            192   2.7e-75  249.6   0.0   1   1   2.8e-77   3.2e-75  249.4   0.0     5   189     2   185     1   190 0.98 4_159 # 148967 # 149596 # 1 # ID=3_159;partial=00;start_type=ATG;rbs_motif=AGGA;rbs_spacer=5-10bp;gc_cont=0.392
0:85679-87088|-      -            470 1502854at2           -            192   2.1e-07   28.2   0.0   1   2     0.027       3.1    4.8   0.0     7    43     3    39     1    56 0.77 0_80 # 85679 # 87088 # -1 # ID=1_80;partial=00;start_type=ATG;rbs_motif=GGA/GAG/AGG;rbs_spacer=5-10bp;gc_cont=0.426
0:85679-87088|-      -            470 1502854at2           -            192   2.1e-07   28.2   0.0   2   2   3.5e-07     4e-05   20.7   0.0     8    90   178   262   171   296 0.83 0_80 # 85679 # 87088 # -1 # ID=1_80;partial=00;start_type=ATG;rbs_motif=GGA/GAG/AGG;rbs_spacer=5-10bp;gc_cont=0.426
6:43146-44903|-      -            586 1502854at2           -            192   9.3e-07   26.0   0.2   1   2   0.00023     0.026   11.5   0.1     4    26    38    60    35    70 0.88 6_47 # 43146 # 44903 # -1 # ID=4_47;partial=00;start_type=ATG;rbs_motif=GGA/GAG/AGG;rbs_spacer=5-10bp;gc_cont=0.389
6:43146-44903|-      -            586 1502854at2           -            192   9.3e-07   26.0   0.2   2   2   0.00027     0.031   11.3   0.0     4    95   363   453   361   461 0.69 6_47 # 43146 # 44903 # -1 # ID=4_47;partial=00;start_type=ATG;rbs_motif=GGA/GAG/AGG;rbs_spacer=5-10bp;gc_cont=0.389
12:11943-14204|+     -            754 1502854at2           -            192   5.1e-05   20.4   0.4   1   2    0.0023      0.26    8.3   0.0     5    25    25    45    22    56 0.85 12_11 # 11943 # 14204 # 1 # ID=7_11;partial=00;start_type=ATG;rbs_motif=None;rbs_spacer=None;gc_cont=0.337
12:11943-14204|+     -            754 1502854at2           -            192   5.1e-05   20.4   0.4   2   2   0.00068     0.078   10.0   0.1     5    34   477   507   475   520 0.79 12_11 # 11943 # 14204 # 1 # ID=7_11;partial=00;start_type=ATG;rbs_motif=None;rbs_spacer=None;gc_cont=0.337
8:72109-72762|+      -            218 1502854at2           -            192   0.00019   18.5   1.0   1   3     0.003      0.34    7.9   0.0     9    31     3    25     1    32 0.84 8_67 # 72109 # 72762 # 1 # ID=5_67;partial=00;start_type=ATG;rbs_motif=GGAG/GAGG;rbs_spacer=5-10bp;gc_cont=0.417
8:72109-72762|+      -            218 1502854at2           -            192   0.00019   18.5   1.0   2   3       0.6        69    0.4   0.0   124   142   109   126    93   132 0.79 8_67 # 72109 # 72762 # 1 # ID=5_67;partial=00;start_type=ATG;rbs_motif=GGAG/GAGG;rbs_spacer=5-10bp;gc_cont=0.417
8:72109-72762|+      -            218 1502854at2           -            192   0.00019   18.5   1.0   3   3    0.0044      0.51    7.3   0.3   129   160   146   177   120   185 0.78 8_67 # 72109 # 72762 # 1 # ID=5_67;partial=00;start_type=ATG;rbs_motif=GGAG/GAGG;rbs_spacer=5-10bp;gc_cont=0.417
6:215835-216578|-    -            248 1502854at2           -            192    0.0002   18.4   0.0   1   1   3.2e-06   0.00037   17.6   0.0     4    28    27    51    25    61 0.87 6_222 # 215835 # 216578 # -1 # ID=4_222;partial=00;start_type=ATG;rbs_motif=GGAG/GAGG;rbs_spacer=5-10bp;gc_cont=0.401
6:312851-313582|-    -            244 1502854at2           -            192   0.00052   17.1   0.0   1   1   9.8e-06    0.0011   16.0   0.0     4    26    27    49    25    56 0.88 6_320 # 312851 # 313582 # -1 # ID=4_320;partial=00;start_type=ATG;rbs_motif=GGAG/GAGG;rbs_spacer=5-10bp;gc_cont=0.414
6:135035-135721|-    -            229 1502854at2           -            192    0.0009   16.3   0.6   1   2   4.8e-05    0.0055   13.7   0.0     7    29     4    26     1    34 0.83 6_131 # 135035 # 135721 # -1 # ID=4_131;partial=00;start_type=ATG;rbs_motif=GGA/GAG/AGG;rbs_spacer=5-10bp;gc_cont=0.406
6:135035-135721|-    -            229 1502854at2           -            192    0.0009   16.3   0.6   2   2      0.46        53    0.7   0.2   113   141   137   173    76   223 0.53 6_131 # 135035 # 135721 # -1 # ID=4_131;partial=00;start_type=ATG;rbs_motif=GGA/GAG/AGG;rbs_spacer=5-10bp;gc_cont=0.406
4:74747-75565|-      -            273 1502854at2           -            192     0.002   15.2   0.1   1   1   3.2e-05    0.0036   14.3   0.1     4    26    36    58    34    64 0.90 4_91 # 74747 # 75565 # -1 # ID=3_91;partial=00;start_type=ATG;rbs_motif=AGGA/GGAG/GAGG;rbs_spacer=11-12bp;gc_cont=0.435
14:70836-72446|-     -            537 1502854at2           -            192    0.0031   14.5   0.1   1   1   5.8e-05    0.0066   13.5   0.1     5    27   353   375   351   381 0.90 14_60 # 70836 # 72446 # -1 # ID=8_60;partial=00;start_type=ATG;rbs_motif=GGA/GAG/AGG;rbs_spacer=5-10bp;gc_cont=0.417
6:464925-465806|+    -            294 1502854at2           -            192    0.0038   14.3   0.1   1   2   0.00013     0.015   12.4   0.0     6    27    51    72    47    80 0.85 6_485 # 464925 # 465806 # 1 # ID=4_485;partial=00;start_type=ATG;rbs_motif=AGGAG;rbs_spacer=5-10bp;gc_cont=0.412
6:464925-465806|+    -            294 1502854at2           -            192    0.0038   14.3   0.1   2   2       5.7   6.6e+02   -2.8   0.0   153   178   191   218   186   228 0.60 6_485 # 464925 # 465806 # 1 # ID=4_485;partial=00;start_type=ATG;rbs_motif=AGGAG;rbs_spacer=5-10bp;gc_cont=0.412
6:270074-270868|-    -            265 1502854at2           -            192    0.0043   14.1   0.0   1   1   7.1e-05    0.0082   13.2   0.0     5    27    30    52    27    65 0.89 6_276 # 270074 # 270868 # -1 # ID=4_276;partial=00;start_type=ATG;rbs_motif=AGGAG;rbs_spacer=5-10bp;gc_cont=0.403
14:246027-247088|+   -            354 1502854at2           -            192    0.0053   13.8   0.1   1   2   0.00013     0.015   12.3   0.0     5    26    27    48    25    56 0.89 14_216 # 246027 # 247088 # 1 # ID=8_216;partial=00;start_type=ATG;rbs_motif=AGGA;rbs_spacer=5-10bp;gc_cont=0.430
14:246027-247088|+   -            354 1502854at2           -            192    0.0053   13.8   0.1   2   2       7.2   8.3e+02   -3.2   0.0   120   180   189   204   172   214 0.52 14_216 # 246027 # 247088 # 1 # ID=8_216;partial=00;start_type=ATG;rbs_motif=AGGA;rbs_spacer=5-10bp;gc_cont=0.430
12:188898-191174|-   -            759 1502854at2           -            192    0.0055   13.7   0.1   1   2      0.54        62    0.5   0.0    10    26   210   226   203   228 0.82 12_170 # 188898 # 191174 # -1 # ID=7_170;partial=00;start_type=ATG;rbs_motif=GGA/GAG/AGG;rbs_spacer=5-10bp;gc_cont=0.400
12:188898-191174|-   -            759 1502854at2           -            192    0.0055   13.7   0.1   2   2    0.0007      0.08    9.9   0.1     9    28   489   508   485   516 0.88 12_170 # 188898 # 191174 # -1 # ID=7_170;partial=00;start_type=ATG;rbs_motif=GGA/GAG/AGG;rbs_spacer=5-10bp;gc_cont=0.400
14:146302-147204|-   -            301 1502854at2           -            192    0.0063   13.5   0.0   1   3    0.0002     0.024   11.7   0.0     5    30    77   102    75   109 0.85 14_121 # 146302 # 147204 # -1 # ID=8_121;partial=00;start_type=ATG;rbs_motif=GGAG/GAGG;rbs_spacer=5-10bp;gc_cont=0.402
14:146302-147204|-   -            301 1502854at2           -            192    0.0063   13.5   0.0   2   3       9.8   1.1e+03   -3.6   0.0   129   151   183   205   182   215 0.74 14_121 # 146302 # 147204 # -1 # ID=8_121;partial=00;start_type=ATG;rbs_motif=GGAG/GAGG;rbs_spacer=5-10bp;gc_cont=0.402
14:146302-147204|-   -            301 1502854at2           -            192    0.0063   13.5   0.0   3   3       4.8   5.6e+02   -2.6   0.0   155   177   234   259   228   264 0.63 14_121 # 146302 # 147204 # -1 # ID=8_121;partial=00;start_type=ATG;rbs_motif=GGAG/GAGG;rbs_spacer=5-10bp;gc_cont=0.402
10:40402-41667|-     -            422 1502854at2           -            192    0.0085   13.1   0.0   1   1   0.00016     0.019   12.0   0.0     8    35    26    55    22    58 0.80 10_41 # 40402 # 41667 # -1 # ID=6_41;partial=00;start_type=ATG;rbs_motif=None;rbs_spacer=None;gc_cont=0.436
0:22090-23697|+      -            536 1502854at2           -            192     0.012   12.7   0.0   1   1   0.00023     0.027   11.5   0.0     6    29    85   108    81   113 0.88 0_21 # 22090 # 23697 # 1 # ID=1_21;partial=00;start_type=ATG;rbs_motif=GGA/GAG/AGG;rbs_spacer=11-12bp;gc_cont=0.269
16:181206-182273|-   -            356 1502854at2           -            192     0.012   12.6   0.0   1   2   0.00048     0.056   10.4   0.0     8    29   135   156   130   168 0.84 16_199 # 181206 # 182273 # -1 # ID=9_199;partial=00;start_type=ATG;rbs_motif=None;rbs_spacer=None;gc_cont=0.441
16:181206-182273|-   -            356 1502854at2           -            192     0.012   12.6   0.0   2   2       1.3   1.5e+02   -0.7   0.0    69   117   180   227   170   268 0.77 16_199 # 181206 # 182273 # -1 # ID=9_199;partial=00;start_type=ATG;rbs_motif=None;rbs_spacer=None;gc_cont=0.441
6:446192-446560|-    -            123 1502854at2           -            192     0.015   12.3   0.0   1   1   0.00022     0.025   11.6   0.0     5    28    27    50    23    64 0.82 6_451 # 446192 # 446560 # -1 # ID=4_451;partial=00;start_type=ATG;rbs_motif=GGA/GAG/AGG;rbs_spacer=5-10bp;gc_cont=0.398
14:69244-70839|-     -            532 1502854at2           -            192     0.016   12.2   0.3   1   2       1.2   1.3e+02   -0.6   0.1   130   154   212   235   192   248 0.76 14_59 # 69244 # 70839 # -1 # ID=8_59;partial=00;start_type=ATG;rbs_motif=GGA/GAG/AGG;rbs_spacer=5-10bp;gc_cont=0.431
14:69244-70839|-     -            532 1502854at2           -            192     0.016   12.2   0.3   2   2   0.00069     0.079   10.0   0.0     9    28   350   369   345   378 0.83 14_59 # 69244 # 70839 # -1 # ID=8_59;partial=00;start_type=ATG;rbs_motif=GGA/GAG/AGG;rbs_spacer=5-10bp;gc_cont=0.431
8:234282-236861|+    -            860 1502854at2           -            192     0.017   12.1   2.2   1   3      0.13        16    2.5   0.0    10    29   200   219   192   225 0.84 8_199 # 234282 # 236861 # 1 # ID=5_199;partial=00;start_type=ATG;rbs_motif=GGAG/GAGG;rbs_spacer=5-10bp;gc_cont=0.426
8:234282-236861|+    -            860 1502854at2           -            192     0.017   12.1   2.2   2   3       1.7   1.9e+02   -1.1   1.1   125   187   405   462   391   473 0.72 8_199 # 234282 # 236861 # 1 # ID=5_199;partial=00;start_type=ATG;rbs_motif=GGAG/GAGG;rbs_spacer=5-10bp;gc_cont=0.426
8:234282-236861|+    -            860 1502854at2           -            192     0.017   12.1   2.2   3   3    0.0091       1.1    6.3   0.0     9    27   599   617   593   625 0.88 8_199 # 234282 # 236861 # 1 # ID=5_199;partial=00;start_type=ATG;rbs_motif=GGAG/GAGG;rbs_spacer=5-10bp;gc_cont=0.426
18:35922-36722|-     -            267 1502854at2           -            192     0.022   11.8   0.1   1   2   0.00065     0.075   10.0   0.0     6    30    57    81    54   103 0.81 18_32 # 35922 # 36722 # -1 # ID=10_32;partial=00;start_type=ATG;rbs_motif=AGGAG;rbs_spacer=5-10bp;gc_cont=0.401
18:35922-36722|-     -            267 1502854at2           -            192     0.022   11.8   0.1   2   2       4.2   4.8e+02   -2.4   0.0   161   184   204   227   190   231 0.70 18_32 # 35922 # 36722 # -1 # ID=10_32;partial=00;start_type=ATG;rbs_motif=AGGAG;rbs_spacer=5-10bp;gc_cont=0.401
0:76511-78505|+      -            665 1502854at2           -            192     0.026   11.5   0.0   1   1   0.00058     0.067   10.2   0.0     5    26    35    56    33    64 0.90 0_70 # 76511 # 78505 # 1 # ID=1_70;partial=00;start_type=ATG;rbs_motif=GGA/GAG/AGG;rbs_spacer=5-10bp;gc_cont=0.446
6:146624-148351|-    -            576 1502854at2           -            192     0.027   11.5   0.6   1   2   0.00062     0.072   10.1   0.1     6    28   361   383   358   390 0.84 6_148 # 146624 # 148351 # -1 # ID=4_148;partial=00;start_type=GTG;rbs_motif=GGAG/GAGG;rbs_spacer=5-10bp;gc_cont=0.387
6:146624-148351|-    -            576 1502854at2           -            192     0.027   11.5   0.6   2   2       8.5   9.8e+02   -3.4   0.1   164   188   506   530   497   533 0.65 6_148 # 146624 # 148351 # -1 # ID=4_148;partial=00;start_type=GTG;rbs_motif=GGAG/GAGG;rbs_spacer=5-10bp;gc_cont=0.387
0:82510-83568|+      -            353 1502854at2           -            192     0.035   11.1   1.8   1   2       0.6        69    0.4   0.6   133   170     6    40     3    53 0.70 0_75 # 82510 # 83568 # 1 # ID=1_75;partial=00;start_type=ATG;rbs_motif=GGA/GAG/AGG;rbs_spacer=5-10bp;gc_cont=0.432
0:82510-83568|+      -            353 1502854at2           -            192     0.035   11.1   1.8   2   2   0.00092      0.11    9.5   0.0     6    31   217   242   213   263 0.81 0_75 # 82510 # 83568 # 1 # ID=1_75;partial=00;start_type=ATG;rbs_motif=GGA/GAG/AGG;rbs_spacer=5-10bp;gc_cont=0.432
4:203821-205482|-    -            554 1502854at2           -            192      0.17    8.9   0.0   1   2       0.5        58    0.6   0.1    11    27    37    53    32    60 0.81 4_207 # 203821 # 205482 # -1 # ID=3_207;partial=00;start_type=GTG;rbs_motif=AGGAG;rbs_spacer=5-10bp;gc_cont=0.427
4:203821-205482|-    -            554 1502854at2           -            192      0.17    8.9   0.0   2   2    0.0015      0.17    8.9   0.0     8    29   351   372   347   381 0.81 4_207 # 203821 # 205482 # -1 # ID=3_207;partial=00;start_type=GTG;rbs_motif=AGGAG;rbs_spacer=5-10bp;gc_cont=0.427
#
# Program:         hmmsearch
# Version:         3.4 (Aug 2023)
# Pipeline mode:   SEARCH
# Query file:      /home/abane_ashu/busco-5.8.0/busco_downloads/lineages/bacteria_odb10/hmms/1502854at2.hmm
# Target file:     /home/abane_ashu/busco-5.8.0/busco_shasta/prodigal_output/predicted_genes/predicted.faa
# Option settings: hmmsearch --domtblout /home/abane_ashu/busco-5.8.0/busco_shasta/run_bacteria_odb10/hmmer_output/1502854at2.out --cpu 1 /home/abane_ashu/busco-5.8.0/busco_downloads/lineages/bacteria_odb10/hmms/1502854at2.hmm /home/abane_ashu/busco-5.8.0/busco_shasta/prodigal_output/predicted_genes/predicted.faa 
# Current dir:     /home/abane_ashu/busco-5.8.0
# Date:            Thu Aug 14 01:02:38 2025
# [ok]
