#                                                                            --- full sequence --- -------------- this domain -------------   hmm coord   ali coord   env coord
# target name        accession   tlen query name           accession   qlen   E-value  score  bias   #  of  c-Evalue  i-Evalue  score  bias  from    to  from    to  from    to  acc description of target
#------------------- ---------- ----- -------------------- ---------- ----- --------- ------ ----- --- --- --------- --------- ------ ----- ----- ----- ----- ----- ----- ----- ---- ---------------------
14:232820-234637|-   -            606 182107at2            -            492  1.3e-217  720.5   9.0   1   1  3.9e-218  9.7e-216  714.3   9.0     1   492    13   604    13   604 0.86 14_203 # 232820 # 234637 # -1 # ID=8_203;partial=00;start_type=ATG;rbs_motif=GGA/GAG/AGG;rbs_spacer=5-10bp;gc_cont=0.413
2:70159-71763|+      -            535 182107at2            -            492   1.9e-34  116.3   2.2   1   2   4.9e-33   1.2e-30  103.8   0.5     1   202     7   253     7   295 0.73 2_64 # 70159 # 71763 # 1 # ID=2_64;partial=00;start_type=ATG;rbs_motif=3Base/5BMM;rbs_spacer=13-15bp;gc_cont=0.427
2:70159-71763|+      -            535 182107at2            -            492   1.9e-34  116.3   2.2   2   2   8.1e-05      0.02   10.7   0.0   278   352   363   434   331   440 0.79 2_64 # 70159 # 71763 # 1 # ID=2_64;partial=00;start_type=ATG;rbs_motif=3Base/5BMM;rbs_spacer=13-15bp;gc_cont=0.427
0:59268-60860|-      -            531 182107at2            -            492   8.1e-29   97.8   0.0   1   3   6.4e-25   1.6e-22   77.0   0.0     2   132    15   167    14   191 0.82 0_57 # 59268 # 60860 # -1 # ID=1_57;partial=00;start_type=ATG;rbs_motif=GGA/GAG/AGG;rbs_spacer=5-10bp;gc_cont=0.421
0:59268-60860|-      -            531 182107at2            -            492   8.1e-29   97.8   0.0   2   3     0.052        13    1.4   0.0   140   198   262   320   248   348 0.84 0_57 # 59268 # 60860 # -1 # ID=1_57;partial=00;start_type=ATG;rbs_motif=GGA/GAG/AGG;rbs_spacer=5-10bp;gc_cont=0.421
0:59268-60860|-      -            531 182107at2            -            492   8.1e-29   97.8   0.0   3   3   1.2e-05     0.003   13.4   0.0   229   308   391   466   332   485 0.84 0_57 # 59268 # 60860 # -1 # ID=1_57;partial=00;start_type=ATG;rbs_motif=GGA/GAG/AGG;rbs_spacer=5-10bp;gc_cont=0.421
0:274727-276694|-    -            656 182107at2            -            492   2.3e-23   79.7   1.1   1   2       1.5   3.7e+02   -3.4   0.1   394   417   320   343   308   359 0.67 0_248 # 274727 # 276694 # -1 # ID=1_248;partial=00;start_type=ATG;rbs_motif=AGGAG;rbs_spacer=5-10bp;gc_cont=0.433
0:274727-276694|-    -            656 182107at2            -            492   2.3e-23   79.7   1.1   2   2   9.4e-26   2.3e-23   79.7   1.1     5   194   405   607   403   619 0.81 0_248 # 274727 # 276694 # -1 # ID=1_248;partial=00;start_type=ATG;rbs_motif=AGGAG;rbs_spacer=5-10bp;gc_cont=0.433
16:151390-152160|+   -            257 182107at2            -            492   5.2e-22   75.3   0.0   1   1   4.4e-24   1.1e-21   74.2   0.0     2   134    11   168    10   195 0.80 16_168 # 151390 # 152160 # 1 # ID=9_168;partial=00;start_type=ATG;rbs_motif=AGGA/GGAG/GAGG;rbs_spacer=11-12bp;gc_cont=0.449
16:152178-153527|+   -            450 182107at2            -            492   1.6e-13   47.3   0.1   1   3      0.12        30    0.2   0.0   137   160     5    28     1    39 0.83 16_169 # 152178 # 153527 # 1 # ID=9_169;partial=00;start_type=ATG;rbs_motif=None;rbs_spacer=None;gc_cont=0.424
16:152178-153527|+   -            450 182107at2            -            492   1.6e-13   47.3   0.1   2   3   2.8e-11   6.9e-09   32.0   0.1   156   315    48   229    27   245 0.71 16_169 # 152178 # 153527 # 1 # ID=9_169;partial=00;start_type=ATG;rbs_motif=None;rbs_spacer=None;gc_cont=0.424
16:152178-153527|+   -            450 182107at2            -            492   1.6e-13   47.3   0.1   3   3   0.00031     0.078    8.8   0.0   322   353   348   379   340   387 0.87 16_169 # 152178 # 153527 # 1 # ID=9_169;partial=00;start_type=ATG;rbs_motif=None;rbs_spacer=None;gc_cont=0.424
0:333281-334471|-    -            397 182107at2            -            492     5e-13   45.7   0.1   1   1   5.3e-15   1.3e-12   44.3   0.1     3   199    14   250    13   265 0.71 0_301 # 333281 # 334471 # -1 # ID=1_301;partial=00;start_type=ATG;rbs_motif=GGAG/GAGG;rbs_spacer=5-10bp;gc_cont=0.446
16:153622-154812|+   -            397 182107at2            -            492     5e-13   45.7   0.1   1   1   5.3e-15   1.3e-12   44.3   0.1     3   199    14   250    13   265 0.71 16_170 # 153622 # 154812 # 1 # ID=9_170;partial=00;start_type=ATG;rbs_motif=AGGA;rbs_spacer=5-10bp;gc_cont=0.446
0:85679-87088|-      -            470 182107at2            -            492   9.3e-13   44.8   0.3   1   2   2.9e-07   7.2e-05   18.8   0.1    57   161    65   168     4   171 0.68 0_80 # 85679 # 87088 # -1 # ID=1_80;partial=00;start_type=ATG;rbs_motif=GGA/GAG/AGG;rbs_spacer=5-10bp;gc_cont=0.426
0:85679-87088|-      -            470 182107at2            -            492   9.3e-13   44.8   0.3   2   2   8.3e-09   2.1e-06   23.9   0.0     5   154   180   345   178   365 0.74 0_80 # 85679 # 87088 # -1 # ID=1_80;partial=00;start_type=ATG;rbs_motif=GGA/GAG/AGG;rbs_spacer=5-10bp;gc_cont=0.426
8:50741-52354|+      -            538 182107at2            -            492     2e-11   40.4   0.1   1   2      0.28        69   -1.0   0.0     7    23    30    46    26    61 0.80 8_45 # 50741 # 52354 # 1 # ID=5_45;partial=00;start_type=ATG;rbs_motif=GGAG/GAGG;rbs_spacer=5-10bp;gc_cont=0.406
8:50741-52354|+      -            538 182107at2            -            492     2e-11   40.4   0.1   2   2   3.7e-13   9.2e-11   38.2   0.1    26   122    78   179    73   189 0.85 8_45 # 50741 # 52354 # 1 # ID=5_45;partial=00;start_type=ATG;rbs_motif=GGAG/GAGG;rbs_spacer=5-10bp;gc_cont=0.406
14:229826-230854|-   -            343 182107at2            -            492   3.3e-05   19.9   0.0   1   1   1.9e-07   4.7e-05   19.4   0.0     5   156    43   205    40   216 0.74 14_199 # 229826 # 230854 # -1 # ID=8_199;partial=00;start_type=ATG;rbs_motif=AGGA/GGAG/GAGG;rbs_spacer=11-12bp;gc_cont=0.376
0:103614-104879|+    -            422 182107at2            -            492     0.013   11.4   0.1   1   2   0.00025     0.063    9.1   0.1    71   127    16    72     8    94 0.87 0_96 # 103614 # 104879 # 1 # ID=1_96;partial=00;start_type=ATG;rbs_motif=None;rbs_spacer=None;gc_cont=0.425
0:103614-104879|+    -            422 182107at2            -            492     0.013   11.4   0.1   2   2       0.2        50   -0.5   0.0   169   195   312   338   304   352 0.81 0_96 # 103614 # 104879 # 1 # ID=1_96;partial=00;start_type=ATG;rbs_motif=None;rbs_spacer=None;gc_cont=0.425
#
# Program:         hmmsearch
# Version:         3.4 (Aug 2023)
# Pipeline mode:   SEARCH
# Query file:      /home/abane_ashu/busco-5.8.0/busco_downloads/lineages/bacteria_odb10/hmms/182107at2.hmm
# Target file:     /home/abane_ashu/busco-5.8.0/busco_shasta/prodigal_output/predicted_genes/predicted.faa
# Option settings: hmmsearch --domtblout /home/abane_ashu/busco-5.8.0/busco_shasta/run_bacteria_odb10/hmmer_output/182107at2.out --cpu 1 /home/abane_ashu/busco-5.8.0/busco_downloads/lineages/bacteria_odb10/hmms/182107at2.hmm /home/abane_ashu/busco-5.8.0/busco_shasta/prodigal_output/predicted_genes/predicted.faa 
# Current dir:     /home/abane_ashu/busco-5.8.0
# Date:            Thu Aug 14 01:02:39 2025
# [ok]
