#                                                                            --- full sequence --- -------------- this domain -------------   hmm coord   ali coord   env coord
# target name        accession   tlen query name           accession   qlen   E-value  score  bias   #  of  c-Evalue  i-Evalue  score  bias  from    to  from    to  from    to  acc description of target
#------------------- ---------- ----- -------------------- ---------- ----- --------- ------ ----- --- --- --------- --------- ------ ----- ----- ----- ----- ----- ----- ----- ---- ---------------------
6:43146-44903|-      -            586 1827295at2           -             74   0.00011   19.5   0.8   1   2   0.00074       0.2    9.1   0.1     8    29    39    61    25    70 0.78 6_47 # 43146 # 44903 # -1 # ID=4_47;partial=00;start_type=ATG;rbs_motif=GGA/GAG/AGG;rbs_spacer=5-10bp;gc_cont=0.389
6:43146-44903|-      -            586 1827295at2           -             74   0.00011   19.5   0.8   2   2    0.0018      0.49    7.8   0.1     8    30   363   387   352   394 0.79 6_47 # 43146 # 44903 # -1 # ID=4_47;partial=00;start_type=ATG;rbs_motif=GGA/GAG/AGG;rbs_spacer=5-10bp;gc_cont=0.389
4:169701-170270|-    -            190 1827295at2           -             74   0.00015   19.1   0.0   1   1   1.2e-06   0.00031   18.1   0.0    10    33    20    43     8    49 0.87 4_178 # 169701 # 170270 # -1 # ID=3_178;partial=00;start_type=ATG;rbs_motif=None;rbs_spacer=None;gc_cont=0.407
8:234282-236861|+    -            860 1827295at2           -             74   0.00022   18.5   0.1   1   3    0.0043       1.2    6.6   0.0    12    33   200   222   187   226 0.83 8_199 # 234282 # 236861 # 1 # ID=5_199;partial=00;start_type=ATG;rbs_motif=GGAG/GAGG;rbs_spacer=5-10bp;gc_cont=0.426
8:234282-236861|+    -            860 1827295at2           -             74   0.00022   18.5   0.1   2   3    0.0028      0.75    7.2   0.0    11    31   599   619   585   623 0.87 8_199 # 234282 # 236861 # 1 # ID=5_199;partial=00;start_type=ATG;rbs_motif=GGAG/GAGG;rbs_spacer=5-10bp;gc_cont=0.426
8:234282-236861|+    -            860 1827295at2           -             74   0.00022   18.5   0.1   3   3      0.75   2.1e+02   -0.6   0.0    12    27   831   846   818   851 0.84 8_199 # 234282 # 236861 # 1 # ID=5_199;partial=00;start_type=ATG;rbs_motif=GGAG/GAGG;rbs_spacer=5-10bp;gc_cont=0.426
10:40402-41667|-     -            422 1827295at2           -             74   0.00042   17.7   0.1   1   2   3.9e-06    0.0011   16.3   0.0     6    31    21    47    11    53 0.80 10_41 # 40402 # 41667 # -1 # ID=6_41;partial=00;start_type=ATG;rbs_motif=None;rbs_spacer=None;gc_cont=0.436
10:40402-41667|-     -            422 1827295at2           -             74   0.00042   17.7   0.1   2   2       6.6   1.8e+03   -3.6   0.0    61    73   290   301   280   301 0.61 10_41 # 40402 # 41667 # -1 # ID=6_41;partial=00;start_type=ATG;rbs_motif=None;rbs_spacer=None;gc_cont=0.436
12:188898-191174|-   -            759 1827295at2           -             74   0.00051   17.4   0.0   1   2      0.02       5.6    4.4   0.0    12    29   210   227   195   238 0.83 12_170 # 188898 # 191174 # -1 # ID=7_170;partial=00;start_type=ATG;rbs_motif=GGA/GAG/AGG;rbs_spacer=5-10bp;gc_cont=0.400
12:188898-191174|-   -            759 1827295at2           -             74   0.00051   17.4   0.0   2   2   0.00041      0.11    9.9   0.0    11    33   489   511   471   519 0.88 12_170 # 188898 # 191174 # -1 # ID=7_170;partial=00;start_type=ATG;rbs_motif=GGA/GAG/AGG;rbs_spacer=5-10bp;gc_cont=0.400
14:263669-264673|+   -            335 1827295at2           -             74   0.00098   16.5   0.0   1   1   8.3e-06    0.0023   15.3   0.0     8    38    50    82    37    86 0.86 14_234 # 263669 # 264673 # 1 # ID=8_234;partial=00;start_type=ATG;rbs_motif=None;rbs_spacer=None;gc_cont=0.457
0:162842-164752|+    -            637 1827295at2           -             74    0.0012   16.2   0.3   1   2     0.088        24    2.4   0.0     9    27    30    48    19    54 0.81 0_152 # 162842 # 164752 # 1 # ID=1_152;partial=00;start_type=ATG;rbs_motif=GGA/GAG/AGG;rbs_spacer=5-10bp;gc_cont=0.426
0:162842-164752|+    -            637 1827295at2           -             74    0.0012   16.2   0.3   2   2   0.00018     0.049   11.0   0.1     9    32   345   368   333   377 0.82 0_152 # 162842 # 164752 # 1 # ID=1_152;partial=00;start_type=ATG;rbs_motif=GGA/GAG/AGG;rbs_spacer=5-10bp;gc_cont=0.426
16:82739-84148|+     -            470 1827295at2           -             74    0.0032   14.8   0.1   1   1   2.7e-05    0.0074   13.7   0.1     3    34    92   126    84   134 0.84 16_100 # 82739 # 84148 # 1 # ID=9_100;partial=00;start_type=ATG;rbs_motif=GGA/GAG/AGG;rbs_spacer=5-10bp;gc_cont=0.430
0:118856-120169|-    -            438 1827295at2           -             74    0.0071   13.7   0.0   1   1   5.6e-05     0.015   12.7   0.0     7    33   110   136   100   140 0.85 0_107 # 118856 # 120169 # -1 # ID=1_107;partial=00;start_type=ATG;rbs_motif=GGAG/GAGG;rbs_spacer=5-10bp;gc_cont=0.405
12:366305-366712|-   -            136 1827295at2           -             74     0.013   12.8   0.1   1   1   7.7e-05     0.021   12.2   0.1     9    33    38    62    22    71 0.81 12_362 # 366305 # 366712 # -1 # ID=7_362;partial=00;start_type=ATG;rbs_motif=AGGAG;rbs_spacer=5-10bp;gc_cont=0.400
14:239817-240416|-   -            200 1827295at2           -             74     0.014   12.8   0.0   1   1   9.3e-05     0.025   12.0   0.0    10    33     2    25     1    29 0.88 14_209 # 239817 # 240416 # -1 # ID=8_209;partial=00;start_type=ATG;rbs_motif=AGGA;rbs_spacer=5-10bp;gc_cont=0.405
#
# Program:         hmmsearch
# Version:         3.4 (Aug 2023)
# Pipeline mode:   SEARCH
# Query file:      /home/abane_ashu/busco-5.8.0/busco_downloads/lineages/bacteria_odb10/hmms/1827295at2.hmm
# Target file:     /home/abane_ashu/busco-5.8.0/busco_shasta/prodigal_output/predicted_genes/predicted.faa
# Option settings: hmmsearch --domtblout /home/abane_ashu/busco-5.8.0/busco_shasta/run_bacteria_odb10/hmmer_output/1827295at2.out --cpu 1 /home/abane_ashu/busco-5.8.0/busco_downloads/lineages/bacteria_odb10/hmms/1827295at2.hmm /home/abane_ashu/busco-5.8.0/busco_shasta/prodigal_output/predicted_genes/predicted.faa 
# Current dir:     /home/abane_ashu/busco-5.8.0
# Date:            Thu Aug 14 01:02:39 2025
# [ok]
