#                                                                            --- full sequence --- -------------- this domain -------------   hmm coord   ali coord   env coord
# target name        accession   tlen query name           accession   qlen   E-value  score  bias   #  of  c-Evalue  i-Evalue  score  bias  from    to  from    to  from    to  acc description of target
#------------------- ---------- ----- -------------------- ---------- ----- --------- ------ ----- --- --- --------- --------- ------ ----- ----- ----- ----- ----- ----- ----- ---- ---------------------
14:279718-280416|-   -            233 219876at2            -            282   3.7e-09   33.8   0.0   1   1   1.1e-11   5.6e-09   33.2   0.0    38   151    30   157    25   182 0.78 14_250 # 279718 # 280416 # -1 # ID=8_250;partial=00;start_type=ATG;rbs_motif=GGA/GAG/AGG;rbs_spacer=11-12bp;gc_cont=0.399
12:338849-339619|-   -            257 219876at2            -            282   5.5e-07   26.7   0.0   1   2   5.2e-09   2.6e-06   24.5   0.0    13    90    67   154    59   181 0.73 12_329 # 338849 # 339619 # -1 # ID=7_329;partial=00;start_type=ATG;rbs_motif=GGAG/GAGG;rbs_spacer=5-10bp;gc_cont=0.416
12:338849-339619|-   -            257 219876at2            -            282   5.5e-07   26.7   0.0   2   2      0.23   1.1e+02   -0.6   0.0   128   145   222   240   213   246 0.80 12_329 # 338849 # 339619 # -1 # ID=7_329;partial=00;start_type=ATG;rbs_motif=GGAG/GAGG;rbs_spacer=5-10bp;gc_cont=0.416
6:24349-25200|-      -            284 219876at2            -            282   7.5e-05   19.7   0.3   1   3     5e-07   0.00025   18.0   0.0    24    74    12    58     4    78 0.89 6_22 # 24349 # 25200 # -1 # ID=4_22;partial=00;start_type=ATG;rbs_motif=GGA/GAG/AGG;rbs_spacer=5-10bp;gc_cont=0.398
6:24349-25200|-      -            284 219876at2            -            282   7.5e-05   19.7   0.3   2   3       1.4   7.2e+02   -3.2   0.1    97   110   116   129   115   140 0.81 6_22 # 24349 # 25200 # -1 # ID=4_22;partial=00;start_type=ATG;rbs_motif=GGA/GAG/AGG;rbs_spacer=5-10bp;gc_cont=0.398
6:24349-25200|-      -            284 219876at2            -            282   7.5e-05   19.7   0.3   3   3      0.43   2.1e+02   -1.5   0.1   100   164   137   198   124   215 0.68 6_22 # 24349 # 25200 # -1 # ID=4_22;partial=00;start_type=ATG;rbs_motif=GGA/GAG/AGG;rbs_spacer=5-10bp;gc_cont=0.398
14:263669-264673|+   -            335 219876at2            -            282   0.00075   16.4   0.0   1   1   4.1e-06     0.002   14.9   0.0    46   107    51   116    44   125 0.75 14_234 # 263669 # 264673 # 1 # ID=8_234;partial=00;start_type=ATG;rbs_motif=None;rbs_spacer=None;gc_cont=0.457
14:379402-381297|-   -            632 219876at2            -            282    0.0075   13.1   0.0   1   1   2.8e-05     0.014   12.2   0.0    50    88   193   233   186   242 0.80 14_349 # 379402 # 381297 # -1 # ID=8_349;partial=00;start_type=TTG;rbs_motif=GGA/GAG/AGG;rbs_spacer=5-10bp;gc_cont=0.423
4:69450-70085|+      -            212 219876at2            -            282     0.013   12.3   0.0   1   1   5.1e-05     0.025   11.4   0.0    82   124   154   197   145   201 0.89 4_82 # 69450 # 70085 # 1 # ID=3_82;partial=00;start_type=ATG;rbs_motif=None;rbs_spacer=None;gc_cont=0.385
#
# Program:         hmmsearch
# Version:         3.4 (Aug 2023)
# Pipeline mode:   SEARCH
# Query file:      /home/abane_ashu/busco-5.8.0/busco_downloads/lineages/bacteria_odb10/hmms/219876at2.hmm
# Target file:     /home/abane_ashu/busco-5.8.0/busco_shasta/prodigal_output/predicted_genes/predicted.faa
# Option settings: hmmsearch --domtblout /home/abane_ashu/busco-5.8.0/busco_shasta/run_bacteria_odb10/hmmer_output/219876at2.out --cpu 1 /home/abane_ashu/busco-5.8.0/busco_downloads/lineages/bacteria_odb10/hmms/219876at2.hmm /home/abane_ashu/busco-5.8.0/busco_shasta/prodigal_output/predicted_genes/predicted.faa 
# Current dir:     /home/abane_ashu/busco-5.8.0
# Date:            Thu Aug 14 01:02:40 2025
# [ok]
