#                                                                            --- full sequence --- -------------- this domain -------------   hmm coord   ali coord   env coord
# target name        accession   tlen query name           accession   qlen   E-value  score  bias   #  of  c-Evalue  i-Evalue  score  bias  from    to  from    to  from    to  acc description of target
#------------------- ---------- ----- -------------------- ---------- ----- --------- ------ ----- --- --- --------- --------- ------ ----- ----- ----- ----- ----- ----- ----- ---- ---------------------
0:444006-445163|-    -            386 430176at2            -            369  1.5e-146  485.8   1.8   1   2       0.5   2.5e+02   -2.0   0.0    46    61     4    19     2    34 0.66 0_405 # 444006 # 445163 # -1 # ID=1_405;partial=00;start_type=ATG;rbs_motif=AGGAG;rbs_spacer=5-10bp;gc_cont=0.446
0:444006-445163|-    -            386 430176at2            -            369  1.5e-146  485.8   1.8   2   2  5.5e-149  2.8e-146  484.9   1.0     7   308    34   383    28   385 0.91 0_405 # 444006 # 445163 # -1 # ID=1_405;partial=00;start_type=ATG;rbs_motif=AGGAG;rbs_spacer=5-10bp;gc_cont=0.446
0:446141-447685|-    -            515 430176at2            -            369   9.8e-19   65.2   1.8   1   1   7.4e-20   3.7e-17   60.0   1.8    36   332    95   435    65   448 0.75 0_407 # 446141 # 447685 # -1 # ID=1_407;partial=00;start_type=ATG;rbs_motif=GGAG/GAGG;rbs_spacer=5-10bp;gc_cont=0.432
0:443768-444013|-    -             82 430176at2            -            369   1.5e-17   61.3   0.0   1   1   3.2e-20   1.6e-17   61.2   0.0   309   369     1    73     1    73 0.87 0_404 # 443768 # 444013 # -1 # ID=1_404;partial=00;start_type=ATG;rbs_motif=None;rbs_spacer=None;gc_cont=0.407
22:1-1131|-          -            377 430176at2            -            369   7.9e-10   35.9   0.1   1   1   3.7e-12   1.9e-09   34.6   0.1    73   283   160   373   155   377 0.83 22_1 # 1 # 1131 # -1 # ID=12_1;partial=10;start_type=ATG;rbs_motif=None;rbs_spacer=None;gc_cont=0.409
0:162842-164752|+    -            637 430176at2            -            369    0.0039   13.9   0.1   1   2       1.2   5.8e+02   -3.2   0.0    82   102    27    47    25    50 0.86 0_152 # 162842 # 164752 # 1 # ID=1_152;partial=00;start_type=ATG;rbs_motif=GGA/GAG/AGG;rbs_spacer=5-10bp;gc_cont=0.426
0:162842-164752|+    -            637 430176at2            -            369    0.0039   13.9   0.1   2   2   2.1e-05      0.01   12.4   0.0    76   112   336   372   320   394 0.85 0_152 # 162842 # 164752 # 1 # ID=1_152;partial=00;start_type=ATG;rbs_motif=GGA/GAG/AGG;rbs_spacer=5-10bp;gc_cont=0.426
6:336450-337688|+    -            413 430176at2            -            369     0.016   11.8   0.0   1   1   4.6e-05     0.023   11.3   0.0   229   314   200   284   188   316 0.90 6_345 # 336450 # 337688 # 1 # ID=4_345;partial=00;start_type=ATG;rbs_motif=GGA/GAG/AGG;rbs_spacer=5-10bp;gc_cont=0.383
#
# Program:         hmmsearch
# Version:         3.4 (Aug 2023)
# Pipeline mode:   SEARCH
# Query file:      /home/abane_ashu/busco-5.8.0/busco_downloads/lineages/bacteria_odb10/hmms/430176at2.hmm
# Target file:     /home/abane_ashu/busco-5.8.0/busco_shasta/prodigal_output/predicted_genes/predicted.faa
# Option settings: hmmsearch --domtblout /home/abane_ashu/busco-5.8.0/busco_shasta/run_bacteria_odb10/hmmer_output/430176at2.out --cpu 1 /home/abane_ashu/busco-5.8.0/busco_downloads/lineages/bacteria_odb10/hmms/430176at2.hmm /home/abane_ashu/busco-5.8.0/busco_shasta/prodigal_output/predicted_genes/predicted.faa 
# Current dir:     /home/abane_ashu/busco-5.8.0
# Date:            Thu Aug 14 01:02:41 2025
# [ok]
