#                                                                            --- full sequence --- -------------- this domain -------------   hmm coord   ali coord   env coord
# target name        accession   tlen query name           accession   qlen   E-value  score  bias   #  of  c-Evalue  i-Evalue  score  bias  from    to  from    to  from    to  acc description of target
#------------------- ---------- ----- -------------------- ---------- ----- --------- ------ ----- --- --- --------- --------- ------ ----- ----- ----- ----- ----- ----- ----- ---- ---------------------
16:66063-66629|-     -            189 761140at2            -            323   4.2e-20   69.8   2.4   1   3     0.037        16    2.2   0.1    98   116     1    21     1    41 0.87 16_85 # 66063 # 66629 # -1 # ID=9_85;partial=00;start_type=ATG;rbs_motif=GGA/GAG/AGG;rbs_spacer=5-10bp;gc_cont=0.392
16:66063-66629|-     -            189 761140at2            -            323   4.2e-20   69.8   2.4   2   3   4.1e-12   1.8e-09   34.9   0.0   133   176    91   138    72   140 0.82 16_85 # 66063 # 66629 # -1 # ID=9_85;partial=00;start_type=ATG;rbs_motif=GGA/GAG/AGG;rbs_spacer=5-10bp;gc_cont=0.392
16:66063-66629|-     -            189 761140at2            -            323   4.2e-20   69.8   2.4   3   3   4.4e-11   1.9e-08   31.5   0.1   173   200   153   180   143   186 0.75 16_85 # 66063 # 66629 # -1 # ID=9_85;partial=00;start_type=ATG;rbs_motif=GGA/GAG/AGG;rbs_spacer=5-10bp;gc_cont=0.392
16:66795-67025|-     -             77 761140at2            -            323   4.6e-20   69.7   0.2   1   1   1.2e-22     5e-20   69.6   0.2     1    65     5    75     5    76 0.90 16_86 # 66795 # 67025 # -1 # ID=9_86;partial=00;start_type=ATG;rbs_motif=None;rbs_spacer=None;gc_cont=0.463
0:70893-73517|+      -            875 761140at2            -            323   7.1e-09   32.9   1.5   1   4   2.1e-07   8.9e-05   19.5   0.0     2    53    39    95    38   108 0.78 0_66 # 70893 # 73517 # 1 # ID=1_66;partial=00;start_type=ATG;rbs_motif=None;rbs_spacer=None;gc_cont=0.419
0:70893-73517|+      -            875 761140at2            -            323   7.1e-09   32.9   1.5   2   4     0.087        37    1.0   0.0   130   151   425   447   409   451 0.81 0_66 # 70893 # 73517 # 1 # ID=1_66;partial=00;start_type=ATG;rbs_motif=None;rbs_spacer=None;gc_cont=0.419
0:70893-73517|+      -            875 761140at2            -            323   7.1e-09   32.9   1.5   3   4       1.1   4.7e+02   -2.6   0.0    47    65   635   653   634   658 0.55 0_66 # 70893 # 73517 # 1 # ID=1_66;partial=00;start_type=ATG;rbs_motif=None;rbs_spacer=None;gc_cont=0.419
0:70893-73517|+      -            875 761140at2            -            323   7.1e-09   32.9   1.5   4   4   0.00044      0.19    8.5   0.2   251   310   738   791   704   801 0.71 0_66 # 70893 # 73517 # 1 # ID=1_66;partial=00;start_type=ATG;rbs_motif=None;rbs_spacer=None;gc_cont=0.419
18:31338-31955|-     -            206 761140at2            -            323   6.7e-07   26.4   0.0   1   1   2.3e-09   9.7e-07   25.9   0.0     2    57    59   119    58   132 0.84 18_27 # 31338 # 31955 # -1 # ID=10_27;partial=00;start_type=ATG;rbs_motif=GGA/GAG/AGG;rbs_spacer=11-12bp;gc_cont=0.430
16:65795-66034|-     -             80 761140at2            -            323   3.1e-05   21.0   0.6   1   1   1.9e-07   8.3e-05   19.6   0.6   214   259    20    77     1    79 0.83 16_84 # 65795 # 66034 # -1 # ID=9_84;partial=00;start_type=ATG;rbs_motif=GGA/GAG/AGG;rbs_spacer=5-10bp;gc_cont=0.338
16:65611-65847|-     -             79 761140at2            -            323   3.8e-05   20.7   0.1   1   1   9.3e-08     4e-05   20.6   0.1   246   285    34    75    11    77 0.82 16_83 # 65611 # 65847 # -1 # ID=9_83;partial=00;start_type=GTG;rbs_motif=None;rbs_spacer=None;gc_cont=0.401
0:40622-41701|-      -            360 761140at2            -            323    0.0089   12.9   1.0   1   2   3.3e-05     0.014   12.2   0.2    42   105   141   205   137   235 0.84 0_40 # 40622 # 41701 # -1 # ID=1_40;partial=00;start_type=ATG;rbs_motif=GGA/GAG/AGG;rbs_spacer=5-10bp;gc_cont=0.426
0:40622-41701|-      -            360 761140at2            -            323    0.0089   12.9   1.0   2   2      0.89   3.8e+02   -2.3   0.0    66    93   321   347   309   352 0.70 0_40 # 40622 # 41701 # -1 # ID=1_40;partial=00;start_type=ATG;rbs_motif=GGA/GAG/AGG;rbs_spacer=5-10bp;gc_cont=0.426
#
# Program:         hmmsearch
# Version:         3.4 (Aug 2023)
# Pipeline mode:   SEARCH
# Query file:      /home/abane_ashu/busco-5.8.0/busco_downloads/lineages/bacteria_odb10/hmms/761140at2.hmm
# Target file:     /home/abane_ashu/busco-5.8.0/busco_shasta/prodigal_output/predicted_genes/predicted.faa
# Option settings: hmmsearch --domtblout /home/abane_ashu/busco-5.8.0/busco_shasta/run_bacteria_odb10/hmmer_output/761140at2.out --cpu 1 /home/abane_ashu/busco-5.8.0/busco_downloads/lineages/bacteria_odb10/hmms/761140at2.hmm /home/abane_ashu/busco-5.8.0/busco_shasta/prodigal_output/predicted_genes/predicted.faa 
# Current dir:     /home/abane_ashu/busco-5.8.0
# Date:            Thu Aug 14 01:02:42 2025
# [ok]
