#                                                                            --- full sequence --- -------------- this domain -------------   hmm coord   ali coord   env coord
# target name        accession   tlen query name           accession   qlen   E-value  score  bias   #  of  c-Evalue  i-Evalue  score  bias  from    to  from    to  from    to  acc description of target
#------------------- ---------- ----- -------------------- ---------- ----- --------- ------ ----- --- --- --------- --------- ------ ----- ----- ----- ----- ----- ----- ----- ---- ---------------------
14:263669-264673|+   -            335 874197at2            -            274  4.2e-125  413.9   0.7   1   1  2.2e-127  5.4e-125  413.5   0.7     2   273    18   318    17   319 0.93 14_234 # 263669 # 264673 # 1 # ID=8_234;partial=00;start_type=ATG;rbs_motif=None;rbs_spacer=None;gc_cont=0.457
10:57395-58660|-     -            422 874197at2            -            274   2.8e-09   34.0   0.0   1   1   2.6e-11   6.4e-09   32.8   0.0     4   115    12   126    10   149 0.69 10_59 # 57395 # 58660 # -1 # ID=6_59;partial=00;start_type=ATG;rbs_motif=None;rbs_spacer=None;gc_cont=0.420
12:366305-366712|-   -            136 874197at2            -            274   1.8e-08   31.4   0.0   1   2   2.1e-10   5.2e-08   29.8   0.0     4    70     9    72     6    97 0.87 12_362 # 366305 # 366712 # -1 # ID=7_362;partial=00;start_type=ATG;rbs_motif=AGGAG;rbs_spacer=5-10bp;gc_cont=0.400
12:366305-366712|-   -            136 874197at2            -            274   1.8e-08   31.4   0.0   2   2      0.39        97   -0.6   0.0    88    99   120   131    90   134 0.79 12_362 # 366305 # 366712 # -1 # ID=7_362;partial=00;start_type=ATG;rbs_motif=AGGAG;rbs_spacer=5-10bp;gc_cont=0.400
14:379402-381297|-   -            632 874197at2            -            274   2.3e-07   27.7   0.1   1   2   2.9e-08   7.1e-06   22.8   0.0    33    95   188   258   149   264 0.66 14_349 # 379402 # 381297 # -1 # ID=8_349;partial=00;start_type=TTG;rbs_motif=GGA/GAG/AGG;rbs_spacer=5-10bp;gc_cont=0.423
14:379402-381297|-   -            632 874197at2            -            274   2.3e-07   27.7   0.1   2   2     0.062        16    2.0   0.0   133   225   298   396   293   402 0.67 14_349 # 379402 # 381297 # -1 # ID=8_349;partial=00;start_type=TTG;rbs_motif=GGA/GAG/AGG;rbs_spacer=5-10bp;gc_cont=0.423
12:188898-191174|-   -            759 874197at2            -            274   9.7e-07   25.6   0.6   1   2   0.00022     0.055   10.1   0.3    35    99   206   290   188   293 0.55 12_170 # 188898 # 191174 # -1 # ID=7_170;partial=00;start_type=ATG;rbs_motif=GGA/GAG/AGG;rbs_spacer=5-10bp;gc_cont=0.400
12:188898-191174|-   -            759 874197at2            -            274   9.7e-07   25.6   0.6   2   2   0.00046      0.11    9.0   0.0    20    64   471   515   452   528 0.77 12_170 # 188898 # 191174 # -1 # ID=7_170;partial=00;start_type=ATG;rbs_motif=GGA/GAG/AGG;rbs_spacer=5-10bp;gc_cont=0.400
0:118856-120169|-    -            438 874197at2            -            274   3.3e-06   23.9   0.3   1   1   3.8e-08   9.6e-06   22.4   0.3     4    98    66   188    63   197 0.61 0_107 # 118856 # 120169 # -1 # ID=1_107;partial=00;start_type=ATG;rbs_motif=GGAG/GAGG;rbs_spacer=5-10bp;gc_cont=0.405
6:24349-25200|-      -            284 874197at2            -            274   1.6e-05   21.7   0.3   1   2   1.5e-07   3.8e-05   20.4   0.1    14    64    13    60     3    73 0.80 6_22 # 24349 # 25200 # -1 # ID=4_22;partial=00;start_type=ATG;rbs_motif=GGA/GAG/AGG;rbs_spacer=5-10bp;gc_cont=0.398
6:24349-25200|-      -            284 874197at2            -            274   1.6e-05   21.7   0.3   2   2       1.5   3.7e+02   -2.5   0.0    85    97   112   124   100   129 0.74 6_22 # 24349 # 25200 # -1 # ID=4_22;partial=00;start_type=ATG;rbs_motif=GGA/GAG/AGG;rbs_spacer=5-10bp;gc_cont=0.398
8:234282-236861|+    -            860 874197at2            -            274   3.5e-05   20.5   0.5   1   2   0.00085      0.21    8.1   0.7    35    99   196   281   167   285 0.58 8_199 # 234282 # 236861 # 1 # ID=5_199;partial=00;start_type=ATG;rbs_motif=GGAG/GAGG;rbs_spacer=5-10bp;gc_cont=0.426
8:234282-236861|+    -            860 874197at2            -            274   3.5e-05   20.5   0.5   2   2    0.0019      0.46    7.0   0.0    34    57   595   618   563   638 0.83 8_199 # 234282 # 236861 # 1 # ID=5_199;partial=00;start_type=ATG;rbs_motif=GGAG/GAGG;rbs_spacer=5-10bp;gc_cont=0.426
8:79167-81596|-      -            810 874197at2            -            274    0.0013   15.3   0.0   1   1   1.3e-05    0.0033   14.1   0.0    13    69   339   397   333   445 0.73 8_74 # 79167 # 81596 # -1 # ID=5_74;partial=00;start_type=ATG;rbs_motif=AGGAG;rbs_spacer=5-10bp;gc_cont=0.401
6:446192-446560|-    -            123 874197at2            -            274    0.0025   14.5   0.0   1   1   1.2e-05    0.0031   14.2   0.0    17    59     6    52     1    74 0.71 6_451 # 446192 # 446560 # -1 # ID=4_451;partial=00;start_type=ATG;rbs_motif=GGA/GAG/AGG;rbs_spacer=5-10bp;gc_cont=0.398
16:21334-22287|-     -            318 874197at2            -            274    0.0033   14.1   0.0   1   2    0.0014      0.34    7.5   0.0    37    65    47    74    20    81 0.80 16_18 # 21334 # 22287 # -1 # ID=9_18;partial=00;start_type=ATG;rbs_motif=GGA/GAG/AGG;rbs_spacer=5-10bp;gc_cont=0.370
16:21334-22287|-     -            318 874197at2            -            274    0.0033   14.1   0.0   2   2     0.012         3    4.4   0.0    78   135   125   177    96   224 0.71 16_18 # 21334 # 22287 # -1 # ID=9_18;partial=00;start_type=ATG;rbs_motif=GGA/GAG/AGG;rbs_spacer=5-10bp;gc_cont=0.370
0:390570-392057|+    -            496 874197at2            -            274     0.073    9.7   1.9   1   3    0.0005      0.12    8.9   0.0    36    53   212   229   190   236 0.80 0_358 # 390570 # 392057 # 1 # ID=1_358;partial=00;start_type=ATG;rbs_motif=GGA/GAG/AGG;rbs_spacer=5-10bp;gc_cont=0.435
0:390570-392057|+    -            496 874197at2            -            274     0.073    9.7   1.9   2   3      0.74   1.8e+02   -1.5   0.0    84   124   290   330   288   343 0.58 0_358 # 390570 # 392057 # 1 # ID=1_358;partial=00;start_type=ATG;rbs_motif=GGA/GAG/AGG;rbs_spacer=5-10bp;gc_cont=0.435
0:390570-392057|+    -            496 874197at2            -            274     0.073    9.7   1.9   3   3       1.8   4.5e+02   -2.8   0.1   169   203   442   475   431   485 0.69 0_358 # 390570 # 392057 # 1 # ID=1_358;partial=00;start_type=ATG;rbs_motif=GGA/GAG/AGG;rbs_spacer=5-10bp;gc_cont=0.435
#
# Program:         hmmsearch
# Version:         3.4 (Aug 2023)
# Pipeline mode:   SEARCH
# Query file:      /home/abane_ashu/busco-5.8.0/busco_downloads/lineages/bacteria_odb10/hmms/874197at2.hmm
# Target file:     /home/abane_ashu/busco-5.8.0/busco_shasta/prodigal_output/predicted_genes/predicted.faa
# Option settings: hmmsearch --domtblout /home/abane_ashu/busco-5.8.0/busco_shasta/run_bacteria_odb10/hmmer_output/874197at2.out --cpu 1 /home/abane_ashu/busco-5.8.0/busco_downloads/lineages/bacteria_odb10/hmms/874197at2.hmm /home/abane_ashu/busco-5.8.0/busco_shasta/prodigal_output/predicted_genes/predicted.faa 
# Current dir:     /home/abane_ashu/busco-5.8.0
# Date:            Thu Aug 14 01:02:42 2025
# [ok]
