#                                                                            --- full sequence --- -------------- this domain -------------   hmm coord   ali coord   env coord
# target name        accession   tlen query name           accession   qlen   E-value  score  bias   #  of  c-Evalue  i-Evalue  score  bias  from    to  from    to  from    to  acc description of target
#------------------- ---------- ----- -------------------- ---------- ----- --------- ------ ----- --- --- --------- --------- ------ ----- ----- ----- ----- ----- ----- ----- ---- ---------------------
14:229826-230854|-   -            343 984717at2            -            224   8.7e-69  228.9   7.6   1   3   2.1e-39   6.8e-37  124.5   1.1     1   122    41   178    41   185 0.84 14_199 # 229826 # 230854 # -1 # ID=8_199;partial=00;start_type=ATG;rbs_motif=AGGA/GGAG/GAGG;rbs_spacer=11-12bp;gc_cont=0.376
14:229826-230854|-   -            343 984717at2            -            224   8.7e-69  228.9   7.6   2   3   1.6e-14   5.4e-12   43.1   0.1   112   169   195   255   181   262 0.87 14_199 # 229826 # 230854 # -1 # ID=8_199;partial=00;start_type=ATG;rbs_motif=AGGA/GGAG/GAGG;rbs_spacer=11-12bp;gc_cont=0.376
14:229826-230854|-   -            343 984717at2            -            224   8.7e-69  228.9   7.6   3   3   6.2e-21   2.1e-18   64.1   0.0   165   222   276   334   268   339 0.89 14_199 # 229826 # 230854 # -1 # ID=8_199;partial=00;start_type=ATG;rbs_motif=AGGA/GGAG/GAGG;rbs_spacer=11-12bp;gc_cont=0.376
0:85679-87088|-      -            470 984717at2            -            224   8.8e-32  107.8   0.2   1   2   1.1e-18   3.6e-16   56.8   0.0     2   106     5   125     4   136 0.78 0_80 # 85679 # 87088 # -1 # ID=1_80;partial=00;start_type=ATG;rbs_motif=GGA/GAG/AGG;rbs_spacer=5-10bp;gc_cont=0.426
0:85679-87088|-      -            470 984717at2            -            224   8.8e-32  107.8   0.2   2   2   2.7e-16   9.1e-14   48.9   0.0     2    87   179   274   178   306 0.72 0_80 # 85679 # 87088 # -1 # ID=1_80;partial=00;start_type=ATG;rbs_motif=GGA/GAG/AGG;rbs_spacer=5-10bp;gc_cont=0.426
14:211800-213020|-   -            407 984717at2            -            224   1.1e-05   22.5   0.0   1   2   3.1e-06     0.001   16.0   0.0     2    59   162   220   161   250 0.86 14_180 # 211800 # 213020 # -1 # ID=8_180;partial=00;start_type=ATG;rbs_motif=GGAG/GAGG;rbs_spacer=5-10bp;gc_cont=0.441
14:211800-213020|-   -            407 984717at2            -            224   1.1e-05   22.5   0.0   2   2     0.011       3.8    4.4   0.0    79   106   263   290   252   306 0.82 14_180 # 211800 # 213020 # -1 # ID=8_180;partial=00;start_type=ATG;rbs_motif=GGAG/GAGG;rbs_spacer=5-10bp;gc_cont=0.441
0:82510-83568|+      -            353 984717at2            -            224   2.3e-05   21.4   0.1   1   2      0.39   1.3e+02   -0.6   0.0    89   107   164   182   153   197 0.74 0_75 # 82510 # 83568 # 1 # ID=1_75;partial=00;start_type=ATG;rbs_motif=GGA/GAG/AGG;rbs_spacer=5-10bp;gc_cont=0.432
0:82510-83568|+      -            353 984717at2            -            224   2.3e-05   21.4   0.1   2   2   3.1e-07    0.0001   19.3   0.1     2    58   220   281   219   287 0.81 0_75 # 82510 # 83568 # 1 # ID=1_75;partial=00;start_type=ATG;rbs_motif=GGA/GAG/AGG;rbs_spacer=5-10bp;gc_cont=0.432
0:274727-276694|-    -            656 984717at2            -            224   2.8e-05   21.2   0.1   1   3       3.3   1.1e+03   -3.7   1.4     9    38    60    90    58    93 0.76 0_248 # 274727 # 276694 # -1 # ID=1_248;partial=00;start_type=ATG;rbs_motif=AGGAG;rbs_spacer=5-10bp;gc_cont=0.433
0:274727-276694|-    -            656 984717at2            -            224   2.8e-05   21.2   0.1   2   3      0.15        51    0.7   0.1    17    64   327   373   319   397 0.75 0_248 # 274727 # 276694 # -1 # ID=1_248;partial=00;start_type=ATG;rbs_motif=AGGAG;rbs_spacer=5-10bp;gc_cont=0.433
0:274727-276694|-    -            656 984717at2            -            224   2.8e-05   21.2   0.1   3   3   8.3e-08   2.8e-05   21.2   0.1     2   105   404   514   403   534 0.77 0_248 # 274727 # 276694 # -1 # ID=1_248;partial=00;start_type=ATG;rbs_motif=AGGAG;rbs_spacer=5-10bp;gc_cont=0.433
6:228142-229233|+    -            364 984717at2            -            224   5.3e-05   20.2   0.1   1   2   6.4e-07   0.00021   18.3   0.0     3    25     6    28     4    36 0.89 6_235 # 228142 # 229233 # 1 # ID=4_235;partial=00;start_type=ATG;rbs_motif=GGA/GAG/AGG;rbs_spacer=5-10bp;gc_cont=0.407
6:228142-229233|+    -            364 984717at2            -            224   5.3e-05   20.2   0.1   2   2      0.45   1.5e+02   -0.8   0.0    77   111   101   129    69   176 0.72 6_235 # 228142 # 229233 # 1 # ID=4_235;partial=00;start_type=ATG;rbs_motif=GGA/GAG/AGG;rbs_spacer=5-10bp;gc_cont=0.407
4:58479-59255|+      -            259 984717at2            -            224   9.2e-05   19.5   0.0   1   1   4.2e-07   0.00014   18.9   0.0     2    67    64   129    63   148 0.78 4_74 # 58479 # 59255 # 1 # ID=3_74;partial=00;start_type=ATG;rbs_motif=None;rbs_spacer=None;gc_cont=0.414
18:35922-36722|-     -            267 984717at2            -            224   0.00041   17.3   0.0   1   1   2.5e-06   0.00083   16.3   0.0     1    52    59   111    59   119 0.92 18_32 # 35922 # 36722 # -1 # ID=10_32;partial=00;start_type=ATG;rbs_motif=AGGAG;rbs_spacer=5-10bp;gc_cont=0.401
0:364707-366317|-    -            537 984717at2            -            224   0.00057   16.9   0.0   1   1   3.1e-06     0.001   16.0   0.0     2    29     7    34     6   131 0.83 0_332 # 364707 # 366317 # -1 # ID=1_332;partial=00;start_type=ATG;rbs_motif=AGGAG;rbs_spacer=5-10bp;gc_cont=0.433
#
# Program:         hmmsearch
# Version:         3.4 (Aug 2023)
# Pipeline mode:   SEARCH
# Query file:      /home/abane_ashu/busco-5.8.0/busco_downloads/lineages/bacteria_odb10/hmms/984717at2.hmm
# Target file:     /home/abane_ashu/busco-5.8.0/busco_shasta/prodigal_output/predicted_genes/predicted.faa
# Option settings: hmmsearch --domtblout /home/abane_ashu/busco-5.8.0/busco_shasta/run_bacteria_odb10/hmmer_output/984717at2.out --cpu 1 /home/abane_ashu/busco-5.8.0/busco_downloads/lineages/bacteria_odb10/hmms/984717at2.hmm /home/abane_ashu/busco-5.8.0/busco_shasta/prodigal_output/predicted_genes/predicted.faa 
# Current dir:     /home/abane_ashu/busco-5.8.0
# Date:            Thu Aug 14 01:02:43 2025
# [ok]
