#                                                                                  --- full sequence --- -------------- this domain -------------   hmm coord   ali coord   env coord
# target name              accession   tlen query name           accession   qlen   E-value  score  bias   #  of  c-Evalue  i-Evalue  score  bias  from    to  from    to  from    to  acc description of target
#      ------------------- ---------- ----- -------------------- ---------- ----- --------- ------ ----- --- --- --------- --------- ------ ----- ----- ----- ----- ----- ----- ----- ---- ---------------------
contig_1:2151407-2152351|+ -            315 1069591at2           -            187   2.7e-42  142.2   4.7   1   3     1e-35   8.6e-33  111.2   0.0     2    99     8   118     7   142 0.85 contig_1_1928 # 2151407 # 2152351 # 1 # ID=1_1928;partial=00;start_type=ATG;rbs_motif=GGA/GAG/AGG;rbs_spacer=5-10bp;gc_cont=0.383
contig_1:2151407-2152351|+ -            315 1069591at2           -            187   2.7e-42  142.2   4.7   2   3   0.00041      0.35    8.1   0.0   110   130   152   172   124   188 0.69 contig_1_1928 # 2151407 # 2152351 # 1 # ID=1_1928;partial=00;start_type=ATG;rbs_motif=GGA/GAG/AGG;rbs_spacer=5-10bp;gc_cont=0.383
contig_1:2151407-2152351|+ -            315 1069591at2           -            187   2.7e-42  142.2   4.7   3   3   6.2e-05     0.053   10.8   3.0   170   186   272   288   200   289 0.75 contig_1_1928 # 2151407 # 2152351 # 1 # ID=1_1928;partial=00;start_type=ATG;rbs_motif=GGA/GAG/AGG;rbs_spacer=5-10bp;gc_cont=0.383
contig_1:205795-207108|-   -            438 1069591at2           -            187     0.016   12.5   0.1   1   2   8.5e-05     0.073   10.3   0.0     2    21   114   133   113   137 0.92 contig_1_184 # 205795 # 207108 # -1 # ID=1_184;partial=00;start_type=ATG;rbs_motif=GGAG/GAGG;rbs_spacer=5-10bp;gc_cont=0.405
contig_1:205795-207108|-   -            438 1069591at2           -            187     0.016   12.5   0.1   2   2         1   8.8e+02   -3.0   0.0    13    35   389   411   388   428 0.77 contig_1_184 # 205795 # 207108 # -1 # ID=1_184;partial=00;start_type=ATG;rbs_motif=GGAG/GAGG;rbs_spacer=5-10bp;gc_cont=0.405
contig_1:3101772-3104450|- -            893 1069591at2           -            187      0.15    9.3   3.1   1   2      0.35     3e+02   -1.5   1.4    91   142   468   519   464   526 0.87 contig_1_2837 # 3101772 # 3104450 # -1 # ID=1_2837;partial=00;start_type=ATG;rbs_motif=GGA/GAG/AGG;rbs_spacer=5-10bp;gc_cont=0.374
contig_1:3101772-3104450|- -            893 1069591at2           -            187      0.15    9.3   3.1   2   2   0.00022      0.19    9.0   0.0     2    22   609   629   608   631 0.90 contig_1_2837 # 3101772 # 3104450 # -1 # ID=1_2837;partial=00;start_type=ATG;rbs_motif=GGA/GAG/AGG;rbs_spacer=5-10bp;gc_cont=0.374
contig_1:3411276-3413705|+ -            810 1069591at2           -            187      0.29    8.3   5.2   1   2    0.0018       1.5    6.0   1.1    95   159   201   267   195   283 0.83 contig_1_3097 # 3411276 # 3413705 # 1 # ID=1_3097;partial=00;start_type=ATG;rbs_motif=AGGAG;rbs_spacer=5-10bp;gc_cont=0.401
contig_1:3411276-3413705|+ -            810 1069591at2           -            187      0.29    8.3   5.2   2   2      0.01         9    3.5   0.2     2    22   365   385   364   387 0.88 contig_1_3097 # 3411276 # 3413705 # 1 # ID=1_3097;partial=00;start_type=ATG;rbs_motif=AGGAG;rbs_spacer=5-10bp;gc_cont=0.401
#
# Program:         hmmsearch
# Version:         3.4 (Aug 2023)
# Pipeline mode:   SEARCH
# Query file:      /home/abane_ashu/busco-5.8.0/busco_downloads/lineages/bacteria_odb10/hmms/1069591at2.hmm
# Target file:     /home/abane_ashu/busco-5.8.0/busco_flye/prodigal_output/predicted_genes/predicted.faa
# Option settings: hmmsearch --domtblout /home/abane_ashu/busco-5.8.0/busco_flye/run_bacteria_odb10/hmmer_output/1069591at2.out --cpu 1 /home/abane_ashu/busco-5.8.0/busco_downloads/lineages/bacteria_odb10/hmms/1069591at2.hmm /home/abane_ashu/busco-5.8.0/busco_flye/prodigal_output/predicted_genes/predicted.faa 
# Current dir:     /home/abane_ashu/busco-5.8.0
# Date:            Thu Aug 14 00:53:25 2025
# [ok]
