#                                                                                  --- full sequence --- -------------- this domain -------------   hmm coord   ali coord   env coord
# target name              accession   tlen query name           accession   qlen   E-value  score  bias   #  of  c-Evalue  i-Evalue  score  bias  from    to  from    to  from    to  acc description of target
#      ------------------- ---------- ----- -------------------- ---------- ----- --------- ------ ----- --- --- --------- --------- ------ ----- ----- ----- ----- ----- ----- ----- ---- ---------------------
contig_1:375807-377474|+   -            556 1074831at2           -            386   6.6e-74  246.9  36.7   1   4   2.2e-20   4.9e-18   63.0   0.0     1    63     1    69     1    74 0.87 contig_1_336 # 375807 # 377474 # 1 # ID=1_336;partial=00;start_type=ATG;rbs_motif=GGA/GAG/AGG;rbs_spacer=5-10bp;gc_cont=0.409
contig_1:375807-377474|+   -            556 1074831at2           -            386   6.6e-74  246.9  36.7   2   4   1.7e-17   3.8e-15   53.5   7.9    66   211    97   267    82   285 0.72 contig_1_336 # 375807 # 377474 # 1 # ID=1_336;partial=00;start_type=ATG;rbs_motif=GGA/GAG/AGG;rbs_spacer=5-10bp;gc_cont=0.409
contig_1:375807-377474|+   -            556 1074831at2           -            386   6.6e-74  246.9  36.7   3   4   2.6e-06   0.00061   16.6   9.5   156   266   259   381   250   402 0.64 contig_1_336 # 375807 # 377474 # 1 # ID=1_336;partial=00;start_type=ATG;rbs_motif=GGA/GAG/AGG;rbs_spacer=5-10bp;gc_cont=0.409
contig_1:375807-377474|+   -            556 1074831at2           -            386   6.6e-74  246.9  36.7   4   4   3.4e-37   7.8e-35  118.3   4.4   266   385   403   546   394   547 0.82 contig_1_336 # 375807 # 377474 # 1 # ID=1_336;partial=00;start_type=ATG;rbs_motif=GGA/GAG/AGG;rbs_spacer=5-10bp;gc_cont=0.409
contig_1:3458745-3459437|- -            231 1074831at2           -            386   1.5e-08   31.8   1.3   1   2   0.00098      0.22    8.2   0.5     9    43    21    58    13   143 0.68 contig_1_3141 # 3458745 # 3459437 # -1 # ID=1_3141;partial=00;start_type=ATG;rbs_motif=AGGA/GGAG/GAGG;rbs_spacer=11-12bp;gc_cont=0.416
contig_1:3458745-3459437|- -            231 1074831at2           -            386   1.5e-08   31.8   1.3   2   2   2.2e-08   5.1e-06   23.4   0.0   281   355   138   219   113   227 0.82 contig_1_3141 # 3458745 # 3459437 # -1 # ID=1_3141;partial=00;start_type=ATG;rbs_motif=AGGA/GGAG/GAGG;rbs_spacer=11-12bp;gc_cont=0.416
contig_1:720133-721215|+   -            361 1074831at2           -            386   2.1e-07   28.0   0.7   1   2   1.6e-09   3.8e-07   27.2   0.0     3   104     4   107     2   131 0.83 contig_1_648 # 720133 # 721215 # 1 # ID=1_648;partial=00;start_type=ATG;rbs_motif=None;rbs_spacer=None;gc_cont=0.395
contig_1:720133-721215|+   -            361 1074831at2           -            386   2.1e-07   28.0   0.7   2   2       1.4   3.3e+02   -2.3   0.1   186   194   301   309   262   346 0.50 contig_1_648 # 720133 # 721215 # 1 # ID=1_648;partial=00;start_type=ATG;rbs_motif=None;rbs_spacer=None;gc_cont=0.395
contig_1:2576744-2579005|- -            754 1074831at2           -            386   9.9e-07   25.8   0.0   1   4      0.09        20    1.7   0.0    21    37    27    43    14    58 0.83 contig_1_2334 # 2576744 # 2579005 # -1 # ID=1_2334;partial=00;start_type=ATG;rbs_motif=None;rbs_spacer=None;gc_cont=0.337
contig_1:2576744-2579005|- -            754 1074831at2           -            386   9.9e-07   25.8   0.0   2   4     0.016       3.6    4.2   0.0   282   352   329   407   241   412 0.79 contig_1_2334 # 2576744 # 2579005 # -1 # ID=1_2334;partial=00;start_type=ATG;rbs_motif=None;rbs_spacer=None;gc_cont=0.337
contig_1:2576744-2579005|- -            754 1074831at2           -            386   9.9e-07   25.8   0.0   3   4   8.6e-05      0.02   11.6   0.0    20    66   478   522   456   527 0.73 contig_1_2334 # 2576744 # 2579005 # -1 # ID=1_2334;partial=00;start_type=ATG;rbs_motif=None;rbs_spacer=None;gc_cont=0.337
contig_1:2576744-2579005|- -            754 1074831at2           -            386   9.9e-07   25.8   0.0   4   4     0.061        14    2.2   0.0   289   333   643   687   636   718 0.74 contig_1_2334 # 2576744 # 2579005 # -1 # ID=1_2334;partial=00;start_type=ATG;rbs_motif=None;rbs_spacer=None;gc_cont=0.337
contig_1:1835639-1837249|+ -            537 1074831at2           -            386   1.1e-06   25.7   0.1   1   2   4.7e-05     0.011   12.5   0.0     5    43   336   377   334   400 0.86 contig_1_1654 # 1835639 # 1837249 # 1 # ID=1_1654;partial=00;start_type=ATG;rbs_motif=GGA/GAG/AGG;rbs_spacer=5-10bp;gc_cont=0.415
contig_1:1835639-1837249|+ -            537 1074831at2           -            386   1.1e-06   25.7   0.1   2   2   0.00013      0.03   11.0   0.0   277   355   441   526   430   534 0.77 contig_1_1654 # 1835639 # 1837249 # 1 # ID=1_1654;partial=00;start_type=ATG;rbs_motif=GGA/GAG/AGG;rbs_spacer=5-10bp;gc_cont=0.415
contig_1:725058-726989|-   -            644 1074831at2           -            386   5.6e-05   20.0  23.2   1   5     0.002      0.45    7.2   0.1    25    46    32    53    19    69 0.82 contig_1_652 # 725058 # 726989 # -1 # ID=1_652;partial=00;start_type=ATG;rbs_motif=None;rbs_spacer=None;gc_cont=0.422
contig_1:725058-726989|-   -            644 1074831at2           -            386   5.6e-05   20.0  23.2   2   5      0.36        83   -0.3   1.7   102   135   244   277   205   296 0.44 contig_1_652 # 725058 # 726989 # -1 # ID=1_652;partial=00;start_type=ATG;rbs_motif=None;rbs_spacer=None;gc_cont=0.422
contig_1:725058-726989|-   -            644 1074831at2           -            386   5.6e-05   20.0  23.2   3   5    0.0055       1.3    5.7   0.1    26    54   343   375   331   417 0.74 contig_1_652 # 725058 # 726989 # -1 # ID=1_652;partial=00;start_type=ATG;rbs_motif=None;rbs_spacer=None;gc_cont=0.422
contig_1:725058-726989|-   -            644 1074831at2           -            386   5.6e-05   20.0  23.2   4   5   2.6e-05     0.006   13.3   0.0   280   355   421   500   416   509 0.74 contig_1_652 # 725058 # 726989 # -1 # ID=1_652;partial=00;start_type=ATG;rbs_motif=None;rbs_spacer=None;gc_cont=0.422
contig_1:725058-726989|-   -            644 1074831at2           -            386   5.6e-05   20.0  23.2   5   5     0.024       5.6    3.6   4.5    68   148   559   638   515   641 0.73 contig_1_652 # 725058 # 726989 # -1 # ID=1_652;partial=00;start_type=ATG;rbs_motif=None;rbs_spacer=None;gc_cont=0.422
contig_1:929982-932816|-   -            945 1074831at2           -            386   0.00011   19.0   0.4   1   4     0.086        20    1.7   0.0    22    36    28    42    16    62 0.79 contig_1_834 # 929982 # 932816 # -1 # ID=1_834;partial=00;start_type=ATG;rbs_motif=GGA/GAG/AGG;rbs_spacer=5-10bp;gc_cont=0.441
contig_1:929982-932816|-   -            945 1074831at2           -            386   0.00011   19.0   0.4   2   4     0.015       3.5    4.2   0.0   282   315   480   515   448   557 0.75 contig_1_834 # 929982 # 932816 # -1 # ID=1_834;partial=00;start_type=ATG;rbs_motif=GGA/GAG/AGG;rbs_spacer=5-10bp;gc_cont=0.441
contig_1:929982-932816|-   -            945 1074831at2           -            386   0.00011   19.0   0.4   3   4     0.012       2.7    4.6   0.1    18    38   632   653   624   664 0.82 contig_1_834 # 929982 # 932816 # -1 # ID=1_834;partial=00;start_type=ATG;rbs_motif=GGA/GAG/AGG;rbs_spacer=5-10bp;gc_cont=0.441
contig_1:929982-932816|-   -            945 1074831at2           -            386   0.00011   19.0   0.4   4   4     0.051        12    2.5   0.0   284   319   826   864   821   873 0.75 contig_1_834 # 929982 # 932816 # -1 # ID=1_834;partial=00;start_type=ATG;rbs_motif=GGA/GAG/AGG;rbs_spacer=5-10bp;gc_cont=0.441
contig_1:1837246-1838841|+ -            532 1074831at2           -            386   0.00012   18.9   3.0   1   3      0.54   1.2e+02   -0.9   0.3    93   126   176   209   169   238 0.55 contig_1_1655 # 1837246 # 1838841 # 1 # ID=1_1655;partial=00;start_type=ATG;rbs_motif=GGA/GAG/AGG;rbs_spacer=5-10bp;gc_cont=0.431
contig_1:1837246-1838841|+ -            532 1074831at2           -            386   0.00012   18.9   3.0   2   3     0.078        18    1.9   0.0    25    40   352   367   330   370 0.81 contig_1_1655 # 1837246 # 1838841 # 1 # ID=1_1655;partial=00;start_type=ATG;rbs_motif=GGA/GAG/AGG;rbs_spacer=5-10bp;gc_cont=0.431
contig_1:1837246-1838841|+ -            532 1074831at2           -            386   0.00012   18.9   3.0   3   3   4.7e-06    0.0011   15.8   0.1   283   342   451   513   443   527 0.85 contig_1_1655 # 1837246 # 1838841 # 1 # ID=1_1655;partial=00;start_type=ATG;rbs_motif=GGA/GAG/AGG;rbs_spacer=5-10bp;gc_cont=0.431
contig_1:109032-110639|+   -            536 1074831at2           -            386   0.00015   18.6   1.9   1   3   9.6e-06    0.0022   14.8   0.0     2    42    65   107    64   114 0.88 contig_1_99 # 109032 # 110639 # 1 # ID=1_99;partial=00;start_type=ATG;rbs_motif=GGA/GAG/AGG;rbs_spacer=11-12bp;gc_cont=0.269
contig_1:109032-110639|+   -            536 1074831at2           -            386   0.00015   18.6   1.9   2   3      0.35        80   -0.3   0.3   134   173   254   293   238   326 0.62 contig_1_99 # 109032 # 110639 # 1 # ID=1_99;partial=00;start_type=ATG;rbs_motif=GGA/GAG/AGG;rbs_spacer=11-12bp;gc_cont=0.269
contig_1:109032-110639|+   -            536 1074831at2           -            386   0.00015   18.6   1.9   3   3      0.17        38    0.8   0.0   335   359   416   441   409   463 0.78 contig_1_99 # 109032 # 110639 # 1 # ID=1_99;partial=00;start_type=ATG;rbs_motif=GGA/GAG/AGG;rbs_spacer=11-12bp;gc_cont=0.269
contig_1:980859-982550|+   -            564 1074831at2           -            386   0.00047   17.0   0.0   1   2      0.18        41    0.7   0.0    24    65   382   423   368   433 0.82 contig_1_888 # 980859 # 982550 # 1 # ID=1_888;partial=00;start_type=ATG;rbs_motif=None;rbs_spacer=None;gc_cont=0.305
contig_1:980859-982550|+   -            564 1074831at2           -            386   0.00047   17.0   0.0   2   2     2e-05    0.0046   13.7   0.0   282   353   482   556   473   561 0.86 contig_1_888 # 980859 # 982550 # 1 # ID=1_888;partial=00;start_type=ATG;rbs_motif=None;rbs_spacer=None;gc_cont=0.305
contig_1:1618444-1619130|+ -            229 1074831at2           -            386   0.00066   16.5   0.7   1   2     0.031       7.1    3.2   0.2    21    41    36    56    20    63 0.75 contig_1_1458 # 1618444 # 1619130 # 1 # ID=1_1458;partial=00;start_type=ATG;rbs_motif=GGAG/GAGG;rbs_spacer=5-10bp;gc_cont=0.419
contig_1:1618444-1619130|+ -            229 1074831at2           -            386   0.00066   16.5   0.7   2   2   8.1e-05     0.019   11.7   0.0   290   355   147   219   137   222 0.80 contig_1_1458 # 1618444 # 1619130 # 1 # ID=1_1458;partial=00;start_type=ATG;rbs_motif=GGAG/GAGG;rbs_spacer=5-10bp;gc_cont=0.419
contig_1:539039-539818|+   -            260 1074831at2           -            386    0.0054   13.5   0.0   1   2     0.007       1.6    5.3   0.0    22    43    38    59    24    92 0.71 contig_1_486 # 539039 # 539818 # 1 # ID=1_486;partial=00;start_type=GTG;rbs_motif=GGA/GAG/AGG;rbs_spacer=5-10bp;gc_cont=0.415
contig_1:539039-539818|+   -            260 1074831at2           -            386    0.0054   13.5   0.0   2   2    0.0039       0.9    6.2   0.0   288   315   124   151   109   164 0.84 contig_1_486 # 539039 # 539818 # 1 # ID=1_486;partial=00;start_type=GTG;rbs_motif=GGA/GAG/AGG;rbs_spacer=5-10bp;gc_cont=0.415
contig_1:219760-220197|+   -            146 1074831at2           -            386     0.033   10.9   4.8   1   1   0.00018     0.041   10.6   4.8   180   236    48   104    36   110 0.86 contig_1_196 # 219760 # 220197 # 1 # ID=1_196;partial=00;start_type=ATG;rbs_motif=GGA/GAG/AGG;rbs_spacer=5-10bp;gc_cont=0.404
contig_1:2764434-2766164|- -            577 1074831at2           -            386     0.046   10.4   6.7   1   4      0.11        26    1.4   0.1    24    36    45    57    35    83 0.81 contig_1_2512 # 2764434 # 2766164 # -1 # ID=1_2512;partial=00;start_type=ATG;rbs_motif=GGAG/GAGG;rbs_spacer=5-10bp;gc_cont=0.394
contig_1:2764434-2766164|- -            577 1074831at2           -            386     0.046   10.4   6.7   2   4   0.00019     0.044   10.5   0.2   280   362   154   244   149   252 0.80 contig_1_2512 # 2764434 # 2766164 # -1 # ID=1_2512;partial=00;start_type=ATG;rbs_motif=GGAG/GAGG;rbs_spacer=5-10bp;gc_cont=0.394
contig_1:2764434-2766164|- -            577 1074831at2           -            386     0.046   10.4   6.7   3   4      0.66   1.5e+02   -1.1   0.1    25    36   355   366   352   410 0.68 contig_1_2512 # 2764434 # 2766164 # -1 # ID=1_2512;partial=00;start_type=ATG;rbs_motif=GGAG/GAGG;rbs_spacer=5-10bp;gc_cont=0.394
contig_1:2764434-2766164|- -            577 1074831at2           -            386     0.046   10.4   6.7   4   4      0.82   1.9e+02   -1.5   0.0   291   328   466   503   455   548 0.72 contig_1_2512 # 2764434 # 2766164 # -1 # ID=1_2512;partial=00;start_type=ATG;rbs_motif=GGAG/GAGG;rbs_spacer=5-10bp;gc_cont=0.394
contig_1:999924-1001585|+  -            554 1074831at2           -            386      0.26    8.0   6.5   1   4       1.7   3.8e+02   -2.5   0.1    27    38    39    50    37    53 0.83 contig_1_903 # 999924 # 1001585 # 1 # ID=1_903;partial=00;start_type=GTG;rbs_motif=AGGAG;rbs_spacer=5-10bp;gc_cont=0.426
contig_1:999924-1001585|+  -            554 1074831at2           -            386      0.26    8.0   6.5   2   4       1.4   3.2e+02   -2.2   0.0   290   315   163   188   159   191 0.79 contig_1_903 # 999924 # 1001585 # 1 # ID=1_903;partial=00;start_type=GTG;rbs_motif=AGGAG;rbs_spacer=5-10bp;gc_cont=0.426
contig_1:999924-1001585|+  -            554 1074831at2           -            386      0.26    8.0   6.5   3   4    0.0091       2.1    5.0   2.7   122   175   248   301   221   312 0.81 contig_1_903 # 999924 # 1001585 # 1 # ID=1_903;partial=00;start_type=GTG;rbs_motif=AGGAG;rbs_spacer=5-10bp;gc_cont=0.426
contig_1:999924-1001585|+  -            554 1074831at2           -            386      0.26    8.0   6.5   4   4     0.067        15    2.1   0.0   280   315   435   470   431   499 0.77 contig_1_903 # 999924 # 1001585 # 1 # ID=1_903;partial=00;start_type=GTG;rbs_motif=AGGAG;rbs_spacer=5-10bp;gc_cont=0.426
#
# Program:         hmmsearch
# Version:         3.4 (Aug 2023)
# Pipeline mode:   SEARCH
# Query file:      /home/abane_ashu/busco-5.8.0/busco_downloads/lineages/bacteria_odb10/hmms/1074831at2.hmm
# Target file:     /home/abane_ashu/busco-5.8.0/busco_flye/prodigal_output/predicted_genes/predicted.faa
# Option settings: hmmsearch --domtblout /home/abane_ashu/busco-5.8.0/busco_flye/run_bacteria_odb10/hmmer_output/1074831at2.out --cpu 1 /home/abane_ashu/busco-5.8.0/busco_downloads/lineages/bacteria_odb10/hmms/1074831at2.hmm /home/abane_ashu/busco-5.8.0/busco_flye/prodigal_output/predicted_genes/predicted.faa 
# Current dir:     /home/abane_ashu/busco-5.8.0
# Date:            Thu Aug 14 00:53:25 2025
# [ok]
