#                                                                                  --- full sequence --- -------------- this domain -------------   hmm coord   ali coord   env coord
# target name              accession   tlen query name           accession   qlen   E-value  score  bias   #  of  c-Evalue  i-Evalue  score  bias  from    to  from    to  from    to  acc description of target
#      ------------------- ---------- ----- -------------------- ---------- ----- --------- ------ ----- --- --- --------- --------- ------ ----- ----- ----- ----- ----- ----- ----- ---- ---------------------
contig_1:449615-450961|-   -            449 1093223at2           -            361     8e-92  306.0   0.0   1   1   3.5e-94     2e-91  304.7   0.0    22   358    34   447     7   448 0.80 contig_1_404 # 449615 # 450961 # -1 # ID=1_404;partial=00;start_type=ATG;rbs_motif=None;rbs_spacer=None;gc_cont=0.425
contig_1:878671-880119|+   -            483 1093223at2           -            361   3.4e-21   73.6   0.0   1   1     2e-23   1.1e-20   71.9   0.0    33   246    76   335    28   350 0.74 contig_1_792 # 878671 # 880119 # 1 # ID=1_792;partial=00;start_type=ATG;rbs_motif=GGA/GAG/AGG;rbs_spacer=5-10bp;gc_cont=0.421
contig_1:1021940-1023439|+ -            500 1093223at2           -            361   1.3e-20   71.7   0.4   1   2   3.8e-09   2.2e-06   24.9   0.1    72   101   102   131    54   147 0.86 contig_1_921 # 1021940 # 1023439 # 1 # ID=1_921;partial=00;start_type=ATG;rbs_motif=GGA/GAG/AGG;rbs_spacer=5-10bp;gc_cont=0.411
contig_1:1021940-1023439|+ -            500 1093223at2           -            361   1.3e-20   71.7   0.4   2   2   3.8e-15   2.1e-12   44.7   0.0   117   259   171   354   160   411 0.74 contig_1_921 # 1021940 # 1023439 # 1 # ID=1_921;partial=00;start_type=ATG;rbs_motif=GGA/GAG/AGG;rbs_spacer=5-10bp;gc_cont=0.411
contig_1:1023448-1024848|+ -            467 1093223at2           -            361   3.5e-19   67.0   0.0   1   1     1e-21     6e-19   66.3   0.0    72   268   113   354    78   369 0.80 contig_1_922 # 1023448 # 1024848 # 1 # ID=1_922;partial=00;start_type=ATG;rbs_motif=AGGA;rbs_spacer=5-10bp;gc_cont=0.436
contig_1:700180-701553|+   -            458 1093223at2           -            361   9.3e-15   52.5   0.8   1   1   2.4e-15   1.4e-12   45.3   0.8    56   255    82   333    51   344 0.73 contig_1_627 # 700180 # 701553 # 1 # ID=1_627;partial=00;start_type=ATG;rbs_motif=GGAG/GAGG;rbs_spacer=5-10bp;gc_cont=0.439
contig_1:1312734-1314020|+ -            429 1093223at2           -            361   2.5e-08   31.3   1.0   1   3   8.4e-07   0.00048   17.2   0.6    58   100    33    75    23    79 0.85 contig_1_1196 # 1312734 # 1314020 # 1 # ID=1_1196;partial=00;start_type=TTG;rbs_motif=None;rbs_spacer=None;gc_cont=0.411
contig_1:1312734-1314020|+ -            429 1093223at2           -            361   2.5e-08   31.3   1.0   2   3     4e-05     0.023   11.7   0.0   129   226   160   273   133   306 0.70 contig_1_1196 # 1312734 # 1314020 # 1 # ID=1_1196;partial=00;start_type=TTG;rbs_motif=None;rbs_spacer=None;gc_cont=0.411
contig_1:1312734-1314020|+ -            429 1093223at2           -            361   2.5e-08   31.3   1.0   3   3       0.9   5.2e+02   -2.6   0.0    95   128   380   415   375   420 0.72 contig_1_1196 # 1312734 # 1314020 # 1 # ID=1_1196;partial=00;start_type=TTG;rbs_motif=None;rbs_spacer=None;gc_cont=0.411
#
# Program:         hmmsearch
# Version:         3.4 (Aug 2023)
# Pipeline mode:   SEARCH
# Query file:      /home/abane_ashu/busco-5.8.0/busco_downloads/lineages/bacteria_odb10/hmms/1093223at2.hmm
# Target file:     /home/abane_ashu/busco-5.8.0/busco_flye/prodigal_output/predicted_genes/predicted.faa
# Option settings: hmmsearch --domtblout /home/abane_ashu/busco-5.8.0/busco_flye/run_bacteria_odb10/hmmer_output/1093223at2.out --cpu 1 /home/abane_ashu/busco-5.8.0/busco_downloads/lineages/bacteria_odb10/hmms/1093223at2.hmm /home/abane_ashu/busco-5.8.0/busco_flye/prodigal_output/predicted_genes/predicted.faa 
# Current dir:     /home/abane_ashu/busco-5.8.0
# Date:            Thu Aug 14 00:53:25 2025
# [ok]
