#                                                                                  --- full sequence --- -------------- this domain -------------   hmm coord   ali coord   env coord
# target name              accession   tlen query name           accession   qlen   E-value  score  bias   #  of  c-Evalue  i-Evalue  score  bias  from    to  from    to  from    to  acc description of target
#      ------------------- ---------- ----- -------------------- ---------- ----- --------- ------ ----- --- --- --------- --------- ------ ----- ----- ----- ----- ----- ----- ----- ---- ---------------------
contig_1:1348660-1350495|+ -            612 143460at2            -            439  2.3e-164  544.9   1.9   1   2   2.2e-80   9.6e-78  259.4   0.1     1   204     7   264     7   274 0.85 contig_1_1227 # 1348660 # 1350495 # 1 # ID=1_1227;partial=00;start_type=ATG;rbs_motif=3Base/5BMM;rbs_spacer=13-15bp;gc_cont=0.420
contig_1:1348660-1350495|+ -            612 143460at2            -            439  2.3e-164  544.9   1.9   2   2     5e-86   2.2e-83  278.0   0.3   194   439   276   598   269   598 0.87 contig_1_1227 # 1348660 # 1350495 # 1 # ID=1_1227;partial=00;start_type=ATG;rbs_motif=3Base/5BMM;rbs_spacer=13-15bp;gc_cont=0.420
contig_1:1673452-1675269|+ -            606 143460at2            -            439   2.2e-35  119.9   0.2   1   2   1.5e-37   6.5e-35  118.3   0.0     1   205    13   248    13   260 0.82 contig_1_1513 # 1673452 # 1675269 # 1 # ID=1_1513;partial=00;start_type=ATG;rbs_motif=GGA/GAG/AGG;rbs_spacer=5-10bp;gc_cont=0.413
contig_1:1673452-1675269|+ -            606 143460at2            -            439   2.2e-35  119.9   0.2   2   2      0.56   2.4e+02   -2.2   0.0   268   295   353   381   347   393 0.72 contig_1_1513 # 1673452 # 1675269 # 1 # ID=1_1513;partial=00;start_type=ATG;rbs_motif=GGA/GAG/AGG;rbs_spacer=5-10bp;gc_cont=0.413
contig_1:3600080-3602218|- -            713 143460at2            -            439     2e-31  106.8   3.0   1   3   6.1e-25   2.6e-22   76.7   0.0     2   121    11   155    10   190 0.82 contig_1_3264 # 3600080 # 3602218 # -1 # ID=1_3264;partial=00;start_type=ATG;rbs_motif=AGGA/GGAG/GAGG;rbs_spacer=11-12bp;gc_cont=0.432
contig_1:3600080-3602218|- -            713 143460at2            -            439     2e-31  106.8   3.0   2   3   2.4e-08     1e-05   22.1   0.4   155   299   316   494   271   524 0.62 contig_1_3264 # 3600080 # 3602218 # -1 # ID=1_3264;partial=00;start_type=ATG;rbs_motif=AGGA/GGAG/GAGG;rbs_spacer=11-12bp;gc_cont=0.432
contig_1:3600080-3602218|- -            713 143460at2            -            439     2e-31  106.8   3.0   3   3     0.082        35    0.5   0.0   295   346   618   679   609   686 0.73 contig_1_3264 # 3600080 # 3602218 # -1 # ID=1_3264;partial=00;start_type=ATG;rbs_motif=AGGA/GGAG/GAGG;rbs_spacer=11-12bp;gc_cont=0.432
contig_1:360930-363629|-   -            900 143460at2            -            439   1.5e-18   64.3   0.8   1   1   6.3e-21   2.7e-18   63.5   0.8     4   203   404   610   402   670 0.74 contig_1_323 # 360930 # 363629 # -1 # ID=1_323;partial=00;start_type=ATG;rbs_motif=AGGAG;rbs_spacer=5-10bp;gc_cont=0.433
contig_1:3598795-3599985|- -            397 143460at2            -            439     2e-17   60.7   1.4   1   2   9.6e-19   4.1e-16   56.3   0.0     3   118    14   146    12   165 0.73 contig_1_3263 # 3598795 # 3599985 # -1 # ID=1_3263;partial=00;start_type=ATG;rbs_motif=AGGA;rbs_spacer=5-10bp;gc_cont=0.446
contig_1:3598795-3599985|- -            397 143460at2            -            439     2e-17   60.7   1.4   2   2     0.021       8.9    2.5   0.5   169   194   226   251   186   262 0.72 contig_1_3263 # 3598795 # 3599985 # -1 # ID=1_3263;partial=00;start_type=ATG;rbs_motif=AGGA;rbs_spacer=5-10bp;gc_cont=0.446
contig_1:420213-421403|-   -            397 143460at2            -            439     2e-17   60.7   1.4   1   2   9.6e-19   4.1e-16   56.3   0.0     3   118    14   146    12   165 0.73 contig_1_375 # 420213 # 421403 # -1 # ID=1_375;partial=00;start_type=ATG;rbs_motif=GGAG/GAGG;rbs_spacer=5-10bp;gc_cont=0.445
contig_1:420213-421403|-   -            397 143460at2            -            439     2e-17   60.7   1.4   2   2     0.021       8.9    2.5   0.5   169   194   226   251   186   262 0.72 contig_1_375 # 420213 # 421403 # -1 # ID=1_375;partial=00;start_type=ATG;rbs_motif=GGAG/GAGG;rbs_spacer=5-10bp;gc_cont=0.445
contig_1:146208-147800|-   -            531 143460at2            -            439   2.5e-17   60.4   0.1   1   1   1.2e-19     5e-17   59.4   0.1     2   116    15   151    14   171 0.72 contig_1_134 # 146208 # 147800 # -1 # ID=1_134;partial=00;start_type=ATG;rbs_motif=GGA/GAG/AGG;rbs_spacer=5-10bp;gc_cont=0.421
contig_1:3440517-3442130|- -            538 143460at2            -            439   2.2e-09   34.1   0.2   1   3     0.037        16    1.7   0.0     9    27    32    50    28    67 0.85 contig_1_3125 # 3440517 # 3442130 # -1 # ID=1_3125;partial=00;start_type=ATG;rbs_motif=GGAG/GAGG;rbs_spacer=5-10bp;gc_cont=0.406
contig_1:3440517-3442130|- -            538 143460at2            -            439   2.2e-09   34.1   0.2   2   3   2.3e-10   9.9e-08   28.7   0.0    30   113    77   170    70   193 0.75 contig_1_3125 # 3440517 # 3442130 # -1 # ID=1_3125;partial=00;start_type=ATG;rbs_motif=GGAG/GAGG;rbs_spacer=5-10bp;gc_cont=0.406
contig_1:3440517-3442130|- -            538 143460at2            -            439   2.2e-09   34.1   0.2   3   3      0.25   1.1e+02   -1.1   0.0   160   218   254   310   231   339 0.69 contig_1_3125 # 3440517 # 3442130 # -1 # ID=1_3125;partial=00;start_type=ATG;rbs_motif=GGAG/GAGG;rbs_spacer=5-10bp;gc_cont=0.406
#
# Program:         hmmsearch
# Version:         3.4 (Aug 2023)
# Pipeline mode:   SEARCH
# Query file:      /home/abane_ashu/busco-5.8.0/busco_downloads/lineages/bacteria_odb10/hmms/143460at2.hmm
# Target file:     /home/abane_ashu/busco-5.8.0/busco_flye/prodigal_output/predicted_genes/predicted.faa
# Option settings: hmmsearch --domtblout /home/abane_ashu/busco-5.8.0/busco_flye/run_bacteria_odb10/hmmer_output/143460at2.out --cpu 1 /home/abane_ashu/busco-5.8.0/busco_downloads/lineages/bacteria_odb10/hmms/143460at2.hmm /home/abane_ashu/busco-5.8.0/busco_flye/prodigal_output/predicted_genes/predicted.faa 
# Current dir:     /home/abane_ashu/busco-5.8.0
# Date:            Thu Aug 14 00:53:26 2025
# [ok]
