#                                                                                  --- full sequence --- -------------- this domain -------------   hmm coord   ali coord   env coord
# target name              accession   tlen query name           accession   qlen   E-value  score  bias   #  of  c-Evalue  i-Evalue  score  bias  from    to  from    to  from    to  acc description of target
#      ------------------- ---------- ----- -------------------- ---------- ----- --------- ------ ----- --- --- --------- --------- ------ ----- ----- ----- ----- ----- ----- ----- ---- ---------------------
contig_1:1055807-1056436|- -            210 1502854at2           -            192   3.1e-75  249.6   0.0   1   1   3.4e-77   3.7e-75  249.4   0.0     5   189     2   185     1   190 0.98 contig_1_949 # 1055807 # 1056436 # -1 # ID=1_949;partial=00;start_type=ATG;rbs_motif=AGGA;rbs_spacer=5-10bp;gc_cont=0.394
contig_1:172618-174027|-   -            470 1502854at2           -            192   2.4e-07   28.2   0.0   1   2     0.033       3.5    4.8   0.0     7    43     3    39     1    56 0.77 contig_1_157 # 172618 # 174027 # -1 # ID=1_157;partial=00;start_type=ATG;rbs_motif=GGA/GAG/AGG;rbs_spacer=5-10bp;gc_cont=0.426
contig_1:172618-174027|-   -            470 1502854at2           -            192   2.4e-07   28.2   0.0   2   2   4.3e-07   4.6e-05   20.7   0.0     8    90   178   262   171   296 0.83 contig_1_157 # 172618 # 174027 # -1 # ID=1_157;partial=00;start_type=ATG;rbs_motif=GGA/GAG/AGG;rbs_spacer=5-10bp;gc_cont=0.426
contig_1:2699318-2701075|- -            586 1502854at2           -            192   1.1e-06   26.0   0.2   1   2   0.00028      0.03   11.5   0.1     4    26    38    60    35    70 0.88 contig_1_2452 # 2699318 # 2701075 # -1 # ID=1_2452;partial=00;start_type=ATG;rbs_motif=GGA/GAG/AGG;rbs_spacer=5-10bp;gc_cont=0.389
contig_1:2699318-2701075|- -            586 1502854at2           -            192   1.1e-06   26.0   0.2   2   2   0.00033     0.035   11.3   0.0     4    95   363   453   361   461 0.69 contig_1_2452 # 2699318 # 2701075 # -1 # ID=1_2452;partial=00;start_type=ATG;rbs_motif=GGA/GAG/AGG;rbs_spacer=5-10bp;gc_cont=0.389
contig_1:2576744-2579005|- -            754 1502854at2           -            192   5.9e-05   20.4   0.4   1   2    0.0028       0.3    8.3   0.0     5    25    25    45    22    56 0.85 contig_1_2334 # 2576744 # 2579005 # -1 # ID=1_2334;partial=00;start_type=ATG;rbs_motif=None;rbs_spacer=None;gc_cont=0.337
contig_1:2576744-2579005|- -            754 1502854at2           -            192   5.9e-05   20.4   0.4   2   2   0.00083     0.089   10.0   0.1     5    34   477   507   475   520 0.79 contig_1_2334 # 2576744 # 2579005 # -1 # ID=1_2334;partial=00;start_type=ATG;rbs_motif=None;rbs_spacer=None;gc_cont=0.337
contig_1:3420110-3420763|- -            218 1502854at2           -            192   0.00022   18.5   1.0   1   3    0.0037      0.39    7.9   0.0     9    31     3    25     1    32 0.84 contig_1_3104 # 3420110 # 3420763 # -1 # ID=1_3104;partial=00;start_type=ATG;rbs_motif=GGAG/GAGG;rbs_spacer=5-10bp;gc_cont=0.417
contig_1:3420110-3420763|- -            218 1502854at2           -            192   0.00022   18.5   1.0   2   3      0.74        79    0.4   0.0   124   142   109   126    93   132 0.79 contig_1_3104 # 3420110 # 3420763 # -1 # ID=1_3104;partial=00;start_type=ATG;rbs_motif=GGAG/GAGG;rbs_spacer=5-10bp;gc_cont=0.417
contig_1:3420110-3420763|- -            218 1502854at2           -            192   0.00022   18.5   1.0   3   3    0.0054      0.58    7.3   0.3   129   160   146   177   120   185 0.78 contig_1_3104 # 3420110 # 3420763 # -1 # ID=1_3104;partial=00;start_type=ATG;rbs_motif=GGAG/GAGG;rbs_spacer=5-10bp;gc_cont=0.417
contig_1:2872000-2872743|- -            248 1502854at2           -            192   0.00023   18.4   0.0   1   1   3.9e-06   0.00042   17.6   0.0     4    28    27    51    25    61 0.87 contig_1_2619 # 2872000 # 2872743 # -1 # ID=1_2619;partial=00;start_type=ATG;rbs_motif=GGAG/GAGG;rbs_spacer=5-10bp;gc_cont=0.401
contig_1:2969008-2969739|- -            244 1502854at2           -            192    0.0006   17.1   0.0   1   1   1.2e-05    0.0013   16.0   0.0     4    26    27    49    25    56 0.88 contig_1_2712 # 2969008 # 2969739 # -1 # ID=1_2712;partial=00;start_type=ATG;rbs_motif=GGAG/GAGG;rbs_spacer=5-10bp;gc_cont=0.414
contig_1:929982-932816|-   -            945 1502854at2           -            192   0.00091   16.5   0.2   1   2     0.013       1.4    6.1   0.0     5    26    25    46    23    65 0.79 contig_1_834 # 929982 # 932816 # -1 # ID=1_834;partial=00;start_type=ATG;rbs_motif=GGA/GAG/AGG;rbs_spacer=5-10bp;gc_cont=0.441
contig_1:929982-932816|-   -            945 1502854at2           -            192   0.00091   16.5   0.2   2   2    0.0035      0.38    7.9   0.1     6    27   635   656   633   670 0.87 contig_1_834 # 929982 # 932816 # -1 # ID=1_834;partial=00;start_type=ATG;rbs_motif=GGA/GAG/AGG;rbs_spacer=5-10bp;gc_cont=0.441
contig_1:2791205-2791891|- -            229 1502854at2           -            192     0.001   16.3   0.6   1   2   5.9e-05    0.0063   13.7   0.0     7    29     4    26     1    34 0.83 contig_1_2533 # 2791205 # 2791891 # -1 # ID=1_2533;partial=00;start_type=ATG;rbs_motif=GGA/GAG/AGG;rbs_spacer=5-10bp;gc_cont=0.406
contig_1:2791205-2791891|- -            229 1502854at2           -            192     0.001   16.3   0.6   2   2      0.57        61    0.7   0.2   113   141   137   173    76   223 0.53 contig_1_2533 # 2791205 # 2791891 # -1 # ID=1_2533;partial=00;start_type=ATG;rbs_motif=GGA/GAG/AGG;rbs_spacer=5-10bp;gc_cont=0.406
contig_1:1129836-1130654|+ -            273 1502854at2           -            192    0.0022   15.2   0.1   1   1   3.9e-05    0.0042   14.3   0.1     4    26    36    58    34    64 0.90 contig_1_1017 # 1129836 # 1130654 # 1 # ID=1_1017;partial=00;start_type=ATG;rbs_motif=AGGA/GGAG/GAGG;rbs_spacer=11-12bp;gc_cont=0.436
contig_1:2646233-2647072|- -            280 1502854at2           -            192    0.0031   14.7   0.0   1   2     7e-05    0.0075   13.5   0.0     5    29    36    60    33    69 0.86 contig_1_2396 # 2646233 # 2647072 # -1 # ID=1_2396;partial=00;start_type=ATG;rbs_motif=AGGA;rbs_spacer=5-10bp;gc_cont=0.386
contig_1:2646233-2647072|- -            280 1502854at2           -            192    0.0031   14.7   0.0   2   2       9.4     1e+03   -3.2   0.0    94   116   114   136    87   139 0.54 contig_1_2396 # 2646233 # 2647072 # -1 # ID=1_2396;partial=00;start_type=ATG;rbs_motif=AGGA;rbs_spacer=5-10bp;gc_cont=0.386
contig_1:1835639-1837249|+ -            537 1502854at2           -            192    0.0035   14.5   0.1   1   1   7.1e-05    0.0076   13.5   0.1     5    27   353   375   351   381 0.90 contig_1_1654 # 1835639 # 1837249 # 1 # ID=1_1654;partial=00;start_type=ATG;rbs_motif=GGA/GAG/AGG;rbs_spacer=5-10bp;gc_cont=0.415
contig_1:3121096-3121977|+ -            294 1502854at2           -            192    0.0043   14.3   0.1   1   2   0.00016     0.017   12.4   0.0     6    27    51    72    47    80 0.85 contig_1_2853 # 3121096 # 3121977 # 1 # ID=1_2853;partial=00;start_type=ATG;rbs_motif=AGGAG;rbs_spacer=5-10bp;gc_cont=0.412
contig_1:3121096-3121977|+ -            294 1502854at2           -            192    0.0043   14.3   0.1   2   2         7   7.5e+02   -2.8   0.0   153   178   191   218   186   228 0.60 contig_1_2853 # 3121096 # 3121977 # 1 # ID=1_2853;partial=00;start_type=ATG;rbs_motif=AGGAG;rbs_spacer=5-10bp;gc_cont=0.412
contig_1:2926236-2927030|- -            265 1502854at2           -            192     0.005   14.1   0.0   1   1   8.7e-05    0.0094   13.2   0.0     5    27    30    52    27    65 0.89 contig_1_2670 # 2926236 # 2927030 # -1 # ID=1_2670;partial=00;start_type=ATG;rbs_motif=AGGAG;rbs_spacer=5-10bp;gc_cont=0.403
contig_1:1661001-1662062|- -            354 1502854at2           -            192     0.006   13.8   0.1   1   2   0.00016     0.017   12.3   0.0     5    26    27    48    25    56 0.89 contig_1_1500 # 1661001 # 1662062 # -1 # ID=1_1500;partial=00;start_type=ATG;rbs_motif=AGGA;rbs_spacer=5-10bp;gc_cont=0.429
contig_1:1661001-1662062|- -            354 1502854at2           -            192     0.006   13.8   0.1   2   2       8.9   9.5e+02   -3.2   0.0   120   180   189   204   172   214 0.52 contig_1_1500 # 1661001 # 1662062 # -1 # ID=1_1500;partial=00;start_type=ATG;rbs_motif=AGGA;rbs_spacer=5-10bp;gc_cont=0.429
contig_1:2399780-2402056|+ -            759 1502854at2           -            192    0.0063   13.7   0.1   1   2      0.66        71    0.5   0.0    10    26   210   226   203   228 0.82 contig_1_2180 # 2399780 # 2402056 # 1 # ID=1_2180;partial=00;start_type=ATG;rbs_motif=GGA/GAG/AGG;rbs_spacer=5-10bp;gc_cont=0.401
contig_1:2399780-2402056|+ -            759 1502854at2           -            192    0.0063   13.7   0.1   2   2   0.00086     0.092    9.9   0.1     9    28   489   508   485   516 0.88 contig_1_2180 # 2399780 # 2402056 # 1 # ID=1_2180;partial=00;start_type=ATG;rbs_motif=GGA/GAG/AGG;rbs_spacer=5-10bp;gc_cont=0.401
contig_1:539039-539818|+   -            260 1502854at2           -            192    0.0069   13.6   0.1   1   1   0.00011     0.012   12.8   0.1     5    27    35    57    33    69 0.88 contig_1_486 # 539039 # 539818 # 1 # ID=1_486;partial=00;start_type=GTG;rbs_motif=GGA/GAG/AGG;rbs_spacer=5-10bp;gc_cont=0.415
contig_1:1760882-1761784|+ -            301 1502854at2           -            192    0.0073   13.5   0.0   1   2   0.00025     0.027   11.7   0.0     5    30    77   102    75   109 0.85 contig_1_1592 # 1760882 # 1761784 # 1 # ID=1_1592;partial=00;start_type=ATG;rbs_motif=GGAG/GAGG;rbs_spacer=5-10bp;gc_cont=0.402
contig_1:1760882-1761784|+ -            301 1502854at2           -            192    0.0073   13.5   0.0   2   2       5.9   6.3e+02   -2.6   0.0   155   177   234   259   228   264 0.63 contig_1_1592 # 1760882 # 1761784 # 1 # ID=1_1592;partial=00;start_type=ATG;rbs_motif=GGAG/GAGG;rbs_spacer=5-10bp;gc_cont=0.402
contig_1:82401-83252|-     -            284 1502854at2           -            192     0.008   13.4   0.3   1   2    0.0015      0.16    9.2   0.0     5    26     1    22     1    28 0.87 contig_1_74 # 82401 # 83252 # -1 # ID=1_74;partial=00;start_type=ATG;rbs_motif=AGGA;rbs_spacer=5-10bp;gc_cont=0.397
contig_1:82401-83252|-     -            284 1502854at2           -            192     0.008   13.4   0.3   2   2       0.2        22    2.2   0.0   102   186    64   153    47   158 0.69 contig_1_74 # 82401 # 83252 # -1 # ID=1_74;partial=00;start_type=ATG;rbs_motif=AGGA;rbs_spacer=5-10bp;gc_cont=0.397
contig_1:795391-796656|+   -            422 1502854at2           -            192    0.0097   13.1   0.0   1   1    0.0002     0.021   12.0   0.0     8    35    26    55    22    58 0.80 contig_1_712 # 795391 # 796656 # 1 # ID=1_712;partial=00;start_type=ATG;rbs_motif=None;rbs_spacer=None;gc_cont=0.435
contig_1:109032-110639|+   -            536 1502854at2           -            192     0.013   12.7   0.0   1   1   0.00028      0.03   11.5   0.0     6    29    85   108    81   113 0.88 contig_1_99 # 109032 # 110639 # 1 # ID=1_99;partial=00;start_type=ATG;rbs_motif=GGA/GAG/AGG;rbs_spacer=11-12bp;gc_cont=0.269
contig_1:3571335-3572402|+ -            356 1502854at2           -            192     0.014   12.6   0.0   1   2    0.0006     0.064   10.4   0.0     8    29   135   156   130   168 0.84 contig_1_3235 # 3571335 # 3572402 # 1 # ID=1_3235;partial=00;start_type=ATG;rbs_motif=None;rbs_spacer=None;gc_cont=0.441
contig_1:3571335-3572402|+ -            356 1502854at2           -            192     0.014   12.6   0.0   2   2       1.6   1.7e+02   -0.7   0.0    69   117   180   227   170   268 0.77 contig_1_3235 # 3571335 # 3572402 # 1 # ID=1_3235;partial=00;start_type=ATG;rbs_motif=None;rbs_spacer=None;gc_cont=0.441
contig_1:3516630-3517628|- -            333 1502854at2           -            192     0.016   12.5   0.1   1   2   0.00039     0.041   11.1   0.0    10    33    13    38     6    43 0.83 contig_1_3193 # 3516630 # 3517628 # -1 # ID=1_3193;partial=00;start_type=GTG;rbs_motif=GGA/GAG/AGG;rbs_spacer=5-10bp;gc_cont=0.418
contig_1:3516630-3517628|- -            333 1502854at2           -            192     0.016   12.5   0.1   2   2       3.9   4.2e+02   -2.0   0.0   135   140   205   210   159   241 0.55 contig_1_3193 # 3516630 # 3517628 # -1 # ID=1_3193;partial=00;start_type=GTG;rbs_motif=GGA/GAG/AGG;rbs_spacer=5-10bp;gc_cont=0.418
contig_1:1837246-1838841|+ -            532 1502854at2           -            192     0.018   12.2   0.3   1   2       1.4   1.5e+02   -0.6   0.1   130   154   212   235   192   248 0.76 contig_1_1655 # 1837246 # 1838841 # 1 # ID=1_1655;partial=00;start_type=ATG;rbs_motif=GGA/GAG/AGG;rbs_spacer=5-10bp;gc_cont=0.431
contig_1:1837246-1838841|+ -            532 1502854at2           -            192     0.018   12.2   0.3   2   2   0.00084     0.091   10.0   0.0     9    28   350   369   345   378 0.83 contig_1_1655 # 1837246 # 1838841 # 1 # ID=1_1655;partial=00;start_type=ATG;rbs_motif=GGA/GAG/AGG;rbs_spacer=5-10bp;gc_cont=0.431
contig_1:3256013-3258592|- -            860 1502854at2           -            192      0.02   12.1   2.2   1   3      0.17        18    2.5   0.0    10    29   200   219   192   225 0.84 contig_1_2975 # 3256013 # 3258592 # -1 # ID=1_2975;partial=00;start_type=ATG;rbs_motif=GGAG/GAGG;rbs_spacer=5-10bp;gc_cont=0.426
contig_1:3256013-3258592|- -            860 1502854at2           -            192      0.02   12.1   2.2   2   3       2.1   2.2e+02   -1.1   1.1   125   187   405   462   391   473 0.72 contig_1_2975 # 3256013 # 3258592 # -1 # ID=1_2975;partial=00;start_type=ATG;rbs_motif=GGAG/GAGG;rbs_spacer=5-10bp;gc_cont=0.426
contig_1:3256013-3258592|- -            860 1502854at2           -            192      0.02   12.1   2.2   3   3     0.011       1.2    6.3   0.0     9    27   599   617   593   625 0.88 contig_1_2975 # 3256013 # 3258592 # -1 # ID=1_2975;partial=00;start_type=ATG;rbs_motif=GGAG/GAGG;rbs_spacer=5-10bp;gc_cont=0.426
contig_1:669576-670376|+   -            267 1502854at2           -            192     0.025   11.8   0.1   1   2    0.0008     0.085   10.0   0.0     6    30    57    81    54   103 0.81 contig_1_602 # 669576 # 670376 # 1 # ID=1_602;partial=00;start_type=ATG;rbs_motif=AGGAG;rbs_spacer=5-10bp;gc_cont=0.402
contig_1:669576-670376|+   -            267 1502854at2           -            192     0.025   11.8   0.1   2   2       5.1   5.5e+02   -2.4   0.0   161   184   204   227   190   231 0.70 contig_1_602 # 669576 # 670376 # 1 # ID=1_602;partial=00;start_type=ATG;rbs_motif=AGGAG;rbs_spacer=5-10bp;gc_cont=0.402
contig_1:163451-165445|+   -            665 1502854at2           -            192      0.03   11.5   0.0   1   1   0.00072     0.077   10.2   0.0     5    26    35    56    33    64 0.90 contig_1_147 # 163451 # 165445 # 1 # ID=1_147;partial=00;start_type=ATG;rbs_motif=GGA/GAG/AGG;rbs_spacer=5-10bp;gc_cont=0.446
contig_1:2802793-2804520|- -            576 1502854at2           -            192     0.031   11.5   0.6   1   1   0.00077     0.082   10.1   0.1     6    28   361   383   358   390 0.84 contig_1_2549 # 2802793 # 2804520 # -1 # ID=1_2549;partial=00;start_type=GTG;rbs_motif=GGAG/GAGG;rbs_spacer=5-10bp;gc_cont=0.387
contig_1:3101772-3104450|- -            893 1502854at2           -            192     0.033   11.4   1.6   1   2      0.26        28    1.8   0.0     5    26   224   245   221   252 0.82 contig_1_2837 # 3101772 # 3104450 # -1 # ID=1_2837;partial=00;start_type=ATG;rbs_motif=GGA/GAG/AGG;rbs_spacer=5-10bp;gc_cont=0.374
contig_1:3101772-3104450|- -            893 1502854at2           -            192     0.033   11.4   1.6   2   2    0.0041      0.43    7.7   0.0     5    27   605   627   601   639 0.82 contig_1_2837 # 3101772 # 3104450 # -1 # ID=1_2837;partial=00;start_type=ATG;rbs_motif=GGA/GAG/AGG;rbs_spacer=5-10bp;gc_cont=0.374
contig_1:169449-170507|+   -            353 1502854at2           -            192      0.04   11.1   1.8   1   2      0.73        79    0.4   0.6   133   170     6    40     3    53 0.70 contig_1_152 # 169449 # 170507 # 1 # ID=1_152;partial=00;start_type=ATG;rbs_motif=GGA/GAG/AGG;rbs_spacer=5-10bp;gc_cont=0.432
contig_1:169449-170507|+   -            353 1502854at2           -            192      0.04   11.1   1.8   2   2    0.0011      0.12    9.5   0.0     6    31   217   242   213   263 0.81 contig_1_152 # 169449 # 170507 # 1 # ID=1_152;partial=00;start_type=ATG;rbs_motif=GGA/GAG/AGG;rbs_spacer=5-10bp;gc_cont=0.432
contig_1:3684432-3685661|- -            410 1502854at2           -            192     0.078   10.2   0.9   1   2     0.056         6    4.0   0.0   108   139    14    45    11    80 0.79 contig_1_3342 # 3684432 # 3685661 # -1 # ID=1_3342;partial=00;start_type=ATG;rbs_motif=GGAG/GAGG;rbs_spacer=5-10bp;gc_cont=0.411
contig_1:3684432-3685661|- -            410 1502854at2           -            192     0.078   10.2   0.9   2   2     0.041       4.4    4.4   0.3     5    26   151   172   148   185 0.78 contig_1_3342 # 3684432 # 3685661 # -1 # ID=1_3342;partial=00;start_type=ATG;rbs_motif=GGAG/GAGG;rbs_spacer=5-10bp;gc_cont=0.411
contig_1:999924-1001585|+  -            554 1502854at2           -            192       0.2    8.9   0.0   1   2      0.62        66    0.6   0.1    11    27    37    53    32    60 0.81 contig_1_903 # 999924 # 1001585 # 1 # ID=1_903;partial=00;start_type=GTG;rbs_motif=AGGAG;rbs_spacer=5-10bp;gc_cont=0.426
contig_1:999924-1001585|+  -            554 1502854at2           -            192       0.2    8.9   0.0   2   2    0.0018       0.2    8.9   0.0     8    29   351   372   347   381 0.81 contig_1_903 # 999924 # 1001585 # 1 # ID=1_903;partial=00;start_type=GTG;rbs_motif=AGGAG;rbs_spacer=5-10bp;gc_cont=0.426
#
# Program:         hmmsearch
# Version:         3.4 (Aug 2023)
# Pipeline mode:   SEARCH
# Query file:      /home/abane_ashu/busco-5.8.0/busco_downloads/lineages/bacteria_odb10/hmms/1502854at2.hmm
# Target file:     /home/abane_ashu/busco-5.8.0/busco_flye/prodigal_output/predicted_genes/predicted.faa
# Option settings: hmmsearch --domtblout /home/abane_ashu/busco-5.8.0/busco_flye/run_bacteria_odb10/hmmer_output/1502854at2.out --cpu 1 /home/abane_ashu/busco-5.8.0/busco_downloads/lineages/bacteria_odb10/hmms/1502854at2.hmm /home/abane_ashu/busco-5.8.0/busco_flye/prodigal_output/predicted_genes/predicted.faa 
# Current dir:     /home/abane_ashu/busco-5.8.0
# Date:            Thu Aug 14 00:53:26 2025
# [ok]
