#                                                                                  --- full sequence --- -------------- this domain -------------   hmm coord   ali coord   env coord
# target name              accession   tlen query name           accession   qlen   E-value  score  bias   #  of  c-Evalue  i-Evalue  score  bias  from    to  from    to  from    to  acc description of target
#      ------------------- ---------- ----- -------------------- ---------- ----- --------- ------ ----- --- --- --------- --------- ------ ----- ----- ----- ----- ----- ----- ----- ---- ---------------------
contig_1:1230646-1231980|- -            445 1592033at2           -            393  1.1e-145  483.2   0.7   1   1  3.9e-148  1.5e-145  482.8   0.7     5   379     7   393     3   401 0.93 contig_1_1125 # 1230646 # 1231980 # -1 # ID=1_1125;partial=00;start_type=GTG;rbs_motif=AGGA/GGAG/GAGG;rbs_spacer=11-12bp;gc_cont=0.409
contig_1:172618-174027|-   -            470 1592033at2           -            393   1.4e-26   91.1   0.0   1   2     1e-13   3.9e-11   40.2   0.1   195   352     3   164     1   174 0.81 contig_1_157 # 172618 # 174027 # -1 # ID=1_157;partial=00;start_type=ATG;rbs_motif=GGA/GAG/AGG;rbs_spacer=5-10bp;gc_cont=0.426
contig_1:172618-174027|-   -            470 1592033at2           -            393   1.4e-26   91.1   0.0   2   2   5.8e-16   2.2e-13   47.6   0.0   195   367   177   363   166   384 0.82 contig_1_157 # 172618 # 174027 # -1 # ID=1_157;partial=00;start_type=ATG;rbs_motif=GGA/GAG/AGG;rbs_spacer=5-10bp;gc_cont=0.426
contig_1:712705-714060|-   -            452 1592033at2           -            393   1.8e-17   61.1   0.1   1   1   7.4e-20   2.8e-17   60.5   0.1   170   373   194   397   186   410 0.80 contig_1_641 # 712705 # 714060 # -1 # ID=1_641;partial=00;start_type=ATG;rbs_motif=GGA/GAG/AGG;rbs_spacer=5-10bp;gc_cont=0.430
contig_1:1695069-1696289|+ -            407 1592033at2           -            393   8.4e-13   45.7   0.0   1   1   3.6e-15   1.4e-12   45.0   0.0   192   387   157   371   143   377 0.84 contig_1_1536 # 1695069 # 1696289 # 1 # ID=1_1536;partial=00;start_type=ATG;rbs_motif=GGAG/GAGG;rbs_spacer=5-10bp;gc_cont=0.441
contig_1:1677235-1678263|+ -            343 1592033at2           -            393   4.4e-12   43.3   0.0   1   1   1.7e-14   6.4e-12   42.8   0.0   197   354    42   208    38   239 0.80 contig_1_1517 # 1677235 # 1678263 # 1 # ID=1_1517;partial=00;start_type=ATG;rbs_motif=AGGA/GGAG/GAGG;rbs_spacer=11-12bp;gc_cont=0.375
contig_1:2884306-2885397|+ -            364 1592033at2           -            393   1.7e-07   28.3   0.0   1   2   9.7e-10   3.7e-07   27.1   0.0   198   240     6    48     2    67 0.89 contig_1_2631 # 2884306 # 2885397 # 1 # ID=1_2631;partial=00;start_type=ATG;rbs_motif=GGA/GAG/AGG;rbs_spacer=5-10bp;gc_cont=0.407
contig_1:2884306-2885397|+ -            364 1592033at2           -            393   1.7e-07   28.3   0.0   2   2       1.8   6.7e+02   -3.3   0.1   303   320   108   125    91   147 0.60 contig_1_2631 # 2884306 # 2885397 # 1 # ID=1_2631;partial=00;start_type=ATG;rbs_motif=GGA/GAG/AGG;rbs_spacer=5-10bp;gc_cont=0.407
contig_1:451394-453247|-   -            618 1592033at2           -            393   6.3e-07   26.4   0.0   1   1   8.2e-09   3.1e-06   24.1   0.0   194   352     4   172     1   207 0.79 contig_1_406 # 451394 # 453247 # -1 # ID=1_406;partial=00;start_type=ATG;rbs_motif=AGGAG;rbs_spacer=5-10bp;gc_cont=0.431
contig_1:1146144-1146920|- -            259 1592033at2           -            393    0.0038   13.9   0.0   1   1   1.8e-05     0.007   13.1   0.0   195   221    62    88    58    91 0.88 contig_1_1033 # 1146144 # 1146920 # -1 # ID=1_1033;partial=00;start_type=ATG;rbs_motif=None;rbs_spacer=None;gc_cont=0.413
contig_1:169449-170507|+   -            353 1592033at2           -            393      0.02   11.6   1.7   1   3      0.65   2.5e+02   -1.9   0.3    82   101     4    23     2    28 0.74 contig_1_152 # 169449 # 170507 # 1 # ID=1_152;partial=00;start_type=ATG;rbs_motif=GGA/GAG/AGG;rbs_spacer=5-10bp;gc_cont=0.432
contig_1:169449-170507|+   -            353 1592033at2           -            393      0.02   11.6   1.7   2   3     0.013       4.9    3.7   0.0   303   322   165   187   146   218 0.73 contig_1_152 # 169449 # 170507 # 1 # ID=1_152;partial=00;start_type=ATG;rbs_motif=GGA/GAG/AGG;rbs_spacer=5-10bp;gc_cont=0.432
contig_1:169449-170507|+   -            353 1592033at2           -            393      0.02   11.6   1.7   3   3    0.0018       0.7    6.5   0.0   195   216   218   239   212   252 0.84 contig_1_152 # 169449 # 170507 # 1 # ID=1_152;partial=00;start_type=ATG;rbs_motif=GGA/GAG/AGG;rbs_spacer=5-10bp;gc_cont=0.432
#
# Program:         hmmsearch
# Version:         3.4 (Aug 2023)
# Pipeline mode:   SEARCH
# Query file:      /home/abane_ashu/busco-5.8.0/busco_downloads/lineages/bacteria_odb10/hmms/1592033at2.hmm
# Target file:     /home/abane_ashu/busco-5.8.0/busco_flye/prodigal_output/predicted_genes/predicted.faa
# Option settings: hmmsearch --domtblout /home/abane_ashu/busco-5.8.0/busco_flye/run_bacteria_odb10/hmmer_output/1592033at2.out --cpu 1 /home/abane_ashu/busco-5.8.0/busco_downloads/lineages/bacteria_odb10/hmms/1592033at2.hmm /home/abane_ashu/busco-5.8.0/busco_flye/prodigal_output/predicted_genes/predicted.faa 
# Current dir:     /home/abane_ashu/busco-5.8.0
# Date:            Thu Aug 14 00:53:27 2025
# [ok]
