#                                                                                  --- full sequence --- -------------- this domain -------------   hmm coord   ali coord   env coord
# target name              accession   tlen query name           accession   qlen   E-value  score  bias   #  of  c-Evalue  i-Evalue  score  bias  from    to  from    to  from    to  acc description of target
#      ------------------- ---------- ----- -------------------- ---------- ----- --------- ------ ----- --- --- --------- --------- ------ ----- ----- ----- ----- ----- ----- ----- ---- ---------------------
contig_1:1673452-1675269|+ -            606 182107at2            -            492  1.5e-217  720.5   9.0   1   1  3.5e-218  1.1e-215  714.3   9.0     1   492    13   604    13   604 0.86 contig_1_1513 # 1673452 # 1675269 # 1 # ID=1_1513;partial=00;start_type=ATG;rbs_motif=GGA/GAG/AGG;rbs_spacer=5-10bp;gc_cont=0.413
contig_1:3600080-3602218|- -            713 182107at2            -            492   6.4e-35  118.1   0.1   1   4     4e-23   1.3e-20   70.9   0.0     2   134    11   168    10   196 0.80 contig_1_3264 # 3600080 # 3602218 # -1 # ID=1_3264;partial=00;start_type=ATG;rbs_motif=AGGA/GGAG/GAGG;rbs_spacer=11-12bp;gc_cont=0.432
contig_1:3600080-3602218|- -            713 182107at2            -            492   6.4e-35  118.1   0.1   2   4     0.078        24    0.7   0.0   133   160   264   291   253   302 0.81 contig_1_3264 # 3600080 # 3602218 # -1 # ID=1_3264;partial=00;start_type=ATG;rbs_motif=AGGA/GGAG/GAGG;rbs_spacer=11-12bp;gc_cont=0.432
contig_1:3600080-3602218|- -            713 182107at2            -            492   6.4e-35  118.1   0.1   3   4   7.1e-11   2.2e-08   30.6   0.0   157   315   312   492   293   508 0.72 contig_1_3264 # 3600080 # 3602218 # -1 # ID=1_3264;partial=00;start_type=ATG;rbs_motif=AGGA/GGAG/GAGG;rbs_spacer=11-12bp;gc_cont=0.432
contig_1:3600080-3602218|- -            713 182107at2            -            492   6.4e-35  118.1   0.1   4   4   0.00051      0.16    7.9   0.0   322   353   611   642   603   649 0.87 contig_1_3264 # 3600080 # 3602218 # -1 # ID=1_3264;partial=00;start_type=ATG;rbs_motif=AGGA/GGAG/GAGG;rbs_spacer=11-12bp;gc_cont=0.432
contig_1:1348660-1350495|+ -            612 182107at2            -            492   3.7e-34  115.6   2.2   1   2   6.2e-33   1.9e-30  103.3   0.5     1   202     7   253     7   295 0.74 contig_1_1227 # 1348660 # 1350495 # 1 # ID=1_1227;partial=00;start_type=ATG;rbs_motif=3Base/5BMM;rbs_spacer=13-15bp;gc_cont=0.420
contig_1:1348660-1350495|+ -            612 182107at2            -            492   3.7e-34  115.6   2.2   2   2   9.1e-05     0.028   10.4   0.0   278   352   363   434   331   440 0.79 contig_1_1227 # 1348660 # 1350495 # 1 # ID=1_1227;partial=00;start_type=ATG;rbs_motif=3Base/5BMM;rbs_spacer=13-15bp;gc_cont=0.420
contig_1:146208-147800|-   -            531 182107at2            -            492   9.3e-29   97.8   0.0   1   3   5.9e-25   1.8e-22   77.0   0.0     2   132    15   167    14   191 0.82 contig_1_134 # 146208 # 147800 # -1 # ID=1_134;partial=00;start_type=ATG;rbs_motif=GGA/GAG/AGG;rbs_spacer=5-10bp;gc_cont=0.421
contig_1:146208-147800|-   -            531 182107at2            -            492   9.3e-29   97.8   0.0   2   3     0.048        15    1.4   0.0   140   198   262   320   248   348 0.84 contig_1_134 # 146208 # 147800 # -1 # ID=1_134;partial=00;start_type=ATG;rbs_motif=GGA/GAG/AGG;rbs_spacer=5-10bp;gc_cont=0.421
contig_1:146208-147800|-   -            531 182107at2            -            492   9.3e-29   97.8   0.0   3   3   1.1e-05    0.0034   13.4   0.0   229   308   391   466   332   485 0.84 contig_1_134 # 146208 # 147800 # -1 # ID=1_134;partial=00;start_type=ATG;rbs_motif=GGA/GAG/AGG;rbs_spacer=5-10bp;gc_cont=0.421
contig_1:360930-363629|-   -            900 182107at2            -            492   4.7e-23   78.9   2.9   1   2   1.5e-25   4.8e-23   78.9   1.1     5   194   405   607   403   619 0.81 contig_1_323 # 360930 # 363629 # -1 # ID=1_323;partial=00;start_type=ATG;rbs_motif=AGGAG;rbs_spacer=5-10bp;gc_cont=0.433
contig_1:360930-363629|-   -            900 182107at2            -            492   4.7e-23   78.9   2.9   2   2       1.8   5.5e+02   -3.7   0.0   411   447   809   846   787   866 0.66 contig_1_323 # 360930 # 363629 # -1 # ID=1_323;partial=00;start_type=ATG;rbs_motif=AGGAG;rbs_spacer=5-10bp;gc_cont=0.433
contig_1:3598795-3599985|- -            397 182107at2            -            492   5.7e-13   45.7   0.1   1   1   4.8e-15   1.5e-12   44.3   0.1     3   199    14   250    13   265 0.71 contig_1_3263 # 3598795 # 3599985 # -1 # ID=1_3263;partial=00;start_type=ATG;rbs_motif=AGGA;rbs_spacer=5-10bp;gc_cont=0.446
contig_1:420213-421403|-   -            397 182107at2            -            492   5.7e-13   45.7   0.1   1   1   4.8e-15   1.5e-12   44.3   0.1     3   199    14   250    13   265 0.71 contig_1_375 # 420213 # 421403 # -1 # ID=1_375;partial=00;start_type=ATG;rbs_motif=GGAG/GAGG;rbs_spacer=5-10bp;gc_cont=0.445
contig_1:172618-174027|-   -            470 182107at2            -            492   1.1e-12   44.8   0.3   1   2   2.7e-07   8.3e-05   18.8   0.1    57   161    65   168     4   171 0.68 contig_1_157 # 172618 # 174027 # -1 # ID=1_157;partial=00;start_type=ATG;rbs_motif=GGA/GAG/AGG;rbs_spacer=5-10bp;gc_cont=0.426
contig_1:172618-174027|-   -            470 182107at2            -            492   1.1e-12   44.8   0.3   2   2   7.6e-09   2.4e-06   23.9   0.0     5   154   180   345   178   365 0.74 contig_1_157 # 172618 # 174027 # -1 # ID=1_157;partial=00;start_type=ATG;rbs_motif=GGA/GAG/AGG;rbs_spacer=5-10bp;gc_cont=0.426
contig_1:3440517-3442130|- -            538 182107at2            -            492   2.3e-11   40.4   0.1   1   2      0.25        79   -1.0   0.0     7    23    30    46    26    61 0.80 contig_1_3125 # 3440517 # 3442130 # -1 # ID=1_3125;partial=00;start_type=ATG;rbs_motif=GGAG/GAGG;rbs_spacer=5-10bp;gc_cont=0.406
contig_1:3440517-3442130|- -            538 182107at2            -            492   2.3e-11   40.4   0.1   2   2   3.4e-13   1.1e-10   38.2   0.1    26   122    78   179    73   189 0.85 contig_1_3125 # 3440517 # 3442130 # -1 # ID=1_3125;partial=00;start_type=ATG;rbs_motif=GGAG/GAGG;rbs_spacer=5-10bp;gc_cont=0.406
contig_1:1677235-1678263|+ -            343 182107at2            -            492   3.8e-05   19.9   0.0   1   1   1.7e-07   5.4e-05   19.4   0.0     5   156    43   205    40   216 0.74 contig_1_1517 # 1677235 # 1678263 # 1 # ID=1_1517;partial=00;start_type=ATG;rbs_motif=AGGA/GGAG/GAGG;rbs_spacer=11-12bp;gc_cont=0.375
contig_1:190553-191818|+   -            422 182107at2            -            492     0.014   11.4   0.1   1   2   0.00023     0.072    9.1   0.1    71   127    16    72     8    94 0.87 contig_1_173 # 190553 # 191818 # 1 # ID=1_173;partial=00;start_type=ATG;rbs_motif=None;rbs_spacer=None;gc_cont=0.425
contig_1:190553-191818|+   -            422 182107at2            -            492     0.014   11.4   0.1   2   2      0.18        57   -0.5   0.0   169   195   312   338   304   352 0.81 contig_1_173 # 190553 # 191818 # 1 # ID=1_173;partial=00;start_type=ATG;rbs_motif=None;rbs_spacer=None;gc_cont=0.425
#
# Program:         hmmsearch
# Version:         3.4 (Aug 2023)
# Pipeline mode:   SEARCH
# Query file:      /home/abane_ashu/busco-5.8.0/busco_downloads/lineages/bacteria_odb10/hmms/182107at2.hmm
# Target file:     /home/abane_ashu/busco-5.8.0/busco_flye/prodigal_output/predicted_genes/predicted.faa
# Option settings: hmmsearch --domtblout /home/abane_ashu/busco-5.8.0/busco_flye/run_bacteria_odb10/hmmer_output/182107at2.out --cpu 1 /home/abane_ashu/busco-5.8.0/busco_downloads/lineages/bacteria_odb10/hmms/182107at2.hmm /home/abane_ashu/busco-5.8.0/busco_flye/prodigal_output/predicted_genes/predicted.faa 
# Current dir:     /home/abane_ashu/busco-5.8.0
# Date:            Thu Aug 14 00:53:28 2025
# [ok]
