#                                                                                  --- full sequence --- -------------- this domain -------------   hmm coord   ali coord   env coord
# target name              accession   tlen query name           accession   qlen   E-value  score  bias   #  of  c-Evalue  i-Evalue  score  bias  from    to  from    to  from    to  acc description of target
#      ------------------- ---------- ----- -------------------- ---------- ----- --------- ------ ----- --- --- --------- --------- ------ ----- ----- ----- ----- ----- ----- ----- ---- ---------------------
contig_1:2149000-2149455|+ -            152 1827295at2           -             74   1.6e-20   70.4   1.4   1   1   4.8e-22   9.7e-20   67.9   1.4     2    61     8    84     7   106 0.77 contig_1_1926 # 2149000 # 2149455 # 1 # ID=1_1926;partial=00;start_type=ATG;rbs_motif=None;rbs_spacer=None;gc_cont=0.386
contig_1:2699318-2701075|- -            586 1827295at2           -             74   0.00013   19.5   0.8   1   2    0.0011      0.23    9.1   0.1     8    29    39    61    25    70 0.78 contig_1_2452 # 2699318 # 2701075 # -1 # ID=1_2452;partial=00;start_type=ATG;rbs_motif=GGA/GAG/AGG;rbs_spacer=5-10bp;gc_cont=0.389
contig_1:2699318-2701075|- -            586 1827295at2           -             74   0.00013   19.5   0.8   2   2    0.0028      0.56    7.8   0.1     8    30   363   387   352   394 0.79 contig_1_2452 # 2699318 # 2701075 # -1 # ID=1_2452;partial=00;start_type=ATG;rbs_motif=GGA/GAG/AGG;rbs_spacer=5-10bp;gc_cont=0.389
contig_1:1035136-1035705|+ -            190 1827295at2           -             74   0.00017   19.1   0.0   1   1   1.8e-06   0.00036   18.1   0.0    10    33    20    43     8    49 0.87 contig_1_932 # 1035136 # 1035705 # 1 # ID=1_932;partial=00;start_type=ATG;rbs_motif=None;rbs_spacer=None;gc_cont=0.404
contig_1:3256013-3258592|- -            860 1827295at2           -             74   0.00025   18.5   0.1   1   3    0.0066       1.3    6.6   0.0    12    33   200   222   187   226 0.83 contig_1_2975 # 3256013 # 3258592 # -1 # ID=1_2975;partial=00;start_type=ATG;rbs_motif=GGAG/GAGG;rbs_spacer=5-10bp;gc_cont=0.426
contig_1:3256013-3258592|- -            860 1827295at2           -             74   0.00025   18.5   0.1   2   3    0.0043      0.86    7.2   0.0    11    31   599   619   585   623 0.87 contig_1_2975 # 3256013 # 3258592 # -1 # ID=1_2975;partial=00;start_type=ATG;rbs_motif=GGAG/GAGG;rbs_spacer=5-10bp;gc_cont=0.426
contig_1:3256013-3258592|- -            860 1827295at2           -             74   0.00025   18.5   0.1   3   3       1.2   2.3e+02   -0.6   0.0    12    27   831   846   818   851 0.84 contig_1_2975 # 3256013 # 3258592 # -1 # ID=1_2975;partial=00;start_type=ATG;rbs_motif=GGAG/GAGG;rbs_spacer=5-10bp;gc_cont=0.426
contig_1:795391-796656|+   -            422 1827295at2           -             74   0.00048   17.7   0.1   1   1   6.1e-06    0.0012   16.3   0.0     6    31    21    47    11    53 0.80 contig_1_712 # 795391 # 796656 # 1 # ID=1_712;partial=00;start_type=ATG;rbs_motif=None;rbs_spacer=None;gc_cont=0.435
contig_1:2399780-2402056|+ -            759 1827295at2           -             74   0.00059   17.4   0.0   1   2     0.032       6.4    4.4   0.0    12    29   210   227   195   238 0.83 contig_1_2180 # 2399780 # 2402056 # 1 # ID=1_2180;partial=00;start_type=ATG;rbs_motif=GGA/GAG/AGG;rbs_spacer=5-10bp;gc_cont=0.401
contig_1:2399780-2402056|+ -            759 1827295at2           -             74   0.00059   17.4   0.0   2   2   0.00063      0.13    9.9   0.0    11    33   489   511   471   519 0.88 contig_1_2180 # 2399780 # 2402056 # 1 # ID=1_2180;partial=00;start_type=ATG;rbs_motif=GGA/GAG/AGG;rbs_spacer=5-10bp;gc_cont=0.401
contig_1:1643417-1644421|- -            335 1827295at2           -             74    0.0011   16.5   0.0   1   1   1.3e-05    0.0026   15.3   0.0     8    38    50    82    37    86 0.86 contig_1_1482 # 1643417 # 1644421 # -1 # ID=1_1482;partial=00;start_type=ATG;rbs_motif=None;rbs_spacer=None;gc_cont=0.457
contig_1:249780-251690|+   -            637 1827295at2           -             74    0.0014   16.2   0.3   1   2      0.14        27    2.4   0.0     9    27    30    48    19    54 0.81 contig_1_229 # 249780 # 251690 # 1 # ID=1_229;partial=00;start_type=ATG;rbs_motif=GGA/GAG/AGG;rbs_spacer=5-10bp;gc_cont=0.426
contig_1:249780-251690|+   -            637 1827295at2           -             74    0.0014   16.2   0.3   2   2   0.00028     0.056   11.0   0.1     9    32   345   368   333   377 0.82 contig_1_229 # 249780 # 251690 # 1 # ID=1_229;partial=00;start_type=ATG;rbs_motif=GGA/GAG/AGG;rbs_spacer=5-10bp;gc_cont=0.426
contig_1:3669458-3670867|- -            470 1827295at2           -             74    0.0037   14.8   0.1   1   1   4.2e-05    0.0085   13.7   0.1     3    34    92   126    84   134 0.84 contig_1_3330 # 3669458 # 3670867 # -1 # ID=1_3330;partial=00;start_type=ATG;rbs_motif=GGA/GAG/AGG;rbs_spacer=5-10bp;gc_cont=0.430
contig_1:3101772-3104450|- -            893 1827295at2           -             74    0.0062   14.1   0.1   1   2     0.018       3.7    5.2   0.0    12    31   229   248   219   255 0.86 contig_1_2837 # 3101772 # 3104450 # -1 # ID=1_2837;partial=00;start_type=ATG;rbs_motif=GGA/GAG/AGG;rbs_spacer=5-10bp;gc_cont=0.374
contig_1:3101772-3104450|- -            893 1827295at2           -             74    0.0062   14.1   0.1   2   2     0.012       2.4    5.8   0.0     9    32   607   630   593   634 0.82 contig_1_2837 # 3101772 # 3104450 # -1 # ID=1_2837;partial=00;start_type=ATG;rbs_motif=GGA/GAG/AGG;rbs_spacer=5-10bp;gc_cont=0.374
contig_1:3516630-3517628|- -            333 1827295at2           -             74    0.0081   13.7   0.0   1   1   8.8e-05     0.018   12.6   0.0    11    31    12    32     2    38 0.84 contig_1_3193 # 3516630 # 3517628 # -1 # ID=1_3193;partial=00;start_type=GTG;rbs_motif=GGA/GAG/AGG;rbs_spacer=5-10bp;gc_cont=0.418
contig_1:205795-207108|-   -            438 1827295at2           -             74    0.0081   13.7   0.0   1   1   8.7e-05     0.017   12.7   0.0     7    33   110   136   100   140 0.85 contig_1_184 # 205795 # 207108 # -1 # ID=1_184;partial=00;start_type=ATG;rbs_motif=GGAG/GAGG;rbs_spacer=5-10bp;gc_cont=0.405
contig_1:725058-726989|-   -            644 1827295at2           -             74    0.0097   13.5   0.4   1   2     0.011       2.2    5.9   0.1    11    34    30    53    19    62 0.87 contig_1_652 # 725058 # 726989 # -1 # ID=1_652;partial=00;start_type=ATG;rbs_motif=None;rbs_spacer=None;gc_cont=0.422
contig_1:725058-726989|-   -            644 1827295at2           -             74    0.0097   13.5   0.4   2   2     0.022       4.4    5.0   0.0    11    31   340   360   325   363 0.80 contig_1_652 # 725058 # 726989 # -1 # ID=1_652;partial=00;start_type=ATG;rbs_motif=None;rbs_spacer=None;gc_cont=0.422
contig_1:717475-718872|+   -            466 1827295at2           -             74      0.01   13.4   0.0   1   1    0.0001     0.021   12.4   0.0     9    32   164   187   152   193 0.81 contig_1_646 # 717475 # 718872 # 1 # ID=1_646;partial=00;start_type=ATG;rbs_motif=GGA/GAG/AGG;rbs_spacer=5-10bp;gc_cont=0.400
contig_1:539039-539818|+   -            260 1827295at2           -             74     0.013   13.0   0.0   1   1   0.00012     0.024   12.2   0.0     8    30    34    58    23    69 0.80 contig_1_486 # 539039 # 539818 # 1 # ID=1_486;partial=00;start_type=GTG;rbs_motif=GGA/GAG/AGG;rbs_spacer=5-10bp;gc_cont=0.415
contig_1:1667673-1668272|+ -            200 1827295at2           -             74     0.016   12.8   0.0   1   1   0.00014     0.029   12.0   0.0    10    33     2    25     1    29 0.88 contig_1_1507 # 1667673 # 1668272 # 1 # ID=1_1507;partial=00;start_type=ATG;rbs_motif=AGGA;rbs_spacer=5-10bp;gc_cont=0.405
contig_1:2646233-2647072|- -            280 1827295at2           -             74     0.018   12.6   0.0   1   2    0.0004     0.081   10.5   0.0     8    39    33    66    20    73 0.79 contig_1_2396 # 2646233 # 2647072 # -1 # ID=1_2396;partial=00;start_type=ATG;rbs_motif=AGGA;rbs_spacer=5-10bp;gc_cont=0.386
contig_1:2646233-2647072|- -            280 1827295at2           -             74     0.018   12.6   0.0   2   2       1.8   3.6e+02   -1.2   0.0    35    48   235   248   231   261 0.78 contig_1_2396 # 2646233 # 2647072 # -1 # ID=1_2396;partial=00;start_type=ATG;rbs_motif=AGGA;rbs_spacer=5-10bp;gc_cont=0.386
#
# Program:         hmmsearch
# Version:         3.4 (Aug 2023)
# Pipeline mode:   SEARCH
# Query file:      /home/abane_ashu/busco-5.8.0/busco_downloads/lineages/bacteria_odb10/hmms/1827295at2.hmm
# Target file:     /home/abane_ashu/busco-5.8.0/busco_flye/prodigal_output/predicted_genes/predicted.faa
# Option settings: hmmsearch --domtblout /home/abane_ashu/busco-5.8.0/busco_flye/run_bacteria_odb10/hmmer_output/1827295at2.out --cpu 1 /home/abane_ashu/busco-5.8.0/busco_downloads/lineages/bacteria_odb10/hmms/1827295at2.hmm /home/abane_ashu/busco-5.8.0/busco_flye/prodigal_output/predicted_genes/predicted.faa 
# Current dir:     /home/abane_ashu/busco-5.8.0
# Date:            Thu Aug 14 00:53:28 2025
# [ok]
