#                                                                                  --- full sequence --- -------------- this domain -------------   hmm coord   ali coord   env coord
# target name              accession   tlen query name           accession   qlen   E-value  score  bias   #  of  c-Evalue  i-Evalue  score  bias  from    to  from    to  from    to  acc description of target
#      ------------------- ---------- ----- -------------------- ---------- ----- --------- ------ ----- --- --- --------- --------- ------ ----- ----- ----- ----- ----- ----- ----- ---- ---------------------
contig_1:717475-718872|+   -            466 219876at2            -            282   2.2e-79  264.4   0.0   1   1     1e-81   4.4e-79  263.4   0.0    13   276   125   445   115   450 0.85 contig_1_646 # 717475 # 718872 # 1 # ID=1_646;partial=00;start_type=ATG;rbs_motif=GGA/GAG/AGG;rbs_spacer=5-10bp;gc_cont=0.400
contig_1:1627674-1628372|+ -            233 219876at2            -            282   4.3e-09   33.8   0.0   1   1   1.5e-11   6.4e-09   33.2   0.0    38   151    30   157    25   182 0.78 contig_1_1466 # 1627674 # 1628372 # 1 # ID=1_1466;partial=00;start_type=ATG;rbs_motif=GGA/GAG/AGG;rbs_spacer=11-12bp;gc_cont=0.399
contig_1:2251346-2252116|+ -            257 219876at2            -            282   6.3e-07   26.7   0.0   1   2   6.9e-09     3e-06   24.5   0.0    13    90    67   154    59   181 0.73 contig_1_2027 # 2251346 # 2252116 # 1 # ID=1_2027;partial=00;start_type=ATG;rbs_motif=GGAG/GAGG;rbs_spacer=5-10bp;gc_cont=0.416
contig_1:2251346-2252116|+ -            257 219876at2            -            282   6.3e-07   26.7   0.0   2   2       0.3   1.3e+02   -0.6   0.0   128   145   222   240   213   246 0.80 contig_1_2027 # 2251346 # 2252116 # 1 # ID=1_2027;partial=00;start_type=ATG;rbs_motif=GGAG/GAGG;rbs_spacer=5-10bp;gc_cont=0.416
contig_1:2680521-2681372|- -            284 219876at2            -            282   8.6e-05   19.7   0.3   1   3   6.6e-07   0.00028   18.0   0.0    24    74    12    58     4    78 0.89 contig_1_2427 # 2680521 # 2681372 # -1 # ID=1_2427;partial=00;start_type=ATG;rbs_motif=GGA/GAG/AGG;rbs_spacer=5-10bp;gc_cont=0.398
contig_1:2680521-2681372|- -            284 219876at2            -            282   8.6e-05   19.7   0.3   2   3       1.9   8.2e+02   -3.2   0.1    97   110   116   129   115   140 0.81 contig_1_2427 # 2680521 # 2681372 # -1 # ID=1_2427;partial=00;start_type=ATG;rbs_motif=GGA/GAG/AGG;rbs_spacer=5-10bp;gc_cont=0.398
contig_1:2680521-2681372|- -            284 219876at2            -            282   8.6e-05   19.7   0.3   3   3      0.57   2.4e+02   -1.5   0.1   100   164   137   198   124   215 0.68 contig_1_2427 # 2680521 # 2681372 # -1 # ID=1_2427;partial=00;start_type=ATG;rbs_motif=GGA/GAG/AGG;rbs_spacer=5-10bp;gc_cont=0.398
contig_1:1643417-1644421|- -            335 219876at2            -            282   0.00085   16.4   0.0   1   1   5.5e-06    0.0023   14.9   0.0    46   107    51   116    44   125 0.75 contig_1_1482 # 1643417 # 1644421 # -1 # ID=1_1482;partial=00;start_type=ATG;rbs_motif=None;rbs_spacer=None;gc_cont=0.457
contig_1:1526800-1528695|+ -            632 219876at2            -            282    0.0086   13.1   0.0   1   1   3.7e-05     0.016   12.2   0.0    50    88   193   233   186   242 0.80 contig_1_1372 # 1526800 # 1528695 # 1 # ID=1_1372;partial=00;start_type=TTG;rbs_motif=GGA/GAG/AGG;rbs_spacer=5-10bp;gc_cont=0.422
contig_1:2149000-2149455|+ -            152 219876at2            -            282     0.012   12.6   0.1   1   1   4.1e-05     0.017   12.1   0.1    29    70     7    49     5    59 0.79 contig_1_1926 # 2149000 # 2149455 # 1 # ID=1_1926;partial=00;start_type=ATG;rbs_motif=None;rbs_spacer=None;gc_cont=0.386
contig_1:1135315-1135950|- -            212 219876at2            -            282     0.015   12.3   0.0   1   1   6.7e-05     0.029   11.4   0.0    82   124   154   197   145   201 0.89 contig_1_1025 # 1135315 # 1135950 # -1 # ID=1_1025;partial=00;start_type=ATG;rbs_motif=None;rbs_spacer=None;gc_cont=0.385
#
# Program:         hmmsearch
# Version:         3.4 (Aug 2023)
# Pipeline mode:   SEARCH
# Query file:      /home/abane_ashu/busco-5.8.0/busco_downloads/lineages/bacteria_odb10/hmms/219876at2.hmm
# Target file:     /home/abane_ashu/busco-5.8.0/busco_flye/prodigal_output/predicted_genes/predicted.faa
# Option settings: hmmsearch --domtblout /home/abane_ashu/busco-5.8.0/busco_flye/run_bacteria_odb10/hmmer_output/219876at2.out --cpu 1 /home/abane_ashu/busco-5.8.0/busco_downloads/lineages/bacteria_odb10/hmms/219876at2.hmm /home/abane_ashu/busco-5.8.0/busco_flye/prodigal_output/predicted_genes/predicted.faa 
# Current dir:     /home/abane_ashu/busco-5.8.0
# Date:            Thu Aug 14 00:53:29 2025
# [ok]
