#                                                                                  --- full sequence --- -------------- this domain -------------   hmm coord   ali coord   env coord
# target name              accession   tlen query name           accession   qlen   E-value  score  bias   #  of  c-Evalue  i-Evalue  score  bias  from    to  from    to  from    to  acc description of target
#      ------------------- ---------- ----- -------------------- ---------- ----- --------- ------ ----- --- --- --------- --------- ------ ----- ----- ----- ----- ----- ----- ----- ---- ---------------------
contig_1:530694-532088|-   -            465 430176at2            -            369    9e-173  572.2   0.9   1   2      0.94   6.4e+02   -3.1   0.0    46    60     4    18     3    26 0.68 contig_1_476 # 530694 # 532088 # -1 # ID=1_476;partial=00;start_type=ATG;rbs_motif=AGGAG;rbs_spacer=5-10bp;gc_cont=0.440
contig_1:530694-532088|-   -            465 430176at2            -            369    9e-173  572.2   0.9   2   2  2.4e-175  1.7e-172  571.4   0.3     8   369    35   456    29   456 0.91 contig_1_476 # 530694 # 532088 # -1 # ID=1_476;partial=00;start_type=ATG;rbs_motif=AGGAG;rbs_spacer=5-10bp;gc_cont=0.440
contig_1:533066-534610|-   -            515 430176at2            -            369   1.1e-18   65.2   1.8   1   1   6.2e-20   4.2e-17   60.0   1.8    36   332    95   435    65   448 0.75 contig_1_478 # 533066 # 534610 # -1 # ID=1_478;partial=00;start_type=ATG;rbs_motif=GGAG/GAGG;rbs_spacer=5-10bp;gc_cont=0.433
contig_1:65426-66694|+     -            423 430176at2            -            369   7.4e-11   39.5   0.1   1   1   2.7e-13   1.9e-10   38.1   0.1    73   300   160   393   156   418 0.82 contig_1_56 # 65426 # 66694 # 1 # ID=1_56;partial=00;start_type=ATG;rbs_motif=None;rbs_spacer=None;gc_cont=0.405
contig_1:249780-251690|+   -            637 430176at2            -            369    0.0044   13.9   0.1   1   2      0.96   6.6e+02   -3.2   0.0    82   102    27    47    25    50 0.86 contig_1_229 # 249780 # 251690 # 1 # ID=1_229;partial=00;start_type=ATG;rbs_motif=GGA/GAG/AGG;rbs_spacer=5-10bp;gc_cont=0.426
contig_1:249780-251690|+   -            637 430176at2            -            369    0.0044   13.9   0.1   2   2   1.7e-05     0.012   12.4   0.0    76   112   336   372   320   394 0.85 contig_1_229 # 249780 # 251690 # 1 # ID=1_229;partial=00;start_type=ATG;rbs_motif=GGA/GAG/AGG;rbs_spacer=5-10bp;gc_cont=0.426
contig_1:2992607-2993845|+ -            413 430176at2            -            369     0.019   11.8   0.0   1   1   3.8e-05     0.026   11.3   0.0   229   314   200   284   188   316 0.90 contig_1_2737 # 2992607 # 2993845 # 1 # ID=1_2737;partial=00;start_type=ATG;rbs_motif=GGA/GAG/AGG;rbs_spacer=5-10bp;gc_cont=0.383
#
# Program:         hmmsearch
# Version:         3.4 (Aug 2023)
# Pipeline mode:   SEARCH
# Query file:      /home/abane_ashu/busco-5.8.0/busco_downloads/lineages/bacteria_odb10/hmms/430176at2.hmm
# Target file:     /home/abane_ashu/busco-5.8.0/busco_flye/prodigal_output/predicted_genes/predicted.faa
# Option settings: hmmsearch --domtblout /home/abane_ashu/busco-5.8.0/busco_flye/run_bacteria_odb10/hmmer_output/430176at2.out --cpu 1 /home/abane_ashu/busco-5.8.0/busco_downloads/lineages/bacteria_odb10/hmms/430176at2.hmm /home/abane_ashu/busco-5.8.0/busco_flye/prodigal_output/predicted_genes/predicted.faa 
# Current dir:     /home/abane_ashu/busco-5.8.0
# Date:            Thu Aug 14 00:53:30 2025
# [ok]
