#                                                                                  --- full sequence --- -------------- this domain -------------   hmm coord   ali coord   env coord
# target name              accession   tlen query name           accession   qlen   E-value  score  bias   #  of  c-Evalue  i-Evalue  score  bias  from    to  from    to  from    to  acc description of target
#      ------------------- ---------- ----- -------------------- ---------- ----- --------- ------ ----- --- --- --------- --------- ------ ----- ----- ----- ----- ----- ----- ----- ---- ---------------------
contig_1:3686594-3688657|+ -            688 761140at2            -            323   5.6e-55  184.6  14.1   1   4   1.1e-21   7.7e-19   65.9   1.3     1    81     2    99     2   156 0.66 contig_1_3344 # 3686594 # 3688657 # 1 # ID=1_3344;partial=00;start_type=GTG;rbs_motif=GGA/GAG/AGG;rbs_spacer=5-10bp;gc_cont=0.403
contig_1:3686594-3688657|+ -            688 761140at2            -            323   5.6e-55  184.6  14.1   2   4   2.1e-11   1.4e-08   32.1   0.0   133   176   221   268   202   270 0.82 contig_1_3344 # 3686594 # 3688657 # 1 # ID=1_3344;partial=00;start_type=GTG;rbs_motif=GGA/GAG/AGG;rbs_spacer=5-10bp;gc_cont=0.403
contig_1:3686594-3688657|+ -            688 761140at2            -            323   5.6e-55  184.6  14.1   3   4   3.1e-17   2.1e-14   51.3   0.6   174   259   284   408   273   413 0.81 contig_1_3344 # 3686594 # 3688657 # 1 # ID=1_3344;partial=00;start_type=GTG;rbs_motif=GGA/GAG/AGG;rbs_spacer=5-10bp;gc_cont=0.403
contig_1:3686594-3688657|+ -            688 761140at2            -            323   5.6e-55  184.6  14.1   4   4   5.4e-13   3.7e-10   37.3   0.1   246   317   428   508   412   511 0.85 contig_1_3344 # 3686594 # 3688657 # 1 # ID=1_3344;partial=00;start_type=GTG;rbs_motif=GGA/GAG/AGG;rbs_spacer=5-10bp;gc_cont=0.403
contig_1:157833-160457|+   -            875 761140at2            -            323   8.1e-09   32.9   1.5   1   4   1.5e-07    0.0001   19.5   0.0     2    53    39    95    38   108 0.78 contig_1_143 # 157833 # 160457 # 1 # ID=1_143;partial=00;start_type=ATG;rbs_motif=None;rbs_spacer=None;gc_cont=0.419
contig_1:157833-160457|+   -            875 761140at2            -            323   8.1e-09   32.9   1.5   2   4     0.062        43    1.0   0.0   130   151   425   447   409   451 0.81 contig_1_143 # 157833 # 160457 # 1 # ID=1_143;partial=00;start_type=ATG;rbs_motif=None;rbs_spacer=None;gc_cont=0.419
contig_1:157833-160457|+   -            875 761140at2            -            323   8.1e-09   32.9   1.5   3   4      0.78   5.4e+02   -2.6   0.0    47    65   635   653   634   658 0.55 contig_1_143 # 157833 # 160457 # 1 # ID=1_143;partial=00;start_type=ATG;rbs_motif=None;rbs_spacer=None;gc_cont=0.419
contig_1:157833-160457|+   -            875 761140at2            -            323   8.1e-09   32.9   1.5   4   4   0.00031      0.22    8.5   0.2   251   310   738   791   704   801 0.71 contig_1_143 # 157833 # 160457 # 1 # ID=1_143;partial=00;start_type=ATG;rbs_motif=None;rbs_spacer=None;gc_cont=0.419
contig_1:674343-677180|+   -            946 761140at2            -            323   1.1e-08   32.5   2.8   1   4   1.6e-08   1.1e-05   22.6   0.0     2    57    59   119    58   131 0.84 contig_1_607 # 674343 # 677180 # 1 # ID=1_607;partial=00;start_type=ATG;rbs_motif=GGA/GAG/AGG;rbs_spacer=11-12bp;gc_cont=0.422
contig_1:674343-677180|+   -            946 761140at2            -            323   1.1e-08   32.5   2.8   2   4    0.0044         3    4.8   0.0   125   151   460   488   453   494 0.81 contig_1_607 # 674343 # 677180 # 1 # ID=1_607;partial=00;start_type=ATG;rbs_motif=GGA/GAG/AGG;rbs_spacer=11-12bp;gc_cont=0.422
contig_1:674343-677180|+   -            946 761140at2            -            323   1.1e-08   32.5   2.8   3   4     0.022        15    2.4   0.0   271   309   750   786   698   798 0.76 contig_1_607 # 674343 # 677180 # 1 # ID=1_607;partial=00;start_type=ATG;rbs_motif=GGA/GAG/AGG;rbs_spacer=11-12bp;gc_cont=0.422
contig_1:674343-677180|+   -            946 761140at2            -            323   1.1e-08   32.5   2.8   4   4      0.94   6.5e+02   -2.9   0.1   247   302   828   881   812   888 0.62 contig_1_607 # 674343 # 677180 # 1 # ID=1_607;partial=00;start_type=ATG;rbs_motif=GGA/GAG/AGG;rbs_spacer=11-12bp;gc_cont=0.422
contig_1:1444276-1447155|- -            960 761140at2            -            323     0.001   16.1  14.5   1   4   3.7e-05     0.025   11.6   0.0     2    50    41    94    40   116 0.76 contig_1_1313 # 1444276 # 1447155 # -1 # ID=1_1313;partial=00;start_type=ATG;rbs_motif=None;rbs_spacer=None;gc_cont=0.431
contig_1:1444276-1447155|- -            960 761140at2            -            323     0.001   16.1  14.5   2   4     0.046        32    1.4   0.1   136   152   426   443   409   457 0.79 contig_1_1313 # 1444276 # 1447155 # -1 # ID=1_1313;partial=00;start_type=ATG;rbs_motif=None;rbs_spacer=None;gc_cont=0.431
contig_1:1444276-1447155|- -            960 761140at2            -            323     0.001   16.1  14.5   3   4      0.19   1.3e+02   -0.6   3.3   172   199   504   531   497   570 0.66 contig_1_1313 # 1444276 # 1447155 # -1 # ID=1_1313;partial=00;start_type=ATG;rbs_motif=None;rbs_spacer=None;gc_cont=0.431
contig_1:1444276-1447155|- -            960 761140at2            -            323     0.001   16.1  14.5   4   4    0.0013       0.9    6.5   0.2   254   309   704   769   680   775 0.65 contig_1_1313 # 1444276 # 1447155 # -1 # ID=1_1313;partial=00;start_type=ATG;rbs_motif=None;rbs_spacer=None;gc_cont=0.431
contig_1:127563-128642|-   -            360 761140at2            -            323      0.01   12.9   1.0   1   2   2.4e-05     0.016   12.2   0.2    42   105   141   205   137   235 0.84 contig_1_118 # 127563 # 128642 # -1 # ID=1_118;partial=00;start_type=ATG;rbs_motif=GGA/GAG/AGG;rbs_spacer=5-10bp;gc_cont=0.426
contig_1:127563-128642|-   -            360 761140at2            -            323      0.01   12.9   1.0   2   2      0.63   4.3e+02   -2.3   0.0    66    93   321   347   309   352 0.70 contig_1_118 # 127563 # 128642 # -1 # ID=1_118;partial=00;start_type=ATG;rbs_motif=GGA/GAG/AGG;rbs_spacer=5-10bp;gc_cont=0.426
#
# Program:         hmmsearch
# Version:         3.4 (Aug 2023)
# Pipeline mode:   SEARCH
# Query file:      /home/abane_ashu/busco-5.8.0/busco_downloads/lineages/bacteria_odb10/hmms/761140at2.hmm
# Target file:     /home/abane_ashu/busco-5.8.0/busco_flye/prodigal_output/predicted_genes/predicted.faa
# Option settings: hmmsearch --domtblout /home/abane_ashu/busco-5.8.0/busco_flye/run_bacteria_odb10/hmmer_output/761140at2.out --cpu 1 /home/abane_ashu/busco-5.8.0/busco_downloads/lineages/bacteria_odb10/hmms/761140at2.hmm /home/abane_ashu/busco-5.8.0/busco_flye/prodigal_output/predicted_genes/predicted.faa 
# Current dir:     /home/abane_ashu/busco-5.8.0
# Date:            Thu Aug 14 00:53:31 2025
# [ok]
