#                                                                                  --- full sequence --- -------------- this domain -------------   hmm coord   ali coord   env coord
# target name              accession   tlen query name           accession   qlen   E-value  score  bias   #  of  c-Evalue  i-Evalue  score  bias  from    to  from    to  from    to  acc description of target
#      ------------------- ---------- ----- -------------------- ---------- ----- --------- ------ ----- --- --- --------- --------- ------ ----- ----- ----- ----- ----- ----- ----- ---- ---------------------
contig_1:2791205-2791891|- -            229 776861at2            -            618   2.5e-80  267.9   0.4   1   1     8e-83   2.7e-80  267.8   0.4   407   612     2   225     1   228 0.94 contig_1_2533 # 2791205 # 2791891 # -1 # ID=1_2533;partial=00;start_type=ATG;rbs_motif=GGA/GAG/AGG;rbs_spacer=5-10bp;gc_cont=0.406
contig_1:1947800-1950070|+ -            757 776861at2            -            618   4.6e-46  154.8   0.0   1   1   1.9e-48   6.5e-46  154.3   0.0     3   395   315   743   313   752 0.81 contig_1_1747 # 1947800 # 1950070 # 1 # ID=1_1747;partial=00;start_type=TTG;rbs_motif=GGA/GAG/AGG;rbs_spacer=11-12bp;gc_cont=0.424
contig_1:35508-36764|-     -            419 776861at2            -            618   8.4e-08   28.4   4.1   1   2     1e-09   3.5e-07   26.4   3.9    12   308    12   318     6   383 0.72 contig_1_34 # 35508 # 36764 # -1 # ID=1_34;partial=00;start_type=ATG;rbs_motif=AGGA/GGAG/GAGG;rbs_spacer=11-12bp;gc_cont=0.422
contig_1:35508-36764|-     -            419 776861at2            -            618   8.4e-08   28.4   4.1   2   2     0.053        18    0.9   0.1   260   315   337   393   309   416 0.69 contig_1_34 # 35508 # 36764 # -1 # ID=1_34;partial=00;start_type=ATG;rbs_motif=AGGA/GGAG/GAGG;rbs_spacer=11-12bp;gc_cont=0.422
contig_1:3420110-3420763|- -            218 776861at2            -            618    0.0002   17.2   0.0   1   2   1.6e-06   0.00055   15.8   0.0   414   446     6    38     1    55 0.85 contig_1_3104 # 3420110 # 3420763 # -1 # ID=1_3104;partial=00;start_type=ATG;rbs_motif=GGAG/GAGG;rbs_spacer=5-10bp;gc_cont=0.417
contig_1:3420110-3420763|- -            218 776861at2            -            618    0.0002   17.2   0.0   2   2      0.28        95   -1.5   0.0   376   413    68   103    57   106 0.71 contig_1_3104 # 3420110 # 3420763 # -1 # ID=1_3104;partial=00;start_type=ATG;rbs_motif=GGAG/GAGG;rbs_spacer=5-10bp;gc_cont=0.417
contig_1:1035136-1035705|+ -            190 776861at2            -            618    0.0011   14.8   0.0   1   1     5e-06    0.0017   14.2   0.0   406   439    16    49     8    52 0.89 contig_1_932 # 1035136 # 1035705 # 1 # ID=1_932;partial=00;start_type=ATG;rbs_motif=None;rbs_spacer=None;gc_cont=0.404
contig_1:3121096-3121977|+ -            294 776861at2            -            618    0.0039   13.0   0.0   1   1   1.6e-05    0.0053   12.5   0.0   404   429    47    72    17    79 0.82 contig_1_2853 # 3121096 # 3121977 # 1 # ID=1_2853;partial=00;start_type=ATG;rbs_motif=AGGAG;rbs_spacer=5-10bp;gc_cont=0.412
contig_1:2872000-2872743|- -            248 776861at2            -            618    0.0074   12.1   0.0   1   1     3e-05      0.01   11.6   0.0   386   428     9    49     2    55 0.73 contig_1_2619 # 2872000 # 2872743 # -1 # ID=1_2619;partial=00;start_type=ATG;rbs_motif=GGAG/GAGG;rbs_spacer=5-10bp;gc_cont=0.401
contig_1:1931110-1932867|+ -            586 776861at2            -            618     0.017   10.8   0.0   1   2      0.32   1.1e+02   -1.7   0.1   535   611   144   215   137   220 0.77 contig_1_1732 # 1931110 # 1932867 # 1 # ID=1_1732;partial=00;start_type=ATG;rbs_motif=GGA/GAG/AGG;rbs_spacer=5-10bp;gc_cont=0.403
contig_1:1931110-1932867|+ -            586 776861at2            -            618     0.017   10.8   0.0   2   2   0.00017     0.058    9.1   0.0   374   424   299   352   284   365 0.78 contig_1_1732 # 1931110 # 1932867 # 1 # ID=1_1732;partial=00;start_type=ATG;rbs_motif=GGA/GAG/AGG;rbs_spacer=5-10bp;gc_cont=0.403
contig_1:2646233-2647072|- -            280 776861at2            -            618     0.027   10.2   0.0   1   1   0.00011     0.037    9.7   0.0   394   433    24    62     6    67 0.82 contig_1_2396 # 2646233 # 2647072 # -1 # ID=1_2396;partial=00;start_type=ATG;rbs_motif=AGGA;rbs_spacer=5-10bp;gc_cont=0.386
contig_1:2151407-2152351|+ -            315 776861at2            -            618     0.031   10.0   0.0   1   1   0.00011     0.039    9.7   0.0   406   446     3    45     1    87 0.76 contig_1_1928 # 2151407 # 2152351 # 1 # ID=1_1928;partial=00;start_type=ATG;rbs_motif=GGA/GAG/AGG;rbs_spacer=5-10bp;gc_cont=0.383
#
# Program:         hmmsearch
# Version:         3.4 (Aug 2023)
# Pipeline mode:   SEARCH
# Query file:      /home/abane_ashu/busco-5.8.0/busco_downloads/lineages/bacteria_odb10/hmms/776861at2.hmm
# Target file:     /home/abane_ashu/busco-5.8.0/busco_flye/prodigal_output/predicted_genes/predicted.faa
# Option settings: hmmsearch --domtblout /home/abane_ashu/busco-5.8.0/busco_flye/run_bacteria_odb10/hmmer_output/776861at2.out --cpu 1 /home/abane_ashu/busco-5.8.0/busco_downloads/lineages/bacteria_odb10/hmms/776861at2.hmm /home/abane_ashu/busco-5.8.0/busco_flye/prodigal_output/predicted_genes/predicted.faa 
# Current dir:     /home/abane_ashu/busco-5.8.0
# Date:            Thu Aug 14 00:53:31 2025
# [ok]
