#                                                                                  --- full sequence --- -------------- this domain -------------   hmm coord   ali coord   env coord
# target name              accession   tlen query name           accession   qlen   E-value  score  bias   #  of  c-Evalue  i-Evalue  score  bias  from    to  from    to  from    to  acc description of target
#      ------------------- ---------- ----- -------------------- ---------- ----- --------- ------ ----- --- --- --------- --------- ------ ----- ----- ----- ----- ----- ----- ----- ---- ---------------------
contig_1:1643417-1644421|- -            335 874197at2            -            274  4.8e-125  413.9   0.7   1   1  2.3e-127  6.1e-125  413.5   0.7     2   273    18   318    17   319 0.93 contig_1_1482 # 1643417 # 1644421 # -1 # ID=1_1482;partial=00;start_type=ATG;rbs_motif=None;rbs_spacer=None;gc_cont=0.457
contig_1:778400-779665|+   -            422 874197at2            -            274   3.2e-09   34.0   0.0   1   1   2.8e-11   7.3e-09   32.8   0.0     4   115    12   126    10   149 0.69 contig_1_695 # 778400 # 779665 # 1 # ID=1_695;partial=00;start_type=ATG;rbs_motif=None;rbs_spacer=None;gc_cont=0.419
contig_1:1526800-1528695|+ -            632 874197at2            -            274   2.6e-07   27.7   0.1   1   2   3.1e-08   8.2e-06   22.8   0.0    33    95   188   258   149   264 0.66 contig_1_1372 # 1526800 # 1528695 # 1 # ID=1_1372;partial=00;start_type=TTG;rbs_motif=GGA/GAG/AGG;rbs_spacer=5-10bp;gc_cont=0.422
contig_1:1526800-1528695|+ -            632 874197at2            -            274   2.6e-07   27.7   0.1   2   2     0.068        18    2.0   0.0   133   225   298   396   293   402 0.67 contig_1_1372 # 1526800 # 1528695 # 1 # ID=1_1372;partial=00;start_type=TTG;rbs_motif=GGA/GAG/AGG;rbs_spacer=5-10bp;gc_cont=0.422
contig_1:2224254-2226332|+ -            693 874197at2            -            274   5.3e-07   26.7   0.0   1   1   4.6e-09   1.2e-06   25.5   0.0     4    70     9    72     6    93 0.88 contig_1_1995 # 2224254 # 2226332 # 1 # ID=1_1995;partial=00;start_type=ATG;rbs_motif=AGGAG;rbs_spacer=5-10bp;gc_cont=0.400
contig_1:2399780-2402056|+ -            759 874197at2            -            274   1.1e-06   25.6   0.6   1   2   0.00024     0.062   10.1   0.3    35    99   206   290   188   293 0.55 contig_1_2180 # 2399780 # 2402056 # 1 # ID=1_2180;partial=00;start_type=ATG;rbs_motif=GGA/GAG/AGG;rbs_spacer=5-10bp;gc_cont=0.401
contig_1:2399780-2402056|+ -            759 874197at2            -            274   1.1e-06   25.6   0.6   2   2    0.0005      0.13    9.0   0.0    20    64   471   515   452   528 0.77 contig_1_2180 # 2399780 # 2402056 # 1 # ID=1_2180;partial=00;start_type=ATG;rbs_motif=GGA/GAG/AGG;rbs_spacer=5-10bp;gc_cont=0.401
contig_1:205795-207108|-   -            438 874197at2            -            274   3.8e-06   23.9   0.3   1   1   4.1e-08   1.1e-05   22.4   0.3     4    98    66   188    63   197 0.61 contig_1_184 # 205795 # 207108 # -1 # ID=1_184;partial=00;start_type=ATG;rbs_motif=GGAG/GAGG;rbs_spacer=5-10bp;gc_cont=0.405
contig_1:2680521-2681372|- -            284 874197at2            -            274   1.8e-05   21.7   0.3   1   2   1.7e-07   4.4e-05   20.4   0.1    14    64    13    60     3    73 0.80 contig_1_2427 # 2680521 # 2681372 # -1 # ID=1_2427;partial=00;start_type=ATG;rbs_motif=GGA/GAG/AGG;rbs_spacer=5-10bp;gc_cont=0.398
contig_1:2680521-2681372|- -            284 874197at2            -            274   1.8e-05   21.7   0.3   2   2       1.6   4.3e+02   -2.5   0.0    85    97   112   124   100   129 0.74 contig_1_2427 # 2680521 # 2681372 # -1 # ID=1_2427;partial=00;start_type=ATG;rbs_motif=GGA/GAG/AGG;rbs_spacer=5-10bp;gc_cont=0.398
contig_1:3256013-3258592|- -            860 874197at2            -            274     4e-05   20.5   0.5   1   2   0.00092      0.24    8.1   0.7    35    99   196   281   167   285 0.58 contig_1_2975 # 3256013 # 3258592 # -1 # ID=1_2975;partial=00;start_type=ATG;rbs_motif=GGAG/GAGG;rbs_spacer=5-10bp;gc_cont=0.426
contig_1:3256013-3258592|- -            860 874197at2            -            274     4e-05   20.5   0.5   2   2     0.002      0.53    7.0   0.0    34    57   595   618   563   638 0.83 contig_1_2975 # 3256013 # 3258592 # -1 # ID=1_2975;partial=00;start_type=ATG;rbs_motif=GGAG/GAGG;rbs_spacer=5-10bp;gc_cont=0.426
contig_1:3101772-3104450|- -            893 874197at2            -            274   0.00059   16.7   1.3   1   2     0.029       7.7    3.2   0.3    37    59   227   249   210   313 0.69 contig_1_2837 # 3101772 # 3104450 # -1 # ID=1_2837;partial=00;start_type=ATG;rbs_motif=GGA/GAG/AGG;rbs_spacer=5-10bp;gc_cont=0.374
contig_1:3101772-3104450|- -            893 874197at2            -            274   0.00059   16.7   1.3   2   2   0.00016     0.043   10.6   0.0    12    59   579   630   569   646 0.75 contig_1_2837 # 3101772 # 3104450 # -1 # ID=1_2837;partial=00;start_type=ATG;rbs_motif=GGA/GAG/AGG;rbs_spacer=5-10bp;gc_cont=0.374
contig_1:717475-718872|+   -            466 874197at2            -            274   0.00093   16.1   0.0   1   1   6.5e-06    0.0017   15.2   0.0    36    99   164   239   146   267 0.76 contig_1_646 # 717475 # 718872 # 1 # ID=1_646;partial=00;start_type=ATG;rbs_motif=GGA/GAG/AGG;rbs_spacer=5-10bp;gc_cont=0.400
contig_1:3411276-3413705|+ -            810 874197at2            -            274    0.0015   15.3   0.0   1   1   1.4e-05    0.0038   14.1   0.0    13    69   339   397   333   445 0.73 contig_1_3097 # 3411276 # 3413705 # 1 # ID=1_3097;partial=00;start_type=ATG;rbs_motif=AGGAG;rbs_spacer=5-10bp;gc_cont=0.401
contig_1:3731403-3732356|+ -            318 874197at2            -            274    0.0038   14.1   0.0   1   2    0.0015      0.39    7.5   0.0    37    65    47    74    20    81 0.80 contig_1_3385 # 3731403 # 3732356 # 1 # ID=1_3385;partial=00;start_type=ATG;rbs_motif=GGA/GAG/AGG;rbs_spacer=5-10bp;gc_cont=0.370
contig_1:3731403-3732356|+ -            318 874197at2            -            274    0.0038   14.1   0.0   2   2     0.013       3.4    4.4   0.0    78   135   125   177    96   224 0.71 contig_1_3385 # 3731403 # 3732356 # 1 # ID=1_3385;partial=00;start_type=ATG;rbs_motif=GGA/GAG/AGG;rbs_spacer=5-10bp;gc_cont=0.370
contig_1:477499-478986|+   -            496 874197at2            -            274     0.083    9.7   1.9   1   3   0.00054      0.14    8.9   0.0    36    53   212   229   190   236 0.80 contig_1_431 # 477499 # 478986 # 1 # ID=1_431;partial=00;start_type=ATG;rbs_motif=GGA/GAG/AGG;rbs_spacer=5-10bp;gc_cont=0.435
contig_1:477499-478986|+   -            496 874197at2            -            274     0.083    9.7   1.9   2   3       0.8   2.1e+02   -1.5   0.0    84   124   290   330   288   343 0.58 contig_1_431 # 477499 # 478986 # 1 # ID=1_431;partial=00;start_type=ATG;rbs_motif=GGA/GAG/AGG;rbs_spacer=5-10bp;gc_cont=0.435
contig_1:477499-478986|+   -            496 874197at2            -            274     0.083    9.7   1.9   3   3         2   5.2e+02   -2.8   0.1   169   203   442   475   431   485 0.69 contig_1_431 # 477499 # 478986 # 1 # ID=1_431;partial=00;start_type=ATG;rbs_motif=GGA/GAG/AGG;rbs_spacer=5-10bp;gc_cont=0.435
#
# Program:         hmmsearch
# Version:         3.4 (Aug 2023)
# Pipeline mode:   SEARCH
# Query file:      /home/abane_ashu/busco-5.8.0/busco_downloads/lineages/bacteria_odb10/hmms/874197at2.hmm
# Target file:     /home/abane_ashu/busco-5.8.0/busco_flye/prodigal_output/predicted_genes/predicted.faa
# Option settings: hmmsearch --domtblout /home/abane_ashu/busco-5.8.0/busco_flye/run_bacteria_odb10/hmmer_output/874197at2.out --cpu 1 /home/abane_ashu/busco-5.8.0/busco_downloads/lineages/bacteria_odb10/hmms/874197at2.hmm /home/abane_ashu/busco-5.8.0/busco_flye/prodigal_output/predicted_genes/predicted.faa 
# Current dir:     /home/abane_ashu/busco-5.8.0
# Date:            Thu Aug 14 00:53:31 2025
# [ok]
