#                                                                                  --- full sequence --- -------------- this domain -------------   hmm coord   ali coord   env coord
# target name              accession   tlen query name           accession   qlen   E-value  score  bias   #  of  c-Evalue  i-Evalue  score  bias  from    to  from    to  from    to  acc description of target
#      ------------------- ---------- ----- -------------------- ---------- ----- --------- ------ ----- --- --- --------- --------- ------ ----- ----- ----- ----- ----- ----- ----- ---- ---------------------
contig_1:1677235-1678263|+ -            343 984717at2            -            224     1e-68  228.9   7.6   1   3   2.7e-39   7.8e-37  124.5   1.1     1   122    41   178    41   185 0.84 contig_1_1517 # 1677235 # 1678263 # 1 # ID=1_1517;partial=00;start_type=ATG;rbs_motif=AGGA/GGAG/GAGG;rbs_spacer=11-12bp;gc_cont=0.375
contig_1:1677235-1678263|+ -            343 984717at2            -            224     1e-68  228.9   7.6   2   3   2.1e-14   6.1e-12   43.1   0.1   112   169   195   255   181   262 0.87 contig_1_1517 # 1677235 # 1678263 # 1 # ID=1_1517;partial=00;start_type=ATG;rbs_motif=AGGA/GGAG/GAGG;rbs_spacer=11-12bp;gc_cont=0.375
contig_1:1677235-1678263|+ -            343 984717at2            -            224     1e-68  228.9   7.6   3   3   8.3e-21   2.4e-18   64.1   0.0   165   222   276   334   268   339 0.89 contig_1_1517 # 1677235 # 1678263 # 1 # ID=1_1517;partial=00;start_type=ATG;rbs_motif=AGGA/GGAG/GAGG;rbs_spacer=11-12bp;gc_cont=0.375
contig_1:172618-174027|-   -            470 984717at2            -            224     1e-31  107.8   0.2   1   2   1.4e-18   4.1e-16   56.8   0.0     2   106     5   125     4   136 0.78 contig_1_157 # 172618 # 174027 # -1 # ID=1_157;partial=00;start_type=ATG;rbs_motif=GGA/GAG/AGG;rbs_spacer=5-10bp;gc_cont=0.426
contig_1:172618-174027|-   -            470 984717at2            -            224     1e-31  107.8   0.2   2   2   3.7e-16     1e-13   48.9   0.0     2    87   179   274   178   306 0.72 contig_1_157 # 172618 # 174027 # -1 # ID=1_157;partial=00;start_type=ATG;rbs_motif=GGA/GAG/AGG;rbs_spacer=5-10bp;gc_cont=0.426
contig_1:712705-714060|-   -            452 984717at2            -            224   4.1e-10   37.1   0.0   1   1   2.8e-12   8.1e-10   36.2   0.0     2    84   219   307   218   347 0.77 contig_1_641 # 712705 # 714060 # -1 # ID=1_641;partial=00;start_type=ATG;rbs_motif=GGA/GAG/AGG;rbs_spacer=5-10bp;gc_cont=0.430
contig_1:1695069-1696289|+ -            407 984717at2            -            224   1.3e-05   22.5   0.0   1   2   4.2e-06    0.0012   16.0   0.0     2    59   162   220   161   250 0.86 contig_1_1536 # 1695069 # 1696289 # 1 # ID=1_1536;partial=00;start_type=ATG;rbs_motif=GGAG/GAGG;rbs_spacer=5-10bp;gc_cont=0.441
contig_1:1695069-1696289|+ -            407 984717at2            -            224   1.3e-05   22.5   0.0   2   2     0.015       4.4    4.4   0.0    79   106   263   290   252   306 0.82 contig_1_1536 # 1695069 # 1696289 # 1 # ID=1_1536;partial=00;start_type=ATG;rbs_motif=GGAG/GAGG;rbs_spacer=5-10bp;gc_cont=0.441
contig_1:1230646-1231980|- -            445 984717at2            -            224   1.7e-05   22.1   0.0   1   1   1.9e-07   5.5e-05   20.4   0.0     2    90   202   298   201   359 0.63 contig_1_1125 # 1230646 # 1231980 # -1 # ID=1_1125;partial=00;start_type=GTG;rbs_motif=AGGA/GGAG/GAGG;rbs_spacer=11-12bp;gc_cont=0.409
contig_1:169449-170507|+   -            353 984717at2            -            224   2.6e-05   21.4   0.1   1   2      0.52   1.5e+02   -0.6   0.0    89   107   164   182   153   197 0.74 contig_1_152 # 169449 # 170507 # 1 # ID=1_152;partial=00;start_type=ATG;rbs_motif=GGA/GAG/AGG;rbs_spacer=5-10bp;gc_cont=0.432
contig_1:169449-170507|+   -            353 984717at2            -            224   2.6e-05   21.4   0.1   2   2   4.2e-07   0.00012   19.3   0.1     2    58   220   281   219   287 0.81 contig_1_152 # 169449 # 170507 # 1 # ID=1_152;partial=00;start_type=ATG;rbs_motif=GGA/GAG/AGG;rbs_spacer=5-10bp;gc_cont=0.432
contig_1:360930-363629|-   -            900 984717at2            -            224   5.1e-05   20.5   0.1   1   4       6.1   1.7e+03   -4.1   1.2     9    38    60    90    58    92 0.76 contig_1_323 # 360930 # 363629 # -1 # ID=1_323;partial=00;start_type=ATG;rbs_motif=AGGAG;rbs_spacer=5-10bp;gc_cont=0.433
contig_1:360930-363629|-   -            900 984717at2            -            224   5.1e-05   20.5   0.1   2   4      0.31        88    0.1   0.1    17    64   327   373   319   396 0.74 contig_1_323 # 360930 # 363629 # -1 # ID=1_323;partial=00;start_type=ATG;rbs_motif=AGGAG;rbs_spacer=5-10bp;gc_cont=0.433
contig_1:360930-363629|-   -            900 984717at2            -            224   5.1e-05   20.5   0.1   3   4   1.8e-07   5.1e-05   20.5   0.1     2   105   404   514   403   534 0.77 contig_1_323 # 360930 # 363629 # -1 # ID=1_323;partial=00;start_type=ATG;rbs_motif=AGGAG;rbs_spacer=5-10bp;gc_cont=0.433
contig_1:360930-363629|-   -            900 984717at2            -            224   5.1e-05   20.5   0.1   4   4       2.3   6.5e+02   -2.7   0.1    60    95   683   717   680   738 0.72 contig_1_323 # 360930 # 363629 # -1 # ID=1_323;partial=00;start_type=ATG;rbs_motif=AGGAG;rbs_spacer=5-10bp;gc_cont=0.433
contig_1:2884306-2885397|+ -            364 984717at2            -            224   6.1e-05   20.2   0.1   1   2   8.5e-07   0.00024   18.3   0.0     3    25     6    28     4    36 0.89 contig_1_2631 # 2884306 # 2885397 # 1 # ID=1_2631;partial=00;start_type=ATG;rbs_motif=GGA/GAG/AGG;rbs_spacer=5-10bp;gc_cont=0.407
contig_1:2884306-2885397|+ -            364 984717at2            -            224   6.1e-05   20.2   0.1   2   2       0.6   1.7e+02   -0.8   0.0    77   111   101   129    69   176 0.72 contig_1_2631 # 2884306 # 2885397 # 1 # ID=1_2631;partial=00;start_type=ATG;rbs_motif=GGA/GAG/AGG;rbs_spacer=5-10bp;gc_cont=0.407
contig_1:1146144-1146920|- -            259 984717at2            -            224   0.00011   19.5   0.0   1   1   5.6e-07   0.00016   18.9   0.0     2    67    64   129    63   148 0.78 contig_1_1033 # 1146144 # 1146920 # -1 # ID=1_1033;partial=00;start_type=ATG;rbs_motif=None;rbs_spacer=None;gc_cont=0.413
contig_1:669576-670376|+   -            267 984717at2            -            224   0.00047   17.3   0.0   1   1   3.3e-06   0.00094   16.3   0.0     1    52    59   111    59   119 0.92 contig_1_602 # 669576 # 670376 # 1 # ID=1_602;partial=00;start_type=ATG;rbs_motif=AGGAG;rbs_spacer=5-10bp;gc_cont=0.402
contig_1:451394-453247|-   -            618 984717at2            -            224   0.00082   16.5   0.0   1   1   5.1e-06    0.0014   15.7   0.0     2    29     7    34     6   130 0.83 contig_1_406 # 451394 # 453247 # -1 # ID=1_406;partial=00;start_type=ATG;rbs_motif=AGGAG;rbs_spacer=5-10bp;gc_cont=0.431
contig_1:725058-726989|-   -            644 984717at2            -            224     0.015   12.4   0.1   1   2    0.0097       2.8    5.0   0.0     3    56    31    81    29    85 0.81 contig_1_652 # 725058 # 726989 # -1 # ID=1_652;partial=00;start_type=ATG;rbs_motif=None;rbs_spacer=None;gc_cont=0.422
contig_1:725058-726989|-   -            644 984717at2            -            224     0.015   12.4   0.1   2   2     0.013       3.8    4.6   0.1     2    22   340   360   339   369 0.91 contig_1_652 # 725058 # 726989 # -1 # ID=1_652;partial=00;start_type=ATG;rbs_motif=None;rbs_spacer=None;gc_cont=0.422
#
# Program:         hmmsearch
# Version:         3.4 (Aug 2023)
# Pipeline mode:   SEARCH
# Query file:      /home/abane_ashu/busco-5.8.0/busco_downloads/lineages/bacteria_odb10/hmms/984717at2.hmm
# Target file:     /home/abane_ashu/busco-5.8.0/busco_flye/prodigal_output/predicted_genes/predicted.faa
# Option settings: hmmsearch --domtblout /home/abane_ashu/busco-5.8.0/busco_flye/run_bacteria_odb10/hmmer_output/984717at2.out --cpu 1 /home/abane_ashu/busco-5.8.0/busco_downloads/lineages/bacteria_odb10/hmms/984717at2.hmm /home/abane_ashu/busco-5.8.0/busco_flye/prodigal_output/predicted_genes/predicted.faa 
# Current dir:     /home/abane_ashu/busco-5.8.0
# Date:            Thu Aug 14 00:53:32 2025
# [ok]
