A	C	G	T	N	IUPAC	Other	GC	GC_stdev
0.3048	0.2005	0.1903	0.3043	0.0000	0.0000	0.0000	0.3909	0.0103

Main genome scaffold total:         	13
Main genome contig total:           	13
Main genome scaffold sequence total:	3155007
Main genome contig sequence total:  	3155007  	0.000% gap
Main genome scaffold N/L50:         	4/437312
Main genome contig N/L50:           	4/437312
Main genome scaffold N/L90:         	9/123935
Main genome contig N/L90:           	9/123935
Max scaffold length:                	552786
Max contig length:                  	552786
Number of scaffolds > 50 KB:        	11
% main genome in scaffolds > 50 KB: 	98.59%


Minimum 	Number        	Number        	Total         	Total         	Scaffold
Scaffold	of            	of            	Scaffold      	Contig        	Contig  
Length  	Scaffolds     	Contigs       	Length        	Length        	Coverage
--------	--------------	--------------	--------------	--------------	--------
    All 	            13	            13	       3155007	       3155007	 100.00%
  10000 	            13	            13	       3155007	       3155007	 100.00%
  25000 	            12	            12	       3144515	       3144515	 100.00%
  50000 	            11	            11	       3110678	       3110678	 100.00%
 100000 	             9	             9	       2953177	       2953177	 100.00%
 250000 	             6	             6	       2450237	       2450237	 100.00%
 500000 	             1	             1	        552786	        552786	 100.00%

