A	C	G	T	N	IUPAC	Other	GC	GC_stdev
0.3051	0.1957	0.1951	0.3041	0.0000	0.0000	0.0000	0.3908	0.0218

Main genome scaffold total:         	2
Main genome contig total:           	2
Main genome scaffold sequence total:	3780699
Main genome contig sequence total:  	3780699  	0.000% gap
Main genome scaffold N/L50:         	1/3773355
Main genome contig N/L50:           	1/3773355
Main genome scaffold N/L90:         	1/3773355
Main genome contig N/L90:           	1/3773355
Max scaffold length:                	3773355
Max contig length:                  	3773355
Number of scaffolds > 50 KB:        	1
% main genome in scaffolds > 50 KB: 	99.81%


Minimum 	Number        	Number        	Total         	Total         	Scaffold
Scaffold	of            	of            	Scaffold      	Contig        	Contig  
Length  	Scaffolds     	Contigs       	Length        	Length        	Coverage
--------	--------------	--------------	--------------	--------------	--------
    All 	             2	             2	       3780699	       3780699	 100.00%
   5000 	             2	             2	       3780699	       3780699	 100.00%
  10000 	             1	             1	       3773355	       3773355	 100.00%
  25000 	             1	             1	       3773355	       3773355	 100.00%
  50000 	             1	             1	       3773355	       3773355	 100.00%
 100000 	             1	             1	       3773355	       3773355	 100.00%
 250000 	             1	             1	       3773355	       3773355	 100.00%
 500000 	             1	             1	       3773355	       3773355	 100.00%
1000000 	             1	             1	       3773355	       3773355	 100.00%
2500000 	             1	             1	       3773355	       3773355	 100.00%

