#                                                                                 --- full sequence --- -------------- this domain -------------   hmm coord   ali coord   env coord
# target name             accession   tlen query name           accession   qlen   E-value  score  bias   #  of  c-Evalue  i-Evalue  score  bias  from    to  from    to  from    to  acc description of target
#     ------------------- ---------- ----- -------------------- ---------- ----- --------- ------ ----- --- --- --------- --------- ------ ----- ----- ----- ----- ----- ----- ----- ---- ---------------------
Utg1948:21235-22401|-     -            389 1054741at2           -            333  3.1e-137  455.5   0.0   1   1  5.2e-140  3.6e-137  455.3   0.0     2   331    24   383    23   385 0.94 Utg1948_21 # 21235 # 22401 # -1 # ID=11_21;partial=00;start_type=ATG;rbs_motif=GGA/GAG/AGG;rbs_spacer=5-10bp;gc_cont=0.576
Utg1904:3633834-3634967|+ -            378 1054741at2           -            333  2.8e-130  432.6   0.0   1   1  6.7e-133  4.6e-130  431.9   0.0     3   331     2   369     1   371 0.92 Utg1904_3306 # 3633834 # 3634967 # 1 # ID=1_3306;partial=00;start_type=ATG;rbs_motif=GGA/GAG/AGG;rbs_spacer=11-12bp;gc_cont=0.429
Utg1904:1076137-1077705|+ -            523 1054741at2           -            333   2.3e-07   28.6   0.1   1   1   5.9e-10     4e-07   27.8   0.1     3    76   224   292   222   298 0.80 Utg1904_976 # 1076137 # 1077705 # 1 # ID=1_976;partial=00;start_type=ATG;rbs_motif=None;rbs_spacer=None;gc_cont=0.426
Utg1904:3747258-3747944|+ -            229 1054741at2           -            333   5.3e-05   20.8   0.1   1   2   5.4e-07   0.00037   18.0   0.1     7    84    15    91    10    98 0.74 Utg1904_3411 # 3747258 # 3747944 # 1 # ID=1_3411;partial=00;start_type=ATG;rbs_motif=None;rbs_spacer=None;gc_cont=0.393
Utg1904:3747258-3747944|+ -            229 1054741at2           -            333   5.3e-05   20.8   0.1   2   2     0.026        18    2.6   0.0   103   123    84   104    79   106 0.92 Utg1904_3411 # 3747258 # 3747944 # 1 # ID=1_3411;partial=00;start_type=ATG;rbs_motif=None;rbs_spacer=None;gc_cont=0.393
Utg1904:1792674-1794299|- -            542 1054741at2           -            333   0.00034   18.2   0.1   1   1   9.8e-07   0.00067   17.2   0.1     6    70   283   342   281   357 0.66 Utg1904_1626 # 1792674 # 1794299 # -1 # ID=1_1626;partial=00;start_type=ATG;rbs_motif=AGGA;rbs_spacer=5-10bp;gc_cont=0.394
Utg1904:3746066-3746737|+ -            224 1054741at2           -            333   0.00067   17.2   0.0   1   1   1.4e-06   0.00099   16.6   0.0     4    71     3    62     1    65 0.83 Utg1904_3409 # 3746066 # 3746737 # 1 # ID=1_3409;partial=00;start_type=ATG;rbs_motif=GGAG/GAGG;rbs_spacer=5-10bp;gc_cont=0.426
Utg1904:2044847-2046190|- -            448 1054741at2           -            333    0.0033   14.9   0.0   1   1   8.1e-06    0.0055   14.2   0.0     4    51    15    62    13    81 0.79 Utg1904_1842 # 2044847 # 2046190 # -1 # ID=1_1842;partial=00;start_type=ATG;rbs_motif=AGGA;rbs_spacer=5-10bp;gc_cont=0.423
Utg2014:42072-42773|+     -            234 1054741at2           -            333    0.0046   14.4   0.1   1   1   9.3e-06    0.0064   14.0   0.1     4    70     2    62     1    73 0.80 Utg2014_49 # 42072 # 42773 # 1 # ID=22_49;partial=00;start_type=ATG;rbs_motif=AGGA;rbs_spacer=5-10bp;gc_cont=0.580
Utg1914:64266-65579|+     -            438 1054741at2           -            333     0.011   13.2   0.0   1   1   2.3e-05     0.016   12.7   0.0     4    70    17    83    14    87 0.88 Utg1914_63 # 64266 # 65579 # 1 # ID=3_63;partial=00;start_type=ATG;rbs_motif=None;rbs_spacer=None;gc_cont=0.654
#
# Program:         hmmsearch
# Version:         3.4 (Aug 2023)
# Pipeline mode:   SEARCH
# Query file:      /home/abane_ashu/busco-5.8.0/busco_downloads/lineages/bacteria_odb10/hmms/1054741at2.hmm
# Target file:     /home/abane_ashu/busco-5.8.0/busco_raven/prodigal_output/predicted_genes/predicted.faa
# Option settings: hmmsearch --domtblout /home/abane_ashu/busco-5.8.0/busco_raven/run_bacteria_odb10/hmmer_output/1054741at2.out --cpu 1 /home/abane_ashu/busco-5.8.0/busco_downloads/lineages/bacteria_odb10/hmms/1054741at2.hmm /home/abane_ashu/busco-5.8.0/busco_raven/prodigal_output/predicted_genes/predicted.faa 
# Current dir:     /home/abane_ashu/busco-5.8.0
# Date:            Thu Aug 14 01:01:28 2025
# [ok]
