#                                                                                 --- full sequence --- -------------- this domain -------------   hmm coord   ali coord   env coord
# target name             accession   tlen query name           accession   qlen   E-value  score  bias   #  of  c-Evalue  i-Evalue  score  bias  from    to  from    to  from    to  acc description of target
#     ------------------- ---------- ----- -------------------- ---------- ----- --------- ------ ----- --- --- --------- --------- ------ ----- ----- ----- ----- ----- ----- ----- ---- ---------------------
Utg1904:1252462-1254129|- -            556 1074831at2           -            386   1.2e-73  246.9  36.7   1   4     4e-20   8.9e-18   63.0   0.0     1    63     1    69     1    74 0.87 Utg1904_1141 # 1252462 # 1254129 # -1 # ID=1_1141;partial=00;start_type=ATG;rbs_motif=GGA/GAG/AGG;rbs_spacer=5-10bp;gc_cont=0.408
Utg1904:1252462-1254129|- -            556 1074831at2           -            386   1.2e-73  246.9  36.7   2   4   3.1e-17   6.9e-15   53.5   7.9    66   211    97   267    82   285 0.72 Utg1904_1141 # 1252462 # 1254129 # -1 # ID=1_1141;partial=00;start_type=ATG;rbs_motif=GGA/GAG/AGG;rbs_spacer=5-10bp;gc_cont=0.408
Utg1904:1252462-1254129|- -            556 1074831at2           -            386   1.2e-73  246.9  36.7   3   4   4.9e-06    0.0011   16.6   9.5   156   266   259   381   250   402 0.64 Utg1904_1141 # 1252462 # 1254129 # -1 # ID=1_1141;partial=00;start_type=ATG;rbs_motif=GGA/GAG/AGG;rbs_spacer=5-10bp;gc_cont=0.408
Utg1904:1252462-1254129|- -            556 1074831at2           -            386   1.2e-73  246.9  36.7   4   4   6.4e-37   1.4e-34  118.3   4.4   266   385   403   546   394   547 0.82 Utg1904_1141 # 1252462 # 1254129 # -1 # ID=1_1141;partial=00;start_type=ATG;rbs_motif=GGA/GAG/AGG;rbs_spacer=5-10bp;gc_cont=0.408
Utg1904:1943853-1944545|+ -            231 1074831at2           -            386   2.7e-08   31.8   1.3   1   2    0.0018       0.4    8.2   0.5     9    43    21    58    13   143 0.68 Utg1904_1758 # 1943853 # 1944545 # 1 # ID=1_1758;partial=00;start_type=ATG;rbs_motif=AGGA/GGAG/GAGG;rbs_spacer=11-12bp;gc_cont=0.416
Utg1904:1943853-1944545|+ -            231 1074831at2           -            386   2.7e-08   31.8   1.3   2   2   4.1e-08   9.2e-06   23.4   0.0   281   355   138   219   113   227 0.82 Utg1904_1758 # 1943853 # 1944545 # 1 # ID=1_1758;partial=00;start_type=ATG;rbs_motif=AGGA/GGAG/GAGG;rbs_spacer=11-12bp;gc_cont=0.416
Utg1904:908719-909801|-   -            361 1074831at2           -            386   3.8e-07   28.0   0.7   1   2   3.1e-09   6.8e-07   27.2   0.0     3   104     4   107     2   131 0.83 Utg1904_826 # 908719 # 909801 # -1 # ID=1_826;partial=00;start_type=ATG;rbs_motif=None;rbs_spacer=None;gc_cont=0.394
Utg1904:908719-909801|-   -            361 1074831at2           -            386   3.8e-07   28.0   0.7   2   2       2.7   5.9e+02   -2.3   0.1   186   194   301   309   262   346 0.50 Utg1904_826 # 908719 # 909801 # -1 # ID=1_826;partial=00;start_type=ATG;rbs_motif=None;rbs_spacer=None;gc_cont=0.394
Utg1904:2824279-2826540|+ -            754 1074831at2           -            386   1.8e-06   25.8   0.0   1   4      0.17        37    1.7   0.0    21    37    27    43    14    58 0.83 Utg1904_2568 # 2824279 # 2826540 # 1 # ID=1_2568;partial=00;start_type=ATG;rbs_motif=None;rbs_spacer=None;gc_cont=0.337
Utg1904:2824279-2826540|+ -            754 1074831at2           -            386   1.8e-06   25.8   0.0   2   4     0.029       6.5    4.2   0.0   282   352   329   407   241   412 0.79 Utg1904_2568 # 2824279 # 2826540 # 1 # ID=1_2568;partial=00;start_type=ATG;rbs_motif=None;rbs_spacer=None;gc_cont=0.337
Utg1904:2824279-2826540|+ -            754 1074831at2           -            386   1.8e-06   25.8   0.0   3   4   0.00016     0.035   11.6   0.0    20    66   478   522   456   527 0.73 Utg1904_2568 # 2824279 # 2826540 # 1 # ID=1_2568;partial=00;start_type=ATG;rbs_motif=None;rbs_spacer=None;gc_cont=0.337
Utg1904:2824279-2826540|+ -            754 1074831at2           -            386   1.8e-06   25.8   0.0   4   4      0.11        25    2.2   0.0   289   333   643   687   636   718 0.74 Utg1904_2568 # 2824279 # 2826540 # 1 # ID=1_2568;partial=00;start_type=ATG;rbs_motif=None;rbs_spacer=None;gc_cont=0.337
Utg1904:3566039-3567649|- -            537 1074831at2           -            386   1.9e-06   25.7   0.1   1   2   8.8e-05     0.019   12.5   0.0     5    43   336   377   334   400 0.86 Utg1904_3251 # 3566039 # 3567649 # -1 # ID=1_3251;partial=00;start_type=ATG;rbs_motif=GGA/GAG/AGG;rbs_spacer=5-10bp;gc_cont=0.417
Utg1904:3566039-3567649|- -            537 1074831at2           -            386   1.9e-06   25.7   0.1   2   2   0.00025     0.055   11.0   0.0   277   355   441   526   430   534 0.77 Utg1904_3251 # 3566039 # 3567649 # -1 # ID=1_3251;partial=00;start_type=ATG;rbs_motif=GGA/GAG/AGG;rbs_spacer=5-10bp;gc_cont=0.417
Utg2040:87252-88325|-     -            358 1074831at2           -            386   1.9e-05   22.4   0.0   1   1   1.7e-07   3.7e-05   21.4   0.0     2    51     3    54     2    71 0.86 Utg2040_91 # 87252 # 88325 # -1 # ID=25_91;partial=00;start_type=ATG;rbs_motif=None;rbs_spacer=None;gc_cont=0.577
Utg2008:46869-48458|-     -            530 1074831at2           -            386   2.4e-05   22.1   2.0   1   4     0.039       8.5    3.8   0.0    24    36    39    51    21    68 0.74 Utg2008_47 # 46869 # 48458 # -1 # ID=20_47;partial=00;start_type=ATG;rbs_motif=GGA/GAG/AGG;rbs_spacer=5-10bp;gc_cont=0.636
Utg2008:46869-48458|-     -            530 1074831at2           -            386   2.4e-05   22.1   2.0   2   4   5.3e-05     0.012   13.2   0.0   287   345   154   219    77   237 0.78 Utg2008_47 # 46869 # 48458 # -1 # ID=20_47;partial=00;start_type=ATG;rbs_motif=GGA/GAG/AGG;rbs_spacer=5-10bp;gc_cont=0.636
Utg2008:46869-48458|-     -            530 1074831at2           -            386   2.4e-05   22.1   2.0   3   4      0.99   2.2e+02   -0.9   0.3    25    36   317   328   301   342 0.83 Utg2008_47 # 46869 # 48458 # -1 # ID=20_47;partial=00;start_type=ATG;rbs_motif=GGA/GAG/AGG;rbs_spacer=5-10bp;gc_cont=0.636
Utg2008:46869-48458|-     -            530 1074831at2           -            386   2.4e-05   22.1   2.0   4   4      0.23        51    1.2   0.0   289   319   425   455   412   496 0.82 Utg2008_47 # 46869 # 48458 # -1 # ID=20_47;partial=00;start_type=ATG;rbs_motif=GGA/GAG/AGG;rbs_spacer=5-10bp;gc_cont=0.636
Utg2044:12802-13851|+     -            350 1074831at2           -            386   6.1e-05   20.7   0.1   1   2     0.045        10    3.6   0.2    24    40   161   177   151   193 0.85 Utg2044_18 # 12802 # 13851 # 1 # ID=27_18;partial=00;start_type=TTG;rbs_motif=GGA/GAG/AGG;rbs_spacer=5-10bp;gc_cont=0.643
Utg2044:12802-13851|+     -            350 1074831at2           -            386   6.1e-05   20.7   0.1   2   2   2.1e-05    0.0047   14.5   0.0   279   356   257   341   231   349 0.79 Utg2044_18 # 12802 # 13851 # 1 # ID=27_18;partial=00;start_type=TTG;rbs_motif=GGA/GAG/AGG;rbs_spacer=5-10bp;gc_cont=0.643
Utg1942:75357-76193|-     -            279 1074831at2           -            386   9.7e-05   20.1   0.5   1   2     0.004      0.88    7.0   0.1    24    43    34    53    17    67 0.76 Utg1942_79 # 75357 # 76193 # -1 # ID=10_79;partial=00;start_type=ATG;rbs_motif=GGAG/GAGG;rbs_spacer=5-10bp;gc_cont=0.670
Utg1942:75357-76193|-     -            279 1074831at2           -            386   9.7e-05   20.1   0.5   2   2   0.00033     0.073   10.6   0.0   290   364   149   230   142   245 0.84 Utg1942_79 # 75357 # 76193 # -1 # ID=10_79;partial=00;start_type=ATG;rbs_motif=GGAG/GAGG;rbs_spacer=5-10bp;gc_cont=0.670
Utg1904:902945-904876|+   -            644 1074831at2           -            386    0.0001   20.0  23.2   1   5    0.0037      0.81    7.2   0.1    25    46    32    53    19    69 0.82 Utg1904_822 # 902945 # 904876 # 1 # ID=1_822;partial=00;start_type=ATG;rbs_motif=None;rbs_spacer=None;gc_cont=0.421
Utg1904:902945-904876|+   -            644 1074831at2           -            386    0.0001   20.0  23.2   2   5      0.68   1.5e+02   -0.3   1.7   102   135   244   277   205   296 0.44 Utg1904_822 # 902945 # 904876 # 1 # ID=1_822;partial=00;start_type=ATG;rbs_motif=None;rbs_spacer=None;gc_cont=0.421
Utg1904:902945-904876|+   -            644 1074831at2           -            386    0.0001   20.0  23.2   3   5      0.01       2.3    5.7   0.1    26    54   343   375   331   417 0.74 Utg1904_822 # 902945 # 904876 # 1 # ID=1_822;partial=00;start_type=ATG;rbs_motif=None;rbs_spacer=None;gc_cont=0.421
Utg1904:902945-904876|+   -            644 1074831at2           -            386    0.0001   20.0  23.2   4   5   4.9e-05     0.011   13.3   0.0   280   355   421   500   416   509 0.74 Utg1904_822 # 902945 # 904876 # 1 # ID=1_822;partial=00;start_type=ATG;rbs_motif=None;rbs_spacer=None;gc_cont=0.421
Utg1904:902945-904876|+   -            644 1074831at2           -            386    0.0001   20.0  23.2   5   5     0.046        10    3.6   4.5    68   148   559   638   515   641 0.73 Utg1904_822 # 902945 # 904876 # 1 # ID=1_822;partial=00;start_type=ATG;rbs_motif=None;rbs_spacer=None;gc_cont=0.421
Utg1904:697119-699953|+   -            945 1074831at2           -            386    0.0002   19.0   0.4   1   4      0.16        36    1.7   0.0    22    36    28    42    16    62 0.79 Utg1904_642 # 697119 # 699953 # 1 # ID=1_642;partial=00;start_type=ATG;rbs_motif=GGA/GAG/AGG;rbs_spacer=5-10bp;gc_cont=0.441
Utg1904:697119-699953|+   -            945 1074831at2           -            386    0.0002   19.0   0.4   2   4     0.028       6.3    4.2   0.0   282   315   480   515   448   557 0.75 Utg1904_642 # 697119 # 699953 # 1 # ID=1_642;partial=00;start_type=ATG;rbs_motif=GGA/GAG/AGG;rbs_spacer=5-10bp;gc_cont=0.441
Utg1904:697119-699953|+   -            945 1074831at2           -            386    0.0002   19.0   0.4   3   4     0.022       4.9    4.6   0.1    18    38   632   653   624   664 0.82 Utg1904_642 # 697119 # 699953 # 1 # ID=1_642;partial=00;start_type=ATG;rbs_motif=GGA/GAG/AGG;rbs_spacer=5-10bp;gc_cont=0.441
Utg1904:697119-699953|+   -            945 1074831at2           -            386    0.0002   19.0   0.4   4   4     0.095        21    2.5   0.0   284   319   826   864   821   873 0.75 Utg1904_642 # 697119 # 699953 # 1 # ID=1_642;partial=00;start_type=ATG;rbs_motif=GGA/GAG/AGG;rbs_spacer=5-10bp;gc_cont=0.441
Utg1904:3564447-3566042|- -            532 1074831at2           -            386   0.00022   18.9   3.0   1   3         1   2.2e+02   -0.9   0.3    93   126   176   209   169   238 0.55 Utg1904_3250 # 3564447 # 3566042 # -1 # ID=1_3250;partial=00;start_type=ATG;rbs_motif=GGA/GAG/AGG;rbs_spacer=5-10bp;gc_cont=0.431
Utg1904:3564447-3566042|- -            532 1074831at2           -            386   0.00022   18.9   3.0   2   3      0.15        32    1.9   0.0    25    40   352   367   330   370 0.81 Utg1904_3250 # 3564447 # 3566042 # -1 # ID=1_3250;partial=00;start_type=ATG;rbs_motif=GGA/GAG/AGG;rbs_spacer=5-10bp;gc_cont=0.431
Utg1904:3564447-3566042|- -            532 1074831at2           -            386   0.00022   18.9   3.0   3   3   8.8e-06    0.0019   15.8   0.1   283   342   451   513   443   527 0.85 Utg1904_3250 # 3564447 # 3566042 # -1 # ID=1_3250;partial=00;start_type=ATG;rbs_motif=GGA/GAG/AGG;rbs_spacer=5-10bp;gc_cont=0.431
Utg1904:1519296-1520903|- -            536 1074831at2           -            386   0.00027   18.6   1.9   1   3   1.8e-05     0.004   14.8   0.0     2    42    65   107    64   114 0.88 Utg1904_1378 # 1519296 # 1520903 # -1 # ID=1_1378;partial=00;start_type=ATG;rbs_motif=AGxAG;rbs_spacer=5-10bp;gc_cont=0.269
Utg1904:1519296-1520903|- -            536 1074831at2           -            386   0.00027   18.6   1.9   2   3      0.65   1.4e+02   -0.3   0.3   134   173   254   293   238   326 0.62 Utg1904_1378 # 1519296 # 1520903 # -1 # ID=1_1378;partial=00;start_type=ATG;rbs_motif=AGxAG;rbs_spacer=5-10bp;gc_cont=0.269
Utg1904:1519296-1520903|- -            536 1074831at2           -            386   0.00027   18.6   1.9   3   3      0.31        69    0.8   0.0   335   359   416   441   409   463 0.78 Utg1904_1378 # 1519296 # 1520903 # -1 # ID=1_1378;partial=00;start_type=ATG;rbs_motif=AGxAG;rbs_spacer=5-10bp;gc_cont=0.269
Utg2044:9305-9982|+       -            226 1074831at2           -            386   0.00033   18.3   0.0   1   2   0.00096      0.21    9.1   0.0    21    58    34    71    16    86 0.77 Utg2044_12 # 9305 # 9982 # 1 # ID=27_12;partial=00;start_type=ATG;rbs_motif=AGGA;rbs_spacer=5-10bp;gc_cont=0.524
Utg2044:9305-9982|+       -            226 1074831at2           -            386   0.00033   18.3   0.0   2   2     0.003      0.67    7.4   0.0   288   359   136   214   125   222 0.76 Utg2044_12 # 9305 # 9982 # 1 # ID=27_12;partial=00;start_type=ATG;rbs_motif=AGGA;rbs_spacer=5-10bp;gc_cont=0.524
Utg1904:647385-649076|-   -            564 1074831at2           -            386   0.00085   17.0   0.0   1   2      0.34        75    0.7   0.0    24    65   382   423   368   433 0.82 Utg1904_588 # 647385 # 649076 # -1 # ID=1_588;partial=00;start_type=ATG;rbs_motif=None;rbs_spacer=None;gc_cont=0.304
Utg1904:647385-649076|-   -            564 1074831at2           -            386   0.00085   17.0   0.0   2   2   3.7e-05    0.0082   13.7   0.0   282   353   482   556   473   561 0.86 Utg1904_588 # 647385 # 649076 # -1 # ID=1_588;partial=00;start_type=ATG;rbs_motif=None;rbs_spacer=None;gc_cont=0.304
Utg1904:10803-11489|-     -            229 1074831at2           -            386    0.0012   16.5   0.7   1   2     0.058        13    3.2   0.2    21    41    36    56    20    63 0.75 Utg1904_10 # 10803 # 11489 # -1 # ID=1_10;partial=00;start_type=ATG;rbs_motif=GGAG/GAGG;rbs_spacer=5-10bp;gc_cont=0.418
Utg1904:10803-11489|-     -            229 1074831at2           -            386    0.0012   16.5   0.7   2   2   0.00015     0.034   11.7   0.0   290   355   147   219   137   222 0.80 Utg1904_10 # 10803 # 11489 # -1 # ID=1_10;partial=00;start_type=ATG;rbs_motif=GGAG/GAGG;rbs_spacer=5-10bp;gc_cont=0.418
Utg2050:2-982|+           -            327 1074831at2           -            386    0.0042   14.7   2.6   1   2     0.067        15    3.0   0.1    21    43    35    58    24    72 0.79 Utg2050_1 # 2 # 982 # 1 # ID=28_1;partial=10;start_type=Edge;rbs_motif=None;rbs_spacer=None;gc_cont=0.666
Utg2050:2-982|+           -            327 1074831at2           -            386    0.0042   14.7   2.6   2   2   0.00016     0.035   11.7   0.3   289   358   156   231   145   240 0.76 Utg2050_1 # 2 # 982 # 1 # ID=28_1;partial=10;start_type=Edge;rbs_motif=None;rbs_spacer=None;gc_cont=0.666
Utg1912:69892-70572|+     -            227 1074831at2           -            386    0.0044   14.6   0.0   1   2     0.019       4.3    4.8   0.0    23    41    37    55    27    58 0.85 Utg1912_78 # 69892 # 70572 # 1 # ID=2_78;partial=00;start_type=ATG;rbs_motif=GGA/GAG/AGG;rbs_spacer=5-10bp;gc_cont=0.628
Utg1912:69892-70572|+     -            227 1074831at2           -            386    0.0044   14.6   0.0   2   2    0.0023      0.51    7.8   0.0   274   333   133   193   116   195 0.81 Utg1912_78 # 69892 # 70572 # 1 # ID=2_78;partial=00;start_type=ATG;rbs_motif=GGA/GAG/AGG;rbs_spacer=5-10bp;gc_cont=0.628
Utg2020:43702-45543|+     -            614 1074831at2           -            386    0.0048   14.5   6.4   1   4      0.04       8.9    3.7   0.0    24    45    47    68    33    90 0.86 Utg2020_41 # 43702 # 45543 # 1 # ID=23_41;partial=01;start_type=GTG;rbs_motif=GGAG/GAGG;rbs_spacer=5-10bp;gc_cont=0.644
Utg2020:43702-45543|+     -            614 1074831at2           -            386    0.0048   14.5   6.4   2   4   0.00035     0.078   10.5   0.7   283   355   163   243   126   257 0.84 Utg2020_41 # 43702 # 45543 # 1 # ID=23_41;partial=01;start_type=GTG;rbs_motif=GGAG/GAGG;rbs_spacer=5-10bp;gc_cont=0.644
Utg2020:43702-45543|+     -            614 1074831at2           -            386    0.0048   14.5   6.4   3   4       0.3        66    0.9   0.0    25    62   352   389   334   423 0.77 Utg2020_41 # 43702 # 45543 # 1 # ID=23_41;partial=01;start_type=GTG;rbs_motif=GGAG/GAGG;rbs_spacer=5-10bp;gc_cont=0.644
Utg2020:43702-45543|+     -            614 1074831at2           -            386    0.0048   14.5   6.4   4   4       2.2   4.8e+02   -2.0   0.1   290   318   461   489   453   543 0.67 Utg2020_41 # 43702 # 45543 # 1 # ID=23_41;partial=01;start_type=GTG;rbs_motif=GGAG/GAGG;rbs_spacer=5-10bp;gc_cont=0.644
Utg1912:69026-69784|+     -            253 1074831at2           -            386    0.0064   14.1   0.1   1   2    0.0022      0.49    7.9   0.0    25    46    36    57    32    84 0.81 Utg1912_77 # 69026 # 69784 # 1 # ID=2_77;partial=00;start_type=ATG;rbs_motif=GGAG/GAGG;rbs_spacer=5-10bp;gc_cont=0.639
Utg1912:69026-69784|+     -            253 1074831at2           -            386    0.0064   14.1   0.1   2   2     0.029       6.4    4.2   0.0   283   358   139   221   132   227 0.71 Utg1912_77 # 69026 # 69784 # 1 # ID=2_77;partial=00;start_type=ATG;rbs_motif=GGAG/GAGG;rbs_spacer=5-10bp;gc_cont=0.639
Utg2014:35872-37644|-     -            591 1074831at2           -            386    0.0076   13.8   0.1   1   2     0.022       4.7    4.6   0.0    24    40   366   382   356   387 0.83 Utg2014_44 # 35872 # 37644 # -1 # ID=22_44;partial=00;start_type=TTG;rbs_motif=AGGA;rbs_spacer=5-10bp;gc_cont=0.615
Utg2014:35872-37644|-     -            591 1074831at2           -            386    0.0076   13.8   0.1   2   2    0.0046         1    6.8   0.0   288   334   471   517   443   518 0.90 Utg2014_44 # 35872 # 37644 # -1 # ID=22_44;partial=00;start_type=TTG;rbs_motif=AGGA;rbs_spacer=5-10bp;gc_cont=0.615
Utg2050:77385-78206|-     -            274 1074831at2           -            386    0.0091   13.6   0.1   1   2   0.00032     0.071   10.6   0.2    13    44    27    61    22    82 0.80 Utg2050_89 # 77385 # 78206 # -1 # ID=28_89;partial=00;start_type=ATG;rbs_motif=AGGAG;rbs_spacer=5-10bp;gc_cont=0.614
Utg2050:77385-78206|-     -            274 1074831at2           -            386    0.0091   13.6   0.1   2   2      0.47     1e+02    0.2   0.0   289   315   147   173   137   179 0.91 Utg2050_89 # 77385 # 78206 # -1 # ID=28_89;partial=00;start_type=ATG;rbs_motif=AGGAG;rbs_spacer=5-10bp;gc_cont=0.614
Utg1904:1090117-1090896|- -            260 1074831at2           -            386    0.0097   13.5   0.0   1   2     0.013       2.9    5.3   0.0    22    43    38    59    24    92 0.71 Utg1904_990 # 1090117 # 1090896 # -1 # ID=1_990;partial=00;start_type=GTG;rbs_motif=GGA/GAG/AGG;rbs_spacer=5-10bp;gc_cont=0.415
Utg1904:1090117-1090896|- -            260 1074831at2           -            386    0.0097   13.5   0.0   2   2    0.0073       1.6    6.2   0.0   288   315   124   151   109   164 0.84 Utg1904_990 # 1090117 # 1090896 # -1 # ID=1_990;partial=00;start_type=GTG;rbs_motif=GGA/GAG/AGG;rbs_spacer=5-10bp;gc_cont=0.415
Utg2044:55308-56792|+     -            495 1074831at2           -            386     0.013   13.1   0.1   1   2    0.0039      0.87    7.1   0.0    23    40    34    51    24    73 0.88 Utg2044_64 # 55308 # 56792 # 1 # ID=27_64;partial=00;start_type=ATG;rbs_motif=GGAG/GAGG;rbs_spacer=5-10bp;gc_cont=0.564
Utg2044:55308-56792|+     -            495 1074831at2           -            386     0.013   13.1   0.1   2   2     0.042       9.2    3.7   0.0   283   355   390   469   377   478 0.77 Utg2044_64 # 55308 # 56792 # 1 # ID=27_64;partial=00;start_type=ATG;rbs_motif=GGAG/GAGG;rbs_spacer=5-10bp;gc_cont=0.564
Utg2010:25265-26278|-     -            338 1074831at2           -            386     0.018   12.6   1.2   1   2     0.024       5.2    4.5   0.2    25   119    54   153    38   164 0.63 Utg2010_29 # 25265 # 26278 # -1 # ID=21_29;partial=00;start_type=ATG;rbs_motif=AGGAG;rbs_spacer=5-10bp;gc_cont=0.586
Utg2010:25265-26278|-     -            338 1074831at2           -            386     0.018   12.6   1.2   2   2    0.0033      0.72    7.3   0.0   283   354   162   241   155   252 0.72 Utg2010_29 # 25265 # 26278 # -1 # ID=21_29;partial=00;start_type=ATG;rbs_motif=AGGAG;rbs_spacer=5-10bp;gc_cont=0.586
Utg1904:1409739-1410176|- -            146 1074831at2           -            386     0.059   10.9   4.8   1   1   0.00033     0.073   10.6   4.8   180   236    48   104    36   110 0.86 Utg1904_1281 # 1409739 # 1410176 # -1 # ID=1_1281;partial=00;start_type=ATG;rbs_motif=GGA/GAG/AGG;rbs_spacer=5-10bp;gc_cont=0.409
Utg1904:2637121-2638851|+ -            577 1074831at2           -            386     0.082   10.4   6.7   1   4      0.21        47    1.4   0.1    24    36    45    57    35    83 0.81 Utg1904_2390 # 2637121 # 2638851 # 1 # ID=1_2390;partial=00;start_type=ATG;rbs_motif=GGAG/GAGG;rbs_spacer=5-10bp;gc_cont=0.394
Utg1904:2637121-2638851|+ -            577 1074831at2           -            386     0.082   10.4   6.7   2   4   0.00036     0.079   10.5   0.2   280   362   154   244   149   252 0.80 Utg1904_2390 # 2637121 # 2638851 # 1 # ID=1_2390;partial=00;start_type=ATG;rbs_motif=GGAG/GAGG;rbs_spacer=5-10bp;gc_cont=0.394
Utg1904:2637121-2638851|+ -            577 1074831at2           -            386     0.082   10.4   6.7   3   4       1.2   2.7e+02   -1.1   0.1    25    36   355   366   352   410 0.68 Utg1904_2390 # 2637121 # 2638851 # 1 # ID=1_2390;partial=00;start_type=ATG;rbs_motif=GGAG/GAGG;rbs_spacer=5-10bp;gc_cont=0.394
Utg1904:2637121-2638851|+ -            577 1074831at2           -            386     0.082   10.4   6.7   4   4       1.5   3.4e+02   -1.5   0.0   291   328   466   503   455   548 0.72 Utg1904_2390 # 2637121 # 2638851 # 1 # ID=1_2390;partial=00;start_type=ATG;rbs_motif=GGAG/GAGG;rbs_spacer=5-10bp;gc_cont=0.394
Utg1904:628350-630011|-   -            554 1074831at2           -            386      0.46    8.0   6.5   1   4       3.1   6.9e+02   -2.5   0.1    27    38    39    50    37    53 0.83 Utg1904_573 # 628350 # 630011 # -1 # ID=1_573;partial=00;start_type=GTG;rbs_motif=AGGAG;rbs_spacer=5-10bp;gc_cont=0.427
Utg1904:628350-630011|-   -            554 1074831at2           -            386      0.46    8.0   6.5   2   4       2.6   5.8e+02   -2.2   0.0   290   315   163   188   159   191 0.79 Utg1904_573 # 628350 # 630011 # -1 # ID=1_573;partial=00;start_type=GTG;rbs_motif=AGGAG;rbs_spacer=5-10bp;gc_cont=0.427
Utg1904:628350-630011|-   -            554 1074831at2           -            386      0.46    8.0   6.5   3   4     0.017       3.8    5.0   2.7   122   175   248   301   221   312 0.81 Utg1904_573 # 628350 # 630011 # -1 # ID=1_573;partial=00;start_type=GTG;rbs_motif=AGGAG;rbs_spacer=5-10bp;gc_cont=0.427
Utg1904:628350-630011|-   -            554 1074831at2           -            386      0.46    8.0   6.5   4   4      0.13        28    2.1   0.0   280   315   435   470   431   499 0.77 Utg1904_573 # 628350 # 630011 # -1 # ID=1_573;partial=00;start_type=GTG;rbs_motif=AGGAG;rbs_spacer=5-10bp;gc_cont=0.427
#
# Program:         hmmsearch
# Version:         3.4 (Aug 2023)
# Pipeline mode:   SEARCH
# Query file:      /home/abane_ashu/busco-5.8.0/busco_downloads/lineages/bacteria_odb10/hmms/1074831at2.hmm
# Target file:     /home/abane_ashu/busco-5.8.0/busco_raven/prodigal_output/predicted_genes/predicted.faa
# Option settings: hmmsearch --domtblout /home/abane_ashu/busco-5.8.0/busco_raven/run_bacteria_odb10/hmmer_output/1074831at2.out --cpu 1 /home/abane_ashu/busco-5.8.0/busco_downloads/lineages/bacteria_odb10/hmms/1074831at2.hmm /home/abane_ashu/busco-5.8.0/busco_raven/prodigal_output/predicted_genes/predicted.faa 
# Current dir:     /home/abane_ashu/busco-5.8.0
# Date:            Thu Aug 14 01:01:29 2025
# [ok]
