#                                                                                 --- full sequence --- -------------- this domain -------------   hmm coord   ali coord   env coord
# target name             accession   tlen query name           accession   qlen   E-value  score  bias   #  of  c-Evalue  i-Evalue  score  bias  from    to  from    to  from    to  acc description of target
#     ------------------- ---------- ----- -------------------- ---------- ----- --------- ------ ----- --- --- --------- --------- ------ ----- ----- ----- ----- ----- ----- ----- ---- ---------------------
Utg1904:1178974-1180320|+ -            449 1093223at2           -            361   1.4e-91  306.0   0.0   1   1   4.1e-94   3.6e-91  304.7   0.0    22   358    34   447     7   448 0.80 Utg1904_1074 # 1178974 # 1180320 # 1 # ID=1_1074;partial=00;start_type=ATG;rbs_motif=None;rbs_spacer=None;gc_cont=0.425
Utg1904:749816-751264|-   -            483 1093223at2           -            361   6.1e-21   73.6   0.0   1   1   2.3e-23     2e-20   71.9   0.0    33   246    76   335    28   350 0.74 Utg1904_683 # 749816 # 751264 # -1 # ID=1_683;partial=00;start_type=ATG;rbs_motif=GGA/GAG/AGG;rbs_spacer=5-10bp;gc_cont=0.422
Utg1904:606496-607995|-   -            500 1093223at2           -            361   2.4e-20   71.7   0.4   1   2   4.5e-09   3.9e-06   24.9   0.1    72   101   102   131    54   147 0.86 Utg1904_555 # 606496 # 607995 # -1 # ID=1_555;partial=00;start_type=ATG;rbs_motif=GGA/GAG/AGG;rbs_spacer=5-10bp;gc_cont=0.412
Utg1904:606496-607995|-   -            500 1093223at2           -            361   2.4e-20   71.7   0.4   2   2   4.4e-15   3.9e-12   44.7   0.0   117   259   171   354   160   411 0.74 Utg1904_555 # 606496 # 607995 # -1 # ID=1_555;partial=00;start_type=ATG;rbs_motif=GGA/GAG/AGG;rbs_spacer=5-10bp;gc_cont=0.412
Utg1904:605087-606487|-   -            467 1093223at2           -            361   6.3e-19   67.0   0.0   1   1   1.2e-21   1.1e-18   66.3   0.0    72   268   113   354    78   369 0.80 Utg1904_554 # 605087 # 606487 # -1 # ID=1_554;partial=00;start_type=ATG;rbs_motif=AGGA;rbs_spacer=5-10bp;gc_cont=0.436
Utg1904:928381-929754|-   -            458 1093223at2           -            361   1.7e-14   52.5   0.8   1   1   2.8e-15   2.4e-12   45.3   0.8    56   255    82   333    51   344 0.73 Utg1904_847 # 928381 # 929754 # -1 # ID=1_847;partial=00;start_type=ATG;rbs_motif=GGAG/GAGG;rbs_spacer=5-10bp;gc_cont=0.439
Utg1904:315914-317200|-   -            429 1093223at2           -            361   4.5e-08   31.3   1.0   1   3   9.8e-07   0.00086   17.2   0.6    58   100    33    75    23    79 0.85 Utg1904_275 # 315914 # 317200 # -1 # ID=1_275;partial=00;start_type=TTG;rbs_motif=None;rbs_spacer=None;gc_cont=0.413
Utg1904:315914-317200|-   -            429 1093223at2           -            361   4.5e-08   31.3   1.0   2   3   4.7e-05     0.042   11.7   0.0   129   226   160   273   133   306 0.70 Utg1904_275 # 315914 # 317200 # -1 # ID=1_275;partial=00;start_type=TTG;rbs_motif=None;rbs_spacer=None;gc_cont=0.413
Utg1904:315914-317200|-   -            429 1093223at2           -            361   4.5e-08   31.3   1.0   3   3       1.1   9.3e+02   -2.6   0.0    95   128   380   415   375   420 0.72 Utg1904_275 # 315914 # 317200 # -1 # ID=1_275;partial=00;start_type=TTG;rbs_motif=None;rbs_spacer=None;gc_cont=0.413
Utg2006:49210-50478|-     -            423 1093223at2           -            361   4.9e-05   21.3   0.0   1   2   4.9e-06    0.0044   14.9   0.1    58   102    34    78    24    91 0.87 Utg2006_56 # 49210 # 50478 # -1 # ID=19_56;partial=00;start_type=ATG;rbs_motif=None;rbs_spacer=None;gc_cont=0.625
Utg2006:49210-50478|-     -            423 1093223at2           -            361   4.9e-05   21.3   0.0   2   2    0.0095       8.3    4.1   0.0   130   247   160   295   137   337 0.59 Utg2006_56 # 49210 # 50478 # -1 # ID=19_56;partial=00;start_type=ATG;rbs_motif=None;rbs_spacer=None;gc_cont=0.625
#
# Program:         hmmsearch
# Version:         3.4 (Aug 2023)
# Pipeline mode:   SEARCH
# Query file:      /home/abane_ashu/busco-5.8.0/busco_downloads/lineages/bacteria_odb10/hmms/1093223at2.hmm
# Target file:     /home/abane_ashu/busco-5.8.0/busco_raven/prodigal_output/predicted_genes/predicted.faa
# Option settings: hmmsearch --domtblout /home/abane_ashu/busco-5.8.0/busco_raven/run_bacteria_odb10/hmmer_output/1093223at2.out --cpu 1 /home/abane_ashu/busco-5.8.0/busco_downloads/lineages/bacteria_odb10/hmms/1093223at2.hmm /home/abane_ashu/busco-5.8.0/busco_raven/prodigal_output/predicted_genes/predicted.faa 
# Current dir:     /home/abane_ashu/busco-5.8.0
# Date:            Thu Aug 14 01:01:29 2025
# [ok]
