#                                                                                 --- full sequence --- -------------- this domain -------------   hmm coord   ali coord   env coord
# target name             accession   tlen query name           accession   qlen   E-value  score  bias   #  of  c-Evalue  i-Evalue  score  bias  from    to  from    to  from    to  acc description of target
#     ------------------- ---------- ----- -------------------- ---------- ----- --------- ------ ----- --- --- --------- --------- ------ ----- ----- ----- ----- ----- ----- ----- ---- ---------------------
Utg1994:34591-36414|+     -            608 143460at2            -            439  3.4e-169  561.6   0.9   1   2   9.1e-87   4.7e-84  281.1   0.9     1   191     5   240     5   264 0.88 Utg1994_28 # 34591 # 36414 # 1 # ID=17_28;partial=00;start_type=GTG;rbs_motif=GGAG/GAGG;rbs_spacer=5-10bp;gc_cont=0.557
Utg1994:34591-36414|+     -            608 143460at2            -            439  3.4e-169  561.6   0.9   2   2   9.2e-85   4.7e-82  274.5   0.0   191   439   265   590   242   590 0.87 Utg1994_28 # 34591 # 36414 # 1 # ID=17_28;partial=00;start_type=GTG;rbs_motif=GGAG/GAGG;rbs_spacer=5-10bp;gc_cont=0.557
Utg1904:279439-281274|-   -            612 143460at2            -            439  4.1e-164  544.9   1.9   1   2   3.4e-80   1.7e-77  259.4   0.1     1   204     7   264     7   274 0.85 Utg1904_243 # 279439 # 281274 # -1 # ID=1_243;partial=00;start_type=ATG;rbs_motif=3Base/5BMM;rbs_spacer=13-15bp;gc_cont=0.422
Utg1904:279439-281274|-   -            612 143460at2            -            439  4.1e-164  544.9   1.9   2   2   7.6e-86   3.9e-83  278.0   0.3   194   439   276   598   269   598 0.87 Utg1904_243 # 279439 # 281274 # -1 # ID=1_243;partial=00;start_type=ATG;rbs_motif=3Base/5BMM;rbs_spacer=13-15bp;gc_cont=0.422
Utg1988:29005-30804|-     -            600 143460at2            -            439     3e-36  123.5   0.1   1   2   4.7e-38   2.4e-35  120.6   0.1     1   193     4   228     4   238 0.80 Utg1988_27 # 29005 # 30804 # -1 # ID=16_27;partial=00;start_type=ATG;rbs_motif=None;rbs_spacer=None;gc_cont=0.582
Utg1988:29005-30804|-     -            600 143460at2            -            439     3e-36  123.5   0.1   2   2      0.16        81    0.2   0.0   268   302   344   379   325   388 0.81 Utg1988_27 # 29005 # 30804 # -1 # ID=16_27;partial=00;start_type=ATG;rbs_motif=None;rbs_spacer=None;gc_cont=0.582
Utg1904:3728018-3729835|- -            606 143460at2            -            439   3.9e-35  119.9   0.2   1   2   2.3e-37   1.2e-34  118.3   0.0     1   205    13   248    13   260 0.82 Utg1904_3391 # 3728018 # 3729835 # -1 # ID=1_3391;partial=00;start_type=ATG;rbs_motif=GGA/GAG/AGG;rbs_spacer=5-10bp;gc_cont=0.413
Utg1904:3728018-3729835|- -            606 143460at2            -            439   3.9e-35  119.9   0.2   2   2      0.84   4.3e+02   -2.2   0.0   268   295   353   381   347   393 0.72 Utg1904_3391 # 3728018 # 3729835 # -1 # ID=1_3391;partial=00;start_type=ATG;rbs_motif=GGA/GAG/AGG;rbs_spacer=5-10bp;gc_cont=0.413
Utg1904:1801072-1803210|+ -            713 143460at2            -            439   3.5e-31  106.8   3.0   1   3   9.2e-25   4.7e-22   76.7   0.0     2   121    11   155    10   190 0.82 Utg1904_1634 # 1801072 # 1803210 # 1 # ID=1_1634;partial=00;start_type=ATG;rbs_motif=AGGA/GGAG/GAGG;rbs_spacer=11-12bp;gc_cont=0.432
Utg1904:1801072-1803210|+ -            713 143460at2            -            439   3.5e-31  106.8   3.0   2   3   3.5e-08   1.8e-05   22.1   0.4   155   299   316   494   271   524 0.62 Utg1904_1634 # 1801072 # 1803210 # 1 # ID=1_1634;partial=00;start_type=ATG;rbs_motif=AGGA/GGAG/GAGG;rbs_spacer=11-12bp;gc_cont=0.432
Utg1904:1801072-1803210|+ -            713 143460at2            -            439   3.5e-31  106.8   3.0   3   3      0.12        63    0.5   0.0   295   346   618   679   609   686 0.73 Utg1904_1634 # 1801072 # 1803210 # 1 # ID=1_1634;partial=00;start_type=ATG;rbs_motif=AGGA/GGAG/GAGG;rbs_spacer=11-12bp;gc_cont=0.432
Utg1930:28567-29751|-     -            395 143460at2            -            439   4.2e-19   67.0   0.4   1   2   6.5e-20   3.4e-17   60.8   0.1     3   123    14   151    12   175 0.70 Utg1930_29 # 28567 # 29751 # -1 # ID=6_29;partial=00;start_type=ATG;rbs_motif=GGAG/GAGG;rbs_spacer=5-10bp;gc_cont=0.543
Utg1930:28567-29751|-     -            395 143460at2            -            439   4.2e-19   67.0   0.4   2   2    0.0078         4    4.5   0.0   169   197   224   252   195   260 0.85 Utg1930_29 # 28567 # 29751 # -1 # ID=6_29;partial=00;start_type=ATG;rbs_motif=GGAG/GAGG;rbs_spacer=5-10bp;gc_cont=0.543
Utg1904:1266307-1269006|+ -            900 143460at2            -            439   2.7e-18   64.3   0.8   1   1   9.5e-21   4.9e-18   63.5   0.8     4   203   404   610   402   670 0.74 Utg1904_1154 # 1266307 # 1269006 # 1 # ID=1_1154;partial=00;start_type=ATG;rbs_motif=AGGAG;rbs_spacer=5-10bp;gc_cont=0.432
Utg1918:69667-72279|-     -            871 143460at2            -            439   1.9e-17   61.6   0.6   1   1   7.5e-20   3.8e-17   60.6   0.6     4   120   400   519   398   603 0.81 Utg1918_79 # 69667 # 72279 # -1 # ID=4_79;partial=00;start_type=ATG;rbs_motif=AGGA;rbs_spacer=5-10bp;gc_cont=0.558
Utg1904:1208533-1209723|+ -            397 143460at2            -            439   3.6e-17   60.7   1.4   1   2   1.4e-18   7.4e-16   56.3   0.0     3   118    14   146    12   165 0.73 Utg1904_1102 # 1208533 # 1209723 # 1 # ID=1_1102;partial=00;start_type=ATG;rbs_motif=GGAG/GAGG;rbs_spacer=5-10bp;gc_cont=0.445
Utg1904:1208533-1209723|+ -            397 143460at2            -            439   3.6e-17   60.7   1.4   2   2     0.031        16    2.5   0.5   169   194   226   251   186   262 0.72 Utg1904_1102 # 1208533 # 1209723 # 1 # ID=1_1102;partial=00;start_type=ATG;rbs_motif=GGAG/GAGG;rbs_spacer=5-10bp;gc_cont=0.445
Utg1904:1803305-1804495|+ -            397 143460at2            -            439   3.6e-17   60.7   1.4   1   2   1.4e-18   7.4e-16   56.3   0.0     3   118    14   146    12   165 0.73 Utg1904_1635 # 1803305 # 1804495 # 1 # ID=1_1635;partial=00;start_type=ATG;rbs_motif=AGGA;rbs_spacer=5-10bp;gc_cont=0.446
Utg1904:1803305-1804495|+ -            397 143460at2            -            439   3.6e-17   60.7   1.4   2   2     0.031        16    2.5   0.5   169   194   226   251   186   262 0.72 Utg1904_1635 # 1803305 # 1804495 # 1 # ID=1_1635;partial=00;start_type=ATG;rbs_motif=AGGA;rbs_spacer=5-10bp;gc_cont=0.446
Utg1904:1482137-1483729|+ -            531 143460at2            -            439   4.4e-17   60.4   0.1   1   1   1.7e-19     9e-17   59.4   0.1     2   116    15   151    14   171 0.72 Utg1904_1343 # 1482137 # 1483729 # 1 # ID=1_1343;partial=00;start_type=ATG;rbs_motif=GGA/GAG/AGG;rbs_spacer=5-10bp;gc_cont=0.421
Utg1904:1961160-1962773|+ -            538 143460at2            -            439     4e-09   34.1   0.2   1   3     0.056        29    1.7   0.0     9    27    32    50    28    67 0.85 Utg1904_1774 # 1961160 # 1962773 # 1 # ID=1_1774;partial=00;start_type=ATG;rbs_motif=GGAG/GAGG;rbs_spacer=5-10bp;gc_cont=0.406
Utg1904:1961160-1962773|+ -            538 143460at2            -            439     4e-09   34.1   0.2   2   3   3.5e-10   1.8e-07   28.7   0.0    30   113    77   170    70   193 0.75 Utg1904_1774 # 1961160 # 1962773 # 1 # ID=1_1774;partial=00;start_type=ATG;rbs_motif=GGAG/GAGG;rbs_spacer=5-10bp;gc_cont=0.406
Utg1904:1961160-1962773|+ -            538 143460at2            -            439     4e-09   34.1   0.2   3   3      0.37   1.9e+02   -1.1   0.0   160   218   254   310   231   339 0.69 Utg1904_1774 # 1961160 # 1962773 # 1 # ID=1_1774;partial=00;start_type=ATG;rbs_motif=GGAG/GAGG;rbs_spacer=5-10bp;gc_cont=0.406
#
# Program:         hmmsearch
# Version:         3.4 (Aug 2023)
# Pipeline mode:   SEARCH
# Query file:      /home/abane_ashu/busco-5.8.0/busco_downloads/lineages/bacteria_odb10/hmms/143460at2.hmm
# Target file:     /home/abane_ashu/busco-5.8.0/busco_raven/prodigal_output/predicted_genes/predicted.faa
# Option settings: hmmsearch --domtblout /home/abane_ashu/busco-5.8.0/busco_raven/run_bacteria_odb10/hmmer_output/143460at2.out --cpu 1 /home/abane_ashu/busco-5.8.0/busco_downloads/lineages/bacteria_odb10/hmms/143460at2.hmm /home/abane_ashu/busco-5.8.0/busco_raven/prodigal_output/predicted_genes/predicted.faa 
# Current dir:     /home/abane_ashu/busco-5.8.0
# Date:            Thu Aug 14 01:01:30 2025
# [ok]
