#                                                                                 --- full sequence --- -------------- this domain -------------   hmm coord   ali coord   env coord
# target name             accession   tlen query name           accession   qlen   E-value  score  bias   #  of  c-Evalue  i-Evalue  score  bias  from    to  from    to  from    to  acc description of target
#     ------------------- ---------- ----- -------------------- ---------- ----- --------- ------ ----- --- --- --------- --------- ------ ----- ----- ----- ----- ----- ----- ----- ---- ---------------------
Utg1904:3518701-3519423|+ -            241 1490892at2           -             89   1.8e-16   58.5   6.0   1   4     0.017        52    2.5   0.0     2    19    24    41    23    63 0.81 Utg1904_3216 # 3518701 # 3519423 # 1 # ID=1_3216;partial=00;start_type=ATG;rbs_motif=GGA/GAG/AGG;rbs_spacer=5-10bp;gc_cont=0.376
Utg1904:3518701-3519423|+ -            241 1490892at2           -             89   1.8e-16   58.5   6.0   2   4   1.1e-07   0.00032   19.2   0.0    10    41    84   115    80   126 0.85 Utg1904_3216 # 3518701 # 3519423 # 1 # ID=1_3216;partial=00;start_type=ATG;rbs_motif=GGA/GAG/AGG;rbs_spacer=5-10bp;gc_cont=0.376
Utg1904:3518701-3519423|+ -            241 1490892at2           -             89   1.8e-16   58.5   6.0   3   4   5.5e-05      0.17   10.5   0.1    35    52   125   142   113   151 0.78 Utg1904_3216 # 3518701 # 3519423 # 1 # ID=1_3216;partial=00;start_type=ATG;rbs_motif=GGA/GAG/AGG;rbs_spacer=5-10bp;gc_cont=0.376
Utg1904:3518701-3519423|+ -            241 1490892at2           -             89   1.8e-16   58.5   6.0   4   4   2.7e-09   8.4e-06   24.3   0.4    56    89   189   233   176   233 0.73 Utg1904_3216 # 3518701 # 3519423 # 1 # ID=1_3216;partial=00;start_type=ATG;rbs_motif=GGA/GAG/AGG;rbs_spacer=5-10bp;gc_cont=0.376
Utg1904:721568-722275|-   -            236 1490892at2           -             89   0.00022   19.8   3.0   1   3      0.34     1e+03   -1.7   0.0     3    31    26    46    24    64 0.60 Utg1904_659 # 721568 # 722275 # -1 # ID=1_659;partial=00;start_type=ATG;rbs_motif=None;rbs_spacer=None;gc_cont=0.400
Utg1904:721568-722275|-   -            236 1490892at2           -             89   0.00022   19.8   3.0   2   3      0.22   6.9e+02   -1.1   0.0    16    37    89   110    85   126 0.68 Utg1904_659 # 721568 # 722275 # -1 # ID=1_659;partial=00;start_type=ATG;rbs_motif=None;rbs_spacer=None;gc_cont=0.400
Utg1904:721568-722275|-   -            236 1490892at2           -             89   0.00022   19.8   3.0   3   3   8.1e-07    0.0025   16.3   0.6    56    87   189   231   177   233 0.73 Utg1904_659 # 721568 # 722275 # -1 # ID=1_659;partial=00;start_type=ATG;rbs_motif=None;rbs_spacer=None;gc_cont=0.400
#
# Program:         hmmsearch
# Version:         3.4 (Aug 2023)
# Pipeline mode:   SEARCH
# Query file:      /home/abane_ashu/busco-5.8.0/busco_downloads/lineages/bacteria_odb10/hmms/1490892at2.hmm
# Target file:     /home/abane_ashu/busco-5.8.0/busco_raven/prodigal_output/predicted_genes/predicted.faa
# Option settings: hmmsearch --domtblout /home/abane_ashu/busco-5.8.0/busco_raven/run_bacteria_odb10/hmmer_output/1490892at2.out --cpu 1 /home/abane_ashu/busco-5.8.0/busco_downloads/lineages/bacteria_odb10/hmms/1490892at2.hmm /home/abane_ashu/busco-5.8.0/busco_raven/prodigal_output/predicted_genes/predicted.faa 
# Current dir:     /home/abane_ashu/busco-5.8.0
# Date:            Thu Aug 14 01:01:30 2025
# [ok]
