#                                                                                 --- full sequence --- -------------- this domain -------------   hmm coord   ali coord   env coord
# target name             accession   tlen query name           accession   qlen   E-value  score  bias   #  of  c-Evalue  i-Evalue  score  bias  from    to  from    to  from    to  acc description of target
#     ------------------- ---------- ----- -------------------- ---------- ----- --------- ------ ----- --- --- --------- --------- ------ ----- ----- ----- ----- ----- ----- ----- ---- ---------------------
Utg1904:573499-574128|+   -            210 1502854at2           -            192   5.6e-75  249.6   0.0   1   1   6.5e-77   6.7e-75  249.4   0.0     5   189     2   185     1   190 0.98 Utg1904_527 # 573499 # 574128 # 1 # ID=1_527;partial=00;start_type=ATG;rbs_motif=AGGA;rbs_spacer=5-10bp;gc_cont=0.392
Utg1912:71705-72268|+     -            188 1502854at2           -            192   5.5e-17   60.4   0.0   1   1   6.3e-19   6.5e-17   60.2   0.0     5   188     2   179     1   183 0.83 Utg1912_80 # 71705 # 72268 # 1 # ID=2_80;partial=00;start_type=ATG;rbs_motif=GGAG/GAGG;rbs_spacer=5-10bp;gc_cont=0.629
Utg1904:1455909-1457318|+ -            470 1502854at2           -            192   4.3e-07   28.2   0.0   1   2     0.061       6.3    4.8   0.0     7    43     3    39     1    56 0.77 Utg1904_1320 # 1455909 # 1457318 # 1 # ID=1_1320;partial=00;start_type=ATG;rbs_motif=GGA/GAG/AGG;rbs_spacer=5-10bp;gc_cont=0.426
Utg1904:1455909-1457318|+ -            470 1502854at2           -            192   4.3e-07   28.2   0.0   2   2     8e-07   8.3e-05   20.7   0.0     8    90   178   262   171   296 0.83 Utg1904_1320 # 1455909 # 1457318 # 1 # ID=1_1320;partial=00;start_type=ATG;rbs_motif=GGA/GAG/AGG;rbs_spacer=5-10bp;gc_cont=0.426
Utg1904:2702209-2703966|+ -            586 1502854at2           -            192   1.9e-06   26.0   0.2   1   2   0.00052     0.054   11.5   0.1     4    26    38    60    35    70 0.88 Utg1904_2450 # 2702209 # 2703966 # 1 # ID=1_2450;partial=00;start_type=ATG;rbs_motif=GGA/GAG/AGG;rbs_spacer=5-10bp;gc_cont=0.388
Utg1904:2702209-2703966|+ -            586 1502854at2           -            192   1.9e-06   26.0   0.2   2   2   0.00062     0.064   11.3   0.0     4    95   363   453   361   461 0.69 Utg1904_2450 # 2702209 # 2703966 # 1 # ID=1_2450;partial=00;start_type=ATG;rbs_motif=GGA/GAG/AGG;rbs_spacer=5-10bp;gc_cont=0.388
Utg1964:31178-32794|+     -            539 1502854at2           -            192     6e-05   21.2   0.3   1   2    0.0023      0.24    9.4   0.0     4    27    31    54    29    60 0.91 Utg1964_38 # 31178 # 32794 # 1 # ID=12_38;partial=00;start_type=ATG;rbs_motif=GGAG/GAGG;rbs_spacer=5-10bp;gc_cont=0.643
Utg1964:31178-32794|+     -            539 1502854at2           -            192     6e-05   21.2   0.3   2   2    0.0026      0.27    9.2   0.0     5    27   305   327   302   336 0.85 Utg1964_38 # 31178 # 32794 # 1 # ID=12_38;partial=00;start_type=ATG;rbs_motif=GGAG/GAGG;rbs_spacer=5-10bp;gc_cont=0.643
Utg1904:2824279-2826540|+ -            754 1502854at2           -            192   0.00011   20.4   0.4   1   2    0.0052      0.54    8.3   0.0     5    25    25    45    22    56 0.85 Utg1904_2568 # 2824279 # 2826540 # 1 # ID=1_2568;partial=00;start_type=ATG;rbs_motif=None;rbs_spacer=None;gc_cont=0.337
Utg1904:2824279-2826540|+ -            754 1502854at2           -            192   0.00011   20.4   0.4   2   2    0.0016      0.16   10.0   0.1     5    34   477   507   475   520 0.79 Utg1904_2568 # 2824279 # 2826540 # 1 # ID=1_2568;partial=00;start_type=ATG;rbs_motif=None;rbs_spacer=None;gc_cont=0.337
Utg1904:1982527-1983180|+ -            218 1502854at2           -            192   0.00039   18.5   1.0   1   3    0.0069      0.71    7.9   0.0     9    31     3    25     1    32 0.84 Utg1904_1795 # 1982527 # 1983180 # 1 # ID=1_1795;partial=00;start_type=ATG;rbs_motif=GGAG/GAGG;rbs_spacer=5-10bp;gc_cont=0.417
Utg1904:1982527-1983180|+ -            218 1502854at2           -            192   0.00039   18.5   1.0   2   3       1.4   1.4e+02    0.4   0.0   124   142   109   126    93   132 0.79 Utg1904_1795 # 1982527 # 1983180 # 1 # ID=1_1795;partial=00;start_type=ATG;rbs_motif=GGAG/GAGG;rbs_spacer=5-10bp;gc_cont=0.417
Utg1904:1982527-1983180|+ -            218 1502854at2           -            192   0.00039   18.5   1.0   3   3      0.01         1    7.3   0.3   129   160   146   177   120   185 0.78 Utg1904_1795 # 1982527 # 1983180 # 1 # ID=1_1795;partial=00;start_type=ATG;rbs_motif=GGAG/GAGG;rbs_spacer=5-10bp;gc_cont=0.417
Utg1904:2530543-2531286|+ -            248 1502854at2           -            192   0.00042   18.4   0.0   1   1   7.4e-06   0.00076   17.6   0.0     4    28    27    51    25    61 0.87 Utg1904_2284 # 2530543 # 2531286 # 1 # ID=1_2284;partial=00;start_type=ATG;rbs_motif=GGAG/GAGG;rbs_spacer=5-10bp;gc_cont=0.402
Utg2020:14297-15019|-     -            241 1502854at2           -            192   0.00045   18.3   0.1   1   1   9.9e-06     0.001   17.1   0.1     4    28    25    49    23    56 0.87 Utg2020_15 # 14297 # 15019 # -1 # ID=23_15;partial=00;start_type=GTG;rbs_motif=AGGA;rbs_spacer=5-10bp;gc_cont=0.570
Utg1904:2433547-2434278|+ -            244 1502854at2           -            192    0.0011   17.1   0.0   1   1   2.3e-05    0.0023   16.0   0.0     4    26    27    49    25    56 0.88 Utg1904_2191 # 2433547 # 2434278 # 1 # ID=1_2191;partial=00;start_type=ATG;rbs_motif=GGAG/GAGG;rbs_spacer=5-10bp;gc_cont=0.415
Utg2002:31975-33048|+     -            358 1502854at2           -            192    0.0012   16.9   0.0   1   2   3.6e-05    0.0037   15.3   0.0     5    28    26    49    24    74 0.82 Utg2002_38 # 31975 # 33048 # 1 # ID=18_38;partial=00;start_type=ATG;rbs_motif=GGA/GAG/AGG;rbs_spacer=11-12bp;gc_cont=0.627
Utg2002:31975-33048|+     -            358 1502854at2           -            192    0.0012   16.9   0.0   2   2       6.1   6.3e+02   -1.8   0.0   122   160   152   190   133   211 0.67 Utg2002_38 # 31975 # 33048 # 1 # ID=18_38;partial=00;start_type=ATG;rbs_motif=GGA/GAG/AGG;rbs_spacer=11-12bp;gc_cont=0.627
Utg1904:697119-699953|+   -            945 1502854at2           -            192    0.0016   16.5   0.2   1   2     0.024       2.5    6.1   0.0     5    26    25    46    23    65 0.79 Utg1904_642 # 697119 # 699953 # 1 # ID=1_642;partial=00;start_type=ATG;rbs_motif=GGA/GAG/AGG;rbs_spacer=5-10bp;gc_cont=0.441
Utg1904:697119-699953|+   -            945 1502854at2           -            192    0.0016   16.5   0.2   2   2    0.0067      0.68    7.9   0.1     6    27   635   656   633   670 0.87 Utg1904_642 # 697119 # 699953 # 1 # ID=1_642;partial=00;start_type=ATG;rbs_motif=GGA/GAG/AGG;rbs_spacer=5-10bp;gc_cont=0.441
Utg1904:2611394-2612080|+ -            229 1502854at2           -            192    0.0019   16.3   0.6   1   2   0.00011     0.011   13.7   0.0     7    29     4    26     1    34 0.83 Utg1904_2369 # 2611394 # 2612080 # 1 # ID=1_2369;partial=00;start_type=ATG;rbs_motif=GGA/GAG/AGG;rbs_spacer=5-10bp;gc_cont=0.406
Utg1904:2611394-2612080|+ -            229 1502854at2           -            192    0.0019   16.3   0.6   2   2       1.1   1.1e+02    0.7   0.2   113   141   137   173    76   223 0.53 Utg1904_2369 # 2611394 # 2612080 # 1 # ID=1_2369;partial=00;start_type=ATG;rbs_motif=GGA/GAG/AGG;rbs_spacer=5-10bp;gc_cont=0.406
Utg2044:68300-68518|-     -             73 1502854at2           -            192    0.0019   16.2   0.0   1   1   2.5e-05    0.0025   15.8   0.0     5    26    34    55    31    61 0.91 Utg2044_82 # 68300 # 68518 # -1 # ID=27_82;partial=00;start_type=ATG;rbs_motif=GGxGG;rbs_spacer=5-10bp;gc_cont=0.621
Utg1904:499281-500099|-   -            273 1502854at2           -            192     0.004   15.2   0.1   1   1   7.3e-05    0.0075   14.3   0.1     4    26    36    58    34    64 0.90 Utg1904_459 # 499281 # 500099 # -1 # ID=1_459;partial=00;start_type=ATG;rbs_motif=AGGA/GGAG/GAGG;rbs_spacer=11-12bp;gc_cont=0.435
Utg1918:95439-96251|-     -            271 1502854at2           -            192    0.0053   14.8   0.0   1   1   0.00011     0.011   13.8   0.0     5    26    33    54    30    61 0.89 Utg1918_110 # 95439 # 96251 # -1 # ID=4_110;partial=00;start_type=ATG;rbs_motif=AGGA;rbs_spacer=5-10bp;gc_cont=0.571
Utg1904:2756212-2757051|+ -            280 1502854at2           -            192    0.0056   14.7   0.0   1   1   0.00013     0.013   13.5   0.0     5    29    36    60    33    69 0.86 Utg1904_2506 # 2756212 # 2757051 # 1 # ID=1_2506;partial=00;start_type=ATG;rbs_motif=AGGA;rbs_spacer=5-10bp;gc_cont=0.386
Utg2040:42796-43908|-     -            371 1502854at2           -            192    0.0061   14.6   0.0   1   1   0.00011     0.011   13.8   0.0     5    26    43    64    40    70 0.89 Utg2040_44 # 42796 # 43908 # -1 # ID=25_44;partial=00;start_type=ATG;rbs_motif=GGA/GAG/AGG;rbs_spacer=5-10bp;gc_cont=0.617
Utg1904:3566039-3567649|- -            537 1502854at2           -            192    0.0064   14.5   0.1   1   1   0.00013     0.014   13.5   0.1     5    27   353   375   351   381 0.90 Utg1904_3251 # 3566039 # 3567649 # -1 # ID=1_3251;partial=00;start_type=ATG;rbs_motif=GGA/GAG/AGG;rbs_spacer=5-10bp;gc_cont=0.417
Utg2006:120083-121177|-   -            365 1502854at2           -            192    0.0073   14.3   0.2   1   2   0.00018     0.018   13.0   0.0     5    27    27    49    25    89 0.88 Utg2006_123 # 120083 # 121177 # -1 # ID=19_123;partial=00;start_type=ATG;rbs_motif=AGGAG;rbs_spacer=5-10bp;gc_cont=0.619
Utg2006:120083-121177|-   -            365 1502854at2           -            192    0.0073   14.3   0.2   2   2       8.3   8.5e+02   -2.2   0.1   154   179   182   203   169   214 0.52 Utg2006_123 # 120083 # 121177 # -1 # ID=19_123;partial=00;start_type=ATG;rbs_motif=AGGAG;rbs_spacer=5-10bp;gc_cont=0.619
Utg1904:2281308-2282189|- -            294 1502854at2           -            192    0.0077   14.3   0.1   1   1   0.00029      0.03   12.4   0.0     6    27    51    72    47    80 0.85 Utg1904_2050 # 2281308 # 2282189 # -1 # ID=1_2050;partial=00;start_type=ATG;rbs_motif=AGGAG;rbs_spacer=5-10bp;gc_cont=0.412
Utg1912:69892-70572|+     -            227 1502854at2           -            192    0.0085   14.1   0.0   1   1   0.00013     0.013   13.5   0.0     5    29    33    57    30    67 0.87 Utg1912_78 # 69892 # 70572 # 1 # ID=2_78;partial=00;start_type=ATG;rbs_motif=GGA/GAG/AGG;rbs_spacer=5-10bp;gc_cont=0.628
Utg1904:2476256-2477050|+ -            265 1502854at2           -            192    0.0089   14.1   0.0   1   1   0.00016     0.017   13.2   0.0     5    27    30    52    27    65 0.89 Utg1904_2233 # 2476256 # 2477050 # 1 # ID=1_2233;partial=00;start_type=ATG;rbs_motif=AGGAG;rbs_spacer=5-10bp;gc_cont=0.403
Utg1912:610-1374|+        -            255 1502854at2           -            192     0.011   13.8   0.0   1   1   0.00018     0.018   13.1   0.0     6    29   108   131   104   156 0.87 Utg1912_3 # 610 # 1374 # 1 # ID=2_3;partial=00;start_type=GTG;rbs_motif=GGA/GAG/AGG;rbs_spacer=11-12bp;gc_cont=0.558
Utg1904:3741225-3742286|+ -            354 1502854at2           -            192     0.011   13.8   0.1   1   1    0.0003      0.03   12.3   0.0     5    26    27    48    25    56 0.89 Utg1904_3404 # 3741225 # 3742286 # 1 # ID=1_3404;partial=00;start_type=ATG;rbs_motif=AGGA;rbs_spacer=5-10bp;gc_cont=0.430
Utg2050:54088-55158|-     -            357 1502854at2           -            192     0.011   13.7   0.1   1   1   0.00018     0.018   13.0   0.1     5    27    28    50    24    60 0.88 Utg2050_62 # 54088 # 55158 # -1 # ID=28_62;partial=00;start_type=ATG;rbs_motif=GGAG/GAGG;rbs_spacer=5-10bp;gc_cont=0.636
Utg1904:3001229-3003505|- -            759 1502854at2           -            192     0.011   13.7   0.1   1   2       1.2   1.3e+02    0.5   0.0    10    26   210   226   203   228 0.82 Utg1904_2723 # 3001229 # 3003505 # -1 # ID=1_2723;partial=00;start_type=ATG;rbs_motif=GGA/GAG/AGG;rbs_spacer=5-10bp;gc_cont=0.401
Utg1904:3001229-3003505|- -            759 1502854at2           -            192     0.011   13.7   0.1   2   2    0.0016      0.17    9.9   0.1     9    28   489   508   485   516 0.88 Utg1904_2723 # 3001229 # 3003505 # -1 # ID=1_2723;partial=00;start_type=ATG;rbs_motif=GGA/GAG/AGG;rbs_spacer=5-10bp;gc_cont=0.401
Utg1922:144864-145886|+   -            341 1502854at2           -            192     0.012   13.7   0.0   1   1   0.00021     0.021   12.8   0.0     6    26    32    52    28    63 0.85 Utg1922_158 # 144864 # 145886 # 1 # ID=5_158;partial=00;start_type=ATG;rbs_motif=AGGAG;rbs_spacer=5-10bp;gc_cont=0.673
Utg1904:1090117-1090896|- -            260 1502854at2           -            192     0.012   13.6   0.1   1   1   0.00021     0.022   12.8   0.1     5    27    35    57    33    69 0.88 Utg1904_990 # 1090117 # 1090896 # -1 # ID=1_990;partial=00;start_type=GTG;rbs_motif=GGA/GAG/AGG;rbs_spacer=5-10bp;gc_cont=0.415
Utg2050:71051-71773|-     -            241 1502854at2           -            192     0.013   13.5   0.0   1   1    0.0002     0.021   12.9   0.0     6    27    27    48    24    61 0.83 Utg2050_82 # 71051 # 71773 # -1 # ID=28_82;partial=00;start_type=GTG;rbs_motif=GGAG/GAGG;rbs_spacer=5-10bp;gc_cont=0.615
Utg1904:3641503-3642405|- -            301 1502854at2           -            192     0.013   13.5   0.0   1   1   0.00047     0.049   11.7   0.0     5    30    77   102    75   109 0.85 Utg1904_3312 # 3641503 # 3642405 # -1 # ID=1_3312;partial=00;start_type=ATG;rbs_motif=GGAG/GAGG;rbs_spacer=5-10bp;gc_cont=0.402
Utg1914:168089-168829|-   -            247 1502854at2           -            192     0.014   13.5   0.0   1   1   0.00026     0.027   12.5   0.0     6    37    19    50    16    55 0.83 Utg1914_169 # 168089 # 168829 # -1 # ID=3_169;partial=00;start_type=ATG;rbs_motif=AGGA;rbs_spacer=5-10bp;gc_cont=0.614
Utg2014:22067-23176|+     -            370 1502854at2           -            192     0.014   13.4   0.0   1   1   0.00026     0.027   12.5   0.0     6    27    29    50    26    57 0.86 Utg2014_27 # 22067 # 23176 # 1 # ID=22_27;partial=00;start_type=ATG;rbs_motif=GGA/GAG/AGG;rbs_spacer=5-10bp;gc_cont=0.582
Utg2050:15655-16485|+     -            277 1502854at2           -            192     0.014   13.4   0.0   1   1   0.00021     0.022   12.8   0.0     5    26    49    70    46    94 0.91 Utg2050_19 # 15655 # 16485 # 1 # ID=28_19;partial=00;start_type=ATG;rbs_motif=GGAG/GAGG;rbs_spacer=5-10bp;gc_cont=0.640
Utg1904:1546683-1547534|+ -            284 1502854at2           -            192     0.014   13.4   0.3   1   2    0.0028      0.28    9.2   0.0     5    26     1    22     1    28 0.87 Utg1904_1403 # 1546683 # 1547534 # 1 # ID=1_1403;partial=00;start_type=ATG;rbs_motif=AGGA;rbs_spacer=5-10bp;gc_cont=0.396
Utg1904:1546683-1547534|+ -            284 1502854at2           -            192     0.014   13.4   0.3   2   2      0.38        39    2.2   0.0   102   186    64   153    47   158 0.69 Utg1904_1403 # 1546683 # 1547534 # 1 # ID=1_1403;partial=00;start_type=ATG;rbs_motif=AGGA;rbs_spacer=5-10bp;gc_cont=0.396
Utg1904:833278-834543|-   -            422 1502854at2           -            192     0.017   13.1   0.0   1   1   0.00037     0.038   12.0   0.0     8    35    26    55    22    58 0.80 Utg1904_760 # 833278 # 834543 # -1 # ID=1_760;partial=00;start_type=ATG;rbs_motif=None;rbs_spacer=None;gc_cont=0.435
Utg1904:1519296-1520903|- -            536 1502854at2           -            192     0.024   12.7   0.0   1   1   0.00053     0.055   11.5   0.0     6    29    85   108    81   113 0.88 Utg1904_1378 # 1519296 # 1520903 # -1 # ID=1_1378;partial=00;start_type=ATG;rbs_motif=AGxAG;rbs_spacer=5-10bp;gc_cont=0.269
Utg1904:1830887-1831954|- -            356 1502854at2           -            192     0.025   12.6   0.0   1   2    0.0011      0.11   10.4   0.0     8    29   135   156   130   168 0.84 Utg1904_1664 # 1830887 # 1831954 # -1 # ID=1_1664;partial=00;start_type=ATG;rbs_motif=None;rbs_spacer=None;gc_cont=0.441
Utg1904:1830887-1831954|- -            356 1502854at2           -            192     0.025   12.6   0.0   2   2         3     3e+02   -0.7   0.0    69   117   180   227   170   268 0.77 Utg1904_1664 # 1830887 # 1831954 # -1 # ID=1_1664;partial=00;start_type=ATG;rbs_motif=None;rbs_spacer=None;gc_cont=0.441
Utg1948:11464-12600|-     -            379 1502854at2           -            192     0.026   12.6   0.1   1   1   0.00071     0.073   11.1   0.0     5    26    42    63    39    72 0.86 Utg1948_12 # 11464 # 12600 # -1 # ID=11_12;partial=00;start_type=ATG;rbs_motif=None;rbs_spacer=None;gc_cont=0.560
Utg2050:979-1950|+        -            324 1502854at2           -            192     0.027   12.5   0.1   1   1    0.0004     0.041   11.9   0.1     5    30    42    67    39    76 0.82 Utg2050_2 # 979 # 1950 # 1 # ID=28_2;partial=00;start_type=ATG;rbs_motif=GGAG/GAGG;rbs_spacer=5-10bp;gc_cont=0.627
Utg1904:1885661-1886659|+ -            333 1502854at2           -            192     0.028   12.5   0.1   1   2   0.00072     0.075   11.1   0.0    10    33    13    38     6    43 0.83 Utg1904_1706 # 1885661 # 1886659 # 1 # ID=1_1706;partial=00;start_type=GTG;rbs_motif=GGA/GAG/AGG;rbs_spacer=5-10bp;gc_cont=0.418
Utg1904:1885661-1886659|+ -            333 1502854at2           -            192     0.028   12.5   0.1   2   2       7.4   7.6e+02   -2.0   0.0   135   140   205   210   159   241 0.55 Utg1904_1706 # 1885661 # 1886659 # 1 # ID=1_1706;partial=00;start_type=GTG;rbs_motif=GGA/GAG/AGG;rbs_spacer=5-10bp;gc_cont=0.418
Utg2014:35872-37644|-     -            591 1502854at2           -            192      0.03   12.3   0.0   1   1    0.0005     0.051   11.6   0.0     5    29   361   385   358   393 0.85 Utg2014_44 # 35872 # 37644 # -1 # ID=22_44;partial=00;start_type=TTG;rbs_motif=AGGA;rbs_spacer=5-10bp;gc_cont=0.615
Utg2050:77385-78206|-     -            274 1502854at2           -            192     0.031   12.3   0.2   1   1    0.0005     0.051   11.6   0.2     5    27    36    58    34    65 0.88 Utg2050_89 # 77385 # 78206 # -1 # ID=28_89;partial=00;start_type=ATG;rbs_motif=AGGAG;rbs_spacer=5-10bp;gc_cont=0.614
Utg1904:3564447-3566042|- -            532 1502854at2           -            192     0.033   12.2   0.3   1   2       2.7   2.7e+02   -0.6   0.1   130   154   212   235   192   248 0.76 Utg1904_3250 # 3564447 # 3566042 # -1 # ID=1_3250;partial=00;start_type=ATG;rbs_motif=GGA/GAG/AGG;rbs_spacer=5-10bp;gc_cont=0.431
Utg1904:3564447-3566042|- -            532 1502854at2           -            192     0.033   12.2   0.3   2   2    0.0016      0.16   10.0   0.0     9    28   350   369   345   378 0.83 Utg1904_3250 # 3564447 # 3566042 # -1 # ID=1_3250;partial=00;start_type=ATG;rbs_motif=GGA/GAG/AGG;rbs_spacer=5-10bp;gc_cont=0.431
Utg1904:2144698-2147277|+ -            860 1502854at2           -            192     0.036   12.1   2.2   1   3      0.31        32    2.5   0.0    10    29   200   219   192   225 0.84 Utg1904_1926 # 2144698 # 2147277 # 1 # ID=1_1926;partial=00;start_type=ATG;rbs_motif=GGAG/GAGG;rbs_spacer=5-10bp;gc_cont=0.426
Utg1904:2144698-2147277|+ -            860 1502854at2           -            192     0.036   12.1   2.2   2   3       3.9     4e+02   -1.1   1.1   125   187   405   462   391   473 0.72 Utg1904_1926 # 2144698 # 2147277 # 1 # ID=1_1926;partial=00;start_type=ATG;rbs_motif=GGAG/GAGG;rbs_spacer=5-10bp;gc_cont=0.426
Utg1904:2144698-2147277|+ -            860 1502854at2           -            192     0.036   12.1   2.2   3   3     0.021       2.2    6.3   0.0     9    27   599   617   593   625 0.88 Utg1904_1926 # 2144698 # 2147277 # 1 # ID=1_1926;partial=00;start_type=ATG;rbs_motif=GGAG/GAGG;rbs_spacer=5-10bp;gc_cont=0.426
Utg1912:18652-19875|+     -            408 1502854at2           -            192     0.037   12.0   0.1   1   1   0.00064     0.066   11.2   0.1     6    25   220   239   216   243 0.85 Utg1912_26 # 18652 # 19875 # 1 # ID=2_26;partial=00;start_type=ATG;rbs_motif=None;rbs_spacer=None;gc_cont=0.409
Utg1912:69026-69784|+     -            253 1502854at2           -            192     0.039   12.0   0.0   1   1   0.00067     0.069   11.2   0.0     6    29    31    54    29    65 0.85 Utg1912_77 # 69026 # 69784 # 1 # ID=2_77;partial=00;start_type=ATG;rbs_motif=GGAG/GAGG;rbs_spacer=5-10bp;gc_cont=0.639
Utg1994:5783-7288|+       -            502 1502854at2           -            192     0.039   12.0   0.5   1   2    0.0065      0.67    7.9   0.1     5    27    29    51    26    59 0.89 Utg1994_7 # 5783 # 7288 # 1 # ID=17_7;partial=00;start_type=ATG;rbs_motif=GGAG/GAGG;rbs_spacer=5-10bp;gc_cont=0.578
Utg1994:5783-7288|+       -            502 1502854at2           -            192     0.039   12.0   0.5   2   2      0.46        48    1.9   0.0     4    52   276   329   274   338 0.72 Utg1994_7 # 5783 # 7288 # 1 # ID=17_7;partial=00;start_type=ATG;rbs_motif=GGAG/GAGG;rbs_spacer=5-10bp;gc_cont=0.578
Utg1942:71322-72083|+     -            254 1502854at2           -            192     0.041   11.9   0.1   1   2    0.0013      0.14   10.2   0.0     4    26    30    52    28    65 0.87 Utg1942_75 # 71322 # 72083 # 1 # ID=10_75;partial=00;start_type=ATG;rbs_motif=GGAG/GAGG;rbs_spacer=5-10bp;gc_cont=0.591
Utg1942:71322-72083|+     -            254 1502854at2           -            192     0.041   11.9   0.1   2   2       5.2   5.3e+02   -1.5   0.0   144   187    78   125    67   131 0.62 Utg1942_75 # 71322 # 72083 # 1 # ID=10_75;partial=00;start_type=ATG;rbs_motif=GGAG/GAGG;rbs_spacer=5-10bp;gc_cont=0.591
Utg1904:959558-960358|-   -            267 1502854at2           -            192     0.045   11.8   0.1   1   2    0.0015      0.15   10.0   0.0     6    30    57    81    54   103 0.81 Utg1904_874 # 959558 # 960358 # -1 # ID=1_874;partial=00;start_type=ATG;rbs_motif=AGGAG;rbs_spacer=5-10bp;gc_cont=0.401
Utg1904:959558-960358|-   -            267 1502854at2           -            192     0.045   11.8   0.1   2   2       9.6   9.9e+02   -2.4   0.0   161   184   204   227   190   231 0.70 Utg1904_874 # 959558 # 960358 # -1 # ID=1_874;partial=00;start_type=ATG;rbs_motif=AGGAG;rbs_spacer=5-10bp;gc_cont=0.401
Utg1942:98656-100182|-    -            509 1502854at2           -            192     0.053   11.5   0.1   1   2    0.0025      0.26    9.3   0.1     5    27    35    57    33    64 0.89 Utg1942_103 # 98656 # 100182 # -1 # ID=10_103;partial=00;start_type=ATG;rbs_motif=AGGAG;rbs_spacer=5-10bp;gc_cont=0.560
Utg1942:98656-100182|-    -            509 1502854at2           -            192     0.053   11.5   0.1   2   2       3.9     4e+02   -1.1   0.0     4    28   288   312   286   318 0.84 Utg1942_103 # 98656 # 100182 # -1 # ID=10_103;partial=00;start_type=ATG;rbs_motif=AGGAG;rbs_spacer=5-10bp;gc_cont=0.560
Utg1904:1464492-1466486|- -            665 1502854at2           -            192     0.053   11.5   0.0   1   1    0.0013      0.14   10.2   0.0     5    26    35    56    33    64 0.90 Utg1904_1330 # 1464492 # 1466486 # -1 # ID=1_1330;partial=00;start_type=ATG;rbs_motif=GGA/GAG/AGG;rbs_spacer=5-10bp;gc_cont=0.447
Utg1942:62550-63080|+     -            177 1502854at2           -            192     0.056   11.5   0.1   1   1   0.00082     0.085   10.9   0.1     4    31    34    61    32    70 0.86 Utg1942_64 # 62550 # 63080 # 1 # ID=10_64;partial=00;start_type=ATG;rbs_motif=AGGAG;rbs_spacer=5-10bp;gc_cont=0.652
Utg1904:2598765-2600492|+ -            576 1502854at2           -            192     0.056   11.5   0.6   1   1    0.0014      0.15   10.1   0.1     6    28   361   383   358   390 0.84 Utg1904_2353 # 2598765 # 2600492 # 1 # ID=1_2353;partial=00;start_type=GTG;rbs_motif=GGAG/GAGG;rbs_spacer=5-10bp;gc_cont=0.386
Utg1904:2298835-2301513|+ -            893 1502854at2           -            192      0.06   11.4   1.6   1   2      0.49        50    1.8   0.0     5    26   224   245   221   252 0.82 Utg1904_2066 # 2298835 # 2301513 # 1 # ID=1_2066;partial=00;start_type=ATG;rbs_motif=GGA/GAG/AGG;rbs_spacer=5-10bp;gc_cont=0.374
Utg1904:2298835-2301513|+ -            893 1502854at2           -            192      0.06   11.4   1.6   2   2    0.0076      0.78    7.7   0.0     5    27   605   627   601   639 0.82 Utg1904_2066 # 2298835 # 2301513 # 1 # ID=1_2066;partial=00;start_type=ATG;rbs_motif=GGA/GAG/AGG;rbs_spacer=5-10bp;gc_cont=0.374
Utg2044:55308-56792|+     -            495 1502854at2           -            192     0.064   11.3   0.1   1   2    0.0045      0.46    8.5   0.0     5    27    30    52    27    59 0.88 Utg2044_64 # 55308 # 56792 # 1 # ID=27_64;partial=00;start_type=ATG;rbs_motif=GGAG/GAGG;rbs_spacer=5-10bp;gc_cont=0.564
Utg2044:55308-56792|+     -            495 1502854at2           -            192     0.064   11.3   0.1   2   2       2.2   2.2e+02   -0.3   0.0     4    27   277   300   275   306 0.88 Utg2044_64 # 55308 # 56792 # 1 # ID=27_64;partial=00;start_type=ATG;rbs_motif=GGAG/GAGG;rbs_spacer=5-10bp;gc_cont=0.564
Utg1904:1459429-1460487|- -            353 1502854at2           -            192     0.072   11.1   1.8   1   2       1.4   1.4e+02    0.4   0.6   133   170     6    40     3    53 0.70 Utg1904_1325 # 1459429 # 1460487 # -1 # ID=1_1325;partial=00;start_type=ATG;rbs_motif=GGA/GAG/AGG;rbs_spacer=5-10bp;gc_cont=0.433
Utg1904:1459429-1460487|- -            353 1502854at2           -            192     0.072   11.1   1.8   2   2    0.0021      0.22    9.5   0.0     6    31   217   242   213   263 0.81 Utg1904_1325 # 1459429 # 1460487 # -1 # ID=1_1325;partial=00;start_type=ATG;rbs_motif=GGA/GAG/AGG;rbs_spacer=5-10bp;gc_cont=0.433
Utg1988:53677-56250|-     -            858 1502854at2           -            192      0.13   10.2   6.2   1   3       0.3        31    2.5   0.0    10    29   203   222   195   228 0.84 Utg1988_45 # 53677 # 56250 # -1 # ID=16_45;partial=00;start_type=ATG;rbs_motif=GGAGG;rbs_spacer=3-4bp;gc_cont=0.566
Utg1988:53677-56250|-     -            858 1502854at2           -            192      0.13   10.2   6.2   2   3       1.2   1.2e+02    0.6   1.1   125   180   408   469   389   482 0.72 Utg1988_45 # 53677 # 56250 # -1 # ID=16_45;partial=00;start_type=ATG;rbs_motif=GGAGG;rbs_spacer=3-4bp;gc_cont=0.566
Utg1988:53677-56250|-     -            858 1502854at2           -            192      0.13   10.2   6.2   3   3     0.021       2.1    6.3   0.0     9    27   601   619   598   629 0.89 Utg1988_45 # 53677 # 56250 # -1 # ID=16_45;partial=00;start_type=ATG;rbs_motif=GGAGG;rbs_spacer=3-4bp;gc_cont=0.566
Utg1904:1717628-1718857|+ -            410 1502854at2           -            192      0.14   10.2   0.9   1   2      0.11        11    4.0   0.0   108   139    14    45    11    80 0.79 Utg1904_1556 # 1717628 # 1718857 # 1 # ID=1_1556;partial=00;start_type=ATG;rbs_motif=GGAG/GAGG;rbs_spacer=5-10bp;gc_cont=0.411
Utg1904:1717628-1718857|+ -            410 1502854at2           -            192      0.14   10.2   0.9   2   2     0.077         8    4.4   0.3     5    26   151   172   148   185 0.78 Utg1904_1556 # 1717628 # 1718857 # 1 # ID=1_1556;partial=00;start_type=ATG;rbs_motif=GGAG/GAGG;rbs_spacer=5-10bp;gc_cont=0.411
Utg1904:628350-630011|-   -            554 1502854at2           -            192      0.35    8.9   0.0   1   2       1.2   1.2e+02    0.6   0.1    11    27    37    53    32    60 0.81 Utg1904_573 # 628350 # 630011 # -1 # ID=1_573;partial=00;start_type=GTG;rbs_motif=AGGAG;rbs_spacer=5-10bp;gc_cont=0.427
Utg1904:628350-630011|-   -            554 1502854at2           -            192      0.35    8.9   0.0   2   2    0.0034      0.35    8.9   0.0     8    29   351   372   347   381 0.81 Utg1904_573 # 628350 # 630011 # -1 # ID=1_573;partial=00;start_type=GTG;rbs_motif=AGGAG;rbs_spacer=5-10bp;gc_cont=0.427
#
# Program:         hmmsearch
# Version:         3.4 (Aug 2023)
# Pipeline mode:   SEARCH
# Query file:      /home/abane_ashu/busco-5.8.0/busco_downloads/lineages/bacteria_odb10/hmms/1502854at2.hmm
# Target file:     /home/abane_ashu/busco-5.8.0/busco_raven/prodigal_output/predicted_genes/predicted.faa
# Option settings: hmmsearch --domtblout /home/abane_ashu/busco-5.8.0/busco_raven/run_bacteria_odb10/hmmer_output/1502854at2.out --cpu 1 /home/abane_ashu/busco-5.8.0/busco_downloads/lineages/bacteria_odb10/hmms/1502854at2.hmm /home/abane_ashu/busco-5.8.0/busco_raven/prodigal_output/predicted_genes/predicted.faa 
# Current dir:     /home/abane_ashu/busco-5.8.0
# Date:            Thu Aug 14 01:01:30 2025
# [ok]
