#                                                                                 --- full sequence --- -------------- this domain -------------   hmm coord   ali coord   env coord
# target name             accession   tlen query name           accession   qlen   E-value  score  bias   #  of  c-Evalue  i-Evalue  score  bias  from    to  from    to  from    to  acc description of target
#     ------------------- ---------- ----- -------------------- ---------- ----- --------- ------ ----- --- --- --------- --------- ------ ----- ----- ----- ----- ----- ----- ----- ---- ---------------------
Utg1904:397955-399289|+   -            445 1592033at2           -            393    2e-145  483.2   0.7   1   1  6.9e-148  2.7e-145  482.8   0.7     5   379     7   393     3   401 0.93 Utg1904_349 # 397955 # 399289 # 1 # ID=1_349;partial=00;start_type=GTG;rbs_motif=AGGA/GGAG/GAGG;rbs_spacer=11-12bp;gc_cont=0.409
Utg1904:1455909-1457318|+ -            470 1592033at2           -            393   2.4e-26   91.1   0.0   1   2   1.8e-13     7e-11   40.2   0.1   195   352     3   164     1   174 0.81 Utg1904_1320 # 1455909 # 1457318 # 1 # ID=1_1320;partial=00;start_type=ATG;rbs_motif=GGA/GAG/AGG;rbs_spacer=5-10bp;gc_cont=0.426
Utg1904:1455909-1457318|+ -            470 1592033at2           -            393   2.4e-26   91.1   0.0   2   2     1e-15     4e-13   47.6   0.0   195   367   177   363   166   384 0.82 Utg1904_1320 # 1455909 # 1457318 # 1 # ID=1_1320;partial=00;start_type=ATG;rbs_motif=GGA/GAG/AGG;rbs_spacer=5-10bp;gc_cont=0.426
Utg1904:915874-917229|+   -            452 1592033at2           -            393   3.3e-17   61.1   0.1   1   1   1.3e-19   5.1e-17   60.5   0.1   170   373   194   397   186   410 0.80 Utg1904_833 # 915874 # 917229 # 1 # ID=1_833;partial=00;start_type=ATG;rbs_motif=GGA/GAG/AGG;rbs_spacer=5-10bp;gc_cont=0.430
Utg2040:94182-95546|+     -            455 1592033at2           -            393   1.3e-14   52.5   0.0   1   1   5.5e-17   2.1e-14   51.8   0.0   164   375   188   402   153   412 0.85 Utg2040_98 # 94182 # 95546 # 1 # ID=25_98;partial=00;start_type=ATG;rbs_motif=GGA/GAG/AGG;rbs_spacer=5-10bp;gc_cont=0.629
Utg1904:3706998-3708218|- -            407 1592033at2           -            393   1.5e-12   45.7   0.0   1   1   6.4e-15   2.5e-12   45.0   0.0   192   387   157   371   143   377 0.84 Utg1904_3368 # 3706998 # 3708218 # -1 # ID=1_3368;partial=00;start_type=ATG;rbs_motif=GGAG/GAGG;rbs_spacer=5-10bp;gc_cont=0.441
Utg1904:3725024-3726052|- -            343 1592033at2           -            393     8e-12   43.3   0.0   1   1     3e-14   1.2e-11   42.8   0.0   197   354    42   208    38   239 0.80 Utg1904_3387 # 3725024 # 3726052 # -1 # ID=1_3387;partial=00;start_type=ATG;rbs_motif=AGGA/GGAG/GAGG;rbs_spacer=11-12bp;gc_cont=0.376
Utg1988:26183-27088|-     -            302 1592033at2           -            393   1.5e-09   35.9   0.3   1   1   1.9e-11   7.4e-09   33.6   0.3   196   370    10   193     2   204 0.77 Utg1988_23 # 26183 # 27088 # -1 # ID=16_23;partial=00;start_type=ATG;rbs_motif=GGAG/GAGG;rbs_spacer=5-10bp;gc_cont=0.547
Utg2010:83162-84253|+     -            364 1592033at2           -            393   1.2e-07   29.6   0.0   1   2   2.4e-09   9.3e-07   26.7   0.0   197   241     5    50     2    68 0.86 Utg2010_77 # 83162 # 84253 # 1 # ID=21_77;partial=00;start_type=ATG;rbs_motif=GGA/GAG/AGG;rbs_spacer=11-12bp;gc_cont=0.565
Utg2010:83162-84253|+     -            364 1592033at2           -            393   1.2e-07   29.6   0.0   2   2      0.22        87    0.4   0.0   116   146   149   179   144   186 0.85 Utg2010_77 # 83162 # 84253 # 1 # ID=21_77;partial=00;start_type=ATG;rbs_motif=GGA/GAG/AGG;rbs_spacer=11-12bp;gc_cont=0.565
Utg1904:2517889-2518980|- -            364 1592033at2           -            393   3.1e-07   28.3   0.0   1   2   1.7e-09   6.7e-07   27.1   0.0   198   240     6    48     2    67 0.89 Utg1904_2272 # 2517889 # 2518980 # -1 # ID=1_2272;partial=00;start_type=ATG;rbs_motif=GGA/GAG/AGG;rbs_spacer=5-10bp;gc_cont=0.408
Utg1904:2517889-2518980|- -            364 1592033at2           -            393   3.1e-07   28.3   0.0   2   2       3.1   1.2e+03   -3.3   0.1   303   320   108   125    91   147 0.60 Utg1904_2272 # 2517889 # 2518980 # -1 # ID=1_2272;partial=00;start_type=ATG;rbs_motif=GGA/GAG/AGG;rbs_spacer=5-10bp;gc_cont=0.408
Utg1904:1176688-1178541|+ -            618 1592033at2           -            393   1.1e-06   26.4   0.0   1   1   1.5e-08   5.6e-06   24.1   0.0   194   352     4   172     1   207 0.79 Utg1904_1072 # 1176688 # 1178541 # 1 # ID=1_1072;partial=00;start_type=ATG;rbs_motif=AGGAG;rbs_spacer=5-10bp;gc_cont=0.431
Utg1918:87204-88022|-     -            273 1592033at2           -            393   3.9e-06   24.6   0.0   1   1   1.4e-08   5.5e-06   24.1   0.0   196   253   161   219   149   223 0.94 Utg1918_98 # 87204 # 88022 # -1 # ID=4_98;partial=00;start_type=ATG;rbs_motif=GGAG/GAGG;rbs_spacer=5-10bp;gc_cont=0.586
Utg1994:26606-27238|-     -            211 1592033at2           -            393   0.00039   18.0   0.3   1   2   8.7e-06    0.0034   15.0   0.0   192   221    24    53     1    64 0.81 Utg1994_22 # 26606 # 27238 # -1 # ID=17_22;partial=00;start_type=TTG;rbs_motif=GGAG/GAGG;rbs_spacer=5-10bp;gc_cont=0.550
Utg1994:26606-27238|-     -            211 1592033at2           -            393   0.00039   18.0   0.3   2   2       0.1        39    1.6   0.0   303   351   136   198    85   208 0.64 Utg1994_22 # 26606 # 27238 # -1 # ID=17_22;partial=00;start_type=TTG;rbs_motif=GGAG/GAGG;rbs_spacer=5-10bp;gc_cont=0.550
Utg1912:610-1374|+        -            255 1592033at2           -            393    0.0015   16.1   0.0   1   2   7.5e-05     0.029   11.9   0.0   302   351    51   111    25   117 0.83 Utg1912_3 # 610 # 1374 # 1 # ID=2_3;partial=00;start_type=GTG;rbs_motif=GGA/GAG/AGG;rbs_spacer=11-12bp;gc_cont=0.558
Utg1912:610-1374|+        -            255 1592033at2           -            393    0.0015   16.1   0.0   2   2     0.056        22    2.4   0.0   201   223   115   134   110   141 0.75 Utg1912_3 # 610 # 1374 # 1 # ID=2_3;partial=00;start_type=GTG;rbs_motif=GGA/GAG/AGG;rbs_spacer=11-12bp;gc_cont=0.558
Utg1904:483015-483791|+   -            259 1592033at2           -            393    0.0069   13.9   0.0   1   1   3.3e-05     0.013   13.1   0.0   195   221    62    88    58    91 0.88 Utg1904_443 # 483015 # 483791 # 1 # ID=1_443;partial=00;start_type=ATG;rbs_motif=None;rbs_spacer=None;gc_cont=0.414
Utg2006:143099-143578|-   -            160 1592033at2           -            393     0.011   13.2   0.1   1   1   4.9e-05     0.019   12.5   0.1   195   221     2    28     1    32 0.87 Utg2006_149 # 143099 # 143578 # -1 # ID=19_149;partial=00;start_type=ATG;rbs_motif=GGA/GAG/AGG;rbs_spacer=5-10bp;gc_cont=0.554
Utg1904:1459429-1460487|- -            353 1592033at2           -            393     0.036   11.6   1.7   1   3       1.2   4.5e+02   -1.9   0.3    82   101     4    23     2    28 0.74 Utg1904_1325 # 1459429 # 1460487 # -1 # ID=1_1325;partial=00;start_type=ATG;rbs_motif=GGA/GAG/AGG;rbs_spacer=5-10bp;gc_cont=0.433
Utg1904:1459429-1460487|- -            353 1592033at2           -            393     0.036   11.6   1.7   2   3     0.023       8.8    3.7   0.0   303   322   165   187   146   218 0.73 Utg1904_1325 # 1459429 # 1460487 # -1 # ID=1_1325;partial=00;start_type=ATG;rbs_motif=GGA/GAG/AGG;rbs_spacer=5-10bp;gc_cont=0.433
Utg1904:1459429-1460487|- -            353 1592033at2           -            393     0.036   11.6   1.7   3   3    0.0033       1.3    6.5   0.0   195   216   218   239   212   252 0.84 Utg1904_1325 # 1459429 # 1460487 # -1 # ID=1_1325;partial=00;start_type=ATG;rbs_motif=GGA/GAG/AGG;rbs_spacer=5-10bp;gc_cont=0.433
#
# Program:         hmmsearch
# Version:         3.4 (Aug 2023)
# Pipeline mode:   SEARCH
# Query file:      /home/abane_ashu/busco-5.8.0/busco_downloads/lineages/bacteria_odb10/hmms/1592033at2.hmm
# Target file:     /home/abane_ashu/busco-5.8.0/busco_raven/prodigal_output/predicted_genes/predicted.faa
# Option settings: hmmsearch --domtblout /home/abane_ashu/busco-5.8.0/busco_raven/run_bacteria_odb10/hmmer_output/1592033at2.out --cpu 1 /home/abane_ashu/busco-5.8.0/busco_downloads/lineages/bacteria_odb10/hmms/1592033at2.hmm /home/abane_ashu/busco-5.8.0/busco_raven/prodigal_output/predicted_genes/predicted.faa 
# Current dir:     /home/abane_ashu/busco-5.8.0
# Date:            Thu Aug 14 01:01:31 2025
# [ok]
