#                                                                                 --- full sequence --- -------------- this domain -------------   hmm coord   ali coord   env coord
# target name             accession   tlen query name           accession   qlen   E-value  score  bias   #  of  c-Evalue  i-Evalue  score  bias  from    to  from    to  from    to  acc description of target
#     ------------------- ---------- ----- -------------------- ---------- ----- --------- ------ ----- --- --- --------- --------- ------ ----- ----- ----- ----- ----- ----- ----- ---- ---------------------
Utg1988:29005-30804|-     -            600 182107at2            -            492  6.9e-222  735.6   6.3   1   1  3.2e-222  1.3e-219  728.2   6.3     1   491     4   594     4   595 0.88 Utg1988_27 # 29005 # 30804 # -1 # ID=16_27;partial=00;start_type=ATG;rbs_motif=None;rbs_spacer=None;gc_cont=0.582
Utg1904:3728018-3729835|- -            606 182107at2            -            492  2.7e-217  720.5   9.0   1   1  5.2e-218    2e-215  714.3   9.0     1   492    13   604    13   604 0.86 Utg1904_3391 # 3728018 # 3729835 # -1 # ID=1_3391;partial=00;start_type=ATG;rbs_motif=GGA/GAG/AGG;rbs_spacer=5-10bp;gc_cont=0.413
Utg1994:34591-36414|+     -            608 182107at2            -            492   1.1e-44  151.1   3.4   1   2   2.3e-42   8.7e-40  135.0   1.7     1   232     5   279     5   288 0.77 Utg1994_28 # 34591 # 36414 # 1 # ID=17_28;partial=00;start_type=GTG;rbs_motif=GGAG/GAGG;rbs_spacer=5-10bp;gc_cont=0.557
Utg1994:34591-36414|+     -            608 182107at2            -            492   1.1e-44  151.1   3.4   2   2   4.4e-06    0.0017   15.3   0.0   261   350   341   424   312   430 0.79 Utg1994_28 # 34591 # 36414 # 1 # ID=17_28;partial=00;start_type=GTG;rbs_motif=GGAG/GAGG;rbs_spacer=5-10bp;gc_cont=0.557
Utg1904:1801072-1803210|+ -            713 182107at2            -            492   1.1e-34  118.1   0.1   1   4   5.9e-23   2.3e-20   70.9   0.0     2   134    11   168    10   196 0.80 Utg1904_1634 # 1801072 # 1803210 # 1 # ID=1_1634;partial=00;start_type=ATG;rbs_motif=AGGA/GGAG/GAGG;rbs_spacer=11-12bp;gc_cont=0.432
Utg1904:1801072-1803210|+ -            713 182107at2            -            492   1.1e-34  118.1   0.1   2   4      0.11        44    0.7   0.0   133   160   264   291   253   302 0.81 Utg1904_1634 # 1801072 # 1803210 # 1 # ID=1_1634;partial=00;start_type=ATG;rbs_motif=AGGA/GGAG/GAGG;rbs_spacer=11-12bp;gc_cont=0.432
Utg1904:1801072-1803210|+ -            713 182107at2            -            492   1.1e-34  118.1   0.1   3   4     1e-10     4e-08   30.6   0.0   157   315   312   492   293   508 0.72 Utg1904_1634 # 1801072 # 1803210 # 1 # ID=1_1634;partial=00;start_type=ATG;rbs_motif=AGGA/GGAG/GAGG;rbs_spacer=11-12bp;gc_cont=0.432
Utg1904:1801072-1803210|+ -            713 182107at2            -            492   1.1e-34  118.1   0.1   4   4   0.00074      0.28    7.9   0.0   322   353   611   642   603   649 0.87 Utg1904_1634 # 1801072 # 1803210 # 1 # ID=1_1634;partial=00;start_type=ATG;rbs_motif=AGGA/GGAG/GAGG;rbs_spacer=11-12bp;gc_cont=0.432
Utg1904:279439-281274|-   -            612 182107at2            -            492   6.7e-34  115.6   2.2   1   2     9e-33   3.5e-30  103.3   0.5     1   202     7   253     7   295 0.74 Utg1904_243 # 279439 # 281274 # -1 # ID=1_243;partial=00;start_type=ATG;rbs_motif=3Base/5BMM;rbs_spacer=13-15bp;gc_cont=0.422
Utg1904:279439-281274|-   -            612 182107at2            -            492   6.7e-34  115.6   2.2   2   2   0.00013     0.051   10.4   0.0   278   352   363   434   331   440 0.79 Utg1904_243 # 279439 # 281274 # -1 # ID=1_243;partial=00;start_type=ATG;rbs_motif=3Base/5BMM;rbs_spacer=13-15bp;gc_cont=0.422
Utg1904:1482137-1483729|+ -            531 182107at2            -            492   1.7e-28   97.8   0.0   1   3   8.5e-25   3.3e-22   77.0   0.0     2   132    15   167    14   191 0.82 Utg1904_1343 # 1482137 # 1483729 # 1 # ID=1_1343;partial=00;start_type=ATG;rbs_motif=GGA/GAG/AGG;rbs_spacer=5-10bp;gc_cont=0.421
Utg1904:1482137-1483729|+ -            531 182107at2            -            492   1.7e-28   97.8   0.0   2   3     0.069        27    1.4   0.0   140   198   262   320   248   348 0.84 Utg1904_1343 # 1482137 # 1483729 # 1 # ID=1_1343;partial=00;start_type=ATG;rbs_motif=GGA/GAG/AGG;rbs_spacer=5-10bp;gc_cont=0.421
Utg1904:1482137-1483729|+ -            531 182107at2            -            492   1.7e-28   97.8   0.0   3   3   1.6e-05    0.0061   13.4   0.0   229   308   391   466   332   485 0.84 Utg1904_1343 # 1482137 # 1483729 # 1 # ID=1_1343;partial=00;start_type=ATG;rbs_motif=GGA/GAG/AGG;rbs_spacer=5-10bp;gc_cont=0.421
Utg1918:69667-72279|-     -            871 182107at2            -            492   6.7e-26   89.2   0.3   1   1   3.6e-28   1.4e-25   88.1   0.3     5   194   401   603   399   615 0.81 Utg1918_79 # 69667 # 72279 # -1 # ID=4_79;partial=00;start_type=ATG;rbs_motif=AGGA;rbs_spacer=5-10bp;gc_cont=0.558
Utg1904:1266307-1269006|+ -            900 182107at2            -            492   8.5e-23   78.9   2.9   1   2   2.2e-25   8.6e-23   78.9   1.1     5   194   405   607   403   619 0.81 Utg1904_1154 # 1266307 # 1269006 # 1 # ID=1_1154;partial=00;start_type=ATG;rbs_motif=AGGAG;rbs_spacer=5-10bp;gc_cont=0.432
Utg1904:1266307-1269006|+ -            900 182107at2            -            492   8.5e-23   78.9   2.9   2   2       2.6   9.9e+02   -3.7   0.0   411   447   809   846   787   866 0.66 Utg1904_1154 # 1266307 # 1269006 # 1 # ID=1_1154;partial=00;start_type=ATG;rbs_motif=AGGAG;rbs_spacer=5-10bp;gc_cont=0.432
Utg1930:28567-29751|-     -            395 182107at2            -            492   4.7e-13   46.8   0.1   1   1   2.9e-15   1.1e-12   45.5   0.1     3   198    14   247    13   262 0.69 Utg1930_29 # 28567 # 29751 # -1 # ID=6_29;partial=00;start_type=ATG;rbs_motif=GGAG/GAGG;rbs_spacer=5-10bp;gc_cont=0.543
Utg1904:1208533-1209723|+ -            397 182107at2            -            492     1e-12   45.7   0.1   1   1     7e-15   2.7e-12   44.3   0.1     3   199    14   250    13   265 0.71 Utg1904_1102 # 1208533 # 1209723 # 1 # ID=1_1102;partial=00;start_type=ATG;rbs_motif=GGAG/GAGG;rbs_spacer=5-10bp;gc_cont=0.445
Utg1904:1803305-1804495|+ -            397 182107at2            -            492     1e-12   45.7   0.1   1   1     7e-15   2.7e-12   44.3   0.1     3   199    14   250    13   265 0.71 Utg1904_1635 # 1803305 # 1804495 # 1 # ID=1_1635;partial=00;start_type=ATG;rbs_motif=AGGA;rbs_spacer=5-10bp;gc_cont=0.446
Utg1904:1455909-1457318|+ -            470 182107at2            -            492   1.9e-12   44.8   0.3   1   2   3.9e-07   0.00015   18.8   0.1    57   161    65   168     4   171 0.68 Utg1904_1320 # 1455909 # 1457318 # 1 # ID=1_1320;partial=00;start_type=ATG;rbs_motif=GGA/GAG/AGG;rbs_spacer=5-10bp;gc_cont=0.426
Utg1904:1455909-1457318|+ -            470 182107at2            -            492   1.9e-12   44.8   0.3   2   2   1.1e-08   4.3e-06   23.9   0.0     5   154   180   345   178   365 0.74 Utg1904_1320 # 1455909 # 1457318 # 1 # ID=1_1320;partial=00;start_type=ATG;rbs_motif=GGA/GAG/AGG;rbs_spacer=5-10bp;gc_cont=0.426
Utg1904:1961160-1962773|+ -            538 182107at2            -            492   4.1e-11   40.4   0.1   1   2      0.37   1.4e+02   -1.0   0.0     7    23    30    46    26    61 0.80 Utg1904_1774 # 1961160 # 1962773 # 1 # ID=1_1774;partial=00;start_type=ATG;rbs_motif=GGAG/GAGG;rbs_spacer=5-10bp;gc_cont=0.406
Utg1904:1961160-1962773|+ -            538 182107at2            -            492   4.1e-11   40.4   0.1   2   2   4.9e-13   1.9e-10   38.2   0.1    26   122    78   179    73   189 0.85 Utg1904_1774 # 1961160 # 1962773 # 1 # ID=1_1774;partial=00;start_type=ATG;rbs_motif=GGAG/GAGG;rbs_spacer=5-10bp;gc_cont=0.406
Utg1988:26183-27088|-     -            302 182107at2            -            492   3.7e-05   20.8   0.1   1   1   1.3e-07   5.2e-05   20.3   0.1     5   157    12   175     9   185 0.77 Utg1988_23 # 26183 # 27088 # -1 # ID=16_23;partial=00;start_type=ATG;rbs_motif=GGAG/GAGG;rbs_spacer=5-10bp;gc_cont=0.547
Utg1904:3725024-3726052|- -            343 182107at2            -            492   6.8e-05   19.9   0.0   1   1   2.5e-07   9.7e-05   19.4   0.0     5   156    43   205    40   216 0.74 Utg1904_3387 # 3725024 # 3726052 # -1 # ID=1_3387;partial=00;start_type=ATG;rbs_motif=AGGA/GGAG/GAGG;rbs_spacer=11-12bp;gc_cont=0.376
Utg1904:1438118-1439383|- -            422 182107at2            -            492     0.026   11.4   0.1   1   2   0.00034      0.13    9.1   0.1    71   127    16    72     8    94 0.87 Utg1904_1304 # 1438118 # 1439383 # -1 # ID=1_1304;partial=00;start_type=ATG;rbs_motif=None;rbs_spacer=None;gc_cont=0.426
Utg1904:1438118-1439383|- -            422 182107at2            -            492     0.026   11.4   0.1   2   2      0.27     1e+02   -0.5   0.0   169   195   312   338   304   352 0.81 Utg1904_1304 # 1438118 # 1439383 # -1 # ID=1_1304;partial=00;start_type=ATG;rbs_motif=None;rbs_spacer=None;gc_cont=0.426
#
# Program:         hmmsearch
# Version:         3.4 (Aug 2023)
# Pipeline mode:   SEARCH
# Query file:      /home/abane_ashu/busco-5.8.0/busco_downloads/lineages/bacteria_odb10/hmms/182107at2.hmm
# Target file:     /home/abane_ashu/busco-5.8.0/busco_raven/prodigal_output/predicted_genes/predicted.faa
# Option settings: hmmsearch --domtblout /home/abane_ashu/busco-5.8.0/busco_raven/run_bacteria_odb10/hmmer_output/182107at2.out --cpu 1 /home/abane_ashu/busco-5.8.0/busco_downloads/lineages/bacteria_odb10/hmms/182107at2.hmm /home/abane_ashu/busco-5.8.0/busco_raven/prodigal_output/predicted_genes/predicted.faa 
# Current dir:     /home/abane_ashu/busco-5.8.0
# Date:            Thu Aug 14 01:01:32 2025
# [ok]
