#                                                                                 --- full sequence --- -------------- this domain -------------   hmm coord   ali coord   env coord
# target name             accession   tlen query name           accession   qlen   E-value  score  bias   #  of  c-Evalue  i-Evalue  score  bias  from    to  from    to  from    to  acc description of target
#     ------------------- ---------- ----- -------------------- ---------- ----- --------- ------ ----- --- --- --------- --------- ------ ----- ----- ----- ----- ----- ----- ----- ---- ---------------------
Utg1904:3253832-3254287|- -            152 1827295at2           -             74   2.9e-20   70.4   1.4   1   1   9.1e-22   1.8e-19   67.9   1.4     2    61     8    84     7   106 0.77 Utg1904_2979 # 3253832 # 3254287 # -1 # ID=1_2979;partial=00;start_type=ATG;rbs_motif=None;rbs_spacer=None;gc_cont=0.384
Utg1904:2702209-2703966|+ -            586 1827295at2           -             74   0.00023   19.5   0.8   1   2    0.0021      0.41    9.1   0.1     8    29    39    61    25    70 0.78 Utg1904_2450 # 2702209 # 2703966 # 1 # ID=1_2450;partial=00;start_type=ATG;rbs_motif=GGA/GAG/AGG;rbs_spacer=5-10bp;gc_cont=0.388
Utg1904:2702209-2703966|+ -            586 1827295at2           -             74   0.00023   19.5   0.8   2   2    0.0053         1    7.8   0.1     8    30   363   387   352   394 0.79 Utg1904_2450 # 2702209 # 2703966 # 1 # ID=1_2450;partial=00;start_type=ATG;rbs_motif=GGA/GAG/AGG;rbs_spacer=5-10bp;gc_cont=0.388
Utg1904:594230-594799|-   -            190 1827295at2           -             74    0.0003   19.1   0.0   1   1   3.3e-06   0.00065   18.1   0.0    10    33    20    43     8    49 0.87 Utg1904_544 # 594230 # 594799 # -1 # ID=1_544;partial=00;start_type=ATG;rbs_motif=None;rbs_spacer=None;gc_cont=0.407
Utg1964:31178-32794|+     -            539 1827295at2           -             74   0.00034   18.9   0.1   1   2    0.0023      0.45    8.9   0.0     8    31    32    56    21    62 0.81 Utg1964_38 # 31178 # 32794 # 1 # ID=12_38;partial=00;start_type=ATG;rbs_motif=GGAG/GAGG;rbs_spacer=5-10bp;gc_cont=0.643
Utg1964:31178-32794|+     -            539 1827295at2           -             74   0.00034   18.9   0.1   2   2    0.0072       1.4    7.4   0.0     9    28   307   326   291   332 0.80 Utg1964_38 # 31178 # 32794 # 1 # ID=12_38;partial=00;start_type=ATG;rbs_motif=GGAG/GAGG;rbs_spacer=5-10bp;gc_cont=0.643
Utg2042:29378-30334|-     -            319 1827295at2           -             74   0.00045   18.6   0.2   1   2   7.9e-06    0.0015   16.9   0.1    10    31     6    27     1    34 0.87 Utg2042_34 # 29378 # 30334 # -1 # ID=26_34;partial=00;start_type=ATG;rbs_motif=GGAG/GAGG;rbs_spacer=5-10bp;gc_cont=0.565
Utg2042:29378-30334|-     -            319 1827295at2           -             74   0.00045   18.6   0.2   2   2       4.3   8.3e+02   -1.5   0.0    10    44   154   186   140   208 0.70 Utg2042_34 # 29378 # 30334 # -1 # ID=26_34;partial=00;start_type=ATG;rbs_motif=GGAG/GAGG;rbs_spacer=5-10bp;gc_cont=0.565
Utg1904:2144698-2147277|+ -            860 1827295at2           -             74   0.00046   18.5   0.1   1   3     0.012       2.4    6.6   0.0    12    33   200   222   187   226 0.83 Utg1904_1926 # 2144698 # 2147277 # 1 # ID=1_1926;partial=00;start_type=ATG;rbs_motif=GGAG/GAGG;rbs_spacer=5-10bp;gc_cont=0.426
Utg1904:2144698-2147277|+ -            860 1827295at2           -             74   0.00046   18.5   0.1   2   3    0.0081       1.6    7.2   0.0    11    31   599   619   585   623 0.87 Utg1904_1926 # 2144698 # 2147277 # 1 # ID=1_1926;partial=00;start_type=ATG;rbs_motif=GGAG/GAGG;rbs_spacer=5-10bp;gc_cont=0.426
Utg1904:2144698-2147277|+ -            860 1827295at2           -             74   0.00046   18.5   0.1   3   3       2.2   4.2e+02   -0.6   0.0    12    27   831   846   818   851 0.84 Utg1904_1926 # 2144698 # 2147277 # 1 # ID=1_1926;partial=00;start_type=ATG;rbs_motif=GGAG/GAGG;rbs_spacer=5-10bp;gc_cont=0.426
Utg1904:833278-834543|-   -            422 1827295at2           -             74   0.00086   17.7   0.1   1   1   1.1e-05    0.0022   16.3   0.0     6    31    21    47    11    53 0.80 Utg1904_760 # 833278 # 834543 # -1 # ID=1_760;partial=00;start_type=ATG;rbs_motif=None;rbs_spacer=None;gc_cont=0.435
Utg1904:3001229-3003505|- -            759 1827295at2           -             74    0.0011   17.4   0.0   1   2      0.06        11    4.4   0.0    12    29   210   227   195   238 0.83 Utg1904_2723 # 3001229 # 3003505 # -1 # ID=1_2723;partial=00;start_type=ATG;rbs_motif=GGA/GAG/AGG;rbs_spacer=5-10bp;gc_cont=0.401
Utg1904:3001229-3003505|- -            759 1827295at2           -             74    0.0011   17.4   0.0   2   2    0.0012      0.23    9.9   0.0    11    33   489   511   471   519 0.88 Utg1904_2723 # 3001229 # 3003505 # -1 # ID=1_2723;partial=00;start_type=ATG;rbs_motif=GGA/GAG/AGG;rbs_spacer=5-10bp;gc_cont=0.401
Utg1904:3758864-3759868|+ -            335 1827295at2           -             74     0.002   16.5   0.0   1   1   2.4e-05    0.0047   15.3   0.0     8    38    50    82    37    86 0.86 Utg1904_3422 # 3758864 # 3759868 # 1 # ID=1_3422;partial=00;start_type=ATG;rbs_motif=None;rbs_spacer=None;gc_cont=0.457
Utg1904:1378246-1380156|- -            637 1827295at2           -             74    0.0025   16.2   0.3   1   2      0.25        49    2.4   0.0     9    27    30    48    19    54 0.81 Utg1904_1248 # 1378246 # 1380156 # -1 # ID=1_1248;partial=00;start_type=ATG;rbs_motif=GGA/GAG/AGG;rbs_spacer=5-10bp;gc_cont=0.426
Utg1904:1378246-1380156|- -            637 1827295at2           -             74    0.0025   16.2   0.3   2   2   0.00052       0.1   11.0   0.1     9    32   345   368   333   377 0.82 Utg1904_1248 # 1378246 # 1380156 # -1 # ID=1_1248;partial=00;start_type=ATG;rbs_motif=GGA/GAG/AGG;rbs_spacer=5-10bp;gc_cont=0.426
Utg1988:53677-56250|-     -            858 1827295at2           -             74    0.0025   16.1   0.0   1   3     0.011       2.1    6.8   0.0    12    33   203   225   189   229 0.81 Utg1988_45 # 53677 # 56250 # -1 # ID=16_45;partial=00;start_type=ATG;rbs_motif=GGAGG;rbs_spacer=3-4bp;gc_cont=0.566
Utg1988:53677-56250|-     -            858 1827295at2           -             74    0.0025   16.1   0.0   2   3     0.029       5.6    5.4   0.0    11    30   601   620   586   625 0.87 Utg1988_45 # 53677 # 56250 # -1 # ID=16_45;partial=00;start_type=ATG;rbs_motif=GGAGG;rbs_spacer=3-4bp;gc_cont=0.566
Utg1988:53677-56250|-     -            858 1827295at2           -             74    0.0025   16.1   0.0   3   3       8.5   1.6e+03   -2.5   0.0    11    22   832   843   820   845 0.80 Utg1988_45 # 53677 # 56250 # -1 # ID=16_45;partial=00;start_type=ATG;rbs_motif=GGAGG;rbs_spacer=3-4bp;gc_cont=0.566
Utg1994:5783-7288|+       -            502 1827295at2           -             74    0.0042   15.5   1.0   1   2    0.0062       1.2    7.6   0.1     8    28    29    50    18    57 0.80 Utg1994_7 # 5783 # 7288 # 1 # ID=17_7;partial=00;start_type=ATG;rbs_motif=GGAG/GAGG;rbs_spacer=5-10bp;gc_cont=0.578
Utg1994:5783-7288|+       -            502 1827295at2           -             74    0.0042   15.5   1.0   2   2     0.022       4.2    5.9   0.1     9    32   279   302   269   311 0.78 Utg1994_7 # 5783 # 7288 # 1 # ID=17_7;partial=00;start_type=ATG;rbs_motif=GGAG/GAGG;rbs_spacer=5-10bp;gc_cont=0.578
Utg1904:1732422-1733831|+ -            470 1827295at2           -             74    0.0066   14.8   0.1   1   1   7.9e-05     0.015   13.7   0.1     3    34    92   126    84   134 0.84 Utg1904_1568 # 1732422 # 1733831 # 1 # ID=1_1568;partial=00;start_type=ATG;rbs_motif=GGA/GAG/AGG;rbs_spacer=5-10bp;gc_cont=0.430
Utg1904:2298835-2301513|+ -            893 1827295at2           -             74     0.011   14.1   0.1   1   2     0.034       6.6    5.2   0.0    12    31   229   248   219   255 0.86 Utg1904_2066 # 2298835 # 2301513 # 1 # ID=1_2066;partial=00;start_type=ATG;rbs_motif=GGA/GAG/AGG;rbs_spacer=5-10bp;gc_cont=0.374
Utg1904:2298835-2301513|+ -            893 1827295at2           -             74     0.011   14.1   0.1   2   2     0.023       4.4    5.8   0.0     9    32   607   630   593   634 0.82 Utg1904_2066 # 2298835 # 2301513 # 1 # ID=1_2066;partial=00;start_type=ATG;rbs_motif=GGA/GAG/AGG;rbs_spacer=5-10bp;gc_cont=0.374
Utg1942:98656-100182|-    -            509 1827295at2           -             74     0.014   13.8   0.1   1   2     0.027       5.2    5.5   0.0     9    29    37    57    23    62 0.80 Utg1942_103 # 98656 # 100182 # -1 # ID=10_103;partial=00;start_type=ATG;rbs_motif=AGGAG;rbs_spacer=5-10bp;gc_cont=0.560
Utg1942:98656-100182|-    -            509 1827295at2           -             74     0.014   13.8   0.1   2   2     0.028       5.3    5.5   0.0     8    29   288   311   277   316 0.79 Utg1942_103 # 98656 # 100182 # -1 # ID=10_103;partial=00;start_type=ATG;rbs_motif=AGGAG;rbs_spacer=5-10bp;gc_cont=0.560
Utg1904:1885661-1886659|+ -            333 1827295at2           -             74     0.015   13.7   0.0   1   1   0.00017     0.032   12.6   0.0    11    31    12    32     2    38 0.84 Utg1904_1706 # 1885661 # 1886659 # 1 # ID=1_1706;partial=00;start_type=GTG;rbs_motif=GGA/GAG/AGG;rbs_spacer=5-10bp;gc_cont=0.418
Utg1904:1422828-1424141|+ -            438 1827295at2           -             74     0.015   13.7   0.0   1   1   0.00016     0.031   12.7   0.0     7    33   110   136   100   140 0.85 Utg1904_1293 # 1422828 # 1424141 # 1 # ID=1_1293;partial=00;start_type=ATG;rbs_motif=GGAG/GAGG;rbs_spacer=5-10bp;gc_cont=0.406
Utg1904:902945-904876|+   -            644 1827295at2           -             74     0.017   13.5   0.4   1   2     0.021         4    5.9   0.1    11    34    30    53    19    62 0.87 Utg1904_822 # 902945 # 904876 # 1 # ID=1_822;partial=00;start_type=ATG;rbs_motif=None;rbs_spacer=None;gc_cont=0.421
Utg1904:902945-904876|+   -            644 1827295at2           -             74     0.017   13.5   0.4   2   2     0.041       7.9    5.0   0.0    11    31   340   360   325   363 0.80 Utg1904_822 # 902945 # 904876 # 1 # ID=1_822;partial=00;start_type=ATG;rbs_motif=None;rbs_spacer=None;gc_cont=0.421
Utg1904:911062-912459|-   -            466 1827295at2           -             74     0.018   13.4   0.0   1   1   0.00019     0.037   12.4   0.0     9    32   164   187   152   193 0.81 Utg1904_828 # 911062 # 912459 # -1 # ID=1_828;partial=00;start_type=ATG;rbs_motif=GGA/GAG/AGG;rbs_spacer=5-10bp;gc_cont=0.400
Utg1912:75950-77470|+     -            507 1827295at2           -             74     0.021   13.2   0.5   1   2    0.0044      0.85    8.1   0.1     9    32    33    56    12    61 0.80 Utg1912_88 # 75950 # 77470 # 1 # ID=2_88;partial=00;start_type=ATG;rbs_motif=AGGAG;rbs_spacer=5-10bp;gc_cont=0.632
Utg1912:75950-77470|+     -            507 1827295at2           -             74     0.021   13.2   0.5   2   2      0.23        45    2.5   0.0     9    27   282   300   270   307 0.83 Utg1912_88 # 75950 # 77470 # 1 # ID=2_88;partial=00;start_type=ATG;rbs_motif=AGGAG;rbs_spacer=5-10bp;gc_cont=0.632
Utg1904:1090117-1090896|- -            260 1827295at2           -             74     0.024   13.0   0.0   1   1   0.00023     0.044   12.2   0.0     8    30    34    58    23    69 0.80 Utg1904_990 # 1090117 # 1090896 # -1 # ID=1_990;partial=00;start_type=GTG;rbs_motif=GGA/GAG/AGG;rbs_spacer=5-10bp;gc_cont=0.415
Utg2014:49024-50298|-     -            425 1827295at2           -             74     0.024   13.0   0.1   1   1    0.0003     0.058   11.8   0.1     5    33   109   137   102   144 0.85 Utg2014_55 # 49024 # 50298 # -1 # ID=22_55;partial=00;start_type=ATG;rbs_motif=GGAG/GAGG;rbs_spacer=5-10bp;gc_cont=0.563
Utg1988:70948-72312|-     -            455 1827295at2           -             74     0.029   12.8   0.1   1   1   0.00032     0.061   11.7   0.1     2    33    91   125    88   130 0.84 Utg1988_63 # 70948 # 72312 # -1 # ID=16_63;partial=00;start_type=ATG;rbs_motif=GGA/GAG/AGG;rbs_spacer=5-10bp;gc_cont=0.592
Utg1904:3735015-3735614|- -            200 1827295at2           -             74     0.029   12.8   0.0   1   1   0.00027     0.052   12.0   0.0    10    33     2    25     1    29 0.88 Utg1904_3397 # 3735015 # 3735614 # -1 # ID=1_3397;partial=00;start_type=ATG;rbs_motif=AGGA;rbs_spacer=5-10bp;gc_cont=0.405
Utg1904:2756212-2757051|+ -            280 1827295at2           -             74     0.032   12.6   0.0   1   2   0.00075      0.15   10.5   0.0     8    39    33    66    20    73 0.79 Utg1904_2506 # 2756212 # 2757051 # 1 # ID=1_2506;partial=00;start_type=ATG;rbs_motif=AGGA;rbs_spacer=5-10bp;gc_cont=0.386
Utg1904:2756212-2757051|+ -            280 1827295at2           -             74     0.032   12.6   0.0   2   2       3.4   6.6e+02   -1.2   0.0    35    48   235   248   231   261 0.78 Utg1904_2506 # 2756212 # 2757051 # 1 # ID=1_2506;partial=00;start_type=ATG;rbs_motif=AGGA;rbs_spacer=5-10bp;gc_cont=0.386
Utg2006:143099-143578|-   -            160 1827295at2           -             74     0.035   12.5   0.1   1   2   0.00067      0.13   10.7   0.1    11    30     4    23     2    30 0.84 Utg2006_149 # 143099 # 143578 # -1 # ID=19_149;partial=00;start_type=ATG;rbs_motif=GGA/GAG/AGG;rbs_spacer=5-10bp;gc_cont=0.554
Utg2006:143099-143578|-   -            160 1827295at2           -             74     0.035   12.5   0.1   2   2       4.3   8.3e+02   -1.5   0.0    24    43   110   127    97   128 0.83 Utg2006_149 # 143099 # 143578 # -1 # ID=19_149;partial=00;start_type=ATG;rbs_motif=GGA/GAG/AGG;rbs_spacer=5-10bp;gc_cont=0.554
Utg2050:54088-55158|-     -            357 1827295at2           -             74     0.038   12.4   0.1   1   1   0.00038     0.074   11.5   0.1     6    29    26    50    21    57 0.86 Utg2050_62 # 54088 # 55158 # -1 # ID=28_62;partial=00;start_type=ATG;rbs_motif=GGAG/GAGG;rbs_spacer=5-10bp;gc_cont=0.636
Utg2040:42796-43908|-     -            371 1827295at2           -             74      0.04   12.3   0.0   1   1   0.00053       0.1   11.0   0.0     9    29    45    65    31    71 0.84 Utg2040_44 # 42796 # 43908 # -1 # ID=25_44;partial=00;start_type=ATG;rbs_motif=GGA/GAG/AGG;rbs_spacer=5-10bp;gc_cont=0.617
Utg1912:69892-70572|+     -            227 1827295at2           -             74     0.041   12.3   0.0   1   1   0.00037     0.072   11.5   0.0     8    31    32    57    20    62 0.82 Utg1912_78 # 69892 # 70572 # 1 # ID=2_78;partial=00;start_type=ATG;rbs_motif=GGA/GAG/AGG;rbs_spacer=5-10bp;gc_cont=0.628
Utg1914:168089-168829|-   -            247 1827295at2           -             74     0.047   12.1   0.0   1   1   0.00057      0.11   10.9   0.0     9    33    20    44     8    54 0.79 Utg1914_169 # 168089 # 168829 # -1 # ID=3_169;partial=00;start_type=ATG;rbs_motif=AGGA;rbs_spacer=5-10bp;gc_cont=0.614
Utg1914:167401-168096|-   -            232 1827295at2           -             74     0.068   11.6   0.0   1   1   0.00072      0.14   10.6   0.0     9    30    28    49    15    57 0.84 Utg1914_168 # 167401 # 168096 # -1 # ID=3_168;partial=00;start_type=ATG;rbs_motif=GGAG/GAGG;rbs_spacer=5-10bp;gc_cont=0.615
Utg1918:2064-3551|-       -            496 1827295at2           -             74     0.074   11.5   0.8   1   2     0.025       4.8    5.7   0.1     9    29    31    51    17    56 0.83 Utg1918_3 # 2064 # 3551 # -1 # ID=4_3;partial=00;start_type=ATG;rbs_motif=GGAG/GAGG;rbs_spacer=5-10bp;gc_cont=0.633
Utg1918:2064-3551|-       -            496 1827295at2           -             74     0.074   11.5   0.8   2   2      0.11        22    3.6   0.0     9    28   283   302   270   304 0.82 Utg1918_3 # 2064 # 3551 # -1 # ID=4_3;partial=00;start_type=ATG;rbs_motif=GGAG/GAGG;rbs_spacer=5-10bp;gc_cont=0.633
#
# Program:         hmmsearch
# Version:         3.4 (Aug 2023)
# Pipeline mode:   SEARCH
# Query file:      /home/abane_ashu/busco-5.8.0/busco_downloads/lineages/bacteria_odb10/hmms/1827295at2.hmm
# Target file:     /home/abane_ashu/busco-5.8.0/busco_raven/prodigal_output/predicted_genes/predicted.faa
# Option settings: hmmsearch --domtblout /home/abane_ashu/busco-5.8.0/busco_raven/run_bacteria_odb10/hmmer_output/1827295at2.out --cpu 1 /home/abane_ashu/busco-5.8.0/busco_downloads/lineages/bacteria_odb10/hmms/1827295at2.hmm /home/abane_ashu/busco-5.8.0/busco_raven/prodigal_output/predicted_genes/predicted.faa 
# Current dir:     /home/abane_ashu/busco-5.8.0
# Date:            Thu Aug 14 01:01:32 2025
# [ok]
