#                                                                                 --- full sequence --- -------------- this domain -------------   hmm coord   ali coord   env coord
# target name             accession   tlen query name           accession   qlen   E-value  score  bias   #  of  c-Evalue  i-Evalue  score  bias  from    to  from    to  from    to  acc description of target
#     ------------------- ---------- ----- -------------------- ---------- ----- --------- ------ ----- --- --- --------- --------- ------ ----- ----- ----- ----- ----- ----- ----- ---- ---------------------
Utg1988:27085-27765|-     -            227 1890943at2           -            107     2e-23   81.0   4.8   1   4     1e-17   3.1e-14   51.4   0.1     2    57    20    88    19    94 0.83 Utg1988_24 # 27085 # 27765 # -1 # ID=16_24;partial=00;start_type=ATG;rbs_motif=None;rbs_spacer=None;gc_cont=0.561
Utg1988:27085-27765|-     -            227 1890943at2           -            107     2e-23   81.0   4.8   2   4   4.5e-07    0.0014   17.2   0.0    58    79   108   129   103   149 0.79 Utg1988_24 # 27085 # 27765 # -1 # ID=16_24;partial=00;start_type=ATG;rbs_motif=None;rbs_spacer=None;gc_cont=0.561
Utg1988:27085-27765|-     -            227 1890943at2           -            107     2e-23   81.0   4.8   3   4     0.012        36    2.9   0.0    81    93   153   165   151   168 0.85 Utg1988_24 # 27085 # 27765 # -1 # ID=16_24;partial=00;start_type=ATG;rbs_motif=None;rbs_spacer=None;gc_cont=0.561
Utg1988:27085-27765|-     -            227 1890943at2           -            107     2e-23   81.0   4.8   4   4   0.00021      0.64    8.6   0.3    92   107   206   221   201   221 0.91 Utg1988_24 # 27085 # 27765 # -1 # ID=16_24;partial=00;start_type=ATG;rbs_motif=None;rbs_spacer=None;gc_cont=0.561
Utg1904:3726058-3726750|- -            231 1890943at2           -            107   3.8e-22   76.8   4.8   1   4   5.1e-16   1.6e-12   45.9   0.0     2    55    24    88    23   104 0.81 Utg1904_3388 # 3726058 # 3726750 # -1 # ID=1_3388;partial=00;start_type=TTG;rbs_motif=GGA/GAG/AGG;rbs_spacer=5-10bp;gc_cont=0.413
Utg1904:3726058-3726750|- -            231 1890943at2           -            107   3.8e-22   76.8   4.8   2   4   1.2e-08   3.6e-05   22.2   0.0    56    78   111   133   105   143 0.88 Utg1904_3388 # 3726058 # 3726750 # -1 # ID=1_3388;partial=00;start_type=TTG;rbs_motif=GGA/GAG/AGG;rbs_spacer=5-10bp;gc_cont=0.413
Utg1904:3726058-3726750|- -            231 1890943at2           -            107   3.8e-22   76.8   4.8   3   4      0.01        31    3.2   0.0    81    96   159   174   152   176 0.85 Utg1904_3388 # 3726058 # 3726750 # -1 # ID=1_3388;partial=00;start_type=TTG;rbs_motif=GGA/GAG/AGG;rbs_spacer=5-10bp;gc_cont=0.413
Utg1904:3726058-3726750|- -            231 1890943at2           -            107   3.8e-22   76.8   4.8   4   4    0.0029         9    4.9   0.1    90   106   209   225   203   226 0.88 Utg1904_3388 # 3726058 # 3726750 # -1 # ID=1_3388;partial=00;start_type=TTG;rbs_motif=GGA/GAG/AGG;rbs_spacer=5-10bp;gc_cont=0.413
#
# Program:         hmmsearch
# Version:         3.4 (Aug 2023)
# Pipeline mode:   SEARCH
# Query file:      /home/abane_ashu/busco-5.8.0/busco_downloads/lineages/bacteria_odb10/hmms/1890943at2.hmm
# Target file:     /home/abane_ashu/busco-5.8.0/busco_raven/prodigal_output/predicted_genes/predicted.faa
# Option settings: hmmsearch --domtblout /home/abane_ashu/busco-5.8.0/busco_raven/run_bacteria_odb10/hmmer_output/1890943at2.out --cpu 1 /home/abane_ashu/busco-5.8.0/busco_downloads/lineages/bacteria_odb10/hmms/1890943at2.hmm /home/abane_ashu/busco-5.8.0/busco_raven/prodigal_output/predicted_genes/predicted.faa 
# Current dir:     /home/abane_ashu/busco-5.8.0
# Date:            Thu Aug 14 01:01:33 2025
# [ok]
