#                                                                                 --- full sequence --- -------------- this domain -------------   hmm coord   ali coord   env coord
# target name             accession   tlen query name           accession   qlen   E-value  score  bias   #  of  c-Evalue  i-Evalue  score  bias  from    to  from    to  from    to  acc description of target
#     ------------------- ---------- ----- -------------------- ---------- ----- --------- ------ ----- --- --- --------- --------- ------ ----- ----- ----- ----- ----- ----- ----- ---- ---------------------
Utg2040:89577-90980|-     -            468 219876at2            -            282     1e-99  331.9   0.6   1   1  4.2e-102   2.2e-99  330.9   0.6     2   278   117   449   116   452 0.88 Utg2040_93 # 89577 # 90980 # -1 # ID=25_93;partial=00;start_type=GTG;rbs_motif=GGAG/GAGG;rbs_spacer=5-10bp;gc_cont=0.576
Utg1904:911062-912459|-   -            466 219876at2            -            282     4e-79  264.4   0.0   1   1   1.5e-81     8e-79  263.4   0.0    13   276   125   445   115   450 0.85 Utg1904_828 # 911062 # 912459 # -1 # ID=1_828;partial=00;start_type=ATG;rbs_motif=GGA/GAG/AGG;rbs_spacer=5-10bp;gc_cont=0.400
Utg1904:1561-2259|-       -            233 219876at2            -            282   7.7e-09   33.8   0.0   1   1   2.2e-11   1.2e-08   33.2   0.0    38   151    30   157    25   182 0.78 Utg1904_2 # 1561 # 2259 # -1 # ID=1_2;partial=00;start_type=ATG;rbs_motif=GGA/GAG/AGG;rbs_spacer=11-12bp;gc_cont=0.399
Utg1904:3151171-3151941|- -            257 219876at2            -            282   1.1e-06   26.7   0.0   1   2     1e-08   5.3e-06   24.5   0.0    13    90    67   154    59   181 0.73 Utg1904_2878 # 3151171 # 3151941 # -1 # ID=1_2878;partial=00;start_type=ATG;rbs_motif=GGAG/GAGG;rbs_spacer=5-10bp;gc_cont=0.416
Utg1904:3151171-3151941|- -            257 219876at2            -            282   1.1e-06   26.7   0.0   2   2      0.45   2.3e+02   -0.6   0.0   128   145   222   240   213   246 0.80 Utg1904_2878 # 3151171 # 3151941 # -1 # ID=1_2878;partial=00;start_type=ATG;rbs_motif=GGAG/GAGG;rbs_spacer=5-10bp;gc_cont=0.416
Utg1904:2721912-2722763|+ -            284 219876at2            -            282   0.00016   19.7   0.3   1   3   9.9e-07   0.00051   18.0   0.0    24    74    12    58     4    78 0.89 Utg1904_2475 # 2721912 # 2722763 # 1 # ID=1_2475;partial=00;start_type=ATG;rbs_motif=GGA/GAG/AGG;rbs_spacer=5-10bp;gc_cont=0.398
Utg1904:2721912-2722763|+ -            284 219876at2            -            282   0.00016   19.7   0.3   2   3       2.9   1.5e+03   -3.2   0.1    97   110   116   129   115   140 0.81 Utg1904_2475 # 2721912 # 2722763 # 1 # ID=1_2475;partial=00;start_type=ATG;rbs_motif=GGA/GAG/AGG;rbs_spacer=5-10bp;gc_cont=0.398
Utg1904:2721912-2722763|+ -            284 219876at2            -            282   0.00016   19.7   0.3   3   3      0.86   4.4e+02   -1.5   0.1   100   164   137   198   124   215 0.68 Utg1904_2475 # 2721912 # 2722763 # 1 # ID=1_2475;partial=00;start_type=ATG;rbs_motif=GGA/GAG/AGG;rbs_spacer=5-10bp;gc_cont=0.398
Utg1904:3758864-3759868|+ -            335 219876at2            -            282    0.0015   16.4   0.0   1   1   8.2e-06    0.0042   14.9   0.0    46   107    51   116    44   125 0.75 Utg1904_3422 # 3758864 # 3759868 # 1 # ID=1_3422;partial=00;start_type=ATG;rbs_motif=None;rbs_spacer=None;gc_cont=0.457
Utg1904:101650-103134|-   -            495 219876at2            -            282     0.013   13.4   0.0   1   1   4.1e-05     0.021   12.6   0.0    50    88   193   233   186   242 0.80 Utg1904_98 # 101650 # 103134 # -1 # ID=1_98;partial=00;start_type=TTG;rbs_motif=GGA/GAG/AGG;rbs_spacer=5-10bp;gc_cont=0.423
Utg1918:81418-83361|-     -            648 219876at2            -            282     0.013   13.3   0.0   1   1   5.2e-05     0.027   12.3   0.0    50    87   191   230   184   239 0.80 Utg1918_91 # 81418 # 83361 # -1 # ID=4_91;partial=00;start_type=TTG;rbs_motif=GGAG/GAGG;rbs_spacer=5-10bp;gc_cont=0.564
Utg1904:3253832-3254287|- -            152 219876at2            -            282     0.022   12.6   0.1   1   1   6.1e-05     0.031   12.1   0.1    29    70     7    49     5    59 0.79 Utg1904_2979 # 3253832 # 3254287 # -1 # ID=1_2979;partial=00;start_type=ATG;rbs_motif=None;rbs_spacer=None;gc_cont=0.384
Utg1904:493985-494620|+   -            212 219876at2            -            282     0.027   12.3   0.0   1   1    0.0001     0.052   11.4   0.0    82   124   154   197   145   201 0.89 Utg1904_451 # 493985 # 494620 # 1 # ID=1_451;partial=00;start_type=ATG;rbs_motif=None;rbs_spacer=None;gc_cont=0.385
Utg2014:46486-48840|-     -            785 219876at2            -            282     0.033   12.0   1.3   1   2      0.12        61    1.3   0.5   135   219   164   244   146   259 0.81 Utg2014_54 # 46486 # 48840 # -1 # ID=22_54;partial=00;start_type=ATG;rbs_motif=GGA/GAG/AGG;rbs_spacer=5-10bp;gc_cont=0.560
Utg2014:46486-48840|-     -            785 219876at2            -            282     0.033   12.0   1.3   2   2   0.00054      0.28    9.0   0.0    40    76   342   378   336   381 0.82 Utg2014_54 # 46486 # 48840 # -1 # ID=22_54;partial=00;start_type=ATG;rbs_motif=GGA/GAG/AGG;rbs_spacer=5-10bp;gc_cont=0.560
Utg1912:69026-69784|+     -            253 219876at2            -            282      0.04   11.8   0.0   1   1   0.00011     0.057   11.2   0.0    49    70    33    54    30    87 0.88 Utg1912_77 # 69026 # 69784 # 1 # ID=2_77;partial=00;start_type=ATG;rbs_motif=GGAG/GAGG;rbs_spacer=5-10bp;gc_cont=0.639
#
# Program:         hmmsearch
# Version:         3.4 (Aug 2023)
# Pipeline mode:   SEARCH
# Query file:      /home/abane_ashu/busco-5.8.0/busco_downloads/lineages/bacteria_odb10/hmms/219876at2.hmm
# Target file:     /home/abane_ashu/busco-5.8.0/busco_raven/prodigal_output/predicted_genes/predicted.faa
# Option settings: hmmsearch --domtblout /home/abane_ashu/busco-5.8.0/busco_raven/run_bacteria_odb10/hmmer_output/219876at2.out --cpu 1 /home/abane_ashu/busco-5.8.0/busco_downloads/lineages/bacteria_odb10/hmms/219876at2.hmm /home/abane_ashu/busco-5.8.0/busco_raven/prodigal_output/predicted_genes/predicted.faa 
# Current dir:     /home/abane_ashu/busco-5.8.0
# Date:            Thu Aug 14 01:01:34 2025
# [ok]
