#                                                                                 --- full sequence --- -------------- this domain -------------   hmm coord   ali coord   env coord
# target name             accession   tlen query name           accession   qlen   E-value  score  bias   #  of  c-Evalue  i-Evalue  score  bias  from    to  from    to  from    to  acc description of target
#     ------------------- ---------- ----- -------------------- ---------- ----- --------- ------ ----- --- --- --------- --------- ------ ----- ----- ----- ----- ----- ----- ----- ---- ---------------------
Utg1988:16036-19923|-     -           1296 26038at2             -            439   1.1e-77  260.2  11.0   1   7   9.6e-15     3e-11   41.3   0.0    10    49   191   231   186   236 0.90 Utg1988_14 # 16036 # 19923 # -1 # ID=16_14;partial=00;start_type=ATG;rbs_motif=GGA/GAG/AGG;rbs_spacer=5-10bp;gc_cont=0.626
Utg1988:16036-19923|-     -           1296 26038at2             -            439   1.1e-77  260.2  11.0   2   7   1.7e-20   5.3e-17   60.2   0.3    57    99   288   332   286   342 0.87 Utg1988_14 # 16036 # 19923 # -1 # ID=16_14;partial=00;start_type=ATG;rbs_motif=GGA/GAG/AGG;rbs_spacer=5-10bp;gc_cont=0.626
Utg1988:16036-19923|-     -           1296 26038at2             -            439   1.1e-77  260.2  11.0   3   7     0.025        78    0.4   0.0   105   128   363   387   357   392 0.88 Utg1988_14 # 16036 # 19923 # -1 # ID=16_14;partial=00;start_type=ATG;rbs_motif=GGA/GAG/AGG;rbs_spacer=5-10bp;gc_cont=0.626
Utg1988:16036-19923|-     -           1296 26038at2             -            439   1.1e-77  260.2  11.0   4   7   1.9e-29   5.8e-26   89.8   0.0   143   258   432   585   401   589 0.79 Utg1988_14 # 16036 # 19923 # -1 # ID=16_14;partial=00;start_type=ATG;rbs_motif=GGA/GAG/AGG;rbs_spacer=5-10bp;gc_cont=0.626
Utg1988:16036-19923|-     -           1296 26038at2             -            439   1.1e-77  260.2  11.0   5   7   4.5e-09   1.4e-05   22.6   0.2   284   328   691   735   663   740 0.89 Utg1988_14 # 16036 # 19923 # -1 # ID=16_14;partial=00;start_type=ATG;rbs_motif=GGA/GAG/AGG;rbs_spacer=5-10bp;gc_cont=0.626
Utg1988:16036-19923|-     -           1296 26038at2             -            439   1.1e-77  260.2  11.0   6   7   5.5e-09   1.7e-05   22.3   0.0   315   390   756   850   750   860 0.75 Utg1988_14 # 16036 # 19923 # -1 # ID=16_14;partial=00;start_type=ATG;rbs_motif=GGA/GAG/AGG;rbs_spacer=5-10bp;gc_cont=0.626
Utg1988:16036-19923|-     -           1296 26038at2             -            439   1.1e-77  260.2  11.0   7   7   3.7e-08   0.00011   19.6   0.0   388   436   877   936   868   939 0.74 Utg1988_14 # 16036 # 19923 # -1 # ID=16_14;partial=00;start_type=ATG;rbs_motif=GGA/GAG/AGG;rbs_spacer=5-10bp;gc_cont=0.626
Utg1904:3752683-3756516|- -           1278 26038at2             -            439   2.1e-77  259.3  18.2   1   6     3e-14   9.2e-11   39.7   0.0    10    50   185   226   179   246 0.88 Utg1904_3419 # 3752683 # 3756516 # -1 # ID=1_3419;partial=00;start_type=ATG;rbs_motif=AGGA/GGAG/GAGG;rbs_spacer=11-12bp;gc_cont=0.413
Utg1904:3752683-3756516|- -           1278 26038at2             -            439   2.1e-77  259.3  18.2   2   6     2e-20   6.1e-17   60.1   0.6    57   100   285   330   281   339 0.85 Utg1904_3419 # 3752683 # 3756516 # -1 # ID=1_3419;partial=00;start_type=ATG;rbs_motif=AGGA/GGAG/GAGG;rbs_spacer=11-12bp;gc_cont=0.413
Utg1904:3752683-3756516|- -           1278 26038at2             -            439   2.1e-77  259.3  18.2   3   6   7.8e-30   2.4e-26   91.0   0.8   100   254   355   574   351   584 0.77 Utg1904_3419 # 3752683 # 3756516 # -1 # ID=1_3419;partial=00;start_type=ATG;rbs_motif=AGGA/GGAG/GAGG;rbs_spacer=11-12bp;gc_cont=0.413
Utg1904:3752683-3756516|- -           1278 26038at2             -            439   2.1e-77  259.3  18.2   4   6   2.6e-11   8.1e-08   30.0   0.4   284   329   684   729   668   733 0.88 Utg1904_3419 # 3752683 # 3756516 # -1 # ID=1_3419;partial=00;start_type=ATG;rbs_motif=AGGA/GGAG/GAGG;rbs_spacer=11-12bp;gc_cont=0.413
Utg1904:3752683-3756516|- -           1278 26038at2             -            439   2.1e-77  259.3  18.2   5   6   4.3e-09   1.3e-05   22.7   0.0   311   392   748   846   730   852 0.71 Utg1904_3419 # 3752683 # 3756516 # -1 # ID=1_3419;partial=00;start_type=ATG;rbs_motif=AGGA/GGAG/GAGG;rbs_spacer=11-12bp;gc_cont=0.413
Utg1904:3752683-3756516|- -           1278 26038at2             -            439   2.1e-77  259.3  18.2   6   6   3.9e-07    0.0012   16.2   0.0   391   431   874   920   869   927 0.82 Utg1904_3419 # 3752683 # 3756516 # -1 # ID=1_3419;partial=00;start_type=ATG;rbs_motif=AGGA/GGAG/GAGG;rbs_spacer=11-12bp;gc_cont=0.413
#
# Program:         hmmsearch
# Version:         3.4 (Aug 2023)
# Pipeline mode:   SEARCH
# Query file:      /home/abane_ashu/busco-5.8.0/busco_downloads/lineages/bacteria_odb10/hmms/26038at2.hmm
# Target file:     /home/abane_ashu/busco-5.8.0/busco_raven/prodigal_output/predicted_genes/predicted.faa
# Option settings: hmmsearch --domtblout /home/abane_ashu/busco-5.8.0/busco_raven/run_bacteria_odb10/hmmer_output/26038at2.out --cpu 1 /home/abane_ashu/busco-5.8.0/busco_downloads/lineages/bacteria_odb10/hmms/26038at2.hmm /home/abane_ashu/busco-5.8.0/busco_raven/prodigal_output/predicted_genes/predicted.faa 
# Current dir:     /home/abane_ashu/busco-5.8.0
# Date:            Thu Aug 14 01:01:35 2025
# [ok]
