#                                                                                 --- full sequence --- -------------- this domain -------------   hmm coord   ali coord   env coord
# target name             accession   tlen query name           accession   qlen   E-value  score  bias   #  of  c-Evalue  i-Evalue  score  bias  from    to  from    to  from    to  acc description of target
#     ------------------- ---------- ----- -------------------- ---------- ----- --------- ------ ----- --- --- --------- --------- ------ ----- ----- ----- ----- ----- ----- ----- ---- ---------------------
Utg2006:46275-47792|-     -            506 267682at2            -            304   5.8e-81  270.3   4.2   1   2   5.3e-15   4.7e-12   44.1   0.4     7    73    15   115     2   156 0.77 Utg2006_52 # 46275 # 47792 # -1 # ID=19_52;partial=00;start_type=ATG;rbs_motif=GGAG/GAGG;rbs_spacer=5-10bp;gc_cont=0.565
Utg2006:46275-47792|-     -            506 267682at2            -            304   5.8e-81  270.3   4.2   2   2   8.1e-67   7.1e-64  214.2   0.3    83   296   163   447   137   451 0.80 Utg2006_52 # 46275 # 47792 # -1 # ID=19_52;partial=00;start_type=ATG;rbs_motif=GGAG/GAGG;rbs_spacer=5-10bp;gc_cont=0.565
Utg1904:3435229-3436770|- -            514 267682at2            -            304   4.5e-77  257.6   7.2   1   2   9.3e-14   8.2e-11   40.0   0.3     7    73    15   114     2   137 0.76 Utg1904_3135 # 3435229 # 3436770 # -1 # ID=1_3135;partial=00;start_type=ATG;rbs_motif=GGAG/GAGG;rbs_spacer=5-10bp;gc_cont=0.401
Utg1904:3435229-3436770|- -            514 267682at2            -            304   4.5e-77  257.6   7.2   2   2   4.6e-65   4.1e-62  208.5   1.7    83   296   162   447   154   452 0.81 Utg1904_3135 # 3435229 # 3436770 # -1 # ID=1_3135;partial=00;start_type=ATG;rbs_motif=GGAG/GAGG;rbs_spacer=5-10bp;gc_cont=0.401
Utg1904:756391-757041|-   -            217 267682at2            -            304   8.9e-05   20.2   0.1   1   2   1.8e-07   0.00016   19.4   0.1   220   254   116   150    82   158 0.87 Utg1904_688 # 756391 # 757041 # -1 # ID=1_688;partial=00;start_type=ATG;rbs_motif=GGAG/GAGG;rbs_spacer=5-10bp;gc_cont=0.416
Utg1904:756391-757041|-   -            217 267682at2            -            304   8.9e-05   20.2   0.1   2   2       1.1   9.5e+02   -2.9   0.0    78   103   191   216   182   216 0.63 Utg1904_688 # 756391 # 757041 # -1 # ID=1_688;partial=00;start_type=ATG;rbs_motif=GGAG/GAGG;rbs_spacer=5-10bp;gc_cont=0.416
Utg1904:919848-920375|-   -            176 267682at2            -            304   0.00023   18.8   0.0   1   1   3.5e-07   0.00031   18.4   0.0   216   259    83   126    69   162 0.83 Utg1904_838 # 919848 # 920375 # -1 # ID=1_838;partial=00;start_type=ATG;rbs_motif=AGGA;rbs_spacer=5-10bp;gc_cont=0.388
Utg2010:77892-78839|+     -            316 267682at2            -            304   0.00055   17.6   0.9   1   2       1.5   1.3e+03   -3.4   0.0   124   143    42    61    39    61 0.83 Utg2010_72 # 77892 # 78839 # 1 # ID=21_72;partial=00;start_type=GTG;rbs_motif=GGAG/GAGG;rbs_spacer=5-10bp;gc_cont=0.538
Utg2010:77892-78839|+     -            316 267682at2            -            304   0.00055   17.6   0.9   2   2   7.7e-07   0.00068   17.3   0.2   206   264   194   252   173   267 0.87 Utg2010_72 # 77892 # 78839 # 1 # ID=21_72;partial=00;start_type=GTG;rbs_motif=GGAG/GAGG;rbs_spacer=5-10bp;gc_cont=0.538
Utg1904:814999-816837|+   -            613 267682at2            -            304    0.0012   16.5   0.1   1   2      0.11        95    0.4   0.0     8    29    16    37    11    57 0.83 Utg1904_746 # 814999 # 816837 # 1 # ID=1_746;partial=00;start_type=ATG;rbs_motif=GGAG/GAGG;rbs_spacer=5-10bp;gc_cont=0.408
Utg1904:814999-816837|+   -            613 267682at2            -            304    0.0012   16.5   0.1   2   2   1.3e-05     0.012   13.2   0.0    27    75    58   113    52   134 0.80 Utg1904_746 # 814999 # 816837 # 1 # ID=1_746;partial=00;start_type=ATG;rbs_motif=GGAG/GAGG;rbs_spacer=5-10bp;gc_cont=0.408
Utg1904:493985-494620|+   -            212 267682at2            -            304    0.0057   14.2   0.0   1   1   8.1e-06    0.0072   13.9   0.0   219   260   161   202   142   211 0.82 Utg1904_451 # 493985 # 494620 # 1 # ID=1_451;partial=00;start_type=ATG;rbs_motif=None;rbs_spacer=None;gc_cont=0.385
#
# Program:         hmmsearch
# Version:         3.4 (Aug 2023)
# Pipeline mode:   SEARCH
# Query file:      /home/abane_ashu/busco-5.8.0/busco_downloads/lineages/bacteria_odb10/hmms/267682at2.hmm
# Target file:     /home/abane_ashu/busco-5.8.0/busco_raven/prodigal_output/predicted_genes/predicted.faa
# Option settings: hmmsearch --domtblout /home/abane_ashu/busco-5.8.0/busco_raven/run_bacteria_odb10/hmmer_output/267682at2.out --cpu 1 /home/abane_ashu/busco-5.8.0/busco_downloads/lineages/bacteria_odb10/hmms/267682at2.hmm /home/abane_ashu/busco-5.8.0/busco_raven/prodigal_output/predicted_genes/predicted.faa 
# Current dir:     /home/abane_ashu/busco-5.8.0
# Date:            Thu Aug 14 01:01:35 2025
# [ok]
