#                                                                                 --- full sequence --- -------------- this domain -------------   hmm coord   ali coord   env coord
# target name             accession   tlen query name           accession   qlen   E-value  score  bias   #  of  c-Evalue  i-Evalue  score  bias  from    to  from    to  from    to  acc description of target
#     ------------------- ---------- ----- -------------------- ---------- ----- --------- ------ ----- --- --- --------- --------- ------ ----- ----- ----- ----- ----- ----- ----- ---- ---------------------
Utg1904:1097847-1099241|+ -            465 430176at2            -            369  1.6e-172  572.2   0.9   1   2       1.1   1.2e+03   -3.1   0.0    46    60     4    18     3    26 0.68 Utg1904_1000 # 1097847 # 1099241 # 1 # ID=1_1000;partial=00;start_type=ATG;rbs_motif=AGGAG;rbs_spacer=5-10bp;gc_cont=0.439
Utg1904:1097847-1099241|+ -            465 430176at2            -            369  1.6e-172  572.2   0.9   2   2  2.9e-175    3e-172  571.4   0.3     8   369    35   456    29   456 0.91 Utg1904_1000 # 1097847 # 1099241 # 1 # ID=1_1000;partial=00;start_type=ATG;rbs_motif=AGGAG;rbs_spacer=5-10bp;gc_cont=0.439
Utg1904:1095325-1096869|+ -            515 430176at2            -            369     2e-18   65.2   1.8   1   1   7.4e-20   7.6e-17   60.0   1.8    36   332    95   435    65   448 0.75 Utg1904_998 # 1095325 # 1096869 # 1 # ID=1_998;partial=00;start_type=ATG;rbs_motif=GGAG/GAGG;rbs_spacer=5-10bp;gc_cont=0.433
Utg1904:1563241-1564509|- -            423 430176at2            -            369   1.3e-10   39.5   0.1   1   1   3.3e-13   3.4e-10   38.1   0.1    73   300   160   393   156   418 0.82 Utg1904_1421 # 1563241 # 1564509 # -1 # ID=1_1421;partial=00;start_type=ATG;rbs_motif=None;rbs_spacer=None;gc_cont=0.404
Utg1930:102234-102881|-   -            216 430176at2            -            369   9.3e-06   23.5   0.0   1   1     2e-08   2.1e-05   22.4   0.0   129   289    12   175     5   197 0.84 Utg1930_102 # 102234 # 102881 # -1 # ID=6_102;partial=00;start_type=ATG;rbs_motif=GGA/GAG/AGG;rbs_spacer=5-10bp;gc_cont=0.522
Utg1904:1378246-1380156|- -            637 430176at2            -            369     0.008   13.9   0.1   1   2       1.2   1.2e+03   -3.2   0.0    82   102    27    47    25    50 0.86 Utg1904_1248 # 1378246 # 1380156 # -1 # ID=1_1248;partial=00;start_type=ATG;rbs_motif=GGA/GAG/AGG;rbs_spacer=5-10bp;gc_cont=0.426
Utg1904:1378246-1380156|- -            637 430176at2            -            369     0.008   13.9   0.1   2   2   2.1e-05     0.021   12.4   0.0    76   112   336   372   320   394 0.85 Utg1904_1248 # 1378246 # 1380156 # -1 # ID=1_1248;partial=00;start_type=ATG;rbs_motif=GGA/GAG/AGG;rbs_spacer=5-10bp;gc_cont=0.426
Utg1904:2409441-2410679|- -            413 430176at2            -            369     0.034   11.8   0.0   1   1   4.6e-05     0.047   11.3   0.0   229   314   200   284   188   316 0.90 Utg1904_2166 # 2409441 # 2410679 # -1 # ID=1_2166;partial=00;start_type=ATG;rbs_motif=GGA/GAG/AGG;rbs_spacer=5-10bp;gc_cont=0.383
#
# Program:         hmmsearch
# Version:         3.4 (Aug 2023)
# Pipeline mode:   SEARCH
# Query file:      /home/abane_ashu/busco-5.8.0/busco_downloads/lineages/bacteria_odb10/hmms/430176at2.hmm
# Target file:     /home/abane_ashu/busco-5.8.0/busco_raven/prodigal_output/predicted_genes/predicted.faa
# Option settings: hmmsearch --domtblout /home/abane_ashu/busco-5.8.0/busco_raven/run_bacteria_odb10/hmmer_output/430176at2.out --cpu 1 /home/abane_ashu/busco-5.8.0/busco_downloads/lineages/bacteria_odb10/hmms/430176at2.hmm /home/abane_ashu/busco-5.8.0/busco_raven/prodigal_output/predicted_genes/predicted.faa 
# Current dir:     /home/abane_ashu/busco-5.8.0
# Date:            Thu Aug 14 01:01:35 2025
# [ok]
