#                                                                                 --- full sequence --- -------------- this domain -------------   hmm coord   ali coord   env coord
# target name             accession   tlen query name           accession   qlen   E-value  score  bias   #  of  c-Evalue  i-Evalue  score  bias  from    to  from    to  from    to  acc description of target
#     ------------------- ---------- ----- -------------------- ---------- ----- --------- ------ ----- --- --- --------- --------- ------ ----- ----- ----- ----- ----- ----- ----- ---- ---------------------
Utg1904:1076137-1077705|+ -            523 504464at2            -            233   1.2e-91  304.6   1.1   1   2   3.7e-70   5.7e-67  223.9   0.1     2   169   218   428   217   432 0.85 Utg1904_976 # 1076137 # 1077705 # 1 # ID=1_976;partial=00;start_type=ATG;rbs_motif=None;rbs_spacer=None;gc_cont=0.426
Utg1904:1076137-1077705|+ -            523 504464at2            -            233   1.2e-91  304.6   1.1   2   2   7.4e-26   1.1e-22   78.9   0.1   169   233   451   522   442   522 0.92 Utg1904_976 # 1076137 # 1077705 # 1 # ID=1_976;partial=00;start_type=ATG;rbs_motif=None;rbs_spacer=None;gc_cont=0.426
Utg1948:21235-22401|-     -            389 504464at2            -            233   3.2e-05   21.8   0.1   1   2   7.2e-07    0.0011   16.8   0.0     4    28    23    47    20    60 0.79 Utg1948_21 # 21235 # 22401 # -1 # ID=11_21;partial=00;start_type=ATG;rbs_motif=GGA/GAG/AGG;rbs_spacer=5-10bp;gc_cont=0.576
Utg1948:21235-22401|-     -            389 504464at2            -            233   3.2e-05   21.8   0.1   2   2     0.013        21    2.8   0.0   106   135   179   208   176   213 0.90 Utg1948_21 # 21235 # 22401 # -1 # ID=11_21;partial=00;start_type=ATG;rbs_motif=GGA/GAG/AGG;rbs_spacer=5-10bp;gc_cont=0.576
Utg1904:3633834-3634967|+ -            378 504464at2            -            233   5.7e-05   21.0   0.1   1   2   6.9e-07    0.0011   16.8   0.0     8    38     4    33     2    38 0.79 Utg1904_3306 # 3633834 # 3634967 # 1 # ID=1_3306;partial=00;start_type=ATG;rbs_motif=GGA/GAG/AGG;rbs_spacer=11-12bp;gc_cont=0.429
Utg1904:3633834-3634967|+ -            378 504464at2            -            233   5.7e-05   21.0   0.1   2   2     0.028        43    1.7   0.0   113   136   168   191   158   196 0.84 Utg1904_3306 # 3633834 # 3634967 # 1 # ID=1_3306;partial=00;start_type=ATG;rbs_motif=GGA/GAG/AGG;rbs_spacer=11-12bp;gc_cont=0.429
Utg1904:1792674-1794299|- -            542 504464at2            -            233     0.022   12.5   0.0   1   1   2.6e-05     0.041   11.6   0.0     9    33   283   307   276   318 0.85 Utg1904_1626 # 1792674 # 1794299 # -1 # ID=1_1626;partial=00;start_type=ATG;rbs_motif=AGGA;rbs_spacer=5-10bp;gc_cont=0.394
#
# Program:         hmmsearch
# Version:         3.4 (Aug 2023)
# Pipeline mode:   SEARCH
# Query file:      /home/abane_ashu/busco-5.8.0/busco_downloads/lineages/bacteria_odb10/hmms/504464at2.hmm
# Target file:     /home/abane_ashu/busco-5.8.0/busco_raven/prodigal_output/predicted_genes/predicted.faa
# Option settings: hmmsearch --domtblout /home/abane_ashu/busco-5.8.0/busco_raven/run_bacteria_odb10/hmmer_output/504464at2.out --cpu 1 /home/abane_ashu/busco-5.8.0/busco_downloads/lineages/bacteria_odb10/hmms/504464at2.hmm /home/abane_ashu/busco-5.8.0/busco_raven/prodigal_output/predicted_genes/predicted.faa 
# Current dir:     /home/abane_ashu/busco-5.8.0
# Date:            Thu Aug 14 01:01:36 2025
# [ok]
