#                                                                                 --- full sequence --- -------------- this domain -------------   hmm coord   ali coord   env coord
# target name             accession   tlen query name           accession   qlen   E-value  score  bias   #  of  c-Evalue  i-Evalue  score  bias  from    to  from    to  from    to  acc description of target
#     ------------------- ---------- ----- -------------------- ---------- ----- --------- ------ ----- --- --- --------- --------- ------ ----- ----- ----- ----- ----- ----- ----- ---- ---------------------
Utg1904:1714632-1716695|- -            688 761140at2            -            323     1e-54  184.6  14.1   1   4   1.3e-21   1.4e-18   65.9   1.3     1    81     2    99     2   156 0.66 Utg1904_1554 # 1714632 # 1716695 # -1 # ID=1_1554;partial=00;start_type=GTG;rbs_motif=GGA/GAG/AGG;rbs_spacer=5-10bp;gc_cont=0.403
Utg1904:1714632-1716695|- -            688 761140at2            -            323     1e-54  184.6  14.1   2   4   2.5e-11   2.6e-08   32.1   0.0   133   176   221   268   202   270 0.82 Utg1904_1554 # 1714632 # 1716695 # -1 # ID=1_1554;partial=00;start_type=GTG;rbs_motif=GGA/GAG/AGG;rbs_spacer=5-10bp;gc_cont=0.403
Utg1904:1714632-1716695|- -            688 761140at2            -            323     1e-54  184.6  14.1   3   4   3.7e-17   3.8e-14   51.3   0.6   174   259   284   408   273   413 0.81 Utg1904_1554 # 1714632 # 1716695 # -1 # ID=1_1554;partial=00;start_type=GTG;rbs_motif=GGA/GAG/AGG;rbs_spacer=5-10bp;gc_cont=0.403
Utg1904:1714632-1716695|- -            688 761140at2            -            323     1e-54  184.6  14.1   4   4   6.5e-13   6.7e-10   37.3   0.1   246   317   428   508   412   511 0.85 Utg1904_1554 # 1714632 # 1716695 # -1 # ID=1_1554;partial=00;start_type=GTG;rbs_motif=GGA/GAG/AGG;rbs_spacer=5-10bp;gc_cont=0.403
Utg1904:1469480-1472104|- -            875 761140at2            -            323   1.5e-08   32.9   1.5   1   4   1.8e-07   0.00018   19.5   0.0     2    53    39    95    38   108 0.78 Utg1904_1334 # 1469480 # 1472104 # -1 # ID=1_1334;partial=00;start_type=ATG;rbs_motif=None;rbs_spacer=None;gc_cont=0.419
Utg1904:1469480-1472104|- -            875 761140at2            -            323   1.5e-08   32.9   1.5   2   4     0.075        77    1.0   0.0   130   151   425   447   409   451 0.81 Utg1904_1334 # 1469480 # 1472104 # -1 # ID=1_1334;partial=00;start_type=ATG;rbs_motif=None;rbs_spacer=None;gc_cont=0.419
Utg1904:1469480-1472104|- -            875 761140at2            -            323   1.5e-08   32.9   1.5   3   4      0.94   9.7e+02   -2.6   0.0    47    65   635   653   634   658 0.55 Utg1904_1334 # 1469480 # 1472104 # -1 # ID=1_1334;partial=00;start_type=ATG;rbs_motif=None;rbs_spacer=None;gc_cont=0.419
Utg1904:1469480-1472104|- -            875 761140at2            -            323   1.5e-08   32.9   1.5   4   4   0.00038      0.39    8.5   0.2   251   310   738   791   704   801 0.71 Utg1904_1334 # 1469480 # 1472104 # -1 # ID=1_1334;partial=00;start_type=ATG;rbs_motif=None;rbs_spacer=None;gc_cont=0.419
Utg1904:952754-955591|-   -            946 761140at2            -            323     2e-08   32.5   2.8   1   4     2e-08     2e-05   22.6   0.0     2    57    59   119    58   131 0.84 Utg1904_869 # 952754 # 955591 # -1 # ID=1_869;partial=00;start_type=ATG;rbs_motif=GGA/GAG/AGG;rbs_spacer=11-12bp;gc_cont=0.422
Utg1904:952754-955591|-   -            946 761140at2            -            323     2e-08   32.5   2.8   2   4    0.0053       5.4    4.8   0.0   125   151   460   488   453   494 0.81 Utg1904_869 # 952754 # 955591 # -1 # ID=1_869;partial=00;start_type=ATG;rbs_motif=GGA/GAG/AGG;rbs_spacer=11-12bp;gc_cont=0.422
Utg1904:952754-955591|-   -            946 761140at2            -            323     2e-08   32.5   2.8   3   4     0.027        28    2.4   0.0   271   309   750   786   698   798 0.76 Utg1904_869 # 952754 # 955591 # -1 # ID=1_869;partial=00;start_type=ATG;rbs_motif=GGA/GAG/AGG;rbs_spacer=11-12bp;gc_cont=0.422
Utg1904:952754-955591|-   -            946 761140at2            -            323     2e-08   32.5   2.8   4   4       1.1   1.2e+03   -2.9   0.1   247   302   828   881   812   888 0.62 Utg1904_869 # 952754 # 955591 # -1 # ID=1_869;partial=00;start_type=ATG;rbs_motif=GGA/GAG/AGG;rbs_spacer=11-12bp;gc_cont=0.422
Utg2002:53949-56804|+     -            952 761140at2            -            323   6.7e-06   24.2   7.3   1   5   2.4e-07   0.00025   19.0   0.0     2    73    34   110    33   166 0.86 Utg2002_56 # 53949 # 56804 # 1 # ID=18_56;partial=00;start_type=ATG;rbs_motif=None;rbs_spacer=None;gc_cont=0.584
Utg2002:53949-56804|+     -            952 761140at2            -            323   6.7e-06   24.2   7.3   2   5     0.082        84    0.9   0.0   136   151   420   436   386   443 0.83 Utg2002_56 # 53949 # 56804 # 1 # ID=18_56;partial=00;start_type=ATG;rbs_motif=None;rbs_spacer=None;gc_cont=0.584
Utg2002:53949-56804|+     -            952 761140at2            -            323   6.7e-06   24.2   7.3   3   5     0.043        44    1.8   0.4   169   198   495   524   489   534 0.83 Utg2002_56 # 53949 # 56804 # 1 # ID=18_56;partial=00;start_type=ATG;rbs_motif=None;rbs_spacer=None;gc_cont=0.584
Utg2002:53949-56804|+     -            952 761140at2            -            323   6.7e-06   24.2   7.3   4   5      0.15   1.5e+02    0.0   0.2   205   215   552   562   524   602 0.88 Utg2002_56 # 53949 # 56804 # 1 # ID=18_56;partial=00;start_type=ATG;rbs_motif=None;rbs_spacer=None;gc_cont=0.584
Utg2002:53949-56804|+     -            952 761140at2            -            323   6.7e-06   24.2   7.3   5   5       0.1     1e+02    0.6   0.0   282   312   734   762   703   771 0.71 Utg2002_56 # 53949 # 56804 # 1 # ID=18_56;partial=00;start_type=ATG;rbs_motif=None;rbs_spacer=None;gc_cont=0.584
Utg1904:182779-185658|+   -            960 761140at2            -            323    0.0019   16.1  14.5   1   4   4.4e-05     0.045   11.6   0.0     2    50    41    94    40   116 0.76 Utg1904_157 # 182779 # 185658 # 1 # ID=1_157;partial=00;start_type=ATG;rbs_motif=None;rbs_spacer=None;gc_cont=0.431
Utg1904:182779-185658|+   -            960 761140at2            -            323    0.0019   16.1  14.5   2   4     0.056        57    1.4   0.1   136   152   426   443   409   457 0.79 Utg1904_157 # 182779 # 185658 # 1 # ID=1_157;partial=00;start_type=ATG;rbs_motif=None;rbs_spacer=None;gc_cont=0.431
Utg1904:182779-185658|+   -            960 761140at2            -            323    0.0019   16.1  14.5   3   4      0.23   2.3e+02   -0.6   3.3   172   199   504   531   497   570 0.66 Utg1904_157 # 182779 # 185658 # 1 # ID=1_157;partial=00;start_type=ATG;rbs_motif=None;rbs_spacer=None;gc_cont=0.431
Utg1904:182779-185658|+   -            960 761140at2            -            323    0.0019   16.1  14.5   4   4    0.0016       1.6    6.5   0.2   254   309   704   769   680   775 0.65 Utg1904_157 # 182779 # 185658 # 1 # ID=1_157;partial=00;start_type=ATG;rbs_motif=None;rbs_spacer=None;gc_cont=0.431
Utg1904:1501293-1502372|+ -            360 761140at2            -            323     0.018   12.9   1.0   1   2   2.8e-05     0.029   12.2   0.2    42   105   141   205   137   235 0.84 Utg1904_1359 # 1501293 # 1502372 # 1 # ID=1_1359;partial=00;start_type=ATG;rbs_motif=GGA/GAG/AGG;rbs_spacer=5-10bp;gc_cont=0.426
Utg1904:1501293-1502372|+ -            360 761140at2            -            323     0.018   12.9   1.0   2   2      0.76   7.8e+02   -2.3   0.0    66    93   321   347   309   352 0.70 Utg1904_1359 # 1501293 # 1502372 # 1 # ID=1_1359;partial=00;start_type=ATG;rbs_motif=GGA/GAG/AGG;rbs_spacer=5-10bp;gc_cont=0.426
#
# Program:         hmmsearch
# Version:         3.4 (Aug 2023)
# Pipeline mode:   SEARCH
# Query file:      /home/abane_ashu/busco-5.8.0/busco_downloads/lineages/bacteria_odb10/hmms/761140at2.hmm
# Target file:     /home/abane_ashu/busco-5.8.0/busco_raven/prodigal_output/predicted_genes/predicted.faa
# Option settings: hmmsearch --domtblout /home/abane_ashu/busco-5.8.0/busco_raven/run_bacteria_odb10/hmmer_output/761140at2.out --cpu 1 /home/abane_ashu/busco-5.8.0/busco_downloads/lineages/bacteria_odb10/hmms/761140at2.hmm /home/abane_ashu/busco-5.8.0/busco_raven/prodigal_output/predicted_genes/predicted.faa 
# Current dir:     /home/abane_ashu/busco-5.8.0
# Date:            Thu Aug 14 01:01:37 2025
# [ok]
