#                                                                                 --- full sequence --- -------------- this domain -------------   hmm coord   ali coord   env coord
# target name             accession   tlen query name           accession   qlen   E-value  score  bias   #  of  c-Evalue  i-Evalue  score  bias  from    to  from    to  from    to  acc description of target
#     ------------------- ---------- ----- -------------------- ---------- ----- --------- ------ ----- --- --- --------- --------- ------ ----- ----- ----- ----- ----- ----- ----- ---- ---------------------
Utg1904:2611394-2612080|+ -            229 776861at2            -            618   4.5e-80  267.9   0.4   1   1   8.8e-83   4.9e-80  267.8   0.4   407   612     2   225     1   228 0.94 Utg1904_2369 # 2611394 # 2612080 # 1 # ID=1_2369;partial=00;start_type=ATG;rbs_motif=GGA/GAG/AGG;rbs_spacer=5-10bp;gc_cont=0.406
Utg1904:3453218-3455488|- -            757 776861at2            -            618   8.3e-46  154.8   0.0   1   1   2.1e-48   1.2e-45  154.3   0.0     3   395   315   743   313   752 0.81 Utg1904_3157 # 3453218 # 3455488 # -1 # ID=1_3157;partial=00;start_type=TTG;rbs_motif=GGA/GAG/AGG;rbs_spacer=11-12bp;gc_cont=0.425
Utg1918:91445-92704|-     -            420 776861at2            -            618   5.8e-11   39.7   1.0   1   2   2.5e-13   1.4e-10   38.4   0.2    11   281    11   285     2   327 0.81 Utg1918_104 # 91445 # 92704 # -1 # ID=4_104;partial=00;start_type=ATG;rbs_motif=GGA/GAG/AGG;rbs_spacer=5-10bp;gc_cont=0.601
Utg1918:91445-92704|-     -            420 776861at2            -            618   5.8e-11   39.7   1.0   2   2      0.22   1.2e+02   -1.0   0.0    25    66   373   415   350   418 0.73 Utg1918_104 # 91445 # 92704 # -1 # ID=4_104;partial=00;start_type=ATG;rbs_motif=GGA/GAG/AGG;rbs_spacer=5-10bp;gc_cont=0.601
Utg1904:1593171-1594427|+ -            419 776861at2            -            618   1.5e-07   28.4   4.1   1   2   1.1e-09   6.2e-07   26.4   3.9    12   308    12   318     6   383 0.72 Utg1904_1445 # 1593171 # 1594427 # 1 # ID=1_1445;partial=00;start_type=ATG;rbs_motif=AGGA/GGAG/GAGG;rbs_spacer=11-12bp;gc_cont=0.422
Utg1904:1593171-1594427|+ -            419 776861at2            -            618   1.5e-07   28.4   4.1   2   2     0.058        33    0.9   0.1   260   315   337   393   309   416 0.69 Utg1904_1445 # 1593171 # 1594427 # 1 # ID=1_1445;partial=00;start_type=ATG;rbs_motif=AGGA/GGAG/GAGG;rbs_spacer=11-12bp;gc_cont=0.422
Utg1904:1982527-1983180|+ -            218 776861at2            -            618   0.00036   17.2   0.0   1   2   1.8e-06   0.00098   15.8   0.0   414   446     6    38     1    55 0.85 Utg1904_1795 # 1982527 # 1983180 # 1 # ID=1_1795;partial=00;start_type=ATG;rbs_motif=GGAG/GAGG;rbs_spacer=5-10bp;gc_cont=0.417
Utg1904:1982527-1983180|+ -            218 776861at2            -            618   0.00036   17.2   0.0   2   2       0.3   1.7e+02   -1.5   0.0   376   413    68   103    57   106 0.71 Utg1904_1795 # 1982527 # 1983180 # 1 # ID=1_1795;partial=00;start_type=ATG;rbs_motif=GGAG/GAGG;rbs_spacer=5-10bp;gc_cont=0.417
Utg1904:594230-594799|-   -            190 776861at2            -            618    0.0019   14.8   0.0   1   1   5.5e-06    0.0031   14.2   0.0   406   439    16    49     8    52 0.89 Utg1904_544 # 594230 # 594799 # -1 # ID=1_544;partial=00;start_type=ATG;rbs_motif=None;rbs_spacer=None;gc_cont=0.407
Utg1904:2281308-2282189|- -            294 776861at2            -            618    0.0071   13.0   0.0   1   1   1.7e-05    0.0096   12.5   0.0   404   429    47    72    17    79 0.82 Utg1904_2050 # 2281308 # 2282189 # -1 # ID=1_2050;partial=00;start_type=ATG;rbs_motif=AGGAG;rbs_spacer=5-10bp;gc_cont=0.412
Utg1904:2530543-2531286|+ -            248 776861at2            -            618     0.013   12.1   0.0   1   1   3.3e-05     0.019   11.6   0.0   386   428     9    49     2    55 0.73 Utg1904_2284 # 2530543 # 2531286 # 1 # ID=1_2284;partial=00;start_type=ATG;rbs_motif=GGAG/GAGG;rbs_spacer=5-10bp;gc_cont=0.402
Utg1904:3470421-3472178|- -            586 776861at2            -            618     0.031   10.8   0.0   1   2      0.35     2e+02   -1.7   0.1   535   611   144   215   137   220 0.77 Utg1904_3172 # 3470421 # 3472178 # -1 # ID=1_3172;partial=00;start_type=ATG;rbs_motif=GGA/GAG/AGG;rbs_spacer=5-10bp;gc_cont=0.404
Utg1904:3470421-3472178|- -            586 776861at2            -            618     0.031   10.8   0.0   2   2   0.00019       0.1    9.1   0.0   374   424   299   352   284   365 0.78 Utg1904_3172 # 3470421 # 3472178 # -1 # ID=1_3172;partial=00;start_type=ATG;rbs_motif=GGA/GAG/AGG;rbs_spacer=5-10bp;gc_cont=0.404
Utg1904:2756212-2757051|+ -            280 776861at2            -            618     0.048   10.2   0.0   1   1   0.00012     0.067    9.7   0.0   394   433    24    62     6    67 0.82 Utg1904_2506 # 2756212 # 2757051 # 1 # ID=1_2506;partial=00;start_type=ATG;rbs_motif=AGGA;rbs_spacer=5-10bp;gc_cont=0.386
Utg1904:3250936-3251880|- -            315 776861at2            -            618     0.056   10.0   0.0   1   1   0.00012      0.07    9.7   0.0   406   446     3    45     1    87 0.76 Utg1904_2977 # 3250936 # 3251880 # -1 # ID=1_2977;partial=00;start_type=ATG;rbs_motif=AGGAG/GGAGG;rbs_spacer=11-12bp;gc_cont=0.383
#
# Program:         hmmsearch
# Version:         3.4 (Aug 2023)
# Pipeline mode:   SEARCH
# Query file:      /home/abane_ashu/busco-5.8.0/busco_downloads/lineages/bacteria_odb10/hmms/776861at2.hmm
# Target file:     /home/abane_ashu/busco-5.8.0/busco_raven/prodigal_output/predicted_genes/predicted.faa
# Option settings: hmmsearch --domtblout /home/abane_ashu/busco-5.8.0/busco_raven/run_bacteria_odb10/hmmer_output/776861at2.out --cpu 1 /home/abane_ashu/busco-5.8.0/busco_downloads/lineages/bacteria_odb10/hmms/776861at2.hmm /home/abane_ashu/busco-5.8.0/busco_raven/prodigal_output/predicted_genes/predicted.faa 
# Current dir:     /home/abane_ashu/busco-5.8.0
# Date:            Thu Aug 14 01:01:37 2025
# [ok]
