#                                                                                 --- full sequence --- -------------- this domain -------------   hmm coord   ali coord   env coord
# target name             accession   tlen query name           accession   qlen   E-value  score  bias   #  of  c-Evalue  i-Evalue  score  bias  from    to  from    to  from    to  acc description of target
#     ------------------- ---------- ----- -------------------- ---------- ----- --------- ------ ----- --- --- --------- --------- ------ ----- ----- ----- ----- ----- ----- ----- ---- ---------------------
Utg1904:3758864-3759868|+ -            335 874197at2            -            274  8.7e-125  413.9   0.7   1   1  3.6e-127  1.1e-124  413.5   0.7     2   273    18   318    17   319 0.93 Utg1904_3422 # 3758864 # 3759868 # 1 # ID=1_3422;partial=00;start_type=ATG;rbs_motif=None;rbs_spacer=None;gc_cont=0.457
Utg1904:850269-851534|-   -            422 874197at2            -            274   5.7e-09   34.0   0.0   1   1   4.3e-11   1.3e-08   32.8   0.0     4   115    12   126    10   149 0.69 Utg1904_777 # 850269 # 851534 # -1 # ID=1_777;partial=00;start_type=ATG;rbs_motif=None;rbs_spacer=None;gc_cont=0.420
Utg1904:101650-103134|-   -            495 874197at2            -            274   2.8e-07   28.4   0.2   1   3       3.9   1.2e+03   -3.1   0.0     3    46    70   113    69   137 0.76 Utg1904_98 # 101650 # 103134 # -1 # ID=1_98;partial=00;start_type=TTG;rbs_motif=GGA/GAG/AGG;rbs_spacer=5-10bp;gc_cont=0.423
Utg1904:101650-103134|-   -            495 874197at2            -            274   2.8e-07   28.4   0.2   2   3   3.3e-08     1e-05   23.3   0.0    33    95   188   258   149   264 0.66 Utg1904_98 # 101650 # 103134 # -1 # ID=1_98;partial=00;start_type=TTG;rbs_motif=GGA/GAG/AGG;rbs_spacer=5-10bp;gc_cont=0.423
Utg1904:101650-103134|-   -            495 874197at2            -            274   2.8e-07   28.4   0.2   3   3     0.071        22    2.6   0.0   133   225   298   396   293   403 0.68 Utg1904_98 # 101650 # 103134 # -1 # ID=1_98;partial=00;start_type=TTG;rbs_motif=GGA/GAG/AGG;rbs_spacer=5-10bp;gc_cont=0.423
Utg2014:49024-50298|-     -            425 874197at2            -            274   8.3e-07   26.9   0.0   1   1   5.5e-09   1.7e-06   25.9   0.0     3    84    69   165    67   198 0.70 Utg2014_55 # 49024 # 50298 # -1 # ID=22_55;partial=00;start_type=ATG;rbs_motif=GGAG/GAGG;rbs_spacer=5-10bp;gc_cont=0.563
Utg1904:3176955-3179033|- -            693 874197at2            -            274   9.5e-07   26.7   0.0   1   1   7.1e-09   2.2e-06   25.5   0.0     4    70     9    72     6    93 0.88 Utg1904_2910 # 3176955 # 3179033 # -1 # ID=1_2910;partial=00;start_type=ATG;rbs_motif=AGGAG;rbs_spacer=5-10bp;gc_cont=0.400
Utg1904:3001229-3003505|- -            759 874197at2            -            274     2e-06   25.6   0.6   1   2   0.00036      0.11   10.1   0.3    35    99   206   290   188   293 0.55 Utg1904_2723 # 3001229 # 3003505 # -1 # ID=1_2723;partial=00;start_type=ATG;rbs_motif=GGA/GAG/AGG;rbs_spacer=5-10bp;gc_cont=0.401
Utg1904:3001229-3003505|- -            759 874197at2            -            274     2e-06   25.6   0.6   2   2   0.00076      0.24    9.0   0.0    20    64   471   515   452   528 0.77 Utg1904_2723 # 3001229 # 3003505 # -1 # ID=1_2723;partial=00;start_type=ATG;rbs_motif=GGA/GAG/AGG;rbs_spacer=5-10bp;gc_cont=0.401
Utg1918:81418-83361|-     -            648 874197at2            -            274   5.9e-06   24.1   0.0   1   2   4.3e-08   1.3e-05   23.0   0.0    32    95   185   256   147   261 0.68 Utg1918_91 # 81418 # 83361 # -1 # ID=4_91;partial=00;start_type=TTG;rbs_motif=GGAG/GAGG;rbs_spacer=5-10bp;gc_cont=0.564
Utg1918:81418-83361|-     -            648 874197at2            -            274   5.9e-06   24.1   0.0   2   2       6.8   2.1e+03   -3.9   0.0    38    57   351   370   334   394 0.70 Utg1918_91 # 81418 # 83361 # -1 # ID=4_91;partial=00;start_type=TTG;rbs_motif=GGAG/GAGG;rbs_spacer=5-10bp;gc_cont=0.564
Utg1904:1422828-1424141|+ -            438 874197at2            -            274   6.8e-06   23.9   0.3   1   1   6.4e-08     2e-05   22.4   0.3     4    98    66   188    63   197 0.61 Utg1904_1293 # 1422828 # 1424141 # 1 # ID=1_1293;partial=00;start_type=ATG;rbs_motif=GGAG/GAGG;rbs_spacer=5-10bp;gc_cont=0.406
Utg1988:53677-56250|-     -            858 874197at2            -            274   1.5e-05   22.8   0.7   1   3    0.0013      0.41    8.2   0.3    35    99   199   284   175   294 0.59 Utg1988_45 # 53677 # 56250 # -1 # ID=16_45;partial=00;start_type=ATG;rbs_motif=GGAGG;rbs_spacer=3-4bp;gc_cont=0.566
Utg1988:53677-56250|-     -            858 874197at2            -            274   1.5e-05   22.8   0.7   2   3       2.4   7.3e+02   -2.4   0.0   206   226   397   419   335   441 0.63 Utg1988_45 # 53677 # 56250 # -1 # ID=16_45;partial=00;start_type=ATG;rbs_motif=GGAGG;rbs_spacer=3-4bp;gc_cont=0.566
Utg1988:53677-56250|-     -            858 874197at2            -            274   1.5e-05   22.8   0.7   3   3   0.00087      0.27    8.8   0.0    12    59   571   622   562   640 0.76 Utg1988_45 # 53677 # 56250 # -1 # ID=16_45;partial=00;start_type=ATG;rbs_motif=GGAGG;rbs_spacer=3-4bp;gc_cont=0.566
Utg1904:2721912-2722763|+ -            284 874197at2            -            274   3.2e-05   21.7   0.3   1   2   2.6e-07   7.9e-05   20.4   0.1    14    64    13    60     3    73 0.80 Utg1904_2475 # 2721912 # 2722763 # 1 # ID=1_2475;partial=00;start_type=ATG;rbs_motif=GGA/GAG/AGG;rbs_spacer=5-10bp;gc_cont=0.398
Utg1904:2721912-2722763|+ -            284 874197at2            -            274   3.2e-05   21.7   0.3   2   2       2.5   7.7e+02   -2.5   0.0    85    97   112   124   100   129 0.74 Utg1904_2475 # 2721912 # 2722763 # 1 # ID=1_2475;partial=00;start_type=ATG;rbs_motif=GGA/GAG/AGG;rbs_spacer=5-10bp;gc_cont=0.398
Utg1904:2144698-2147277|+ -            860 874197at2            -            274   7.2e-05   20.5   0.5   1   2    0.0014      0.44    8.1   0.7    35    99   196   281   167   285 0.58 Utg1904_1926 # 2144698 # 2147277 # 1 # ID=1_1926;partial=00;start_type=ATG;rbs_motif=GGAG/GAGG;rbs_spacer=5-10bp;gc_cont=0.426
Utg1904:2144698-2147277|+ -            860 874197at2            -            274   7.2e-05   20.5   0.5   2   2    0.0031      0.95    7.0   0.0    34    57   595   618   563   638 0.83 Utg1904_1926 # 2144698 # 2147277 # 1 # ID=1_1926;partial=00;start_type=ATG;rbs_motif=GGAG/GAGG;rbs_spacer=5-10bp;gc_cont=0.426
Utg2014:46486-48840|-     -            785 874197at2            -            274   0.00063   17.4   0.0   1   1   8.3e-06    0.0026   15.4   0.0    11    70   324   385   320   506 0.80 Utg2014_54 # 46486 # 48840 # -1 # ID=22_54;partial=00;start_type=ATG;rbs_motif=GGA/GAG/AGG;rbs_spacer=5-10bp;gc_cont=0.560
Utg1904:2298835-2301513|+ -            893 874197at2            -            274    0.0011   16.7   1.3   1   2     0.045        14    3.2   0.3    37    59   227   249   210   313 0.69 Utg1904_2066 # 2298835 # 2301513 # 1 # ID=1_2066;partial=00;start_type=ATG;rbs_motif=GGA/GAG/AGG;rbs_spacer=5-10bp;gc_cont=0.374
Utg1904:2298835-2301513|+ -            893 874197at2            -            274    0.0011   16.7   1.3   2   2   0.00025     0.077   10.6   0.0    12    59   579   630   569   646 0.75 Utg1904_2066 # 2298835 # 2301513 # 1 # ID=1_2066;partial=00;start_type=ATG;rbs_motif=GGA/GAG/AGG;rbs_spacer=5-10bp;gc_cont=0.374
Utg1904:911062-912459|-   -            466 874197at2            -            274    0.0017   16.1   0.0   1   1     1e-05    0.0031   15.2   0.0    36    99   164   239   146   267 0.76 Utg1904_828 # 911062 # 912459 # -1 # ID=1_828;partial=00;start_type=ATG;rbs_motif=GGA/GAG/AGG;rbs_spacer=5-10bp;gc_cont=0.400
Utg1904:1989585-1992014|- -            810 874197at2            -            274    0.0028   15.3   0.0   1   1   2.2e-05    0.0068   14.1   0.0    13    69   339   397   333   445 0.73 Utg1904_1802 # 1989585 # 1992014 # -1 # ID=1_1802;partial=00;start_type=ATG;rbs_motif=AGGAG;rbs_spacer=5-10bp;gc_cont=0.401
Utg1930:122615-124135|+   -            507 874197at2            -            274    0.0055   14.4   0.1   1   2   8.8e-05     0.027   12.1   0.0     8    53   190   228   173   232 0.80 Utg1930_121 # 122615 # 124135 # 1 # ID=6_121;partial=00;start_type=ATG;rbs_motif=AGGAG;rbs_spacer=5-10bp;gc_cont=0.589
Utg1930:122615-124135|+   -            507 874197at2            -            274    0.0055   14.4   0.1   2   2       1.6   4.8e+02   -1.9   0.0    83   103   291   311   290   343 0.67 Utg1930_121 # 122615 # 124135 # 1 # ID=6_121;partial=00;start_type=ATG;rbs_motif=AGGAG;rbs_spacer=5-10bp;gc_cont=0.589
Utg1904:1670934-1671887|- -            318 874197at2            -            274    0.0068   14.1   0.0   1   2    0.0023       0.7    7.5   0.0    37    65    47    74    20    81 0.80 Utg1904_1513 # 1670934 # 1671887 # -1 # ID=1_1513;partial=00;start_type=ATG;rbs_motif=GGA/GAG/AGG;rbs_spacer=5-10bp;gc_cont=0.370
Utg1904:1670934-1671887|- -            318 874197at2            -            274    0.0068   14.1   0.0   2   2      0.02       6.1    4.4   0.0    78   135   125   177    96   224 0.71 Utg1904_1513 # 1670934 # 1671887 # -1 # ID=1_1513;partial=00;start_type=ATG;rbs_motif=GGA/GAG/AGG;rbs_spacer=5-10bp;gc_cont=0.370
Utg1942:36639-39368|+     -            910 874197at2            -            274     0.015   12.9   0.0   1   2      0.13        41    1.7   0.0    17    53   109   144    95   151 0.69 Utg1942_39 # 36639 # 39368 # 1 # ID=10_39;partial=00;start_type=ATG;rbs_motif=GGA/GAG/AGG;rbs_spacer=5-10bp;gc_cont=0.516
Utg1942:36639-39368|+     -            910 874197at2            -            274     0.015   12.9   0.0   2   2    0.0013       0.4    8.2   0.0    82   108   200   229   185   250 0.76 Utg1942_39 # 36639 # 39368 # 1 # ID=10_39;partial=00;start_type=ATG;rbs_motif=GGA/GAG/AGG;rbs_spacer=5-10bp;gc_cont=0.516
Utg2044:9305-9982|+       -            226 874197at2            -            274     0.034   11.8   0.0   1   1   0.00016     0.049   11.2   0.0    33    81    31    75    15   168 0.74 Utg2044_12 # 9305 # 9982 # 1 # ID=27_12;partial=00;start_type=ATG;rbs_motif=AGGA;rbs_spacer=5-10bp;gc_cont=0.524
Utg1904:1150949-1152436|- -            496 874197at2            -            274      0.15    9.7   1.9   1   3   0.00083      0.26    8.9   0.0    36    53   212   229   190   236 0.80 Utg1904_1047 # 1150949 # 1152436 # -1 # ID=1_1047;partial=00;start_type=ATG;rbs_motif=GGA/GAG/AGG;rbs_spacer=5-10bp;gc_cont=0.435
Utg1904:1150949-1152436|- -            496 874197at2            -            274      0.15    9.7   1.9   2   3       1.2   3.8e+02   -1.5   0.0    84   124   290   330   288   343 0.58 Utg1904_1047 # 1150949 # 1152436 # -1 # ID=1_1047;partial=00;start_type=ATG;rbs_motif=GGA/GAG/AGG;rbs_spacer=5-10bp;gc_cont=0.435
Utg1904:1150949-1152436|- -            496 874197at2            -            274      0.15    9.7   1.9   3   3         3   9.3e+02   -2.8   0.1   169   203   442   475   431   485 0.69 Utg1904_1047 # 1150949 # 1152436 # -1 # ID=1_1047;partial=00;start_type=ATG;rbs_motif=GGA/GAG/AGG;rbs_spacer=5-10bp;gc_cont=0.435
#
# Program:         hmmsearch
# Version:         3.4 (Aug 2023)
# Pipeline mode:   SEARCH
# Query file:      /home/abane_ashu/busco-5.8.0/busco_downloads/lineages/bacteria_odb10/hmms/874197at2.hmm
# Target file:     /home/abane_ashu/busco-5.8.0/busco_raven/prodigal_output/predicted_genes/predicted.faa
# Option settings: hmmsearch --domtblout /home/abane_ashu/busco-5.8.0/busco_raven/run_bacteria_odb10/hmmer_output/874197at2.out --cpu 1 /home/abane_ashu/busco-5.8.0/busco_downloads/lineages/bacteria_odb10/hmms/874197at2.hmm /home/abane_ashu/busco-5.8.0/busco_raven/prodigal_output/predicted_genes/predicted.faa 
# Current dir:     /home/abane_ashu/busco-5.8.0
# Date:            Thu Aug 14 01:01:37 2025
# [ok]
