#                                                                                 --- full sequence --- -------------- this domain -------------   hmm coord   ali coord   env coord
# target name             accession   tlen query name           accession   qlen   E-value  score  bias   #  of  c-Evalue  i-Evalue  score  bias  from    to  from    to  from    to  acc description of target
#     ------------------- ---------- ----- -------------------- ---------- ----- --------- ------ ----- --- --- --------- --------- ------ ----- ----- ----- ----- ----- ----- ----- ---- ---------------------
Utg1904:3336981-3338267|+ -            429 932854at2            -           1620  1.8e-198  660.5   3.2   1   1  3.3e-201    2e-198  660.4   3.2     2   420     1   426     1   428 0.98 Utg1904_3052 # 3336981 # 3338267 # 1 # ID=1_3052;partial=00;start_type=ATG;rbs_motif=AGGA/GGAG/GAGG;rbs_spacer=11-12bp;gc_cont=0.427
Utg1904:3752683-3756516|- -           1278 932854at2            -           1620   6.2e-56  188.1   0.0   1   3   5.8e-07   0.00036   16.5   0.0   586   667   160   241   103   257 0.81 Utg1904_3419 # 3752683 # 3756516 # -1 # ID=1_3419;partial=00;start_type=ATG;rbs_motif=AGGA/GGAG/GAGG;rbs_spacer=11-12bp;gc_cont=0.413
Utg1904:3752683-3756516|- -           1278 932854at2            -           1620   6.2e-56  188.1   0.0   2   3   2.5e-33   1.5e-30  103.9   0.0   732  1238   285   826   275   837 0.79 Utg1904_3419 # 3752683 # 3756516 # -1 # ID=1_3419;partial=00;start_type=ATG;rbs_motif=AGGA/GGAG/GAGG;rbs_spacer=11-12bp;gc_cont=0.413
Utg1904:3752683-3756516|- -           1278 932854at2            -           1620   6.2e-56  188.1   0.0   3   3   3.2e-21     2e-18   63.8   0.0  1305  1595   939  1247   931  1256 0.80 Utg1904_3419 # 3752683 # 3756516 # -1 # ID=1_3419;partial=00;start_type=ATG;rbs_motif=AGGA/GGAG/GAGG;rbs_spacer=11-12bp;gc_cont=0.413
Utg1988:16036-19923|-     -           1296 932854at2            -           1620   3.5e-43  145.8   0.0   1   3   2.4e-08   1.5e-05   21.1   0.0   598   668   178   248   141   271 0.88 Utg1988_14 # 16036 # 19923 # -1 # ID=16_14;partial=00;start_type=ATG;rbs_motif=GGA/GAG/AGG;rbs_spacer=5-10bp;gc_cont=0.626
Utg1988:16036-19923|-     -           1296 932854at2            -           1620   3.5e-43  145.8   0.0   2   3   9.5e-26   5.9e-23   78.7   0.0   732  1150   288   737   275   830 0.77 Utg1988_14 # 16036 # 19923 # -1 # ID=16_14;partial=00;start_type=ATG;rbs_motif=GGA/GAG/AGG;rbs_spacer=5-10bp;gc_cont=0.626
Utg1988:16036-19923|-     -           1296 932854at2            -           1620   3.5e-43  145.8   0.0   3   3   9.7e-15     6e-12   42.3   0.0  1421  1596  1085  1266  1035  1273 0.73 Utg1988_14 # 16036 # 19923 # -1 # ID=16_14;partial=00;start_type=ATG;rbs_motif=GGA/GAG/AGG;rbs_spacer=5-10bp;gc_cont=0.626
Utg1904:3116202-3117572|+ -            457 932854at2            -           1620   5.6e-06   22.5   0.0   1   1   1.5e-08   9.1e-06   21.8   0.0    80   186    93   203    89   218 0.92 Utg1904_2836 # 3116202 # 3117572 # 1 # ID=1_2836;partial=00;start_type=ATG;rbs_motif=GGA/GAG/AGG;rbs_spacer=5-10bp;gc_cont=0.411
Utg1904:107107-110337|+   -           1077 932854at2            -           1620   7.8e-06   22.0   0.1   1   2   6.1e-05     0.037    9.8   0.0    82   187   108   212    79   236 0.90 Utg1904_104 # 107107 # 110337 # 1 # ID=1_104;partial=00;start_type=ATG;rbs_motif=AGGAG;rbs_spacer=5-10bp;gc_cont=0.417
Utg1904:107107-110337|+   -           1077 932854at2            -           1620   7.8e-06   22.0   0.1   2   2   5.3e-05     0.033   10.0   0.0    51   203   622   774   588   844 0.85 Utg1904_104 # 107107 # 110337 # 1 # ID=1_104;partial=00;start_type=ATG;rbs_motif=AGGAG;rbs_spacer=5-10bp;gc_cont=0.417
Utg1918:150785-152134|+   -            450 932854at2            -           1620   8.9e-06   21.8   0.0   1   1   2.2e-08   1.3e-05   21.2   0.0    79   186    92   205    88   226 0.83 Utg1918_163 # 150785 # 152134 # 1 # ID=4_163;partial=00;start_type=ATG;rbs_motif=GGAG/GAGG;rbs_spacer=5-10bp;gc_cont=0.562
Utg1904:406656-408596|-   -            647 932854at2            -           1620   3.9e-05   19.7   0.1   1   1   8.7e-08   5.4e-05   19.2   0.1    82   183    96   202    65   205 0.83 Utg1904_361 # 406656 # 408596 # -1 # ID=1_361;partial=00;start_type=ATG;rbs_motif=AGGA;rbs_spacer=5-10bp;gc_cont=0.438
Utg1904:931064-932185|+   -            374 932854at2            -           1620   0.00064   15.7   0.0   1   1   1.4e-06   0.00084   15.3   0.0   107   195   102   188   101   206 0.88 Utg1904_850 # 931064 # 932185 # 1 # ID=1_850;partial=00;start_type=ATG;rbs_motif=GGAG/GAGG;rbs_spacer=5-10bp;gc_cont=0.419
Utg1904:2253656-2255377|+ -            574 932854at2            -           1620   0.00086   15.2   0.2   1   1     2e-06    0.0012   14.7   0.2    80   186    95   206    59   209 0.84 Utg1904_2029 # 2253656 # 2255377 # 1 # ID=1_2029;partial=00;start_type=ATG;rbs_motif=GGA/GAG/AGG;rbs_spacer=5-10bp;gc_cont=0.457
Utg1904:748852-749778|-   -            309 932854at2            -           1620     0.045    9.5   0.0   1   1   9.6e-05     0.059    9.1   0.0   101   195    98   188    76   199 0.80 Utg1904_682 # 748852 # 749778 # -1 # ID=1_682;partial=00;start_type=GTG;rbs_motif=AGGA;rbs_spacer=5-10bp;gc_cont=0.435
#
# Program:         hmmsearch
# Version:         3.4 (Aug 2023)
# Pipeline mode:   SEARCH
# Query file:      /home/abane_ashu/busco-5.8.0/busco_downloads/lineages/bacteria_odb10/hmms/932854at2.hmm
# Target file:     /home/abane_ashu/busco-5.8.0/busco_raven/prodigal_output/predicted_genes/predicted.faa
# Option settings: hmmsearch --domtblout /home/abane_ashu/busco-5.8.0/busco_raven/run_bacteria_odb10/hmmer_output/932854at2.out --cpu 1 /home/abane_ashu/busco-5.8.0/busco_downloads/lineages/bacteria_odb10/hmms/932854at2.hmm /home/abane_ashu/busco-5.8.0/busco_raven/prodigal_output/predicted_genes/predicted.faa 
# Current dir:     /home/abane_ashu/busco-5.8.0
# Date:            Thu Aug 14 01:01:38 2025
# [ok]
