#                                                                                 --- full sequence --- -------------- this domain -------------   hmm coord   ali coord   env coord
# target name             accession   tlen query name           accession   qlen   E-value  score  bias   #  of  c-Evalue  i-Evalue  score  bias  from    to  from    to  from    to  acc description of target
#     ------------------- ---------- ----- -------------------- ---------- ----- --------- ------ ----- --- --- --------- --------- ------ ----- ----- ----- ----- ----- ----- ----- ---- ---------------------
Utg1904:1420594-1421928|+ -            445 932993at2            -            255   5.8e-29   99.5  40.7   1   5   7.3e-10   2.3e-06   25.4   0.4     9    66    15    82    11    89 0.82 Utg1904_1291 # 1420594 # 1421928 # 1 # ID=1_1291;partial=00;start_type=ATG;rbs_motif=GGAG/GAGG;rbs_spacer=5-10bp;gc_cont=0.413
Utg1904:1420594-1421928|+ -            445 932993at2            -            255   5.8e-29   99.5  40.7   2   5   2.6e-07   0.00081   17.1   7.0    59   119    92   171    72   186 0.82 Utg1904_1291 # 1420594 # 1421928 # 1 # ID=1_1291;partial=00;start_type=ATG;rbs_motif=GGAG/GAGG;rbs_spacer=5-10bp;gc_cont=0.413
Utg1904:1420594-1421928|+ -            445 932993at2            -            255   5.8e-29   99.5  40.7   3   5   1.2e-15   3.8e-12   44.3   8.2   117   190   196   286   193   325 0.73 Utg1904_1291 # 1420594 # 1421928 # 1 # ID=1_1291;partial=00;start_type=ATG;rbs_motif=GGAG/GAGG;rbs_spacer=5-10bp;gc_cont=0.413
Utg1904:1420594-1421928|+ -            445 932993at2            -            255   5.8e-29   99.5  40.7   4   5   2.8e-06    0.0085   13.7   0.4   188   231   331   376   310   382 0.75 Utg1904_1291 # 1420594 # 1421928 # 1 # ID=1_1291;partial=00;start_type=ATG;rbs_motif=GGAG/GAGG;rbs_spacer=5-10bp;gc_cont=0.413
Utg1904:1420594-1421928|+ -            445 932993at2            -            255   5.8e-29   99.5  40.7   5   5   1.8e-06    0.0057   14.3   1.6   217   254   390   427   389   428 0.94 Utg1904_1291 # 1420594 # 1421928 # 1 # ID=1_1291;partial=00;start_type=ATG;rbs_motif=GGAG/GAGG;rbs_spacer=5-10bp;gc_cont=0.413
Utg2014:51482-52780|-     -            433 932993at2            -            255   2.2e-27   94.3  32.1   1   5   1.8e-09   5.4e-06   24.2   0.1     9    57    15    71     7    83 0.83 Utg2014_57 # 51482 # 52780 # -1 # ID=22_57;partial=00;start_type=ATG;rbs_motif=GGAG/GAGG;rbs_spacer=5-10bp;gc_cont=0.542
Utg2014:51482-52780|-     -            433 932993at2            -            255   2.2e-27   94.3  32.1   2   5   8.4e-10   2.6e-06   25.2   2.1    65   120    99   173    93   187 0.86 Utg2014_57 # 51482 # 52780 # -1 # ID=22_57;partial=00;start_type=ATG;rbs_motif=GGAG/GAGG;rbs_spacer=5-10bp;gc_cont=0.542
Utg2014:51482-52780|-     -            433 932993at2            -            255   2.2e-27   94.3  32.1   3   5   8.8e-15   2.7e-11   41.5   2.5   117   190   197   286   194   312 0.83 Utg2014_57 # 51482 # 52780 # -1 # ID=22_57;partial=00;start_type=ATG;rbs_motif=GGAG/GAGG;rbs_spacer=5-10bp;gc_cont=0.542
Utg2014:51482-52780|-     -            433 932993at2            -            255   2.2e-27   94.3  32.1   4   5   6.2e-06     0.019   12.6   0.4   198   232   334   370   330   378 0.84 Utg2014_57 # 51482 # 52780 # -1 # ID=22_57;partial=00;start_type=ATG;rbs_motif=GGAG/GAGG;rbs_spacer=5-10bp;gc_cont=0.542
Utg2014:51482-52780|-     -            433 932993at2            -            255   2.2e-27   94.3  32.1   5   5   0.00011      0.34    8.4   1.8   218   254   384   420   382   421 0.85 Utg2014_57 # 51482 # 52780 # -1 # ID=22_57;partial=00;start_type=ATG;rbs_motif=GGAG/GAGG;rbs_spacer=5-10bp;gc_cont=0.542
#
# Program:         hmmsearch
# Version:         3.4 (Aug 2023)
# Pipeline mode:   SEARCH
# Query file:      /home/abane_ashu/busco-5.8.0/busco_downloads/lineages/bacteria_odb10/hmms/932993at2.hmm
# Target file:     /home/abane_ashu/busco-5.8.0/busco_raven/prodigal_output/predicted_genes/predicted.faa
# Option settings: hmmsearch --domtblout /home/abane_ashu/busco-5.8.0/busco_raven/run_bacteria_odb10/hmmer_output/932993at2.out --cpu 1 /home/abane_ashu/busco-5.8.0/busco_downloads/lineages/bacteria_odb10/hmms/932993at2.hmm /home/abane_ashu/busco-5.8.0/busco_raven/prodigal_output/predicted_genes/predicted.faa 
# Current dir:     /home/abane_ashu/busco-5.8.0
# Date:            Thu Aug 14 01:01:38 2025
# [ok]
