#                                                                                 --- full sequence --- -------------- this domain -------------   hmm coord   ali coord   env coord
# target name             accession   tlen query name           accession   qlen   E-value  score  bias   #  of  c-Evalue  i-Evalue  score  bias  from    to  from    to  from    to  acc description of target
#     ------------------- ---------- ----- -------------------- ---------- ----- --------- ------ ----- --- --- --------- --------- ------ ----- ----- ----- ----- ----- ----- ----- ---- ---------------------
Utg1904:3713364-3715385|- -            674 95696at2             -            490    3e-230  763.4  12.2   1   1    1e-230  3.9e-228  756.5  12.2     1   479    37   593    37   602 0.89 Utg1904_3374 # 3713364 # 3715385 # -1 # ID=1_3374;partial=00;start_type=GTG;rbs_motif=GGA/GAG/AGG;rbs_spacer=5-10bp;gc_cont=0.422
Utg1938:27811-28818|+     -            336 95696at2             -            490   1.3e-94  316.1   1.4   1   1   1.1e-94   4.2e-92  307.8   1.5     1   221    35   306    35   316 0.85 Utg1938_27 # 27811 # 28818 # 1 # ID=8_27;partial=00;start_type=ATG;rbs_motif=GGA/GAG/AGG;rbs_spacer=5-10bp;gc_cont=0.597
Utg1938:29180-29830|+     -            217 95696at2             -            490     1e-66  224.0   3.3   1   2   8.3e-69   3.2e-66  222.4   0.7   348   478     1   134     1   144 0.95 Utg1938_29 # 29180 # 29830 # 1 # ID=8_29;partial=00;start_type=ATG;rbs_motif=None;rbs_spacer=None;gc_cont=0.605
Utg1938:29180-29830|+     -            217 95696at2             -            490     1e-66  224.0   3.3   2   2     0.045        17    2.3   0.1   452   490   167   205   157   205 0.74 Utg1938_29 # 29180 # 29830 # 1 # ID=8_29;partial=00;start_type=ATG;rbs_motif=None;rbs_spacer=None;gc_cont=0.605
Utg1938:28815-29195|+     -            127 95696at2             -            490   3.1e-40  136.7   0.0   1   1   9.5e-43   3.7e-40  136.5   0.0   249   335     1   103     1   108 0.90 Utg1938_28 # 28815 # 29195 # 1 # ID=8_28;partial=00;start_type=GTG;rbs_motif=GGA/GAG/AGG;rbs_spacer=5-10bp;gc_cont=0.627
Utg1904:2646174-2649635|+ -           1154 95696at2             -            490   4.3e-11   40.6   2.2   1   4   3.6e-05     0.014   12.5   0.0   122   166   144   194   132   215 0.79 Utg1904_2401 # 2646174 # 2649635 # 1 # ID=1_2401;partial=00;start_type=ATG;rbs_motif=None;rbs_spacer=None;gc_cont=0.398
Utg1904:2646174-2649635|+ -           1154 95696at2             -            490   4.3e-11   40.6   2.2   2   4    0.0031       1.2    6.2   0.0   340   412   660   735   631   749 0.81 Utg1904_2401 # 2646174 # 2649635 # 1 # ID=1_2401;partial=00;start_type=ATG;rbs_motif=None;rbs_spacer=None;gc_cont=0.398
Utg1904:2646174-2649635|+ -           1154 95696at2             -            490   4.3e-11   40.6   2.2   3   4      0.61   2.3e+02   -1.4   0.0   362   376   816   830   804   841 0.82 Utg1904_2401 # 2646174 # 2649635 # 1 # ID=1_2401;partial=00;start_type=ATG;rbs_motif=None;rbs_spacer=None;gc_cont=0.398
Utg1904:2646174-2649635|+ -           1154 95696at2             -            490   4.3e-11   40.6   2.2   4   4   5.1e-07    0.0002   18.6   0.2   347   443   829   919   824   945 0.80 Utg1904_2401 # 2646174 # 2649635 # 1 # ID=1_2401;partial=00;start_type=ATG;rbs_motif=None;rbs_spacer=None;gc_cont=0.398
Utg1988:36573-37904|+     -            444 95696at2             -            490     2e-08   31.8   0.1   1   1   8.5e-11   3.3e-08   31.1   0.1   300   433   210   340    96   354 0.83 Utg1988_34 # 36573 # 37904 # 1 # ID=16_34;partial=00;start_type=ATG;rbs_motif=GGAG/GAGG;rbs_spacer=5-10bp;gc_cont=0.580
Utg1904:1308485-1310713|- -            743 95696at2             -            490   5.5e-08   30.3   0.0   1   2    0.0018       0.7    6.9   0.0     3    47   232   279   230   289 0.83 Utg1904_1184 # 1308485 # 1310713 # -1 # ID=1_1184;partial=00;start_type=ATG;rbs_motif=GGA/GAG/AGG;rbs_spacer=5-10bp;gc_cont=0.428
Utg1904:1308485-1310713|- -            743 95696at2             -            490   5.5e-08   30.3   0.0   2   2   8.8e-08   3.4e-05   21.1   0.0   345   443   502   607   483   631 0.77 Utg1904_1184 # 1308485 # 1310713 # -1 # ID=1_1184;partial=00;start_type=ATG;rbs_motif=GGA/GAG/AGG;rbs_spacer=5-10bp;gc_cont=0.428
Utg2020:4322-5677|+       -            452 95696at2             -            490   1.4e-07   29.0   0.0   1   2      0.26        99   -0.2   0.0    23    46    73    98    43   109 0.64 Utg2020_6 # 4322 # 5677 # 1 # ID=23_6;partial=00;start_type=ATG;rbs_motif=GGAG/GAGG;rbs_spacer=5-10bp;gc_cont=0.633
Utg2020:4322-5677|+       -            452 95696at2             -            490   1.4e-07   29.0   0.0   2   2     2e-09   7.6e-07   26.6   0.0   330   408   237   317   210   338 0.87 Utg2020_6 # 4322 # 5677 # 1 # ID=23_6;partial=00;start_type=ATG;rbs_motif=GGAG/GAGG;rbs_spacer=5-10bp;gc_cont=0.633
Utg1930:104494-105759|+   -            422 95696at2             -            490   2.5e-07   28.2   0.0   1   2      0.76   2.9e+02   -1.7   0.0    21    42    81   103    54   110 0.76 Utg1930_105 # 104494 # 105759 # 1 # ID=6_105;partial=00;start_type=ATG;rbs_motif=None;rbs_spacer=None;gc_cont=0.576
Utg1930:104494-105759|+   -            422 95696at2             -            490   2.5e-07   28.2   0.0   2   2   1.9e-09   7.4e-07   26.6   0.0   337   410   257   330   238   354 0.90 Utg1930_105 # 104494 # 105759 # 1 # ID=6_105;partial=00;start_type=ATG;rbs_motif=None;rbs_spacer=None;gc_cont=0.576
Utg1918:62267-64183|-     -            639 95696at2             -            490   2.9e-07   27.9   1.5   1   2    0.0079         3    4.8   0.0     5    49    50   100    46   114 0.73 Utg1918_72 # 62267 # 64183 # -1 # ID=4_72;partial=00;start_type=ATG;rbs_motif=AGGA/GGAG/GAGG;rbs_spacer=11-12bp;gc_cont=0.598
Utg1918:62267-64183|-     -            639 95696at2             -            490   2.9e-07   27.9   1.5   2   2   6.4e-08   2.5e-05   21.6   0.7   338   444   247   350   240   372 0.81 Utg1918_72 # 62267 # 64183 # -1 # ID=4_72;partial=00;start_type=ATG;rbs_motif=AGGA/GGAG/GAGG;rbs_spacer=11-12bp;gc_cont=0.598
Utg1930:160545-162740|+   -            732 95696at2             -            490   9.4e-07   26.3   0.0   1   2   0.00025     0.096    9.8   0.0     3    48   221   269   219   279 0.85 Utg1930_153 # 160545 # 162740 # 1 # ID=6_153;partial=00;start_type=ATG;rbs_motif=AGGA;rbs_spacer=5-10bp;gc_cont=0.633
Utg1930:160545-162740|+   -            732 95696at2             -            490   9.4e-07   26.3   0.0   2   2     1e-05    0.0039   14.4   0.0   380   441   525   595   504   602 0.75 Utg1930_153 # 160545 # 162740 # 1 # ID=6_153;partial=00;start_type=ATG;rbs_motif=AGGA;rbs_spacer=5-10bp;gc_cont=0.633
Utg1904:491947-493992|+   -            682 95696at2             -            490   1.6e-06   25.5   0.0   1   3     0.069        27    1.7   0.0     3    47   284   331   282   339 0.77 Utg1904_450 # 491947 # 493992 # 1 # ID=1_450;partial=00;start_type=ATG;rbs_motif=GGA/GAG/AGG;rbs_spacer=5-10bp;gc_cont=0.421
Utg1904:491947-493992|+   -            682 95696at2             -            490   1.6e-06   25.5   0.0   2   3      0.37   1.4e+02   -0.7   0.0   352   411   327   387   318   394 0.83 Utg1904_450 # 491947 # 493992 # 1 # ID=1_450;partial=00;start_type=ATG;rbs_motif=GGA/GAG/AGG;rbs_spacer=5-10bp;gc_cont=0.421
Utg1904:491947-493992|+   -            682 95696at2             -            490   1.6e-06   25.5   0.0   3   3   1.3e-07     5e-05   20.6   0.0   343   442   486   586   479   593 0.88 Utg1904_450 # 491947 # 493992 # 1 # ID=1_450;partial=00;start_type=ATG;rbs_motif=GGA/GAG/AGG;rbs_spacer=5-10bp;gc_cont=0.421
Utg2008:42372-44129|-     -            586 95696at2             -            490   4.7e-06   24.0   0.1   1   2    0.0018       0.7    6.9   0.0     7    40    33    66    28    73 0.90 Utg2008_43 # 42372 # 44129 # -1 # ID=20_43;partial=00;start_type=ATG;rbs_motif=None;rbs_spacer=None;gc_cont=0.614
Utg2008:42372-44129|-     -            586 95696at2             -            490   4.7e-06   24.0   0.1   2   2   7.7e-06     0.003   14.7   0.0   327   412   243   326   232   344 0.80 Utg2008_43 # 42372 # 44129 # -1 # ID=20_43;partial=00;start_type=ATG;rbs_motif=None;rbs_spacer=None;gc_cont=0.614
Utg1904:3442942-3444093|- -            384 95696at2             -            490   0.00015   19.0   0.2   1   2      0.66   2.5e+02   -1.5   0.0    25    46    80   101    46   107 0.60 Utg1904_3144 # 3442942 # 3444093 # -1 # ID=1_3144;partial=00;start_type=ATG;rbs_motif=GGA/GAG/AGG;rbs_spacer=5-10bp;gc_cont=0.389
Utg1904:3442942-3444093|- -            384 95696at2             -            490   0.00015   19.0   0.2   2   2     1e-06    0.0004   17.6   0.1   330   409   243   324   183   347 0.92 Utg1904_3144 # 3442942 # 3444093 # -1 # ID=1_3144;partial=00;start_type=ATG;rbs_motif=GGA/GAG/AGG;rbs_spacer=5-10bp;gc_cont=0.389
Utg1904:500503-502350|-   -            616 95696at2             -            490    0.0002   18.6   0.1   1   1   9.5e-07   0.00037   17.7   0.1   337   432   255   345   248   375 0.81 Utg1904_461 # 500503 # 502350 # -1 # ID=1_461;partial=00;start_type=ATG;rbs_motif=GGA/GAG/AGG;rbs_spacer=5-10bp;gc_cont=0.467
Utg1934:174343-175263|-   -            307 95696at2             -            490    0.0019   15.4   0.0   1   1     7e-06    0.0027   14.9   0.0   340   412    94   166    81   203 0.87 Utg1934_176 # 174343 # 175263 # -1 # ID=7_176;partial=00;start_type=ATG;rbs_motif=None;rbs_spacer=None;gc_cont=0.620
#
# Program:         hmmsearch
# Version:         3.4 (Aug 2023)
# Pipeline mode:   SEARCH
# Query file:      /home/abane_ashu/busco-5.8.0/busco_downloads/lineages/bacteria_odb10/hmms/95696at2.hmm
# Target file:     /home/abane_ashu/busco-5.8.0/busco_raven/prodigal_output/predicted_genes/predicted.faa
# Option settings: hmmsearch --domtblout /home/abane_ashu/busco-5.8.0/busco_raven/run_bacteria_odb10/hmmer_output/95696at2.out --cpu 1 /home/abane_ashu/busco-5.8.0/busco_downloads/lineages/bacteria_odb10/hmms/95696at2.hmm /home/abane_ashu/busco-5.8.0/busco_raven/prodigal_output/predicted_genes/predicted.faa 
# Current dir:     /home/abane_ashu/busco-5.8.0
# Date:            Thu Aug 14 01:01:39 2025
# [ok]
