#                                                                                 --- full sequence --- -------------- this domain -------------   hmm coord   ali coord   env coord
# target name             accession   tlen query name           accession   qlen   E-value  score  bias   #  of  c-Evalue  i-Evalue  score  bias  from    to  from    to  from    to  acc description of target
#     ------------------- ---------- ----- -------------------- ---------- ----- --------- ------ ----- --- --- --------- --------- ------ ----- ----- ----- ----- ----- ----- ----- ---- ---------------------
Utg1904:3725024-3726052|- -            343 984717at2            -            224   1.8e-68  228.9   7.6   1   3   4.6e-39   1.4e-36  124.5   1.1     1   122    41   178    41   185 0.84 Utg1904_3387 # 3725024 # 3726052 # -1 # ID=1_3387;partial=00;start_type=ATG;rbs_motif=AGGA/GGAG/GAGG;rbs_spacer=11-12bp;gc_cont=0.376
Utg1904:3725024-3726052|- -            343 984717at2            -            224   1.8e-68  228.9   7.6   2   3   3.6e-14   1.1e-11   43.1   0.1   112   169   195   255   181   262 0.87 Utg1904_3387 # 3725024 # 3726052 # -1 # ID=1_3387;partial=00;start_type=ATG;rbs_motif=AGGA/GGAG/GAGG;rbs_spacer=11-12bp;gc_cont=0.376
Utg1904:3725024-3726052|- -            343 984717at2            -            224   1.8e-68  228.9   7.6   3   3   1.4e-20   4.3e-18   64.1   0.0   165   222   276   334   268   339 0.89 Utg1904_3387 # 3725024 # 3726052 # -1 # ID=1_3387;partial=00;start_type=ATG;rbs_motif=AGGA/GGAG/GAGG;rbs_spacer=11-12bp;gc_cont=0.376
Utg1988:26183-27088|-     -            302 984717at2            -            224   2.1e-68  228.6   8.1   1   1   1.1e-66   3.3e-64  214.9   8.1     1   221    10   291    10   297 0.78 Utg1988_23 # 26183 # 27088 # -1 # ID=16_23;partial=00;start_type=ATG;rbs_motif=GGAG/GAGG;rbs_spacer=5-10bp;gc_cont=0.547
Utg1904:1455909-1457318|+ -            470 984717at2            -            224   1.8e-31  107.8   0.2   1   2   2.4e-18   7.4e-16   56.8   0.0     2   106     5   125     4   136 0.78 Utg1904_1320 # 1455909 # 1457318 # 1 # ID=1_1320;partial=00;start_type=ATG;rbs_motif=GGA/GAG/AGG;rbs_spacer=5-10bp;gc_cont=0.426
Utg1904:1455909-1457318|+ -            470 984717at2            -            224   1.8e-31  107.8   0.2   2   2   6.1e-16   1.9e-13   48.9   0.0     2    87   179   274   178   306 0.72 Utg1904_1320 # 1455909 # 1457318 # 1 # ID=1_1320;partial=00;start_type=ATG;rbs_motif=GGA/GAG/AGG;rbs_spacer=5-10bp;gc_cont=0.426
Utg2040:94182-95546|+     -            455 984717at2            -            224   5.8e-13   47.3   0.0   1   1   3.1e-15   9.6e-13   46.6   0.0     2    84   219   307   218   350 0.86 Utg2040_98 # 94182 # 95546 # 1 # ID=25_98;partial=00;start_type=ATG;rbs_motif=GGA/GAG/AGG;rbs_spacer=5-10bp;gc_cont=0.629
Utg1904:915874-917229|+   -            452 984717at2            -            224   7.4e-10   37.1   0.0   1   1   4.7e-12   1.5e-09   36.2   0.0     2    84   219   307   218   347 0.77 Utg1904_833 # 915874 # 917229 # 1 # ID=1_833;partial=00;start_type=ATG;rbs_motif=GGA/GAG/AGG;rbs_spacer=5-10bp;gc_cont=0.430
Utg1904:3706998-3708218|- -            407 984717at2            -            224   2.3e-05   22.5   0.0   1   2     7e-06    0.0021   16.0   0.0     2    59   162   220   161   250 0.86 Utg1904_3368 # 3706998 # 3708218 # -1 # ID=1_3368;partial=00;start_type=ATG;rbs_motif=GGAG/GAGG;rbs_spacer=5-10bp;gc_cont=0.441
Utg1904:3706998-3708218|- -            407 984717at2            -            224   2.3e-05   22.5   0.0   2   2     0.025       7.8    4.4   0.0    79   106   263   290   252   306 0.82 Utg1904_3368 # 3706998 # 3708218 # -1 # ID=1_3368;partial=00;start_type=ATG;rbs_motif=GGAG/GAGG;rbs_spacer=5-10bp;gc_cont=0.441
Utg1918:69667-72279|-     -            871 984717at2            -            224   2.9e-05   22.2   0.2   1   3       2.1   6.6e+02   -1.9   0.3   158   205    83   130    81   136 0.87 Utg1918_79 # 69667 # 72279 # -1 # ID=4_79;partial=00;start_type=ATG;rbs_motif=AGGA;rbs_spacer=5-10bp;gc_cont=0.558
Utg1918:69667-72279|-     -            871 984717at2            -            224   2.9e-05   22.2   0.2   2   3       4.4   1.4e+03   -3.0   0.1   129   145   352   368   320   383 0.53 Utg1918_79 # 69667 # 72279 # -1 # ID=4_79;partial=00;start_type=ATG;rbs_motif=AGGA;rbs_spacer=5-10bp;gc_cont=0.558
Utg1918:69667-72279|-     -            871 984717at2            -            224   2.9e-05   22.2   0.2   3   3   9.3e-08   2.9e-05   22.2   0.2     2   105   400   510   399   529 0.79 Utg1918_79 # 69667 # 72279 # -1 # ID=4_79;partial=00;start_type=ATG;rbs_motif=AGGA;rbs_spacer=5-10bp;gc_cont=0.558
Utg1904:397955-399289|+   -            445 984717at2            -            224     3e-05   22.1   0.0   1   1   3.2e-07   9.9e-05   20.4   0.0     2    90   202   298   201   359 0.63 Utg1904_349 # 397955 # 399289 # 1 # ID=1_349;partial=00;start_type=GTG;rbs_motif=AGGA/GGAG/GAGG;rbs_spacer=11-12bp;gc_cont=0.409
Utg1994:26606-27238|-     -            211 984717at2            -            224   3.2e-05   22.0   0.1   1   2   1.7e-06   0.00053   18.0   0.0     2    65    29    91    28    99 0.75 Utg1994_22 # 26606 # 27238 # -1 # ID=17_22;partial=00;start_type=TTG;rbs_motif=GGAG/GAGG;rbs_spacer=5-10bp;gc_cont=0.550
Utg1994:26606-27238|-     -            211 984717at2            -            224   3.2e-05   22.0   0.1   2   2      0.13        41    2.0   0.1    60    98   124   163   111   192 0.75 Utg1994_22 # 26606 # 27238 # -1 # ID=17_22;partial=00;start_type=TTG;rbs_motif=GGAG/GAGG;rbs_spacer=5-10bp;gc_cont=0.550
Utg1904:1459429-1460487|- -            353 984717at2            -            224   4.7e-05   21.4   0.1   1   2      0.86   2.7e+02   -0.6   0.0    89   107   164   182   153   197 0.74 Utg1904_1325 # 1459429 # 1460487 # -1 # ID=1_1325;partial=00;start_type=ATG;rbs_motif=GGA/GAG/AGG;rbs_spacer=5-10bp;gc_cont=0.433
Utg1904:1459429-1460487|- -            353 984717at2            -            224   4.7e-05   21.4   0.1   2   2     7e-07   0.00022   19.3   0.1     2    58   220   281   219   287 0.81 Utg1904_1325 # 1459429 # 1460487 # -1 # ID=1_1325;partial=00;start_type=ATG;rbs_motif=GGA/GAG/AGG;rbs_spacer=5-10bp;gc_cont=0.433
Utg1904:1266307-1269006|+ -            900 984717at2            -            224   9.1e-05   20.5   0.1   1   3      0.51   1.6e+02    0.1   0.1    17    64   327   373   319   396 0.74 Utg1904_1154 # 1266307 # 1269006 # 1 # ID=1_1154;partial=00;start_type=ATG;rbs_motif=AGGAG;rbs_spacer=5-10bp;gc_cont=0.432
Utg1904:1266307-1269006|+ -            900 984717at2            -            224   9.1e-05   20.5   0.1   2   3     3e-07   9.1e-05   20.5   0.1     2   105   404   514   403   534 0.77 Utg1904_1154 # 1266307 # 1269006 # 1 # ID=1_1154;partial=00;start_type=ATG;rbs_motif=AGGAG;rbs_spacer=5-10bp;gc_cont=0.432
Utg1904:1266307-1269006|+ -            900 984717at2            -            224   9.1e-05   20.5   0.1   3   3       3.8   1.2e+03   -2.7   0.1    60    95   683   717   680   738 0.72 Utg1904_1154 # 1266307 # 1269006 # 1 # ID=1_1154;partial=00;start_type=ATG;rbs_motif=AGGAG;rbs_spacer=5-10bp;gc_cont=0.432
Utg1904:2517889-2518980|- -            364 984717at2            -            224   0.00011   20.2   0.1   1   2   1.4e-06   0.00044   18.3   0.0     3    25     6    28     4    36 0.89 Utg1904_2272 # 2517889 # 2518980 # -1 # ID=1_2272;partial=00;start_type=ATG;rbs_motif=GGA/GAG/AGG;rbs_spacer=5-10bp;gc_cont=0.408
Utg1904:2517889-2518980|- -            364 984717at2            -            224   0.00011   20.2   0.1   2   2      0.99   3.1e+02   -0.8   0.0    77   111   101   129    69   176 0.72 Utg1904_2272 # 2517889 # 2518980 # -1 # ID=1_2272;partial=00;start_type=ATG;rbs_motif=GGA/GAG/AGG;rbs_spacer=5-10bp;gc_cont=0.408
Utg1904:483015-483791|+   -            259 984717at2            -            224   0.00019   19.5   0.0   1   1   9.3e-07   0.00029   18.9   0.0     2    67    64   129    63   148 0.78 Utg1904_443 # 483015 # 483791 # 1 # ID=1_443;partial=00;start_type=ATG;rbs_motif=None;rbs_spacer=None;gc_cont=0.414
Utg1918:87204-88022|-     -            273 984717at2            -            224   0.00034   18.6   0.0   1   1   1.4e-06   0.00044   18.3   0.0     2    63   162   224   161   256 0.75 Utg1918_98 # 87204 # 88022 # -1 # ID=4_98;partial=00;start_type=ATG;rbs_motif=GGAG/GAGG;rbs_spacer=5-10bp;gc_cont=0.586
Utg2010:83162-84253|+     -            364 984717at2            -            224   0.00083   17.4   0.1   1   1   4.9e-06    0.0015   16.5   0.1     3    22     6    25     4    31 0.87 Utg2010_77 # 83162 # 84253 # 1 # ID=21_77;partial=00;start_type=ATG;rbs_motif=GGA/GAG/AGG;rbs_spacer=11-12bp;gc_cont=0.565
Utg1904:959558-960358|-   -            267 984717at2            -            224   0.00085   17.3   0.0   1   1   5.5e-06    0.0017   16.3   0.0     1    52    59   111    59   119 0.92 Utg1904_874 # 959558 # 960358 # -1 # ID=1_874;partial=00;start_type=ATG;rbs_motif=AGGAG;rbs_spacer=5-10bp;gc_cont=0.401
Utg1904:1176688-1178541|+ -            618 984717at2            -            224    0.0015   16.5   0.0   1   1   8.4e-06    0.0026   15.7   0.0     2    29     7    34     6   130 0.83 Utg1904_1072 # 1176688 # 1178541 # 1 # ID=1_1072;partial=00;start_type=ATG;rbs_motif=AGGAG;rbs_spacer=5-10bp;gc_cont=0.431
Utg2006:143099-143578|-   -            160 984717at2            -            224    0.0046   14.9   0.1   1   1   0.00019     0.059   11.3   0.1     2    23     4    25     3   115 0.69 Utg2006_149 # 143099 # 143578 # -1 # ID=19_149;partial=00;start_type=ATG;rbs_motif=GGA/GAG/AGG;rbs_spacer=5-10bp;gc_cont=0.554
Utg1904:902945-904876|+   -            644 984717at2            -            224     0.027   12.4   0.1   1   2     0.016         5    5.0   0.0     3    56    31    81    29    85 0.81 Utg1904_822 # 902945 # 904876 # 1 # ID=1_822;partial=00;start_type=ATG;rbs_motif=None;rbs_spacer=None;gc_cont=0.421
Utg1904:902945-904876|+   -            644 984717at2            -            224     0.027   12.4   0.1   2   2     0.022       6.8    4.6   0.1     2    22   340   360   339   369 0.91 Utg1904_822 # 902945 # 904876 # 1 # ID=1_822;partial=00;start_type=ATG;rbs_motif=None;rbs_spacer=None;gc_cont=0.421
Utg1912:610-1374|+        -            255 984717at2            -            224     0.052   11.5   0.1   1   2      0.19        57    1.5   0.0    76   104    38    66    16    99 0.72 Utg1912_3 # 610 # 1374 # 1 # ID=2_3;partial=00;start_type=GTG;rbs_motif=GGA/GAG/AGG;rbs_spacer=11-12bp;gc_cont=0.558
Utg1912:610-1374|+        -            255 984717at2            -            224     0.052   11.5   0.1   2   2    0.0022      0.69    7.8   0.0     5    21   114   130   110   176 0.90 Utg1912_3 # 610 # 1374 # 1 # ID=2_3;partial=00;start_type=GTG;rbs_motif=GGA/GAG/AGG;rbs_spacer=11-12bp;gc_cont=0.558
#
# Program:         hmmsearch
# Version:         3.4 (Aug 2023)
# Pipeline mode:   SEARCH
# Query file:      /home/abane_ashu/busco-5.8.0/busco_downloads/lineages/bacteria_odb10/hmms/984717at2.hmm
# Target file:     /home/abane_ashu/busco-5.8.0/busco_raven/prodigal_output/predicted_genes/predicted.faa
# Option settings: hmmsearch --domtblout /home/abane_ashu/busco-5.8.0/busco_raven/run_bacteria_odb10/hmmer_output/984717at2.out --cpu 1 /home/abane_ashu/busco-5.8.0/busco_downloads/lineages/bacteria_odb10/hmms/984717at2.hmm /home/abane_ashu/busco-5.8.0/busco_raven/prodigal_output/predicted_genes/predicted.faa 
# Current dir:     /home/abane_ashu/busco-5.8.0
# Date:            Thu Aug 14 01:01:39 2025
# [ok]
