-------------------------------------
PRODIGAL v2.6.3 [February, 2016]         
Univ of Tenn / Oak Ridge National Lab
Doug Hyatt, Loren Hauser, et al.     
-------------------------------------
Request:  Single Genome, Phase:  Training
Reading in the sequence(s) to train...6402889 bp seq created, 46.73 pct GC
Locating all potential starts and stops...273034 nodes
Looking for GC bias in different frames...frame bias scores: 1.71 0.14 1.15
Building initial set of genes to train from...done!
Creating coding model and scoring nodes...done!
Examining upstream regions and training starts...done!
-------------------------------------
Request:  Single Genome, Phase:  Gene Finding
Finding genes in sequence #1 (3773352 bp)...done!
Finding genes in sequence #2 (86068 bp)...done!
Finding genes in sequence #3 (174805 bp)...done!
Finding genes in sequence #4 (192225 bp)...done!
Finding genes in sequence #5 (160413 bp)...done!
Finding genes in sequence #6 (164551 bp)...done!
Finding genes in sequence #7 (184632 bp)...done!
Finding genes in sequence #8 (38217 bp)...done!
Finding genes in sequence #9 (114704 bp)...done!
Finding genes in sequence #10 (123817 bp)...done!
Finding genes in sequence #11 (40622 bp)...done!
Finding genes in sequence #12 (64101 bp)...done!
Finding genes in sequence #13 (83334 bp)...done!
Finding genes in sequence #14 (32563 bp)...done!
Finding genes in sequence #15 (108890 bp)...done!
Finding genes in sequence #16 (74881 bp)...done!
Finding genes in sequence #17 (36505 bp)...done!
Finding genes in sequence #18 (67050 bp)...done!
Finding genes in sequence #19 (169273 bp)...done!
Finding genes in sequence #20 (62991 bp)...done!
Finding genes in sequence #21 (169553 bp)...done!
Finding genes in sequence #22 (69297 bp)...done!
Finding genes in sequence #23 (45544 bp)...done!
Finding genes in sequence #24 (53665 bp)...done!
Finding genes in sequence #25 (104768 bp)...done!
Finding genes in sequence #26 (58045 bp)...done!
Finding genes in sequence #27 (69209 bp)...done!
Finding genes in sequence #28 (79478 bp)...done!
